3 0x0000010040 (0x00000517) x10 0x5f5a0fbe176e072e
3 0x0000010044 (0xfc050513)
3 0x0000010048 (0x30551073)
3 0x000001004c (0x301022f3)
3 0x0000010050 (0x4122d293) x5 0x0000000000000001
3 0x0000010054 (0x0012f293)
3 0x0000010058 (0x00028463) f5 0x8eccba1d3f90557f
3 0x000001005c (0x30301073)
3 0x0000010060 (0x00800513)
3 0x0000010064 (0x30451073)
3 0x0000010068 (0x30052073) f17 0x4beef19772bbe3e5
3 0x000001006c (0x10500073)
3 0x0000010000 (0x020005b7) f21 0xb0d644614d7f2f9a
3 0x0000010004 (0xf1402573) f1 0xacb5ca59bfecf47f
3 0x0000010008 (0x00050463) x12 0xaf3b7a5e517c23a2
3 0x0000010010 (0x00458613) x13 0x0000000000000001
3 0x0000010014 (0x00100693)
3 0x0000010018 (0x00d62023) x12 0x0000000002000008
3 0x000001001c (0x00460613) x13 0x08573d10b8297670
3 0x0000010020 (0xffc62683)
3 0x0000010024 (0xfe069ae3)
3 0x0000010028 (0x06c0006f) x12 0x000000000200000c
3 0x0000010094 (0x0005a023) x10 0xe2c316c532683d64
3 0x0000010098 (0x00004537) x10 0xcd86309b93260a26
3 0x000001009c (0x00053503)
3 0x00000100a0 (0x34151073) x12 0x0000000002000010
3 0x00000100a4 (0xf1402573) x13 0xxxxxxxxxxxxxxxxx
3 0x00000100a8 (0x00000597) x11 0xff395afe6e4fa1dc
3 0x00000100ac (0x01858593) x12 0x0000000000000080
3 0x00000100b0 (0x08000613) x12 0x0000000002000014
3 0x00000100b4 (0x30063073) x13 0x39da8f73d5a7a0ab
3 0x00000100b8 (0x30200073)
3 0x0080000000 (0x03c0006f) x31 0x0000000000010000
3 0x008000003c (0x00010f97) x12 0x0000000002000018
3 0x0080000040 (0xfc4f8f93) x1 0x800000000014112d
3 0x0080000044 (0x000fb083) x2 0xf8c747adc432eda2
3 0x0080000048 (0x008fb103) x3 0x274bf0f34e5408e3
3 0x008000004c (0x010fb183) x4 0x14a66e8249dbe6a9
3 0x0080000050 (0x018fb203) x5 0xd37f4cfe103b7b35
3 0x0080000054 (0x020fb283) x6 0x217847db8d027161
3 0x0080000058 (0x028fb303) x7 0xe26464ac48a22d6c
3 0x008000005c (0x030fb383) x8 0x0000000002000020
3 0x0080000060 (0x038fb403) x9 0x4beef19772bbe3e5
3 0x0080000064 (0x040fb483) x10 0x0000000002000000
3 0x0080000068 (0x048fb503) x11 0x9374bab9cf0ee2ad
3 0x008000006c (0x050fb583) x12 0x21c852d2fb21f1f9
3 0x0080000070 (0x058fb603) x13 0x0b51d0d1aad16ab1
3 0x0080000074 (0x060fb683) x14 0x24cd8ab597f6bb1e
3 0x0080000078 (0x068fb703) x15 0x0abecd4038791f56
3 0x008000007c (0x070fb783) x16 0x0000000002000008
3 0x0080000080 (0x078fb803) x17 0x0000000000000000
3 0x0080000084 (0x080fb883) x18 0xe42d020bdbef9a33
3 0x0080000088 (0x088fb903) x19 0xedc08e4da91bb3f5
3 0x008000008c (0x090fb983) x20 0x50d4d89708fd3417
3 0x0080000090 (0x098fba03) x21 0x94643774ff5fa0b1
3 0x0080000094 (0x0a0fba83) x22 0x01197d0683533e2d
3 0x0080000098 (0x0a8fbb03) x23 0x1fe6de7b65859d8e
3 0x008000009c (0x0b0fbb83) x24 0x0000000000000000
3 0x00800000a0 (0x0b8fbc03) x25 0x00000000000100a8
3 0x00800000a4 (0x0c0fbc83) x26 0x00000000000100c0
3 0x00800000a8 (0x0c8fbd03) x27 0x676b332bbc76f317
3 0x00800000ac (0x0d0fbd83) x28 0x3c2f511229667fed
3 0x00800000b0 (0x0d8fbe03) x29 0x8cb64f475f6072cc
3 0x00800000b4 (0x0e0fbe83) x30 0xeab5299a9b6dc1fb
3 0x00800000b8 (0x0e8fbf03) x31 0x0430440b3fe39ac9
3 0x00800000bc (0x0f0fbf83) x5 0x00000000800000c0
3 0x00800000c0 (0x00000297) x5 0x00000000800001b4
3 0x00800000c4 (0x0f428293) x2 0xf8c747adc432eda2
3 0x00800000c8 (0x30529073) x3 0x274bf0f34e5408e3
3 0x00800000cc (0x00061117) x2 0x14a66e8249dbe6a9
3 0x00800000d0 (0x01410113) x5 0xd37f4cfe103b7b35
3 0x00800000d4 (0xf14022f3) x6 0x217847db8d027161
3 0x00800000d8 (0x00c29293) x2 0x00000000800610e0
3 0x00800000dc (0x00510133) x8 0xf66b341805a0d2ff
3 0x00800000e0 (0x34011073) x9 0x57cdf8b5368d26cb
3 0x00800000e4 (0x00006537) x10 0x4f4076058720e56e
3 0x00800000e8 (0x30052073) x11 0x9374bab9cf0ee2ad
3 0x00800000ec (0x010000ef) x31 0x21c852d2fb21f1f9
3 0x00800000fc (0x00020f97) x31 0x0b51d0d1aad16ab1
3 0x0080000100 (0xf04f8f93) f0 0x24cd8ab597f6bb1e
3 0x0080000104 (0x000fa007) f1 0xffffffff16ff6eba
3 0x0080000108 (0x008fa087) f2 0xffffffff40078b13
3 0x008000010c (0x010fa107) f3 0x26629744424bd540
3 0x0080000110 (0x018fb187) f4 0x7a200f836df4ea1c
3 0x0080000114 (0x020fb207) f5 0x603f003b559c012e
3 0x0080000118 (0x028fb287) f6 0xdabef29607d6416b
3 0x008000011c (0x030fb307) f7 0x94643774ff5fa0b1
3 0x0080000120 (0x038fa387) f8 0x01197d0683533e2d
3 0x0080000124 (0x040fb407) f9 0x1fe6de7b65859d8e
3 0x0080000128 (0x048fb487) f10 0xffffffff06b73d39
3 0x008000012c (0x050fa507) f11 0xb46856f407127a6a
3 0x0080000130 (0x058fb587) f12 0xbde7107582bd9474
3 0x0080000134 (0x060fb607) f13 0x91e2c6a9482ce3da
3 0x0080000138 (0x068fb687) f14 0xffffffff989526e6
3 0x008000013c (0x070fa707) f15 0x8cb64f475f6072cc
3 0x0080000140 (0x078fb787) f16 0xeab5299a9b6dc1fb
3 0x0080000144 (0x080fb807) f17 0xffffffff12670210
3 0x0080000148 (0x088fa887) f18 0xffffffff3f81bbb6
3 0x008000014c (0x090fa907) f19 0xffffffff8bcc4762
3 0x0080000150 (0x098fa987) f20 0xddbd067b45a03300
3 0x0080000154 (0x0a0fba07) f21 0xfffffffff95bee79
3 0x0080000158 (0x0a8faa87) f22 0x61b5fdb022314314
3 0x008000015c (0x0b0fbb07) f23 0x0000000000000000
3 0x0080000160 (0x0b8fbb87) f24 0x0000000000000000
3 0x0080000164 (0x0c0fbc07) f25 0x00000000800610e0
3 0x0080000168 (0x0c8fbc87) f26 0xfb7a80db75471b12
3 0x008000016c (0x0d0fbd07) f27 0x71e9d4a39d70eaca
3 0x0080000170 (0x0d8fbd87) f28 0xd91a05ea78cd7b63
3 0x0080000174 (0x0e0fbe07) f29 0xffffffff648785d0
3 0x0080000178 (0x0e8fae87) f30 0xffffffffa540ba18
3 0x008000017c (0x0f0faf07) f31 0x0000000080020000
3 0x0080000180 (0x0f8faf87)
3 0x0080000184 (0x00008067) x10 0x00000000800020f0
3 0x00800000f0 (0x00002517) x10 0x0000000080002858
3 0x00800000f4 (0x76850513)
3 0x00800000f8 (0x5600206f) f4 0x7a200f836df4ea1c
3 0x0080002658 (0xf14027f3) f5 0x603f003b559c012e
3 0x008000265c (0x1a079463) x14 0xdabef29607d6416b
3 0x0080002660 (0x00005797) x15 0xffffffff625f5539
3 0x0080002664 (0x9a078793) x15 0x0000000000080007
3 0x0080002668 (0x00c7d793) x2 0x0000000080060fb0
3 0x008000266c (0xed010113) x15 0x0000000020001c00
3 0x0080002670 (0x00a79793)
3 0x0080002674 (0x12813023)
3 0x0080002678 (0x12113423) x11 0x000000008000667c
3 0x008000267c (0x00004597) f14 0xffffffff989526e6
3 0x0080002680 (0x98458593) x15 0x0000000020001c01
3 0x0080002684 (0x0017e793) x8 0x0000000080002858
3 0x0080002688 (0x00050413)
3 0x008000268c (0xfef5bc23) x10 0x0000000080008690
3 0x0080002690 (0x00006517) x10 0xffffffff8bcc4762
3 0x0080002694 (0x97050513) x15 0x0000000020000000
3 0x0080002698 (0x200007b7) x13 0x0000000000080006
3 0x008000269c (0x00c5d693) x14 0x0000000000080008
3 0x00800026a0 (0x00c55713) x15 0x00000000200000cf
3 0x00800026a4 (0x0cf78793) x16 0x00000000800056a8
3 0x00800026a8 (0x00003817) x16 0xf4e3a24726da3112
3 0x00800026ac (0x95880813)
3 0x00800026b0 (0xfef53c23) x13 0x0000000020001800
3 0x00800026b4 (0x00a69693) x14 0x0000000020002000
3 0x00800026b8 (0x00a71713) x15 0xffffffffffffffff
3 0x00800026bc (0xfff00793) x13 0xffffffffa540ba18
3 0x00800026c0 (0x0016e693) x14 0x0000000020002001
3 0x00800026c4 (0x00176713) x12 0x0000000000080005
3 0x00800026c8 (0x00c85613) x15 0x8000000000000000
3 0x00800026cc (0x03f79793)
3 0x00800026d0 (0x00d83023)
3 0x00800026d4 (0x00e5b023) x15 0x8000000000080005
3 0x00800026d8 (0x00f667b3)
3 0x00800026dc (0x18079073) x15 0x0000000080007660
3 0x00800026e0 (0x18002773) x15 0x0000000080007000
3 0x00800026e4 (0x00e78463) x15 0x0000000000080007
3 0x00800026ec (0xfff00793) x14 0x000000000000001f
3 0x00800026f0 (0x01f00713) x15 0x001fffffffffffff
3 0x00800026f4 (0x00b7d793) x5 0x00000000800026f8
3 0x00800026f8 (0x00000297) x5 0xbde7107582bd9474
3 0x00800026fc (0x01428293) x11 0x000000008000667c
3 0x0080002700 (0x305292f3) x11 0x0000000080006000
3 0x0080002704 (0x3b079073) x15 0x0000000020001c01
3 0x0080002708 (0x3a071073) x8 0x0000000080002858
3 0x008000270c (0x30529073)
3 0x0080002710 (0xbff00813) x16 0xffffffff7fe00000
3 0x0080002714 (0x01581813) x15 0x0000000080000718
3 0x0080002718 (0xffffe797) x15 0x0000000020000000
3 0x008000271c (0xd6878793) x15 0xffffffffffe00480
3 0x0080002720 (0x010787b3) x14 0x0000000000080008
3 0x0080002724 (0x10579073) x15 0x00000000200000cf
3 0x0080002728 (0x340027f3) x16 0x00000000800056a8
3 0x008000272c (0x010787b3) x16 0x0000000080005000
3 0x0080002730 (0x14079073)
3 0x0080002734 (0x0000b7b7) x15 0x000000000000b100
3 0x0080002738 (0x1007879b) x14 0x0000000020002000
3 0x008000273c (0x30279073) x15 0xffffffffffffffff
3 0x0080002740 (0x0001e7b7) x13 0x0000000020001801
3 0x0080002744 (0x30079073) x14 0x0000000020002001
3 0x0080002748 (0x30405073) x12 0x0000000000080005
3 0x008000274c (0x00002717) x14 0x8000000000000000
3 0x0080002750 (0x0a470713) x15 0xffffffff7fe007e0
3 0x0080002754 (0x7e080793) x13 0xffffffffffe047f0
3 0x0080002758 (0x010706b3) x15 0xffffffffffe04fd0
3 0x008000275c (0x00f707b3) x17 0x0000000000080000
3 0x0080002760 (0x000808b7) x12 0x0000000080009764
3 0x0080002764 (0x00007617)
3 0x0080002768 (0x8ad63223) x6 0x000000008000576c
3 0x008000276c (0x00003317) x6 0x0000000080004fe0
3 0x0080002770 (0x87430313) x13 0x0000000080009774
3 0x0080002774 (0x00007697)
3 0x0080002778 (0x88f6b623) x17 0x000000000008007f
3 0x008000277c (0x07f88893) x15 0x00000000800001b4
3 0x0080002780 (0x01a00793) x16 0xffffffff7fe00010
3 0x0080002784 (0x01080813) x12 0x000000000000000d
3 0x0080002788 (0x0017d613) x13 0x0000000000080099
3 0x008000278c (0x011786b3) x15 0x0000000000000017
3 0x0080002790 (0x00f647b3) x11 0xffffffffffe04800
3 0x0080002794 (0x010705b3) x13 0x0000000080099000
3 0x0080002798 (0x00c69693) x15 0x00000000000002e0
3 0x008000279c (0x00579793)
3 0x00800027a0 (0x00d73023)
3 0x00800027a4 (0x00b73423) x15 0x0000000000000020
3 0x00800027a8 (0x0207f793) x14 0x0000000080004800
3 0x00800027ac (0x01070713) x15 0x000000000000002d
3 0x00800027b0 (0x00f667b3)
3 0x00800027b4 (0xfce31ae3) x12 0x0000000000000016
3 0x0080002788 (0x0017d613) x13 0x00000000000800ac
3 0x008000278c (0x011786b3) x15 0x000000000000003b
3 0x0080002790 (0x00f647b3) x11 0xffffffffffe04810
3 0x0080002794 (0x010705b3) x13 0x00000000800ac000
3 0x0080002798 (0x00c69693) x15 0x0000000000000760
3 0x008000279c (0x00579793)
3 0x00800027a0 (0x00d73023)
3 0x00800027a4 (0x00b73423) x15 0x0000000000000020
3 0x00800027a8 (0x0207f793) x14 0x0000000080004810
3 0x00800027ac (0x01070713) x15 0x0000000000000036
3 0x00800027b0 (0x00f667b3)
3 0x00800027b4 (0xfce31ae3) x12 0x000000000000001b
3 0x0080002788 (0x0017d613) x13 0x00000000000800b5
3 0x008000278c (0x011786b3) x15 0x000000000000002d
3 0x0080002790 (0x00f647b3) x11 0xffffffffffe04820
3 0x0080002794 (0x010705b3) x13 0x00000000800b5000
3 0x0080002798 (0x00c69693) x15 0x00000000000005a0
3 0x008000279c (0x00579793)
3 0x00800027a0 (0x00d73023)
3 0x00800027a4 (0x00b73423) x15 0x0000000000000020
3 0x00800027a8 (0x0207f793) x14 0x0000000080004820
3 0x00800027ac (0x01070713) x15 0x000000000000003b
3 0x00800027b0 (0x00f667b3)
3 0x00800027b4 (0xfce31ae3) x12 0x000000000000001d
3 0x0080002788 (0x0017d613) x13 0x00000000000800ba
3 0x008000278c (0x011786b3) x15 0x0000000000000026
3 0x0080002790 (0x00f647b3) x11 0xffffffffffe04830
3 0x0080002794 (0x010705b3) x13 0x00000000800ba000
3 0x0080002798 (0x00c69693) x15 0x00000000000004c0
3 0x008000279c (0x00579793)
3 0x00800027a0 (0x00d73023)
3 0x00800027a4 (0x00b73423) x15 0x0000000000000000
3 0x00800027a8 (0x0207f793) x14 0x0000000080004830
3 0x00800027ac (0x01070713) x15 0x000000000000001d
3 0x00800027b0 (0x00f667b3)
3 0x00800027b4 (0xfce31ae3) x12 0x000000000000000e
3 0x0080002788 (0x0017d613) x13 0x000000000008009c
3 0x008000278c (0x011786b3) x15 0x0000000000000013
3 0x0080002790 (0x00f647b3) x11 0xffffffffffe04840
3 0x0080002794 (0x010705b3) x13 0x000000008009c000
3 0x0080002798 (0x00c69693) x15 0x0000000000000260
3 0x008000279c (0x00579793)
3 0x00800027a0 (0x00d73023)
3 0x00800027a4 (0x00b73423) x15 0x0000000000000020
3 0x00800027a8 (0x0207f793) x14 0x0000000080004840
3 0x00800027ac (0x01070713) x15 0x000000000000002e
3 0x00800027b0 (0x00f667b3)
3 0x00800027b4 (0xfce31ae3) x12 0x0000000000000017
3 0x0080002788 (0x0017d613) x13 0x00000000000800ad
3 0x008000278c (0x011786b3) x15 0x0000000000000039
3 0x0080002790 (0x00f647b3) x11 0xffffffffffe04850
3 0x0080002794 (0x010705b3) x13 0x00000000800ad000
3 0x0080002798 (0x00c69693) x15 0x0000000000000720
3 0x008000279c (0x00579793)
3 0x00800027a0 (0x00d73023)
3 0x00800027a4 (0x00b73423) x15 0x0000000000000020
3 0x00800027a8 (0x0207f793) x14 0x0000000080004850
3 0x00800027ac (0x01070713) x15 0x0000000000000037
3 0x00800027b0 (0x00f667b3)
3 0x00800027b4 (0xfce31ae3) x12 0x000000000000001b
3 0x0080002788 (0x0017d613) x13 0x00000000000800b6
3 0x008000278c (0x011786b3) x15 0x000000000000002c
3 0x0080002790 (0x00f647b3) x11 0xffffffffffe04860
3 0x0080002794 (0x010705b3) x13 0x00000000800b6000
3 0x0080002798 (0x00c69693) x15 0x0000000000000580
3 0x008000279c (0x00579793)
3 0x00800027a0 (0x00d73023)
3 0x00800027a4 (0x00b73423) x15 0x0000000000000000
3 0x00800027a8 (0x0207f793) x14 0x0000000080004860
3 0x00800027ac (0x01070713) x15 0x000000000000001b
3 0x00800027b0 (0x00f667b3)
3 0x00800027b4 (0xfce31ae3) x12 0x000000000000000d
3 0x0080002788 (0x0017d613) x13 0x000000000008009a
3 0x008000278c (0x011786b3) x15 0x0000000000000016
3 0x0080002790 (0x00f647b3) x11 0xffffffffffe04870
3 0x0080002794 (0x010705b3) x13 0x000000008009a000
3 0x0080002798 (0x00c69693) x15 0x00000000000002c0
3 0x008000279c (0x00579793)
3 0x00800027a0 (0x00d73023)
3 0x00800027a4 (0x00b73423) x15 0x0000000000000000
3 0x00800027a8 (0x0207f793) x14 0x0000000080004870
3 0x00800027ac (0x01070713) x15 0x000000000000000d
3 0x00800027b0 (0x00f667b3)
3 0x00800027b4 (0xfce31ae3) x12 0x0000000000000006
3 0x0080002788 (0x0017d613) x13 0x000000000008008c
3 0x008000278c (0x011786b3) x15 0x000000000000000b
3 0x0080002790 (0x00f647b3) x11 0xffffffffffe04880
3 0x0080002794 (0x010705b3) x13 0x000000008008c000
3 0x0080002798 (0x00c69693) x15 0x0000000000000160
3 0x008000279c (0x00579793)
3 0x00800027a0 (0x00d73023)
3 0x00800027a4 (0x00b73423) x15 0x0000000000000020
3 0x00800027a8 (0x0207f793) x14 0x0000000080004880
3 0x00800027ac (0x01070713) x15 0x0000000000000026
3 0x00800027b0 (0x00f667b3)
3 0x00800027b4 (0xfce31ae3) x12 0x0000000000000013
3 0x0080002788 (0x0017d613) x13 0x00000000000800a5
3 0x008000278c (0x011786b3) x15 0x0000000000000035
3 0x0080002790 (0x00f647b3) x11 0xffffffffffe04890
3 0x0080002794 (0x010705b3) x13 0x00000000800a5000
3 0x0080002798 (0x00c69693) x15 0x00000000000006a0
3 0x008000279c (0x00579793)
3 0x00800027a0 (0x00d73023)
3 0x00800027a4 (0x00b73423) x15 0x0000000000000020
3 0x00800027a8 (0x0207f793) x14 0x0000000080004890
3 0x00800027ac (0x01070713) x15 0x0000000000000033
3 0x00800027b0 (0x00f667b3)
3 0x00800027b4 (0xfce31ae3) x12 0x0000000000000019
3 0x0080002788 (0x0017d613) x13 0x00000000000800b2
3 0x008000278c (0x011786b3) x15 0x000000000000002a
3 0x0080002790 (0x00f647b3) x11 0xffffffffffe048a0
3 0x0080002794 (0x010705b3) x13 0x00000000800b2000
3 0x0080002798 (0x00c69693) x15 0x0000000000000540
3 0x008000279c (0x00579793)
3 0x00800027a0 (0x00d73023)
3 0x00800027a4 (0x00b73423) x15 0x0000000000000000
3 0x00800027a8 (0x0207f793) x14 0x00000000800048a0
3 0x00800027ac (0x01070713) x15 0x0000000000000019
3 0x00800027b0 (0x00f667b3)
3 0x00800027b4 (0xfce31ae3) x12 0x000000000000000c
3 0x0080002788 (0x0017d613) x13 0x0000000000080098
3 0x008000278c (0x011786b3) x15 0x0000000000000015
3 0x0080002790 (0x00f647b3) x11 0xffffffffffe048b0
3 0x0080002794 (0x010705b3) x13 0x0000000080098000
3 0x0080002798 (0x00c69693) x15 0x00000000000002a0
3 0x008000279c (0x00579793)
3 0x00800027a0 (0x00d73023)
3 0x00800027a4 (0x00b73423) x15 0x0000000000000020
3 0x00800027a8 (0x0207f793) x14 0x00000000800048b0
3 0x00800027ac (0x01070713) x15 0x000000000000002c
3 0x00800027b0 (0x00f667b3)
3 0x00800027b4 (0xfce31ae3) x12 0x0000000000000016
3 0x0080002788 (0x0017d613) x13 0x00000000000800ab
3 0x008000278c (0x011786b3) x15 0x000000000000003a
3 0x0080002790 (0x00f647b3) x11 0xffffffffffe048c0
3 0x0080002794 (0x010705b3) x13 0x00000000800ab000
3 0x0080002798 (0x00c69693) x15 0x0000000000000740
3 0x008000279c (0x00579793)
3 0x00800027a0 (0x00d73023)
3 0x00800027a4 (0x00b73423) x15 0x0000000000000000
3 0x00800027a8 (0x0207f793) x14 0x00000000800048c0
3 0x00800027ac (0x01070713) x15 0x0000000000000016
3 0x00800027b0 (0x00f667b3)
3 0x00800027b4 (0xfce31ae3) x12 0x000000000000000b
3 0x0080002788 (0x0017d613) x13 0x0000000000080095
3 0x008000278c (0x011786b3) x15 0x000000000000001d
3 0x0080002790 (0x00f647b3) x11 0xffffffffffe048d0
3 0x0080002794 (0x010705b3) x13 0x0000000080095000
3 0x0080002798 (0x00c69693) x15 0x00000000000003a0
3 0x008000279c (0x00579793)
3 0x00800027a0 (0x00d73023)
3 0x00800027a4 (0x00b73423) x15 0x0000000000000020
3 0x00800027a8 (0x0207f793) x14 0x00000000800048d0
3 0x00800027ac (0x01070713) x15 0x000000000000002b
3 0x00800027b0 (0x00f667b3)
3 0x00800027b4 (0xfce31ae3) x12 0x0000000000000015
3 0x0080002788 (0x0017d613) x13 0x00000000000800aa
3 0x008000278c (0x011786b3) x15 0x000000000000003e
3 0x0080002790 (0x00f647b3) x11 0xffffffffffe048e0
3 0x0080002794 (0x010705b3) x13 0x00000000800aa000
3 0x0080002798 (0x00c69693) x15 0x00000000000007c0
3 0x008000279c (0x00579793)
3 0x00800027a0 (0x00d73023)
3 0x00800027a4 (0x00b73423) x15 0x0000000000000000
3 0x00800027a8 (0x0207f793) x14 0x00000000800048e0
3 0x00800027ac (0x01070713) x15 0x0000000000000015
3 0x00800027b0 (0x00f667b3)
3 0x00800027b4 (0xfce31ae3) x12 0x000000000000000a
3 0x0080002788 (0x0017d613) x13 0x0000000000080094
3 0x008000278c (0x011786b3) x15 0x000000000000001f
3 0x0080002790 (0x00f647b3) x11 0xffffffffffe048f0
3 0x0080002794 (0x010705b3) x13 0x0000000080094000
3 0x0080002798 (0x00c69693) x15 0x00000000000003e0
3 0x008000279c (0x00579793)
3 0x00800027a0 (0x00d73023)
3 0x00800027a4 (0x00b73423) x15 0x0000000000000020
3 0x00800027a8 (0x0207f793) x14 0x00000000800048f0
3 0x00800027ac (0x01070713) x15 0x000000000000002a
3 0x00800027b0 (0x00f667b3)
3 0x00800027b4 (0xfce31ae3) x12 0x0000000000000015
3 0x0080002788 (0x0017d613) x13 0x00000000000800a9
3 0x008000278c (0x011786b3) x15 0x000000000000003f
3 0x0080002790 (0x00f647b3) x11 0xffffffffffe04900
3 0x0080002794 (0x010705b3) x13 0x00000000800a9000
3 0x0080002798 (0x00c69693) x15 0x00000000000007e0
3 0x008000279c (0x00579793)
3 0x00800027a0 (0x00d73023)
3 0x00800027a4 (0x00b73423) x15 0x0000000000000020
3 0x00800027a8 (0x0207f793) x14 0x0000000080004900
3 0x00800027ac (0x01070713) x15 0x0000000000000035
3 0x00800027b0 (0x00f667b3)
3 0x00800027b4 (0xfce31ae3) x12 0x000000000000001a
3 0x0080002788 (0x0017d613) x13 0x00000000000800b4
3 0x008000278c (0x011786b3) x15 0x000000000000002f
3 0x0080002790 (0x00f647b3) x11 0xffffffffffe04910
3 0x0080002794 (0x010705b3) x13 0x00000000800b4000
3 0x0080002798 (0x00c69693) x15 0x00000000000005e0
3 0x008000279c (0x00579793)
3 0x00800027a0 (0x00d73023)
3 0x00800027a4 (0x00b73423) x15 0x0000000000000020
3 0x00800027a8 (0x0207f793) x14 0x0000000080004910
3 0x00800027ac (0x01070713) x15 0x000000000000003a
3 0x00800027b0 (0x00f667b3)
3 0x00800027b4 (0xfce31ae3) x12 0x000000000000001d
3 0x0080002788 (0x0017d613) x13 0x00000000000800b9
3 0x008000278c (0x011786b3) x15 0x0000000000000027
3 0x0080002790 (0x00f647b3) x11 0xffffffffffe04920
3 0x0080002794 (0x010705b3) x13 0x00000000800b9000
3 0x0080002798 (0x00c69693) x15 0x00000000000004e0
3 0x008000279c (0x00579793)
3 0x00800027a0 (0x00d73023)
3 0x00800027a4 (0x00b73423) x15 0x0000000000000020
3 0x00800027a8 (0x0207f793) x14 0x0000000080004920
3 0x00800027ac (0x01070713) x15 0x000000000000003d
3 0x00800027b0 (0x00f667b3)
3 0x00800027b4 (0xfce31ae3) x12 0x000000000000001e
3 0x0080002788 (0x0017d613) x13 0x00000000000800bc
3 0x008000278c (0x011786b3) x15 0x0000000000000023
3 0x0080002790 (0x00f647b3) x11 0xffffffffffe04930
3 0x0080002794 (0x010705b3) x13 0x00000000800bc000
3 0x0080002798 (0x00c69693) x15 0x0000000000000460
3 0x008000279c (0x00579793)
3 0x00800027a0 (0x00d73023)
3 0x00800027a4 (0x00b73423) x15 0x0000000000000020
3 0x00800027a8 (0x0207f793) x14 0x0000000080004930
3 0x00800027ac (0x01070713) x15 0x000000000000003e
3 0x00800027b0 (0x00f667b3)
3 0x00800027b4 (0xfce31ae3) x12 0x000000000000001f
3 0x0080002788 (0x0017d613) x13 0x00000000000800bd
3 0x008000278c (0x011786b3) x15 0x0000000000000021
3 0x0080002790 (0x00f647b3) x11 0xffffffffffe04940
3 0x0080002794 (0x010705b3) x13 0x00000000800bd000
3 0x0080002798 (0x00c69693) x15 0x0000000000000420
3 0x008000279c (0x00579793)
3 0x00800027a0 (0x00d73023)
3 0x00800027a4 (0x00b73423) x15 0x0000000000000020
3 0x00800027a8 (0x0207f793) x14 0x0000000080004940
3 0x00800027ac (0x01070713) x15 0x000000000000003f
3 0x00800027b0 (0x00f667b3)
3 0x00800027b4 (0xfce31ae3) x12 0x000000000000001f
3 0x0080002788 (0x0017d613) x13 0x00000000000800be
3 0x008000278c (0x011786b3) x15 0x0000000000000020
3 0x0080002790 (0x00f647b3) x11 0xffffffffffe04950
3 0x0080002794 (0x010705b3) x13 0x00000000800be000
3 0x0080002798 (0x00c69693) x15 0x0000000000000400
3 0x008000279c (0x00579793)
3 0x00800027a0 (0x00d73023)
3 0x00800027a4 (0x00b73423) x15 0x0000000000000000
3 0x00800027a8 (0x0207f793) x14 0x0000000080004950
3 0x00800027ac (0x01070713) x15 0x000000000000001f
3 0x00800027b0 (0x00f667b3)
3 0x00800027b4 (0xfce31ae3) x12 0x000000000000000f
3 0x0080002788 (0x0017d613) x13 0x000000000008009e
3 0x008000278c (0x011786b3) x15 0x0000000000000010
3 0x0080002790 (0x00f647b3) x11 0xffffffffffe04960
3 0x0080002794 (0x010705b3) x13 0x000000008009e000
3 0x0080002798 (0x00c69693) x15 0x0000000000000200
3 0x008000279c (0x00579793)
3 0x00800027a0 (0x00d73023)
3 0x00800027a4 (0x00b73423) x15 0x0000000000000000
3 0x00800027a8 (0x0207f793) x14 0x0000000080004960
3 0x00800027ac (0x01070713) x15 0x000000000000000f
3 0x00800027b0 (0x00f667b3)
3 0x00800027b4 (0xfce31ae3) x12 0x0000000000000007
3 0x0080002788 (0x0017d613) x13 0x000000000008008e
3 0x008000278c (0x011786b3) x15 0x0000000000000008
3 0x0080002790 (0x00f647b3) x11 0xffffffffffe04970
3 0x0080002794 (0x010705b3) x13 0x000000008008e000
3 0x0080002798 (0x00c69693) x15 0x0000000000000100
3 0x008000279c (0x00579793)
3 0x00800027a0 (0x00d73023)
3 0x00800027a4 (0x00b73423) x15 0x0000000000000000
3 0x00800027a8 (0x0207f793) x14 0x0000000080004970
3 0x00800027ac (0x01070713) x15 0x0000000000000007
3 0x00800027b0 (0x00f667b3)
3 0x00800027b4 (0xfce31ae3) x12 0x0000000000000003
3 0x0080002788 (0x0017d613) x13 0x0000000000080086
3 0x008000278c (0x011786b3) x15 0x0000000000000004
3 0x0080002790 (0x00f647b3) x11 0xffffffffffe04980
3 0x0080002794 (0x010705b3) x13 0x0000000080086000
3 0x0080002798 (0x00c69693) x15 0x0000000000000080
3 0x008000279c (0x00579793)
3 0x00800027a0 (0x00d73023)
3 0x00800027a4 (0x00b73423) x15 0x0000000000000000
3 0x00800027a8 (0x0207f793) x14 0x0000000080004980
3 0x00800027ac (0x01070713) x15 0x0000000000000003
3 0x00800027b0 (0x00f667b3)
3 0x00800027b4 (0xfce31ae3) x12 0x0000000000000001
3 0x0080002788 (0x0017d613) x13 0x0000000000080082
3 0x008000278c (0x011786b3) x15 0x0000000000000002
3 0x0080002790 (0x00f647b3) x11 0xffffffffffe04990
3 0x0080002794 (0x010705b3) x13 0x0000000080082000
3 0x0080002798 (0x00c69693) x15 0x0000000000000040
3 0x008000279c (0x00579793)
3 0x00800027a0 (0x00d73023)
3 0x00800027a4 (0x00b73423) x15 0x0000000000000000
3 0x00800027a8 (0x0207f793) x14 0x0000000080004990
3 0x00800027ac (0x01070713) x15 0x0000000000000001
3 0x00800027b0 (0x00f667b3)
3 0x00800027b4 (0xfce31ae3) x12 0x0000000000000000
3 0x0080002788 (0x0017d613) x13 0x0000000000080080
3 0x008000278c (0x011786b3) x15 0x0000000000000001
3 0x0080002790 (0x00f647b3) x11 0xffffffffffe049a0
3 0x0080002794 (0x010705b3) x13 0x0000000080080000
3 0x0080002798 (0x00c69693) x15 0x0000000000000020
3 0x008000279c (0x00579793)
3 0x00800027a0 (0x00d73023)
3 0x00800027a4 (0x00b73423) x15 0x0000000000000020
3 0x00800027a8 (0x0207f793) x14 0x00000000800049a0
3 0x00800027ac (0x01070713) x15 0x0000000000000020
3 0x00800027b0 (0x00f667b3)
3 0x00800027b4 (0xfce31ae3) x12 0x0000000000000010
3 0x0080002788 (0x0017d613) x13 0x000000000008009f
3 0x008000278c (0x011786b3) x15 0x0000000000000030
3 0x0080002790 (0x00f647b3) x11 0xffffffffffe049b0
3 0x0080002794 (0x010705b3) x13 0x000000008009f000
3 0x0080002798 (0x00c69693) x15 0x0000000000000600
3 0x008000279c (0x00579793)
3 0x00800027a0 (0x00d73023)
3 0x00800027a4 (0x00b73423) x15 0x0000000000000000
3 0x00800027a8 (0x0207f793) x14 0x00000000800049b0
3 0x00800027ac (0x01070713) x15 0x0000000000000010
3 0x00800027b0 (0x00f667b3)
3 0x00800027b4 (0xfce31ae3) x12 0x0000000000000008
3 0x0080002788 (0x0017d613) x13 0x000000000008008f
3 0x008000278c (0x011786b3) x15 0x0000000000000018
3 0x0080002790 (0x00f647b3) x11 0xffffffffffe049c0
3 0x0080002794 (0x010705b3) x13 0x000000008008f000
3 0x0080002798 (0x00c69693) x15 0x0000000000000300
3 0x008000279c (0x00579793)
3 0x00800027a0 (0x00d73023)
3 0x00800027a4 (0x00b73423) x15 0x0000000000000000
3 0x00800027a8 (0x0207f793) x14 0x00000000800049c0
3 0x00800027ac (0x01070713) x15 0x0000000000000008
3 0x00800027b0 (0x00f667b3)
3 0x00800027b4 (0xfce31ae3) x12 0x0000000000000004
3 0x0080002788 (0x0017d613) x13 0x0000000000080087
3 0x008000278c (0x011786b3) x15 0x000000000000000c
3 0x0080002790 (0x00f647b3) x11 0xffffffffffe049d0
3 0x0080002794 (0x010705b3) x13 0x0000000080087000
3 0x0080002798 (0x00c69693) x15 0x0000000000000180
3 0x008000279c (0x00579793)
3 0x00800027a0 (0x00d73023)
3 0x00800027a4 (0x00b73423) x15 0x0000000000000000
3 0x00800027a8 (0x0207f793) x14 0x00000000800049d0
3 0x00800027ac (0x01070713) x15 0x0000000000000004
3 0x00800027b0 (0x00f667b3)
3 0x00800027b4 (0xfce31ae3) x12 0x0000000000000002
3 0x0080002788 (0x0017d613) x13 0x0000000000080083
3 0x008000278c (0x011786b3) x15 0x0000000000000006
3 0x0080002790 (0x00f647b3) x11 0xffffffffffe049e0
3 0x0080002794 (0x010705b3) x13 0x0000000080083000
3 0x0080002798 (0x00c69693) x15 0x00000000000000c0
3 0x008000279c (0x00579793)
3 0x00800027a0 (0x00d73023)
3 0x00800027a4 (0x00b73423) x15 0x0000000000000000
3 0x00800027a8 (0x0207f793) x14 0x00000000800049e0
3 0x00800027ac (0x01070713) x15 0x0000000000000002
3 0x00800027b0 (0x00f667b3)
3 0x00800027b4 (0xfce31ae3) x12 0x0000000000000001
3 0x0080002788 (0x0017d613) x13 0x0000000000080081
3 0x008000278c (0x011786b3) x15 0x0000000000000003
3 0x0080002790 (0x00f647b3) x11 0xffffffffffe049f0
3 0x0080002794 (0x010705b3) x13 0x0000000080081000
3 0x0080002798 (0x00c69693) x15 0x0000000000000060
3 0x008000279c (0x00579793)
3 0x00800027a0 (0x00d73023)
3 0x00800027a4 (0x00b73423) x15 0x0000000000000020
3 0x00800027a8 (0x0207f793) x14 0x00000000800049f0
3 0x00800027ac (0x01070713) x15 0x0000000000000021
3 0x00800027b0 (0x00f667b3)
3 0x00800027b4 (0xfce31ae3) x12 0x0000000000000010
3 0x0080002788 (0x0017d613) x13 0x00000000000800a0
3 0x008000278c (0x011786b3) x15 0x0000000000000031
3 0x0080002790 (0x00f647b3) x11 0xffffffffffe04a00
3 0x0080002794 (0x010705b3) x13 0x00000000800a0000
3 0x0080002798 (0x00c69693) x15 0x0000000000000620
3 0x008000279c (0x00579793)
3 0x00800027a0 (0x00d73023)
3 0x00800027a4 (0x00b73423) x15 0x0000000000000020
3 0x00800027a8 (0x0207f793) x14 0x0000000080004a00
3 0x00800027ac (0x01070713) x15 0x0000000000000030
3 0x00800027b0 (0x00f667b3)
3 0x00800027b4 (0xfce31ae3) x12 0x0000000000000018
3 0x0080002788 (0x0017d613) x13 0x00000000000800af
3 0x008000278c (0x011786b3) x15 0x0000000000000028
3 0x0080002790 (0x00f647b3) x11 0xffffffffffe04a10
3 0x0080002794 (0x010705b3) x13 0x00000000800af000
3 0x0080002798 (0x00c69693) x15 0x0000000000000500
3 0x008000279c (0x00579793)
3 0x00800027a0 (0x00d73023)
3 0x00800027a4 (0x00b73423) x15 0x0000000000000000
3 0x00800027a8 (0x0207f793) x14 0x0000000080004a10
3 0x00800027ac (0x01070713) x15 0x0000000000000018
3 0x00800027b0 (0x00f667b3)
3 0x00800027b4 (0xfce31ae3) x12 0x000000000000000c
3 0x0080002788 (0x0017d613) x13 0x0000000000080097
3 0x008000278c (0x011786b3) x15 0x0000000000000014
3 0x0080002790 (0x00f647b3) x11 0xffffffffffe04a20
3 0x0080002794 (0x010705b3) x13 0x0000000080097000
3 0x0080002798 (0x00c69693) x15 0x0000000000000280
3 0x008000279c (0x00579793)
3 0x00800027a0 (0x00d73023)
3 0x00800027a4 (0x00b73423) x15 0x0000000000000000
3 0x00800027a8 (0x0207f793) x14 0x0000000080004a20
3 0x00800027ac (0x01070713) x15 0x000000000000000c
3 0x00800027b0 (0x00f667b3)
3 0x00800027b4 (0xfce31ae3) x12 0x0000000000000006
3 0x0080002788 (0x0017d613) x13 0x000000000008008b
3 0x008000278c (0x011786b3) x15 0x000000000000000a
3 0x0080002790 (0x00f647b3) x11 0xffffffffffe04a30
3 0x0080002794 (0x010705b3) x13 0x000000008008b000
3 0x0080002798 (0x00c69693) x15 0x0000000000000140
3 0x008000279c (0x00579793)
3 0x00800027a0 (0x00d73023)
3 0x00800027a4 (0x00b73423) x15 0x0000000000000000
3 0x00800027a8 (0x0207f793) x14 0x0000000080004a30
3 0x00800027ac (0x01070713) x15 0x0000000000000006
3 0x00800027b0 (0x00f667b3)
3 0x00800027b4 (0xfce31ae3) x12 0x0000000000000003
3 0x0080002788 (0x0017d613) x13 0x0000000000080085
3 0x008000278c (0x011786b3) x15 0x0000000000000005
3 0x0080002790 (0x00f647b3) x11 0xffffffffffe04a40
3 0x0080002794 (0x010705b3) x13 0x0000000080085000
3 0x0080002798 (0x00c69693) x15 0x00000000000000a0
3 0x008000279c (0x00579793)
3 0x00800027a0 (0x00d73023)
3 0x00800027a4 (0x00b73423) x15 0x0000000000000020
3 0x00800027a8 (0x0207f793) x14 0x0000000080004a40
3 0x00800027ac (0x01070713) x15 0x0000000000000023
3 0x00800027b0 (0x00f667b3)
3 0x00800027b4 (0xfce31ae3) x12 0x0000000000000011
3 0x0080002788 (0x0017d613) x13 0x00000000000800a2
3 0x008000278c (0x011786b3) x15 0x0000000000000032
3 0x0080002790 (0x00f647b3) x11 0xffffffffffe04a50
3 0x0080002794 (0x010705b3) x13 0x00000000800a2000
3 0x0080002798 (0x00c69693) x15 0x0000000000000640
3 0x008000279c (0x00579793)
3 0x00800027a0 (0x00d73023)
3 0x00800027a4 (0x00b73423) x15 0x0000000000000000
3 0x00800027a8 (0x0207f793) x14 0x0000000080004a50
3 0x00800027ac (0x01070713) x15 0x0000000000000011
3 0x00800027b0 (0x00f667b3)
3 0x00800027b4 (0xfce31ae3) x12 0x0000000000000008
3 0x0080002788 (0x0017d613) x13 0x0000000000080090
3 0x008000278c (0x011786b3) x15 0x0000000000000019
3 0x0080002790 (0x00f647b3) x11 0xffffffffffe04a60
3 0x0080002794 (0x010705b3) x13 0x0000000080090000
3 0x0080002798 (0x00c69693) x15 0x0000000000000320
3 0x008000279c (0x00579793)
3 0x00800027a0 (0x00d73023)
3 0x00800027a4 (0x00b73423) x15 0x0000000000000020
3 0x00800027a8 (0x0207f793) x14 0x0000000080004a60
3 0x00800027ac (0x01070713) x15 0x0000000000000028
3 0x00800027b0 (0x00f667b3)
3 0x00800027b4 (0xfce31ae3) x12 0x0000000000000014
3 0x0080002788 (0x0017d613) x13 0x00000000000800a7
3 0x008000278c (0x011786b3) x15 0x000000000000003c
3 0x0080002790 (0x00f647b3) x11 0xffffffffffe04a70
3 0x0080002794 (0x010705b3) x13 0x00000000800a7000
3 0x0080002798 (0x00c69693) x15 0x0000000000000780
3 0x008000279c (0x00579793)
3 0x00800027a0 (0x00d73023)
3 0x00800027a4 (0x00b73423) x15 0x0000000000000000
3 0x00800027a8 (0x0207f793) x14 0x0000000080004a70
3 0x00800027ac (0x01070713) x15 0x0000000000000014
3 0x00800027b0 (0x00f667b3)
3 0x00800027b4 (0xfce31ae3) x12 0x000000000000000a
3 0x0080002788 (0x0017d613) x13 0x0000000000080093
3 0x008000278c (0x011786b3) x15 0x000000000000001e
3 0x0080002790 (0x00f647b3) x11 0xffffffffffe04a80
3 0x0080002794 (0x010705b3) x13 0x0000000080093000
3 0x0080002798 (0x00c69693) x15 0x00000000000003c0
3 0x008000279c (0x00579793)
3 0x00800027a0 (0x00d73023)
3 0x00800027a4 (0x00b73423) x15 0x0000000000000000
3 0x00800027a8 (0x0207f793) x14 0x0000000080004a80
3 0x00800027ac (0x01070713) x15 0x000000000000000a
3 0x00800027b0 (0x00f667b3)
3 0x00800027b4 (0xfce31ae3) x12 0x0000000000000005
3 0x0080002788 (0x0017d613) x13 0x0000000000080089
3 0x008000278c (0x011786b3) x15 0x000000000000000f
3 0x0080002790 (0x00f647b3) x11 0xffffffffffe04a90
3 0x0080002794 (0x010705b3) x13 0x0000000080089000
3 0x0080002798 (0x00c69693) x15 0x00000000000001e0
3 0x008000279c (0x00579793)
3 0x00800027a0 (0x00d73023)
3 0x00800027a4 (0x00b73423) x15 0x0000000000000020
3 0x00800027a8 (0x0207f793) x14 0x0000000080004a90
3 0x00800027ac (0x01070713) x15 0x0000000000000025
3 0x00800027b0 (0x00f667b3)
3 0x00800027b4 (0xfce31ae3) x12 0x0000000000000012
3 0x0080002788 (0x0017d613) x13 0x00000000000800a4
3 0x008000278c (0x011786b3) x15 0x0000000000000037
3 0x0080002790 (0x00f647b3) x11 0xffffffffffe04aa0
3 0x0080002794 (0x010705b3) x13 0x00000000800a4000
3 0x0080002798 (0x00c69693) x15 0x00000000000006e0
3 0x008000279c (0x00579793)
3 0x00800027a0 (0x00d73023)
3 0x00800027a4 (0x00b73423) x15 0x0000000000000020
3 0x00800027a8 (0x0207f793) x14 0x0000000080004aa0
3 0x00800027ac (0x01070713) x15 0x0000000000000032
3 0x00800027b0 (0x00f667b3)
3 0x00800027b4 (0xfce31ae3) x12 0x0000000000000019
3 0x0080002788 (0x0017d613) x13 0x00000000000800b1
3 0x008000278c (0x011786b3) x15 0x000000000000002b
3 0x0080002790 (0x00f647b3) x11 0xffffffffffe04ab0
3 0x0080002794 (0x010705b3) x13 0x00000000800b1000
3 0x0080002798 (0x00c69693) x15 0x0000000000000560
3 0x008000279c (0x00579793)
3 0x00800027a0 (0x00d73023)
3 0x00800027a4 (0x00b73423) x15 0x0000000000000020
3 0x00800027a8 (0x0207f793) x14 0x0000000080004ab0
3 0x00800027ac (0x01070713) x15 0x0000000000000039
3 0x00800027b0 (0x00f667b3)
3 0x00800027b4 (0xfce31ae3) x12 0x000000000000001c
3 0x0080002788 (0x0017d613) x13 0x00000000000800b8
3 0x008000278c (0x011786b3) x15 0x0000000000000025
3 0x0080002790 (0x00f647b3) x11 0xffffffffffe04ac0
3 0x0080002794 (0x010705b3) x13 0x00000000800b8000
3 0x0080002798 (0x00c69693) x15 0x00000000000004a0
3 0x008000279c (0x00579793)
3 0x00800027a0 (0x00d73023)
3 0x00800027a4 (0x00b73423) x15 0x0000000000000020
3 0x00800027a8 (0x0207f793) x14 0x0000000080004ac0
3 0x00800027ac (0x01070713) x15 0x000000000000003c
3 0x00800027b0 (0x00f667b3)
3 0x00800027b4 (0xfce31ae3) x12 0x000000000000001e
3 0x0080002788 (0x0017d613) x13 0x00000000000800bb
3 0x008000278c (0x011786b3) x15 0x0000000000000022
3 0x0080002790 (0x00f647b3) x11 0xffffffffffe04ad0
3 0x0080002794 (0x010705b3) x13 0x00000000800bb000
3 0x0080002798 (0x00c69693) x15 0x0000000000000440
3 0x008000279c (0x00579793)
3 0x00800027a0 (0x00d73023)
3 0x00800027a4 (0x00b73423) x15 0x0000000000000000
3 0x00800027a8 (0x0207f793) x14 0x0000000080004ad0
3 0x00800027ac (0x01070713) x15 0x000000000000001e
3 0x00800027b0 (0x00f667b3)
3 0x00800027b4 (0xfce31ae3) x12 0x000000000000000f
3 0x0080002788 (0x0017d613) x13 0x000000000008009d
3 0x008000278c (0x011786b3) x15 0x0000000000000011
3 0x0080002790 (0x00f647b3) x11 0xffffffffffe04ae0
3 0x0080002794 (0x010705b3) x13 0x000000008009d000
3 0x0080002798 (0x00c69693) x15 0x0000000000000220
3 0x008000279c (0x00579793)
3 0x00800027a0 (0x00d73023)
3 0x00800027a4 (0x00b73423) x15 0x0000000000000020
3 0x00800027a8 (0x0207f793) x14 0x0000000080004ae0
3 0x00800027ac (0x01070713) x15 0x000000000000002f
3 0x00800027b0 (0x00f667b3)
3 0x00800027b4 (0xfce31ae3) x12 0x0000000000000017
3 0x0080002788 (0x0017d613) x13 0x00000000000800ae
3 0x008000278c (0x011786b3) x15 0x0000000000000038
3 0x0080002790 (0x00f647b3) x11 0xffffffffffe04af0
3 0x0080002794 (0x010705b3) x13 0x00000000800ae000
3 0x0080002798 (0x00c69693) x15 0x0000000000000700
3 0x008000279c (0x00579793)
3 0x00800027a0 (0x00d73023)
3 0x00800027a4 (0x00b73423) x15 0x0000000000000000
3 0x00800027a8 (0x0207f793) x14 0x0000000080004af0
3 0x00800027ac (0x01070713) x15 0x0000000000000017
3 0x00800027b0 (0x00f667b3)
3 0x00800027b4 (0xfce31ae3) x12 0x000000000000000b
3 0x0080002788 (0x0017d613) x13 0x0000000000080096
3 0x008000278c (0x011786b3) x15 0x000000000000001c
3 0x0080002790 (0x00f647b3) x11 0xffffffffffe04b00
3 0x0080002794 (0x010705b3) x13 0x0000000080096000
3 0x0080002798 (0x00c69693) x15 0x0000000000000380
3 0x008000279c (0x00579793)
3 0x00800027a0 (0x00d73023)
3 0x00800027a4 (0x00b73423) x15 0x0000000000000000
3 0x00800027a8 (0x0207f793) x14 0x0000000080004b00
3 0x00800027ac (0x01070713) x15 0x000000000000000b
3 0x00800027b0 (0x00f667b3)
3 0x00800027b4 (0xfce31ae3) x12 0x0000000000000005
3 0x0080002788 (0x0017d613) x13 0x000000000008008a
3 0x008000278c (0x011786b3) x15 0x000000000000000e
3 0x0080002790 (0x00f647b3) x11 0xffffffffffe04b10
3 0x0080002794 (0x010705b3) x13 0x000000008008a000
3 0x0080002798 (0x00c69693) x15 0x00000000000001c0
3 0x008000279c (0x00579793)
3 0x00800027a0 (0x00d73023)
3 0x00800027a4 (0x00b73423) x15 0x0000000000000000
3 0x00800027a8 (0x0207f793) x14 0x0000000080004b10
3 0x00800027ac (0x01070713) x15 0x0000000000000005
3 0x00800027b0 (0x00f667b3)
3 0x00800027b4 (0xfce31ae3) x12 0x0000000000000002
3 0x0080002788 (0x0017d613) x13 0x0000000000080084
3 0x008000278c (0x011786b3) x15 0x0000000000000007
3 0x0080002790 (0x00f647b3) x11 0xffffffffffe04b20
3 0x0080002794 (0x010705b3) x13 0x0000000080084000
3 0x0080002798 (0x00c69693) x15 0x00000000000000e0
3 0x008000279c (0x00579793)
3 0x00800027a0 (0x00d73023)
3 0x00800027a4 (0x00b73423) x15 0x0000000000000020
3 0x00800027a8 (0x0207f793) x14 0x0000000080004b20
3 0x00800027ac (0x01070713) x15 0x0000000000000022
3 0x00800027b0 (0x00f667b3)
3 0x00800027b4 (0xfce31ae3) x12 0x0000000000000011
3 0x0080002788 (0x0017d613) x13 0x00000000000800a1
3 0x008000278c (0x011786b3) x15 0x0000000000000033
3 0x0080002790 (0x00f647b3) x11 0xffffffffffe04b30
3 0x0080002794 (0x010705b3) x13 0x00000000800a1000
3 0x0080002798 (0x00c69693) x15 0x0000000000000660
3 0x008000279c (0x00579793)
3 0x00800027a0 (0x00d73023)
3 0x00800027a4 (0x00b73423) x15 0x0000000000000020
3 0x00800027a8 (0x0207f793) x14 0x0000000080004b30
3 0x00800027ac (0x01070713) x15 0x0000000000000031
3 0x00800027b0 (0x00f667b3)
3 0x00800027b4 (0xfce31ae3) x12 0x0000000000000018
3 0x0080002788 (0x0017d613) x13 0x00000000000800b0
3 0x008000278c (0x011786b3) x15 0x0000000000000029
3 0x0080002790 (0x00f647b3) x11 0xffffffffffe04b40
3 0x0080002794 (0x010705b3) x13 0x00000000800b0000
3 0x0080002798 (0x00c69693) x15 0x0000000000000520
3 0x008000279c (0x00579793)
3 0x00800027a0 (0x00d73023)
3 0x00800027a4 (0x00b73423) x15 0x0000000000000020
3 0x00800027a8 (0x0207f793) x14 0x0000000080004b40
3 0x00800027ac (0x01070713) x15 0x0000000000000038
3 0x00800027b0 (0x00f667b3)
3 0x00800027b4 (0xfce31ae3) x12 0x000000000000001c
3 0x0080002788 (0x0017d613) x13 0x00000000000800b7
3 0x008000278c (0x011786b3) x15 0x0000000000000024
3 0x0080002790 (0x00f647b3) x11 0xffffffffffe04b50
3 0x0080002794 (0x010705b3) x13 0x00000000800b7000
3 0x0080002798 (0x00c69693) x15 0x0000000000000480
3 0x008000279c (0x00579793)
3 0x00800027a0 (0x00d73023)
3 0x00800027a4 (0x00b73423) x15 0x0000000000000000
3 0x00800027a8 (0x0207f793) x14 0x0000000080004b50
3 0x00800027ac (0x01070713) x15 0x000000000000001c
3 0x00800027b0 (0x00f667b3)
3 0x00800027b4 (0xfce31ae3) x12 0x000000000000000e
3 0x0080002788 (0x0017d613) x13 0x000000000008009b
3 0x008000278c (0x011786b3) x15 0x0000000000000012
3 0x0080002790 (0x00f647b3) x11 0xffffffffffe04b60
3 0x0080002794 (0x010705b3) x13 0x000000008009b000
3 0x0080002798 (0x00c69693) x15 0x0000000000000240
3 0x008000279c (0x00579793)
3 0x00800027a0 (0x00d73023)
3 0x00800027a4 (0x00b73423) x15 0x0000000000000000
3 0x00800027a8 (0x0207f793) x14 0x0000000080004b60
3 0x00800027ac (0x01070713) x15 0x000000000000000e
3 0x00800027b0 (0x00f667b3)
3 0x00800027b4 (0xfce31ae3) x12 0x0000000000000007
3 0x0080002788 (0x0017d613) x13 0x000000000008008d
3 0x008000278c (0x011786b3) x15 0x0000000000000009
3 0x0080002790 (0x00f647b3) x11 0xffffffffffe04b70
3 0x0080002794 (0x010705b3) x13 0x000000008008d000
3 0x0080002798 (0x00c69693) x15 0x0000000000000120
3 0x008000279c (0x00579793)
3 0x00800027a0 (0x00d73023)
3 0x00800027a4 (0x00b73423) x15 0x0000000000000020
3 0x00800027a8 (0x0207f793) x14 0x0000000080004b70
3 0x00800027ac (0x01070713) x15 0x0000000000000027
3 0x00800027b0 (0x00f667b3)
3 0x00800027b4 (0xfce31ae3) x12 0x0000000000000013
3 0x0080002788 (0x0017d613) x13 0x00000000000800a6
3 0x008000278c (0x011786b3) x15 0x0000000000000034
3 0x0080002790 (0x00f647b3) x11 0xffffffffffe04b80
3 0x0080002794 (0x010705b3) x13 0x00000000800a6000
3 0x0080002798 (0x00c69693) x15 0x0000000000000680
3 0x008000279c (0x00579793)
3 0x00800027a0 (0x00d73023)
3 0x00800027a4 (0x00b73423) x15 0x0000000000000000
3 0x00800027a8 (0x0207f793) x14 0x0000000080004b80
3 0x00800027ac (0x01070713) x15 0x0000000000000013
3 0x00800027b0 (0x00f667b3)
3 0x00800027b4 (0xfce31ae3) x12 0x0000000000000009
3 0x0080002788 (0x0017d613) x13 0x0000000000080092
3 0x008000278c (0x011786b3) x15 0x000000000000001a
3 0x0080002790 (0x00f647b3) x11 0xffffffffffe04b90
3 0x0080002794 (0x010705b3) x13 0x0000000080092000
3 0x0080002798 (0x00c69693) x15 0x0000000000000340
3 0x008000279c (0x00579793)
3 0x00800027a0 (0x00d73023)
3 0x00800027a4 (0x00b73423) x15 0x0000000000000000
3 0x00800027a8 (0x0207f793) x14 0x0000000080004b90
3 0x00800027ac (0x01070713) x15 0x0000000000000009
3 0x00800027b0 (0x00f667b3)
3 0x00800027b4 (0xfce31ae3) x12 0x0000000000000004
3 0x0080002788 (0x0017d613) x13 0x0000000000080088
3 0x008000278c (0x011786b3) x15 0x000000000000000d
3 0x0080002790 (0x00f647b3) x11 0xffffffffffe04ba0
3 0x0080002794 (0x010705b3) x13 0x0000000080088000
3 0x0080002798 (0x00c69693) x15 0x00000000000001a0
3 0x008000279c (0x00579793)
3 0x00800027a0 (0x00d73023)
3 0x00800027a4 (0x00b73423) x15 0x0000000000000020
3 0x00800027a8 (0x0207f793) x14 0x0000000080004ba0
3 0x00800027ac (0x01070713) x15 0x0000000000000024
3 0x00800027b0 (0x00f667b3)
3 0x00800027b4 (0xfce31ae3) x12 0x0000000000000012
3 0x0080002788 (0x0017d613) x13 0x00000000000800a3
3 0x008000278c (0x011786b3) x15 0x0000000000000036
3 0x0080002790 (0x00f647b3) x11 0xffffffffffe04bb0
3 0x0080002794 (0x010705b3) x13 0x00000000800a3000
3 0x0080002798 (0x00c69693) x15 0x00000000000006c0
3 0x008000279c (0x00579793)
3 0x00800027a0 (0x00d73023)
3 0x00800027a4 (0x00b73423) x15 0x0000000000000000
3 0x00800027a8 (0x0207f793) x14 0x0000000080004bb0
3 0x00800027ac (0x01070713) x15 0x0000000000000012
3 0x00800027b0 (0x00f667b3)
3 0x00800027b4 (0xfce31ae3) x12 0x0000000000000009
3 0x0080002788 (0x0017d613) x13 0x0000000000080091
3 0x008000278c (0x011786b3) x15 0x000000000000001b
3 0x0080002790 (0x00f647b3) x11 0xffffffffffe04bc0
3 0x0080002794 (0x010705b3) x13 0x0000000080091000
3 0x0080002798 (0x00c69693) x15 0x0000000000000360
3 0x008000279c (0x00579793)
3 0x00800027a0 (0x00d73023)
3 0x00800027a4 (0x00b73423) x15 0x0000000000000020
3 0x00800027a8 (0x0207f793) x14 0x0000000080004bc0
3 0x00800027ac (0x01070713) x15 0x0000000000000029
3 0x00800027b0 (0x00f667b3)
3 0x00800027b4 (0xfce31ae3) x12 0x0000000000000014
3 0x0080002788 (0x0017d613) x13 0x00000000000800a8
3 0x008000278c (0x011786b3) x15 0x000000000000003d
3 0x0080002790 (0x00f647b3) x11 0xffffffffffe04bd0
3 0x0080002794 (0x010705b3) x13 0x00000000800a8000
3 0x0080002798 (0x00c69693) x15 0x00000000000007a0
3 0x008000279c (0x00579793)
3 0x00800027a0 (0x00d73023)
3 0x00800027a4 (0x00b73423) x15 0x0000000000000020
3 0x00800027a8 (0x0207f793) x14 0x0000000080004bd0
3 0x00800027ac (0x01070713) x15 0x0000000000000034
3 0x00800027b0 (0x00f667b3)
3 0x00800027b4 (0xfce31ae3) x12 0x000000000000001a
3 0x0080002788 (0x0017d613) x13 0x00000000000800b3
3 0x008000278c (0x011786b3) x15 0x000000000000002e
3 0x0080002790 (0x00f647b3) x11 0xffffffffffe04be0
3 0x0080002794 (0x010705b3) x13 0x00000000800b3000
3 0x0080002798 (0x00c69693) x15 0x00000000000005c0
3 0x008000279c (0x00579793)
3 0x00800027a0 (0x00d73023)
3 0x00800027a4 (0x00b73423) x15 0x0000000000000000
3 0x00800027a8 (0x0207f793) x14 0x0000000080004be0
3 0x00800027ac (0x01070713) x15 0x000000000000001a
3 0x00800027b0 (0x00f667b3)
3 0x00800027b4 (0xfce31ae3) x12 0x000000000000000d
3 0x0080002788 (0x0017d613) x13 0x0000000000080099
3 0x008000278c (0x011786b3) x15 0x0000000000000017
3 0x0080002790 (0x00f647b3) x11 0xffffffffffe04bf0
3 0x0080002794 (0x010705b3) x13 0x0000000080099000
3 0x0080002798 (0x00c69693) x15 0x00000000000002e0
3 0x008000279c (0x00579793)
3 0x00800027a0 (0x00d73023)
3 0x00800027a4 (0x00b73423) x15 0x0000000000000020
3 0x00800027a8 (0x0207f793) x14 0x0000000080004bf0
3 0x00800027ac (0x01070713) x15 0x000000000000002d
3 0x00800027b0 (0x00f667b3)
3 0x00800027b4 (0xfce31ae3) x12 0x0000000000000016
3 0x0080002788 (0x0017d613) x13 0x00000000000800ac
3 0x008000278c (0x011786b3) x15 0x000000000000003b
3 0x0080002790 (0x00f647b3) x11 0xffffffffffe04c00
3 0x0080002794 (0x010705b3) x13 0x00000000800ac000
3 0x0080002798 (0x00c69693) x15 0x0000000000000760
3 0x008000279c (0x00579793)
3 0x00800027a0 (0x00d73023)
3 0x00800027a4 (0x00b73423) x15 0x0000000000000020
3 0x00800027a8 (0x0207f793) x14 0x0000000080004c00
3 0x00800027ac (0x01070713) x15 0x0000000000000036
3 0x00800027b0 (0x00f667b3)
3 0x00800027b4 (0xfce31ae3) x12 0x000000000000001b
3 0x0080002788 (0x0017d613) x13 0x00000000000800b5
3 0x008000278c (0x011786b3) x15 0x000000000000002d
3 0x0080002790 (0x00f647b3) x11 0xffffffffffe04c10
3 0x0080002794 (0x010705b3) x13 0x00000000800b5000
3 0x0080002798 (0x00c69693) x15 0x00000000000005a0
3 0x008000279c (0x00579793)
3 0x00800027a0 (0x00d73023)
3 0x00800027a4 (0x00b73423) x15 0x0000000000000020
3 0x00800027a8 (0x0207f793) x14 0x0000000080004c10
3 0x00800027ac (0x01070713) x15 0x000000000000003b
3 0x00800027b0 (0x00f667b3)
3 0x00800027b4 (0xfce31ae3) x12 0x000000000000001d
3 0x0080002788 (0x0017d613) x13 0x00000000000800ba
3 0x008000278c (0x011786b3) x15 0x0000000000000026
3 0x0080002790 (0x00f647b3) x11 0xffffffffffe04c20
3 0x0080002794 (0x010705b3) x13 0x00000000800ba000
3 0x0080002798 (0x00c69693) x15 0x00000000000004c0
3 0x008000279c (0x00579793)
3 0x00800027a0 (0x00d73023)
3 0x00800027a4 (0x00b73423) x15 0x0000000000000000
3 0x00800027a8 (0x0207f793) x14 0x0000000080004c20
3 0x00800027ac (0x01070713) x15 0x000000000000001d
3 0x00800027b0 (0x00f667b3)
3 0x00800027b4 (0xfce31ae3) x12 0x000000000000000e
3 0x0080002788 (0x0017d613) x13 0x000000000008009c
3 0x008000278c (0x011786b3) x15 0x0000000000000013
3 0x0080002790 (0x00f647b3) x11 0xffffffffffe04c30
3 0x0080002794 (0x010705b3) x13 0x000000008009c000
3 0x0080002798 (0x00c69693) x15 0x0000000000000260
3 0x008000279c (0x00579793)
3 0x00800027a0 (0x00d73023)
3 0x00800027a4 (0x00b73423) x15 0x0000000000000020
3 0x00800027a8 (0x0207f793) x14 0x0000000080004c30
3 0x00800027ac (0x01070713) x15 0x000000000000002e
3 0x00800027b0 (0x00f667b3)
3 0x00800027b4 (0xfce31ae3) x12 0x0000000000000017
3 0x0080002788 (0x0017d613) x13 0x00000000000800ad
3 0x008000278c (0x011786b3) x15 0x0000000000000039
3 0x0080002790 (0x00f647b3) x11 0xffffffffffe04c40
3 0x0080002794 (0x010705b3) x13 0x00000000800ad000
3 0x0080002798 (0x00c69693) x15 0x0000000000000720
3 0x008000279c (0x00579793)
3 0x00800027a0 (0x00d73023)
3 0x00800027a4 (0x00b73423) x15 0x0000000000000020
3 0x00800027a8 (0x0207f793) x14 0x0000000080004c40
3 0x00800027ac (0x01070713) x15 0x0000000000000037
3 0x00800027b0 (0x00f667b3)
3 0x00800027b4 (0xfce31ae3) x12 0x000000000000001b
3 0x0080002788 (0x0017d613) x13 0x00000000000800b6
3 0x008000278c (0x011786b3) x15 0x000000000000002c
3 0x0080002790 (0x00f647b3) x11 0xffffffffffe04c50
3 0x0080002794 (0x010705b3) x13 0x00000000800b6000
3 0x0080002798 (0x00c69693) x15 0x0000000000000580
3 0x008000279c (0x00579793)
3 0x00800027a0 (0x00d73023)
3 0x00800027a4 (0x00b73423) x15 0x0000000000000000
3 0x00800027a8 (0x0207f793) x14 0x0000000080004c50
3 0x00800027ac (0x01070713) x15 0x000000000000001b
3 0x00800027b0 (0x00f667b3)
3 0x00800027b4 (0xfce31ae3) x12 0x000000000000000d
3 0x0080002788 (0x0017d613) x13 0x000000000008009a
3 0x008000278c (0x011786b3) x15 0x0000000000000016
3 0x0080002790 (0x00f647b3) x11 0xffffffffffe04c60
3 0x0080002794 (0x010705b3) x13 0x000000008009a000
3 0x0080002798 (0x00c69693) x15 0x00000000000002c0
3 0x008000279c (0x00579793)
3 0x00800027a0 (0x00d73023)
3 0x00800027a4 (0x00b73423) x15 0x0000000000000000
3 0x00800027a8 (0x0207f793) x14 0x0000000080004c60
3 0x00800027ac (0x01070713) x15 0x000000000000000d
3 0x00800027b0 (0x00f667b3)
3 0x00800027b4 (0xfce31ae3) x12 0x0000000000000006
3 0x0080002788 (0x0017d613) x13 0x000000000008008c
3 0x008000278c (0x011786b3) x15 0x000000000000000b
3 0x0080002790 (0x00f647b3) x11 0xffffffffffe04c70
3 0x0080002794 (0x010705b3) x13 0x000000008008c000
3 0x0080002798 (0x00c69693) x15 0x0000000000000160
3 0x008000279c (0x00579793)
3 0x00800027a0 (0x00d73023)
3 0x00800027a4 (0x00b73423) x15 0x0000000000000020
3 0x00800027a8 (0x0207f793) x14 0x0000000080004c70
3 0x00800027ac (0x01070713) x15 0x0000000000000026
3 0x00800027b0 (0x00f667b3)
3 0x00800027b4 (0xfce31ae3) x12 0x0000000000000013
3 0x0080002788 (0x0017d613) x13 0x00000000000800a5
3 0x008000278c (0x011786b3) x15 0x0000000000000035
3 0x0080002790 (0x00f647b3) x11 0xffffffffffe04c80
3 0x0080002794 (0x010705b3) x13 0x00000000800a5000
3 0x0080002798 (0x00c69693) x15 0x00000000000006a0
3 0x008000279c (0x00579793)
3 0x00800027a0 (0x00d73023)
3 0x00800027a4 (0x00b73423) x15 0x0000000000000020
3 0x00800027a8 (0x0207f793) x14 0x0000000080004c80
3 0x00800027ac (0x01070713) x15 0x0000000000000033
3 0x00800027b0 (0x00f667b3)
3 0x00800027b4 (0xfce31ae3) x12 0x0000000000000019
3 0x0080002788 (0x0017d613) x13 0x00000000000800b2
3 0x008000278c (0x011786b3) x15 0x000000000000002a
3 0x0080002790 (0x00f647b3) x11 0xffffffffffe04c90
3 0x0080002794 (0x010705b3) x13 0x00000000800b2000
3 0x0080002798 (0x00c69693) x15 0x0000000000000540
3 0x008000279c (0x00579793)
3 0x00800027a0 (0x00d73023)
3 0x00800027a4 (0x00b73423) x15 0x0000000000000000
3 0x00800027a8 (0x0207f793) x14 0x0000000080004c90
3 0x00800027ac (0x01070713) x15 0x0000000000000019
3 0x00800027b0 (0x00f667b3)
3 0x00800027b4 (0xfce31ae3) x12 0x000000000000000c
3 0x0080002788 (0x0017d613) x13 0x0000000000080098
3 0x008000278c (0x011786b3) x15 0x0000000000000015
3 0x0080002790 (0x00f647b3) x11 0xffffffffffe04ca0
3 0x0080002794 (0x010705b3) x13 0x0000000080098000
3 0x0080002798 (0x00c69693) x15 0x00000000000002a0
3 0x008000279c (0x00579793)
3 0x00800027a0 (0x00d73023)
3 0x00800027a4 (0x00b73423) x15 0x0000000000000020
3 0x00800027a8 (0x0207f793) x14 0x0000000080004ca0
3 0x00800027ac (0x01070713) x15 0x000000000000002c
3 0x00800027b0 (0x00f667b3)
3 0x00800027b4 (0xfce31ae3) x12 0x0000000000000016
3 0x0080002788 (0x0017d613) x13 0x00000000000800ab
3 0x008000278c (0x011786b3) x15 0x000000000000003a
3 0x0080002790 (0x00f647b3) x11 0xffffffffffe04cb0
3 0x0080002794 (0x010705b3) x13 0x00000000800ab000
3 0x0080002798 (0x00c69693) x15 0x0000000000000740
3 0x008000279c (0x00579793)
3 0x00800027a0 (0x00d73023)
3 0x00800027a4 (0x00b73423) x15 0x0000000000000000
3 0x00800027a8 (0x0207f793) x14 0x0000000080004cb0
3 0x00800027ac (0x01070713) x15 0x0000000000000016
3 0x00800027b0 (0x00f667b3)
3 0x00800027b4 (0xfce31ae3) x12 0x000000000000000b
3 0x0080002788 (0x0017d613) x13 0x0000000000080095
3 0x008000278c (0x011786b3) x15 0x000000000000001d
3 0x0080002790 (0x00f647b3) x11 0xffffffffffe04cc0
3 0x0080002794 (0x010705b3) x13 0x0000000080095000
3 0x0080002798 (0x00c69693) x15 0x00000000000003a0
3 0x008000279c (0x00579793)
3 0x00800027a0 (0x00d73023)
3 0x00800027a4 (0x00b73423) x15 0x0000000000000020
3 0x00800027a8 (0x0207f793) x14 0x0000000080004cc0
3 0x00800027ac (0x01070713) x15 0x000000000000002b
3 0x00800027b0 (0x00f667b3)
3 0x00800027b4 (0xfce31ae3) x12 0x0000000000000015
3 0x0080002788 (0x0017d613) x13 0x00000000000800aa
3 0x008000278c (0x011786b3) x15 0x000000000000003e
3 0x0080002790 (0x00f647b3) x11 0xffffffffffe04cd0
3 0x0080002794 (0x010705b3) x13 0x00000000800aa000
3 0x0080002798 (0x00c69693) x15 0x00000000000007c0
3 0x008000279c (0x00579793)
3 0x00800027a0 (0x00d73023)
3 0x00800027a4 (0x00b73423) x15 0x0000000000000000
3 0x00800027a8 (0x0207f793) x14 0x0000000080004cd0
3 0x00800027ac (0x01070713) x15 0x0000000000000015
3 0x00800027b0 (0x00f667b3)
3 0x00800027b4 (0xfce31ae3) x12 0x000000000000000a
3 0x0080002788 (0x0017d613) x13 0x0000000000080094
3 0x008000278c (0x011786b3) x15 0x000000000000001f
3 0x0080002790 (0x00f647b3) x11 0xffffffffffe04ce0
3 0x0080002794 (0x010705b3) x13 0x0000000080094000
3 0x0080002798 (0x00c69693) x15 0x00000000000003e0
3 0x008000279c (0x00579793)
3 0x00800027a0 (0x00d73023)
3 0x00800027a4 (0x00b73423) x15 0x0000000000000020
3 0x00800027a8 (0x0207f793) x14 0x0000000080004ce0
3 0x00800027ac (0x01070713) x15 0x000000000000002a
3 0x00800027b0 (0x00f667b3)
3 0x00800027b4 (0xfce31ae3) x12 0x0000000000000015
3 0x0080002788 (0x0017d613) x13 0x00000000000800a9
3 0x008000278c (0x011786b3) x15 0x000000000000003f
3 0x0080002790 (0x00f647b3) x11 0xffffffffffe04cf0
3 0x0080002794 (0x010705b3) x13 0x00000000800a9000
3 0x0080002798 (0x00c69693) x15 0x00000000000007e0
3 0x008000279c (0x00579793)
3 0x00800027a0 (0x00d73023)
3 0x00800027a4 (0x00b73423) x15 0x0000000000000020
3 0x00800027a8 (0x0207f793) x14 0x0000000080004cf0
3 0x00800027ac (0x01070713) x15 0x0000000000000035
3 0x00800027b0 (0x00f667b3)
3 0x00800027b4 (0xfce31ae3) x12 0x000000000000001a
3 0x0080002788 (0x0017d613) x13 0x00000000000800b4
3 0x008000278c (0x011786b3) x15 0x000000000000002f
3 0x0080002790 (0x00f647b3) x11 0xffffffffffe04d00
3 0x0080002794 (0x010705b3) x13 0x00000000800b4000
3 0x0080002798 (0x00c69693) x15 0x00000000000005e0
3 0x008000279c (0x00579793)
3 0x00800027a0 (0x00d73023)
3 0x00800027a4 (0x00b73423) x15 0x0000000000000020
3 0x00800027a8 (0x0207f793) x14 0x0000000080004d00
3 0x00800027ac (0x01070713) x15 0x000000000000003a
3 0x00800027b0 (0x00f667b3)
3 0x00800027b4 (0xfce31ae3) x12 0x000000000000001d
3 0x0080002788 (0x0017d613) x13 0x00000000000800b9
3 0x008000278c (0x011786b3) x15 0x0000000000000027
3 0x0080002790 (0x00f647b3) x11 0xffffffffffe04d10
3 0x0080002794 (0x010705b3) x13 0x00000000800b9000
3 0x0080002798 (0x00c69693) x15 0x00000000000004e0
3 0x008000279c (0x00579793)
3 0x00800027a0 (0x00d73023)
3 0x00800027a4 (0x00b73423) x15 0x0000000000000020
3 0x00800027a8 (0x0207f793) x14 0x0000000080004d10
3 0x00800027ac (0x01070713) x15 0x000000000000003d
3 0x00800027b0 (0x00f667b3)
3 0x00800027b4 (0xfce31ae3) x12 0x000000000000001e
3 0x0080002788 (0x0017d613) x13 0x00000000000800bc
3 0x008000278c (0x011786b3) x15 0x0000000000000023
3 0x0080002790 (0x00f647b3) x11 0xffffffffffe04d20
3 0x0080002794 (0x010705b3) x13 0x00000000800bc000
3 0x0080002798 (0x00c69693) x15 0x0000000000000460
3 0x008000279c (0x00579793)
3 0x00800027a0 (0x00d73023)
3 0x00800027a4 (0x00b73423) x15 0x0000000000000020
3 0x00800027a8 (0x0207f793) x14 0x0000000080004d20
3 0x00800027ac (0x01070713) x15 0x000000000000003e
3 0x00800027b0 (0x00f667b3)
3 0x00800027b4 (0xfce31ae3) x12 0x000000000000001f
3 0x0080002788 (0x0017d613) x13 0x00000000000800bd
3 0x008000278c (0x011786b3) x15 0x0000000000000021
3 0x0080002790 (0x00f647b3) x11 0xffffffffffe04d30
3 0x0080002794 (0x010705b3) x13 0x00000000800bd000
3 0x0080002798 (0x00c69693) x15 0x0000000000000420
3 0x008000279c (0x00579793)
3 0x00800027a0 (0x00d73023)
3 0x00800027a4 (0x00b73423) x15 0x0000000000000020
3 0x00800027a8 (0x0207f793) x14 0x0000000080004d30
3 0x00800027ac (0x01070713) x15 0x000000000000003f
3 0x00800027b0 (0x00f667b3)
3 0x00800027b4 (0xfce31ae3) x12 0x000000000000001f
3 0x0080002788 (0x0017d613) x13 0x00000000000800be
3 0x008000278c (0x011786b3) x15 0x0000000000000020
3 0x0080002790 (0x00f647b3) x11 0xffffffffffe04d40
3 0x0080002794 (0x010705b3) x13 0x00000000800be000
3 0x0080002798 (0x00c69693) x15 0x0000000000000400
3 0x008000279c (0x00579793)
3 0x00800027a0 (0x00d73023)
3 0x00800027a4 (0x00b73423) x15 0x0000000000000000
3 0x00800027a8 (0x0207f793) x14 0x0000000080004d40
3 0x00800027ac (0x01070713) x15 0x000000000000001f
3 0x00800027b0 (0x00f667b3)
3 0x00800027b4 (0xfce31ae3) x12 0x000000000000000f
3 0x0080002788 (0x0017d613) x13 0x000000000008009e
3 0x008000278c (0x011786b3) x15 0x0000000000000010
3 0x0080002790 (0x00f647b3) x11 0xffffffffffe04d50
3 0x0080002794 (0x010705b3) x13 0x000000008009e000
3 0x0080002798 (0x00c69693) x15 0x0000000000000200
3 0x008000279c (0x00579793)
3 0x00800027a0 (0x00d73023)
3 0x00800027a4 (0x00b73423) x15 0x0000000000000000
3 0x00800027a8 (0x0207f793) x14 0x0000000080004d50
3 0x00800027ac (0x01070713) x15 0x000000000000000f
3 0x00800027b0 (0x00f667b3)
3 0x00800027b4 (0xfce31ae3) x12 0x0000000000000007
3 0x0080002788 (0x0017d613) x13 0x000000000008008e
3 0x008000278c (0x011786b3) x15 0x0000000000000008
3 0x0080002790 (0x00f647b3) x11 0xffffffffffe04d60
3 0x0080002794 (0x010705b3) x13 0x000000008008e000
3 0x0080002798 (0x00c69693) x15 0x0000000000000100
3 0x008000279c (0x00579793)
3 0x00800027a0 (0x00d73023)
3 0x00800027a4 (0x00b73423) x15 0x0000000000000000
3 0x00800027a8 (0x0207f793) x14 0x0000000080004d60
3 0x00800027ac (0x01070713) x15 0x0000000000000007
3 0x00800027b0 (0x00f667b3)
3 0x00800027b4 (0xfce31ae3) x12 0x0000000000000003
3 0x0080002788 (0x0017d613) x13 0x0000000000080086
3 0x008000278c (0x011786b3) x15 0x0000000000000004
3 0x0080002790 (0x00f647b3) x11 0xffffffffffe04d70
3 0x0080002794 (0x010705b3) x13 0x0000000080086000
3 0x0080002798 (0x00c69693) x15 0x0000000000000080
3 0x008000279c (0x00579793)
3 0x00800027a0 (0x00d73023)
3 0x00800027a4 (0x00b73423) x15 0x0000000000000000
3 0x00800027a8 (0x0207f793) x14 0x0000000080004d70
3 0x00800027ac (0x01070713) x15 0x0000000000000003
3 0x00800027b0 (0x00f667b3)
3 0x00800027b4 (0xfce31ae3) x12 0x0000000000000001
3 0x0080002788 (0x0017d613) x13 0x0000000000080082
3 0x008000278c (0x011786b3) x15 0x0000000000000002
3 0x0080002790 (0x00f647b3) x11 0xffffffffffe04d80
3 0x0080002794 (0x010705b3) x13 0x0000000080082000
3 0x0080002798 (0x00c69693) x15 0x0000000000000040
3 0x008000279c (0x00579793)
3 0x00800027a0 (0x00d73023)
3 0x00800027a4 (0x00b73423) x15 0x0000000000000000
3 0x00800027a8 (0x0207f793) x14 0x0000000080004d80
3 0x00800027ac (0x01070713) x15 0x0000000000000001
3 0x00800027b0 (0x00f667b3)
3 0x00800027b4 (0xfce31ae3) x12 0x0000000000000000
3 0x0080002788 (0x0017d613) x13 0x0000000000080080
3 0x008000278c (0x011786b3) x15 0x0000000000000001
3 0x0080002790 (0x00f647b3) x11 0xffffffffffe04d90
3 0x0080002794 (0x010705b3) x13 0x0000000080080000
3 0x0080002798 (0x00c69693) x15 0x0000000000000020
3 0x008000279c (0x00579793)
3 0x00800027a0 (0x00d73023)
3 0x00800027a4 (0x00b73423) x15 0x0000000000000020
3 0x00800027a8 (0x0207f793) x14 0x0000000080004d90
3 0x00800027ac (0x01070713) x15 0x0000000000000020
3 0x00800027b0 (0x00f667b3)
3 0x00800027b4 (0xfce31ae3) x12 0x0000000000000010
3 0x0080002788 (0x0017d613) x13 0x000000000008009f
3 0x008000278c (0x011786b3) x15 0x0000000000000030
3 0x0080002790 (0x00f647b3) x11 0xffffffffffe04da0
3 0x0080002794 (0x010705b3) x13 0x000000008009f000
3 0x0080002798 (0x00c69693) x15 0x0000000000000600
3 0x008000279c (0x00579793)
3 0x00800027a0 (0x00d73023)
3 0x00800027a4 (0x00b73423) x15 0x0000000000000000
3 0x00800027a8 (0x0207f793) x14 0x0000000080004da0
3 0x00800027ac (0x01070713) x15 0x0000000000000010
3 0x00800027b0 (0x00f667b3)
3 0x00800027b4 (0xfce31ae3) x12 0x0000000000000008
3 0x0080002788 (0x0017d613) x13 0x000000000008008f
3 0x008000278c (0x011786b3) x15 0x0000000000000018
3 0x0080002790 (0x00f647b3) x11 0xffffffffffe04db0
3 0x0080002794 (0x010705b3) x13 0x000000008008f000
3 0x0080002798 (0x00c69693) x15 0x0000000000000300
3 0x008000279c (0x00579793)
3 0x00800027a0 (0x00d73023)
3 0x00800027a4 (0x00b73423) x15 0x0000000000000000
3 0x00800027a8 (0x0207f793) x14 0x0000000080004db0
3 0x00800027ac (0x01070713) x15 0x0000000000000008
3 0x00800027b0 (0x00f667b3)
3 0x00800027b4 (0xfce31ae3) x12 0x0000000000000004
3 0x0080002788 (0x0017d613) x13 0x0000000000080087
3 0x008000278c (0x011786b3) x15 0x000000000000000c
3 0x0080002790 (0x00f647b3) x11 0xffffffffffe04dc0
3 0x0080002794 (0x010705b3) x13 0x0000000080087000
3 0x0080002798 (0x00c69693) x15 0x0000000000000180
3 0x008000279c (0x00579793)
3 0x00800027a0 (0x00d73023)
3 0x00800027a4 (0x00b73423) x15 0x0000000000000000
3 0x00800027a8 (0x0207f793) x14 0x0000000080004dc0
3 0x00800027ac (0x01070713) x15 0x0000000000000004
3 0x00800027b0 (0x00f667b3)
3 0x00800027b4 (0xfce31ae3) x12 0x0000000000000002
3 0x0080002788 (0x0017d613) x13 0x0000000000080083
3 0x008000278c (0x011786b3) x15 0x0000000000000006
3 0x0080002790 (0x00f647b3) x11 0xffffffffffe04dd0
3 0x0080002794 (0x010705b3) x13 0x0000000080083000
3 0x0080002798 (0x00c69693) x15 0x00000000000000c0
3 0x008000279c (0x00579793)
3 0x00800027a0 (0x00d73023)
3 0x00800027a4 (0x00b73423) x15 0x0000000000000000
3 0x00800027a8 (0x0207f793) x14 0x0000000080004dd0
3 0x00800027ac (0x01070713) x15 0x0000000000000002
3 0x00800027b0 (0x00f667b3)
3 0x00800027b4 (0xfce31ae3) x12 0x0000000000000001
3 0x0080002788 (0x0017d613) x13 0x0000000000080081
3 0x008000278c (0x011786b3) x15 0x0000000000000003
3 0x0080002790 (0x00f647b3) x11 0xffffffffffe04de0
3 0x0080002794 (0x010705b3) x13 0x0000000080081000
3 0x0080002798 (0x00c69693) x15 0x0000000000000060
3 0x008000279c (0x00579793)
3 0x00800027a0 (0x00d73023)
3 0x00800027a4 (0x00b73423) x15 0x0000000000000020
3 0x00800027a8 (0x0207f793) x14 0x0000000080004de0
3 0x00800027ac (0x01070713) x15 0x0000000000000021
3 0x00800027b0 (0x00f667b3)
3 0x00800027b4 (0xfce31ae3) x12 0x0000000000000010
3 0x0080002788 (0x0017d613) x13 0x00000000000800a0
3 0x008000278c (0x011786b3) x15 0x0000000000000031
3 0x0080002790 (0x00f647b3) x11 0xffffffffffe04df0
3 0x0080002794 (0x010705b3) x13 0x00000000800a0000
3 0x0080002798 (0x00c69693) x15 0x0000000000000620
3 0x008000279c (0x00579793)
3 0x00800027a0 (0x00d73023)
3 0x00800027a4 (0x00b73423) x15 0x0000000000000020
3 0x00800027a8 (0x0207f793) x14 0x0000000080004df0
3 0x00800027ac (0x01070713) x15 0x0000000000000030
3 0x00800027b0 (0x00f667b3)
3 0x00800027b4 (0xfce31ae3) x12 0x0000000000000018
3 0x0080002788 (0x0017d613) x13 0x00000000000800af
3 0x008000278c (0x011786b3) x15 0x0000000000000028
3 0x0080002790 (0x00f647b3) x11 0xffffffffffe04e00
3 0x0080002794 (0x010705b3) x13 0x00000000800af000
3 0x0080002798 (0x00c69693) x15 0x0000000000000500
3 0x008000279c (0x00579793)
3 0x00800027a0 (0x00d73023)
3 0x00800027a4 (0x00b73423) x15 0x0000000000000000
3 0x00800027a8 (0x0207f793) x14 0x0000000080004e00
3 0x00800027ac (0x01070713) x15 0x0000000000000018
3 0x00800027b0 (0x00f667b3)
3 0x00800027b4 (0xfce31ae3) x12 0x000000000000000c
3 0x0080002788 (0x0017d613) x13 0x0000000000080097
3 0x008000278c (0x011786b3) x15 0x0000000000000014
3 0x0080002790 (0x00f647b3) x11 0xffffffffffe04e10
3 0x0080002794 (0x010705b3) x13 0x0000000080097000
3 0x0080002798 (0x00c69693) x15 0x0000000000000280
3 0x008000279c (0x00579793)
3 0x00800027a0 (0x00d73023)
3 0x00800027a4 (0x00b73423) x15 0x0000000000000000
3 0x00800027a8 (0x0207f793) x14 0x0000000080004e10
3 0x00800027ac (0x01070713) x15 0x000000000000000c
3 0x00800027b0 (0x00f667b3)
3 0x00800027b4 (0xfce31ae3) x12 0x0000000000000006
3 0x0080002788 (0x0017d613) x13 0x000000000008008b
3 0x008000278c (0x011786b3) x15 0x000000000000000a
3 0x0080002790 (0x00f647b3) x11 0xffffffffffe04e20
3 0x0080002794 (0x010705b3) x13 0x000000008008b000
3 0x0080002798 (0x00c69693) x15 0x0000000000000140
3 0x008000279c (0x00579793)
3 0x00800027a0 (0x00d73023)
3 0x00800027a4 (0x00b73423) x15 0x0000000000000000
3 0x00800027a8 (0x0207f793) x14 0x0000000080004e20
3 0x00800027ac (0x01070713) x15 0x0000000000000006
3 0x00800027b0 (0x00f667b3)
3 0x00800027b4 (0xfce31ae3) x12 0x0000000000000003
3 0x0080002788 (0x0017d613) x13 0x0000000000080085
3 0x008000278c (0x011786b3) x15 0x0000000000000005
3 0x0080002790 (0x00f647b3) x11 0xffffffffffe04e30
3 0x0080002794 (0x010705b3) x13 0x0000000080085000
3 0x0080002798 (0x00c69693) x15 0x00000000000000a0
3 0x008000279c (0x00579793)
3 0x00800027a0 (0x00d73023)
3 0x00800027a4 (0x00b73423) x15 0x0000000000000020
3 0x00800027a8 (0x0207f793) x14 0x0000000080004e30
3 0x00800027ac (0x01070713) x15 0x0000000000000023
3 0x00800027b0 (0x00f667b3)
3 0x00800027b4 (0xfce31ae3) x12 0x0000000000000011
3 0x0080002788 (0x0017d613) x13 0x00000000000800a2
3 0x008000278c (0x011786b3) x15 0x0000000000000032
3 0x0080002790 (0x00f647b3) x11 0xffffffffffe04e40
3 0x0080002794 (0x010705b3) x13 0x00000000800a2000
3 0x0080002798 (0x00c69693) x15 0x0000000000000640
3 0x008000279c (0x00579793)
3 0x00800027a0 (0x00d73023)
3 0x00800027a4 (0x00b73423) x15 0x0000000000000000
3 0x00800027a8 (0x0207f793) x14 0x0000000080004e40
3 0x00800027ac (0x01070713) x15 0x0000000000000011
3 0x00800027b0 (0x00f667b3)
3 0x00800027b4 (0xfce31ae3) x12 0x0000000000000008
3 0x0080002788 (0x0017d613) x13 0x0000000000080090
3 0x008000278c (0x011786b3) x15 0x0000000000000019
3 0x0080002790 (0x00f647b3) x11 0xffffffffffe04e50
3 0x0080002794 (0x010705b3) x13 0x0000000080090000
3 0x0080002798 (0x00c69693) x15 0x0000000000000320
3 0x008000279c (0x00579793)
3 0x00800027a0 (0x00d73023)
3 0x00800027a4 (0x00b73423) x15 0x0000000000000020
3 0x00800027a8 (0x0207f793) x14 0x0000000080004e50
3 0x00800027ac (0x01070713) x15 0x0000000000000028
3 0x00800027b0 (0x00f667b3)
3 0x00800027b4 (0xfce31ae3) x12 0x0000000000000014
3 0x0080002788 (0x0017d613) x13 0x00000000000800a7
3 0x008000278c (0x011786b3) x15 0x000000000000003c
3 0x0080002790 (0x00f647b3) x11 0xffffffffffe04e60
3 0x0080002794 (0x010705b3) x13 0x00000000800a7000
3 0x0080002798 (0x00c69693) x15 0x0000000000000780
3 0x008000279c (0x00579793)
3 0x00800027a0 (0x00d73023)
3 0x00800027a4 (0x00b73423) x15 0x0000000000000000
3 0x00800027a8 (0x0207f793) x14 0x0000000080004e60
3 0x00800027ac (0x01070713) x15 0x0000000000000014
3 0x00800027b0 (0x00f667b3)
3 0x00800027b4 (0xfce31ae3) x12 0x000000000000000a
3 0x0080002788 (0x0017d613) x13 0x0000000000080093
3 0x008000278c (0x011786b3) x15 0x000000000000001e
3 0x0080002790 (0x00f647b3) x11 0xffffffffffe04e70
3 0x0080002794 (0x010705b3) x13 0x0000000080093000
3 0x0080002798 (0x00c69693) x15 0x00000000000003c0
3 0x008000279c (0x00579793)
3 0x00800027a0 (0x00d73023)
3 0x00800027a4 (0x00b73423) x15 0x0000000000000000
3 0x00800027a8 (0x0207f793) x14 0x0000000080004e70
3 0x00800027ac (0x01070713) x15 0x000000000000000a
3 0x00800027b0 (0x00f667b3)
3 0x00800027b4 (0xfce31ae3) x12 0x0000000000000005
3 0x0080002788 (0x0017d613) x13 0x0000000000080089
3 0x008000278c (0x011786b3) x15 0x000000000000000f
3 0x0080002790 (0x00f647b3) x11 0xffffffffffe04e80
3 0x0080002794 (0x010705b3) x13 0x0000000080089000
3 0x0080002798 (0x00c69693) x15 0x00000000000001e0
3 0x008000279c (0x00579793)
3 0x00800027a0 (0x00d73023)
3 0x00800027a4 (0x00b73423) x15 0x0000000000000020
3 0x00800027a8 (0x0207f793) x14 0x0000000080004e80
3 0x00800027ac (0x01070713) x15 0x0000000000000025
3 0x00800027b0 (0x00f667b3)
3 0x00800027b4 (0xfce31ae3) x12 0x0000000000000012
3 0x0080002788 (0x0017d613) x13 0x00000000000800a4
3 0x008000278c (0x011786b3) x15 0x0000000000000037
3 0x0080002790 (0x00f647b3) x11 0xffffffffffe04e90
3 0x0080002794 (0x010705b3) x13 0x00000000800a4000
3 0x0080002798 (0x00c69693) x15 0x00000000000006e0
3 0x008000279c (0x00579793)
3 0x00800027a0 (0x00d73023)
3 0x00800027a4 (0x00b73423) x15 0x0000000000000020
3 0x00800027a8 (0x0207f793) x14 0x0000000080004e90
3 0x00800027ac (0x01070713) x15 0x0000000000000032
3 0x00800027b0 (0x00f667b3)
3 0x00800027b4 (0xfce31ae3) x12 0x0000000000000019
3 0x0080002788 (0x0017d613) x13 0x00000000000800b1
3 0x008000278c (0x011786b3) x15 0x000000000000002b
3 0x0080002790 (0x00f647b3) x11 0xffffffffffe04ea0
3 0x0080002794 (0x010705b3) x13 0x00000000800b1000
3 0x0080002798 (0x00c69693) x15 0x0000000000000560
3 0x008000279c (0x00579793)
3 0x00800027a0 (0x00d73023)
3 0x00800027a4 (0x00b73423) x15 0x0000000000000020
3 0x00800027a8 (0x0207f793) x14 0x0000000080004ea0
3 0x00800027ac (0x01070713) x15 0x0000000000000039
3 0x00800027b0 (0x00f667b3)
3 0x00800027b4 (0xfce31ae3) x12 0x000000000000001c
3 0x0080002788 (0x0017d613) x13 0x00000000000800b8
3 0x008000278c (0x011786b3) x15 0x0000000000000025
3 0x0080002790 (0x00f647b3) x11 0xffffffffffe04eb0
3 0x0080002794 (0x010705b3) x13 0x00000000800b8000
3 0x0080002798 (0x00c69693) x15 0x00000000000004a0
3 0x008000279c (0x00579793)
3 0x00800027a0 (0x00d73023)
3 0x00800027a4 (0x00b73423) x15 0x0000000000000020
3 0x00800027a8 (0x0207f793) x14 0x0000000080004eb0
3 0x00800027ac (0x01070713) x15 0x000000000000003c
3 0x00800027b0 (0x00f667b3)
3 0x00800027b4 (0xfce31ae3) x12 0x000000000000001e
3 0x0080002788 (0x0017d613) x13 0x00000000000800bb
3 0x008000278c (0x011786b3) x15 0x0000000000000022
3 0x0080002790 (0x00f647b3) x11 0xffffffffffe04ec0
3 0x0080002794 (0x010705b3) x13 0x00000000800bb000
3 0x0080002798 (0x00c69693) x15 0x0000000000000440
3 0x008000279c (0x00579793)
3 0x00800027a0 (0x00d73023)
3 0x00800027a4 (0x00b73423) x15 0x0000000000000000
3 0x00800027a8 (0x0207f793) x14 0x0000000080004ec0
3 0x00800027ac (0x01070713) x15 0x000000000000001e
3 0x00800027b0 (0x00f667b3)
3 0x00800027b4 (0xfce31ae3) x12 0x000000000000000f
3 0x0080002788 (0x0017d613) x13 0x000000000008009d
3 0x008000278c (0x011786b3) x15 0x0000000000000011
3 0x0080002790 (0x00f647b3) x11 0xffffffffffe04ed0
3 0x0080002794 (0x010705b3) x13 0x000000008009d000
3 0x0080002798 (0x00c69693) x15 0x0000000000000220
3 0x008000279c (0x00579793)
3 0x00800027a0 (0x00d73023)
3 0x00800027a4 (0x00b73423) x15 0x0000000000000020
3 0x00800027a8 (0x0207f793) x14 0x0000000080004ed0
3 0x00800027ac (0x01070713) x15 0x000000000000002f
3 0x00800027b0 (0x00f667b3)
3 0x00800027b4 (0xfce31ae3) x12 0x0000000000000017
3 0x0080002788 (0x0017d613) x13 0x00000000000800ae
3 0x008000278c (0x011786b3) x15 0x0000000000000038
3 0x0080002790 (0x00f647b3) x11 0xffffffffffe04ee0
3 0x0080002794 (0x010705b3) x13 0x00000000800ae000
3 0x0080002798 (0x00c69693) x15 0x0000000000000700
3 0x008000279c (0x00579793)
3 0x00800027a0 (0x00d73023)
3 0x00800027a4 (0x00b73423) x15 0x0000000000000000
3 0x00800027a8 (0x0207f793) x14 0x0000000080004ee0
3 0x00800027ac (0x01070713) x15 0x0000000000000017
3 0x00800027b0 (0x00f667b3)
3 0x00800027b4 (0xfce31ae3) x12 0x000000000000000b
3 0x0080002788 (0x0017d613) x13 0x0000000000080096
3 0x008000278c (0x011786b3) x15 0x000000000000001c
3 0x0080002790 (0x00f647b3) x11 0xffffffffffe04ef0
3 0x0080002794 (0x010705b3) x13 0x0000000080096000
3 0x0080002798 (0x00c69693) x15 0x0000000000000380
3 0x008000279c (0x00579793)
3 0x00800027a0 (0x00d73023)
3 0x00800027a4 (0x00b73423) x15 0x0000000000000000
3 0x00800027a8 (0x0207f793) x14 0x0000000080004ef0
3 0x00800027ac (0x01070713) x15 0x000000000000000b
3 0x00800027b0 (0x00f667b3)
3 0x00800027b4 (0xfce31ae3) x12 0x0000000000000005
3 0x0080002788 (0x0017d613) x13 0x000000000008008a
3 0x008000278c (0x011786b3) x15 0x000000000000000e
3 0x0080002790 (0x00f647b3) x11 0xffffffffffe04f00
3 0x0080002794 (0x010705b3) x13 0x000000008008a000
3 0x0080002798 (0x00c69693) x15 0x00000000000001c0
3 0x008000279c (0x00579793)
3 0x00800027a0 (0x00d73023)
3 0x00800027a4 (0x00b73423) x15 0x0000000000000000
3 0x00800027a8 (0x0207f793) x14 0x0000000080004f00
3 0x00800027ac (0x01070713) x15 0x0000000000000005
3 0x00800027b0 (0x00f667b3)
3 0x00800027b4 (0xfce31ae3) x12 0x0000000000000002
3 0x0080002788 (0x0017d613) x13 0x0000000000080084
3 0x008000278c (0x011786b3) x15 0x0000000000000007
3 0x0080002790 (0x00f647b3) x11 0xffffffffffe04f10
3 0x0080002794 (0x010705b3) x13 0x0000000080084000
3 0x0080002798 (0x00c69693) x15 0x00000000000000e0
3 0x008000279c (0x00579793)
3 0x00800027a0 (0x00d73023)
3 0x00800027a4 (0x00b73423) x15 0x0000000000000020
3 0x00800027a8 (0x0207f793) x14 0x0000000080004f10
3 0x00800027ac (0x01070713) x15 0x0000000000000022
3 0x00800027b0 (0x00f667b3)
3 0x00800027b4 (0xfce31ae3) x12 0x0000000000000011
3 0x0080002788 (0x0017d613) x13 0x00000000000800a1
3 0x008000278c (0x011786b3) x15 0x0000000000000033
3 0x0080002790 (0x00f647b3) x11 0xffffffffffe04f20
3 0x0080002794 (0x010705b3) x13 0x00000000800a1000
3 0x0080002798 (0x00c69693) x15 0x0000000000000660
3 0x008000279c (0x00579793)
3 0x00800027a0 (0x00d73023)
3 0x00800027a4 (0x00b73423) x15 0x0000000000000020
3 0x00800027a8 (0x0207f793) x14 0x0000000080004f20
3 0x00800027ac (0x01070713) x15 0x0000000000000031
3 0x00800027b0 (0x00f667b3)
3 0x00800027b4 (0xfce31ae3) x12 0x0000000000000018
3 0x0080002788 (0x0017d613) x13 0x00000000000800b0
3 0x008000278c (0x011786b3) x15 0x0000000000000029
3 0x0080002790 (0x00f647b3) x11 0xffffffffffe04f30
3 0x0080002794 (0x010705b3) x13 0x00000000800b0000
3 0x0080002798 (0x00c69693) x15 0x0000000000000520
3 0x008000279c (0x00579793)
3 0x00800027a0 (0x00d73023)
3 0x00800027a4 (0x00b73423) x15 0x0000000000000020
3 0x00800027a8 (0x0207f793) x14 0x0000000080004f30
3 0x00800027ac (0x01070713) x15 0x0000000000000038
3 0x00800027b0 (0x00f667b3)
3 0x00800027b4 (0xfce31ae3) x12 0x000000000000001c
3 0x0080002788 (0x0017d613) x13 0x00000000000800b7
3 0x008000278c (0x011786b3) x15 0x0000000000000024
3 0x0080002790 (0x00f647b3) x11 0xffffffffffe04f40
3 0x0080002794 (0x010705b3) x13 0x00000000800b7000
3 0x0080002798 (0x00c69693) x15 0x0000000000000480
3 0x008000279c (0x00579793)
3 0x00800027a0 (0x00d73023)
3 0x00800027a4 (0x00b73423) x15 0x0000000000000000
3 0x00800027a8 (0x0207f793) x14 0x0000000080004f40
3 0x00800027ac (0x01070713) x15 0x000000000000001c
3 0x00800027b0 (0x00f667b3)
3 0x00800027b4 (0xfce31ae3) x12 0x000000000000000e
3 0x0080002788 (0x0017d613) x13 0x000000000008009b
3 0x008000278c (0x011786b3) x15 0x0000000000000012
3 0x0080002790 (0x00f647b3) x11 0xffffffffffe04f50
3 0x0080002794 (0x010705b3) x13 0x000000008009b000
3 0x0080002798 (0x00c69693) x15 0x0000000000000240
3 0x008000279c (0x00579793)
3 0x00800027a0 (0x00d73023)
3 0x00800027a4 (0x00b73423) x15 0x0000000000000000
3 0x00800027a8 (0x0207f793) x14 0x0000000080004f50
3 0x00800027ac (0x01070713) x15 0x000000000000000e
3 0x00800027b0 (0x00f667b3)
3 0x00800027b4 (0xfce31ae3) x12 0x0000000000000007
3 0x0080002788 (0x0017d613) x13 0x000000000008008d
3 0x008000278c (0x011786b3) x15 0x0000000000000009
3 0x0080002790 (0x00f647b3) x11 0xffffffffffe04f60
3 0x0080002794 (0x010705b3) x13 0x000000008008d000
3 0x0080002798 (0x00c69693) x15 0x0000000000000120
3 0x008000279c (0x00579793)
3 0x00800027a0 (0x00d73023)
3 0x00800027a4 (0x00b73423) x15 0x0000000000000020
3 0x00800027a8 (0x0207f793) x14 0x0000000080004f60
3 0x00800027ac (0x01070713) x15 0x0000000000000027
3 0x00800027b0 (0x00f667b3)
3 0x00800027b4 (0xfce31ae3) x12 0x0000000000000013
3 0x0080002788 (0x0017d613) x13 0x00000000000800a6
3 0x008000278c (0x011786b3) x15 0x0000000000000034
3 0x0080002790 (0x00f647b3) x11 0xffffffffffe04f70
3 0x0080002794 (0x010705b3) x13 0x00000000800a6000
3 0x0080002798 (0x00c69693) x15 0x0000000000000680
3 0x008000279c (0x00579793)
3 0x00800027a0 (0x00d73023)
3 0x00800027a4 (0x00b73423) x15 0x0000000000000000
3 0x00800027a8 (0x0207f793) x14 0x0000000080004f70
3 0x00800027ac (0x01070713) x15 0x0000000000000013
3 0x00800027b0 (0x00f667b3)
3 0x00800027b4 (0xfce31ae3) x12 0x0000000000000009
3 0x0080002788 (0x0017d613) x13 0x0000000000080092
3 0x008000278c (0x011786b3) x15 0x000000000000001a
3 0x0080002790 (0x00f647b3) x11 0xffffffffffe04f80
3 0x0080002794 (0x010705b3) x13 0x0000000080092000
3 0x0080002798 (0x00c69693) x15 0x0000000000000340
3 0x008000279c (0x00579793)
3 0x00800027a0 (0x00d73023)
3 0x00800027a4 (0x00b73423) x15 0x0000000000000000
3 0x00800027a8 (0x0207f793) x14 0x0000000080004f80
3 0x00800027ac (0x01070713) x15 0x0000000000000009
3 0x00800027b0 (0x00f667b3)
3 0x00800027b4 (0xfce31ae3) x12 0x0000000000000004
3 0x0080002788 (0x0017d613) x13 0x0000000000080088
3 0x008000278c (0x011786b3) x15 0x000000000000000d
3 0x0080002790 (0x00f647b3) x11 0xffffffffffe04f90
3 0x0080002794 (0x010705b3) x13 0x0000000080088000
3 0x0080002798 (0x00c69693) x15 0x00000000000001a0
3 0x008000279c (0x00579793)
3 0x00800027a0 (0x00d73023)
3 0x00800027a4 (0x00b73423) x15 0x0000000000000020
3 0x00800027a8 (0x0207f793) x14 0x0000000080004f90
3 0x00800027ac (0x01070713) x15 0x0000000000000024
3 0x00800027b0 (0x00f667b3)
3 0x00800027b4 (0xfce31ae3) x12 0x0000000000000012
3 0x0080002788 (0x0017d613) x13 0x00000000000800a3
3 0x008000278c (0x011786b3) x15 0x0000000000000036
3 0x0080002790 (0x00f647b3) x11 0xffffffffffe04fa0
3 0x0080002794 (0x010705b3) x13 0x00000000800a3000
3 0x0080002798 (0x00c69693) x15 0x00000000000006c0
3 0x008000279c (0x00579793)
3 0x00800027a0 (0x00d73023)
3 0x00800027a4 (0x00b73423) x15 0x0000000000000000
3 0x00800027a8 (0x0207f793) x14 0x0000000080004fa0
3 0x00800027ac (0x01070713) x15 0x0000000000000012
3 0x00800027b0 (0x00f667b3)
3 0x00800027b4 (0xfce31ae3) x12 0x0000000000000009
3 0x0080002788 (0x0017d613) x13 0x0000000000080091
3 0x008000278c (0x011786b3) x15 0x000000000000001b
3 0x0080002790 (0x00f647b3) x11 0xffffffffffe04fb0
3 0x0080002794 (0x010705b3) x13 0x0000000080091000
3 0x0080002798 (0x00c69693) x15 0x0000000000000360
3 0x008000279c (0x00579793)
3 0x00800027a0 (0x00d73023)
3 0x00800027a4 (0x00b73423) x15 0x0000000000000020
3 0x00800027a8 (0x0207f793) x14 0x0000000080004fb0
3 0x00800027ac (0x01070713) x15 0x0000000000000029
3 0x00800027b0 (0x00f667b3)
3 0x00800027b4 (0xfce31ae3) x12 0x0000000000000014
3 0x0080002788 (0x0017d613) x13 0x00000000000800a8
3 0x008000278c (0x011786b3) x15 0x000000000000003d
3 0x0080002790 (0x00f647b3) x11 0xffffffffffe04fc0
3 0x0080002794 (0x010705b3) x13 0x00000000800a8000
3 0x0080002798 (0x00c69693) x15 0x00000000000007a0
3 0x008000279c (0x00579793)
3 0x00800027a0 (0x00d73023)
3 0x00800027a4 (0x00b73423) x15 0x0000000000000020
3 0x00800027a8 (0x0207f793) x14 0x0000000080004fc0
3 0x00800027ac (0x01070713) x15 0x0000000000000034
3 0x00800027b0 (0x00f667b3)
3 0x00800027b4 (0xfce31ae3) x12 0x000000000000001a
3 0x0080002788 (0x0017d613) x13 0x00000000000800b3
3 0x008000278c (0x011786b3) x15 0x000000000000002e
3 0x0080002790 (0x00f647b3) x11 0xffffffffffe04fd0
3 0x0080002794 (0x010705b3) x13 0x00000000800b3000
3 0x0080002798 (0x00c69693) x15 0x00000000000005c0
3 0x008000279c (0x00579793)
3 0x00800027a0 (0x00d73023)
3 0x00800027a4 (0x00b73423) x15 0x0000000000000000
3 0x00800027a8 (0x0207f793) x14 0x0000000080004fd0
3 0x00800027ac (0x01070713) x15 0x000000000000001a
3 0x00800027b0 (0x00f667b3)
3 0x00800027b4 (0xfce31ae3) x12 0x000000000000000d
3 0x0080002788 (0x0017d613) x13 0x0000000000080099
3 0x008000278c (0x011786b3) x15 0x0000000000000017
3 0x0080002790 (0x00f647b3) x11 0xffffffffffe04fe0
3 0x0080002794 (0x010705b3) x13 0x0000000080099000
3 0x0080002798 (0x00c69693) x15 0x00000000000002e0
3 0x008000279c (0x00579793)
3 0x00800027a0 (0x00d73023)
3 0x00800027a4 (0x00b73423) x15 0x0000000000000020
3 0x00800027a8 (0x0207f793) x14 0x0000000080004fe0
3 0x00800027ac (0x01070713) x15 0x000000000000002d
3 0x00800027b0 (0x00f667b3)
3 0x00800027b4 (0xfce31ae3) x12 0x00000000800a8000
3 0x00800027b8 (0x00003797)
3 0x00800027bc (0x8207b023) x15 0x0000000000000024
3 0x00800027c0 (0x84dfd0ef) x14 0xffffffffffe04f70
3 0x008000000c (0x00060717) x14 0x0000000000000020
3 0x0080000010 (0x0c470713) x14 0x0000000040030068
3 0x0080000014 (0x40175713) x15 0x0000000000000034
3 0x0080000018 (0x3b472773)
3 0x008000001c (0x00a54533) x12 0x0000000000000003
3 0x0080000020 (0x00300613) x12 0x0000000060000000
3 0x0080000024 (0x01d61613) x10 0x0000000060000000
3 0x0080000028 (0x00c50533) x11 0xffffffffffe04fd0
3 0x008000002c (0x00351573) x13 0x00000000800b3000
3 0x0080000030 (0x00e74733) x15 0x00000000000005c0
3 0x0080000034 (0x30271573)
3 0x0080000038 (0x00008067) x15 0xffffffffffe04f80
3 0x00800027c4 (0xffffe797) x15 0x0000000000000000
3 0x00800027c8 (0x9f078793) x14 0x0000000080004fd0
3 0x00800027cc (0x30579073) x15 0x000000000000001a
3 0x00800027d0 (0x12000613) x11 0x0000000000000000
3 0x00800027d4 (0x00000593) x10 0x0000000080060fb0
3 0x00800027d8 (0x00010513) x1 0x00000000800027e0
3 0x00800027dc (0x881ff0ef) x2 0x0000000080060fa0
3 0x008000205c (0xff010113) x15 0x0000000080060fb0
3 0x0080002060 (0x00c567b3)
3 0x0080002064 (0x00813023)
3 0x0080002068 (0x00113423) x15 0x0000000000000000
3 0x008000206c (0x0077f793) x8 0x0000000080060fb0
3 0x0080002070 (0x00050413) x14 0x00000000800610d0
3 0x0080002074 (0x00c50733)
3 0x0080002078 (0x02078263) x15 0x000000000000002d
3 0x008000209c (0x0ff5f593) x15 0x00000000800030a0
3 0x00800020a0 (0x00001797) x15 0x00000000800057b8
3 0x00800020a4 (0xb087b783) x11 0x00000000000007a0
3 0x00800020a8 (0x02f585b3)
3 0x00800020ac (0xfce57ee3) x15 0x0000000080060fb0
3 0x00800020b0 (0x00050793) x15 0x0000000080060fb8
3 0x00800020b4 (0x00878793)
3 0x00800020b8 (0xfeb7bc23)
3 0x00800020bc (0xfee7ece3) x15 0x0000000080060fc0
3 0x00800020b4 (0x00878793)
3 0x00800020b8 (0xfeb7bc23)
3 0x00800020bc (0xfee7ece3) x15 0x0000000080060fc8
3 0x00800020b4 (0x00878793)
3 0x00800020b8 (0xfeb7bc23)
3 0x00800020bc (0xfee7ece3) x15 0x0000000080060fd0
3 0x00800020b4 (0x00878793)
3 0x00800020b8 (0xfeb7bc23)
3 0x00800020bc (0xfee7ece3) x15 0x0000000080060fd8
3 0x00800020b4 (0x00878793)
3 0x00800020b8 (0xfeb7bc23)
3 0x00800020bc (0xfee7ece3) x15 0x0000000080060fe0
3 0x00800020b4 (0x00878793)
3 0x00800020b8 (0xfeb7bc23)
3 0x00800020bc (0xfee7ece3) x15 0x0000000080060fe8
3 0x00800020b4 (0x00878793)
3 0x00800020b8 (0xfeb7bc23)
3 0x00800020bc (0xfee7ece3) x15 0x0000000080060ff0
3 0x00800020b4 (0x00878793)
3 0x00800020b8 (0xfeb7bc23)
3 0x00800020bc (0xfee7ece3) x15 0x0000000080060ff8
3 0x00800020b4 (0x00878793)
3 0x00800020b8 (0xfeb7bc23)
3 0x00800020bc (0xfee7ece3) x15 0x0000000080061000
3 0x00800020b4 (0x00878793)
3 0x00800020b8 (0xfeb7bc23)
3 0x00800020bc (0xfee7ece3) x15 0x0000000080061008
3 0x00800020b4 (0x00878793)
3 0x00800020b8 (0xfeb7bc23)
3 0x00800020bc (0xfee7ece3) x15 0x0000000080061010
3 0x00800020b4 (0x00878793)
3 0x00800020b8 (0xfeb7bc23)
3 0x00800020bc (0xfee7ece3) x15 0x0000000080061018
3 0x00800020b4 (0x00878793)
3 0x00800020b8 (0xfeb7bc23)
3 0x00800020bc (0xfee7ece3) x15 0x0000000080061020
3 0x00800020b4 (0x00878793)
3 0x00800020b8 (0xfeb7bc23)
3 0x00800020bc (0xfee7ece3) x15 0x0000000080061028
3 0x00800020b4 (0x00878793)
3 0x00800020b8 (0xfeb7bc23)
3 0x00800020bc (0xfee7ece3) x15 0x0000000080061030
3 0x00800020b4 (0x00878793)
3 0x00800020b8 (0xfeb7bc23)
3 0x00800020bc (0xfee7ece3) x15 0x0000000080061038
3 0x00800020b4 (0x00878793)
3 0x00800020b8 (0xfeb7bc23)
3 0x00800020bc (0xfee7ece3) x15 0x0000000080061040
3 0x00800020b4 (0x00878793)
3 0x00800020b8 (0xfeb7bc23)
3 0x00800020bc (0xfee7ece3) x15 0x0000000080061048
3 0x00800020b4 (0x00878793)
3 0x00800020b8 (0xfeb7bc23)
3 0x00800020bc (0xfee7ece3) x15 0x0000000080061050
3 0x00800020b4 (0x00878793)
3 0x00800020b8 (0xfeb7bc23)
3 0x00800020bc (0xfee7ece3) x15 0x0000000080061058
3 0x00800020b4 (0x00878793)
3 0x00800020b8 (0xfeb7bc23)
3 0x00800020bc (0xfee7ece3) x15 0x0000000080061060
3 0x00800020b4 (0x00878793)
3 0x00800020b8 (0xfeb7bc23)
3 0x00800020bc (0xfee7ece3) x15 0x0000000080061068
3 0x00800020b4 (0x00878793)
3 0x00800020b8 (0xfeb7bc23)
3 0x00800020bc (0xfee7ece3) x15 0x0000000080061070
3 0x00800020b4 (0x00878793)
3 0x00800020b8 (0xfeb7bc23)
3 0x00800020bc (0xfee7ece3) x15 0x0000000080061078
3 0x00800020b4 (0x00878793)
3 0x00800020b8 (0xfeb7bc23)
3 0x00800020bc (0xfee7ece3) x15 0x0000000080061080
3 0x00800020b4 (0x00878793)
3 0x00800020b8 (0xfeb7bc23)
3 0x00800020bc (0xfee7ece3) x15 0x0000000080061088
3 0x00800020b4 (0x00878793)
3 0x00800020b8 (0xfeb7bc23)
3 0x00800020bc (0xfee7ece3) x15 0x0000000080061090
3 0x00800020b4 (0x00878793)
3 0x00800020b8 (0xfeb7bc23)
3 0x00800020bc (0xfee7ece3) x15 0x0000000080061098
3 0x00800020b4 (0x00878793)
3 0x00800020b8 (0xfeb7bc23)
3 0x00800020bc (0xfee7ece3) x15 0x00000000800610a0
3 0x00800020b4 (0x00878793)
3 0x00800020b8 (0xfeb7bc23)
3 0x00800020bc (0xfee7ece3) x15 0x00000000800610a8
3 0x00800020b4 (0x00878793)
3 0x00800020b8 (0xfeb7bc23)
3 0x00800020bc (0xfee7ece3) x15 0x00000000800610b0
3 0x00800020b4 (0x00878793)
3 0x00800020b8 (0xfeb7bc23)
3 0x00800020bc (0xfee7ece3) x15 0x00000000800610b8
3 0x00800020b4 (0x00878793)
3 0x00800020b8 (0xfeb7bc23)
3 0x00800020bc (0xfee7ece3) x15 0x00000000800610c0
3 0x00800020b4 (0x00878793)
3 0x00800020b8 (0xfeb7bc23)
3 0x00800020bc (0xfee7ece3) x15 0x00000000800610c8
3 0x00800020b4 (0x00878793)
3 0x00800020b8 (0xfeb7bc23)
3 0x00800020bc (0xfee7ece3) x15 0x00000000800610d0
3 0x00800020b4 (0x00878793)
3 0x00800020b8 (0xfeb7bc23)
3 0x00800020bc (0xfee7ece3) x15 0x0000000080060fd8
3 0x00800020c0 (0x00813083) x10 0x0000000080061030
3 0x00800020c4 (0x00040513) x8 0x0000000080002858
3 0x00800020c8 (0x00013403) x2 0x0000000080060fb0
3 0x00800020cc (0x01010113)
3 0x00800020d0 (0x00008067) x15 0xffffffff80000000
3 0x00800027e0 (0x800007b7) x8 0x0000000000002858
3 0x00800027e4 (0x00f40433) x10 0x0000000080060fb0
3 0x00800027e8 (0x00010513)
3 0x00800027ec (0x10813423) x1 0x00000000800027f4
3 0x00800027f0 (0xc09fd0ef)
3 0x00800003f8 (0x10853283) x15 0x00000000800610a0
3 0x00800003fc (0x14129073)
3 0x0080000400 (0x00853083) x2 0x0000000000000000
3 0x0080000404 (0x01053103) x3 0x0000000000000000
3 0x0080000408 (0x01853183) x4 0x0000000000000000
3 0x008000040c (0x02053203) x5 0x0000000000000000
3 0x0080000410 (0x02853283) x6 0x0000000000000000
3 0x0080000414 (0x03053303) x7 0x0000000000000000
3 0x0080000418 (0x03853383) x8 0x0000000000000000
3 0x008000041c (0x04053403) x9 0x0000000000000000
3 0x0080000420 (0x04853483) x11 0x0000000000000000
3 0x0080000424 (0x05853583) x12 0x0000000000000000
3 0x0080000428 (0x06053603) x13 0x0000000000000000
3 0x008000042c (0x06853683) x14 0x0000000000000000
3 0x0080000430 (0x07053703) x15 0x0000000000000000
3 0x0080000434 (0x07853783) x16 0x0000000000000000
3 0x0080000438 (0x08053803) x17 0x0000000000000000
3 0x008000043c (0x08853883)
3 0x0080000440 (0x09053903) x19 0x0000000000000000
3 0x0080000444 (0x09853983) x20 0x0000000000000000
3 0x0080000448 (0x0a053a03) x21 0x0000000000000000
3 0x008000044c (0x0a853a83) x22 0x0000000000000000
3 0x0080000450 (0x0b053b03) x23 0x0000000000000000
3 0x0080000454 (0x0b853b83) x24 0x0000000000000000
3 0x0080000458 (0x0c053c03) x25 0x0000000000000000
3 0x008000045c (0x0c853c83) x26 0x0000000000000000
3 0x0080000460 (0x0d053d03) x27 0x0000000000000000
3 0x0080000464 (0x0d853d83) x28 0x0000000000000000
3 0x0080000468 (0x0e053e03) x29 0x0000000000000000
3 0x008000046c (0x0e853e83) x30 0x0000000000000000
3 0x0080000470 (0x0f053f03) x31 0x0000000000000000
3 0x0080000474 (0x0f853f83) x10 0x0000000000000000
3 0x0080000478 (0x05053503)
0 0x008000047c (0x10200073) x1 0x0000000000000000
3 0x00800001b4 (0x00003097) x1 0x0000000000000000
3 0x00800001b8 (0x04c08093) x3 0x0000000000000000
3 0x00800001bc (0x10002173) x4 0x0000000000000000
3 0x00800001c0 (0x0420bc23) x5 0x0000000000000000
3 0x00800001c4 (0x10402173) x6 0x0000000000000000
3 0x00800001c8 (0x0620b823) x7 0x0000000000000000
3 0x00800001cc (0x10502173) x8 0x0000000000000000
3 0x00800001d0 (0x0620bc23) x9 0x0000000000000000
3 0x00800001d4 (0x10602173) x11 0x0000000000000000
3 0x00800001d8 (0x0820b023) x12 0x0000000000000000
3 0x00800001dc (0x14002173) x13 0x0000000000000000
3 0x00800001e0 (0x0820b423) x14 0x0000000000000000
3 0x00800001e4 (0x14102173) x15 0x0000000000000000
3 0x00800001e8 (0x0820b823) x16 0x0000000000000000
3 0x00800001ec (0x14202173) x17 0x0000000000000000
3 0x00800001f0 (0x0820bc23) x18 0x0000000000000000
3 0x00800001f4 (0x14302173) x19 0x0000000000000000
3 0x00800001f8 (0x0a20b023) x20 0x0000000000000000
3 0x00800001fc (0x14402173) x21 0x0000000000000000
3 0x0080000200 (0xf7f17113)
3 0x0080000204 (0x0a20b423) x23 0x0000000000000000
3 0x0080000208 (0x18002173) x24 0x0000000000000000
3 0x008000020c (0x0a20b823) x25 0x0000000000000000
3 0x0080000210 (0xf1402173) x26 0x0000000000000000
3 0x0080000214 (0x0a20bc23) x27 0x0000000000000000
3 0x0080000218 (0x30002173) x28 0x0000000000000000
3 0x008000021c (0x0c20b023) x29 0x0000000000000000
3 0x0080000220 (0x30202173) x30 0x0000000000000000
3 0x0080000224 (0x0c20b423) x31 0x0000000000000000
3 0x0080000228 (0x30302173) x10 0x0000000000000000
3 0x008000022c (0x0c20b823)
3 0x0080000230 (0x30402173) x1 0x00000000800031b4
3 0x0080000234 (0x0c20bc23) x1 0x0000000080003200
3 0x0080000238 (0x30502173) x2 0x8000000200006020
3 0x008000023c (0x0e20b023)
3 0x0080000240 (0x30602173) x2 0x0000000000000000
3 0x0080000244 (0x0e20b423)
3 0x0080000248 (0x34002173) x2 0xffffffffffe00480
3 0x008000024c (0x0e20b823)
3 0x0080000250 (0x34102173) x2 0x0000000000000019
3 0x0080000254 (0x0e20bc23)
3 0x0080000258 (0x34202173) x2 0xffffffffffe610e0
3 0x008000025c (0x1020b023)
3 0x0080000260 (0x34302173) x2 0x0000000000002858
3 0x0080000264 (0x1020b423)
3 0x0080000268 (0x34402173) x2 0x56eaa19167b8a2b1
3 0x008000026c (0xf7f17113)
3 0x0080000270 (0x1020b823) x2 0xffffffd8c65ebb0d
3 0x0080000274 (0x3a002173)
3 0x0080000278 (0x1020bc23) x2 0x0000000000000000
3 0x008000027c (0x3b002173) x2 0x0000000000000000
3 0x0080000280 (0x1220bc23)
3 0x0080000284 (0x3b102173) x2 0x8000000000080005
3 0x0080000288 (0x1420b023)
3 0x008000028c (0x3b202173) x2 0x0000000000000000
3 0x0080000290 (0x1420b423)
3 0x0080000294 (0x3b302173) x2 0x8000000a00006020
3 0x0080000298 (0x1420b823)
3 0x008000029c (0x3b402173) x2 0x0000000000000000
3 0x00800002a0 (0x1420bc23)
3 0x00800002a4 (0x3b502173) x2 0x0000000000000000
3 0x00800002a8 (0x1620b023)
3 0x00800002ac (0x3b602173) x2 0x0000000000000000
3 0x00800002b0 (0x1620b423)
3 0x00800002b4 (0x3b702173) x2 0x00000000800001b4
3 0x00800002b8 (0x1620b823) x10 0x8000000200006020
3 0x00800002bc (0x00006537) x2 0x000000000000000c
3 0x00800002c0 (0x30052073)
3 0x00800002c4 (0x00102173) x2 0x00000000800610e0
3 0x00800002c8 (0x0420b023)
3 0x00800002cc (0x00202173) x2 0x0000000000002858
3 0x00800002d0 (0x0420b423)
3 0x00800002d4 (0x00302173) x2 0x000000000000000c
3 0x00800002d8 (0x0420b823) x1 0xffffffffffe610e0
3 0x00800002dc (0x00003097) x1 0x0000000000002858
3 0x00800002e0 (0xd2408093)
3 0x00800002e4 (0x0000b023)
3 0x00800002e8 (0x0020b823)
3 0x00800002ec (0x0030bc23)
3 0x00800002f0 (0x0240b023)
3 0x00800002f4 (0x0250b423)
3 0x00800002f8 (0x0260b823)
3 0x00800002fc (0x0270bc23)
3 0x0080000300 (0x0480b023)
3 0x0080000304 (0x0490b423)
3 0x0080000308 (0x04a0b823)
3 0x008000030c (0x04b0bc23)
3 0x0080000310 (0x06c0b023)
3 0x0080000314 (0x06d0b423)
3 0x0080000318 (0x06e0b823)
3 0x008000031c (0x06f0bc23)
3 0x0080000320 (0x0900b023)
3 0x0080000324 (0x0910b423)
3 0x0080000328 (0x0920b823)
3 0x008000032c (0x0930bc23)
3 0x0080000330 (0x0b40b023)
3 0x0080000334 (0x0b50b423)
3 0x0080000338 (0x0b60b823) x10 0x0000000000006000
3 0x008000033c (0x0b70bc23)
3 0x0080000340 (0x0d80b023)
3 0x0080000344 (0x0d90b423)
3 0x0080000348 (0x0db0bc23)
3 0x008000034c (0x0fc0b023)
3 0x0080000350 (0x0fd0b423)
3 0x0080000354 (0x0fe0b823) x1 0x000000000000000c
3 0x0080000358 (0x00003097) x1 0x00000000800032dc
3 0x008000035c (0xda808093)
3 0x0080000360 (0x0010a427)
3 0x0080000364 (0x0020a827)
3 0x0080000368 (0x0270ac27)
3 0x008000036c (0x0490a427)
3 0x0080000370 (0x04a0a827)
3 0x0080000374 (0x06c0a027)
3 0x0080000378 (0x06d0a427)
3 0x008000037c (0x0b50a427)
3 0x0080000380 (0x0b60a827)
3 0x0080000384 (0x0d90a427)
3 0x0080000388 (0x0da0a827)
3 0x008000038c (0x0fc0a027)
3 0x0080000390 (0x0fd0a427)
3 0x0080000394 (0x0fe0a827)
3 0x0080000398 (0x0ff0ac27) x1 0x00000000155f6dea
3 0x008000039c (0x00003097) x1 0x0000000000000000
3 0x00800003a0 (0xd6408093)
3 0x00800003a4 (0x0000b027)
3 0x00800003a8 (0x0030bc27)
3 0x00800003ac (0x0240b027)
3 0x00800003b0 (0x0250b427)
3 0x00800003b4 (0x0260b827)
3 0x00800003b8 (0x0480b027)
3 0x00800003bc (0x04b0bc27)
3 0x00800003c0 (0x06e0b827)
3 0x00800003c4 (0x06f0bc27)
3 0x00800003c8 (0x0900b027)
3 0x00800003cc (0x0910b427)
3 0x00800003d0 (0x0920b827)
3 0x00800003d4 (0x0930bc27)
3 0x00800003d8 (0x0b40b027)
3 0x00800003dc (0x0b70bc27)
3 0x00800003e0 (0x0d80b027)
3 0x00800003e4 (0x0db0bc27) x3 0x0000000000000020
3 0x00800003e8 (0x00100193) x30 0x00000000800013ec
3 0x00800003ec (0x00001f17)
3 0x00800003f0 (0xc03f2a23)
3 0x00800003f4 (0x0000006f)
3 0x00800003f4 (0x0000006f)
3 0x00800003f4 (0x0000006f)
3 0x00800003f4 (0x0000006f)
3 0x00800003f4 (0x0000006f)
3 0x00800003f4 (0x0000006f)
3 0x00800003f4 (0x0000006f)
3 0x00800003f4 (0x0000006f)
3 0x00800003f4 (0x0000006f)
3 0x00800003f4 (0x0000006f)
3 0x00800003f4 (0x0000006f)
3 0x00800003f4 (0x0000006f)
3 0x00800003f4 (0x0000006f)
3 0x00800003f4 (0x0000006f)
3 0x00800003f4 (0x0000006f)
3 0x00800003f4 (0x0000006f)
3 0x00800003f4 (0x0000006f)
3 0x00800003f4 (0x0000006f)
3 0x00800003f4 (0x0000006f)
3 0x00800003f4 (0x0000006f)
3 0x00800003f4 (0x0000006f)
3 0x00800003f4 (0x0000006f)
3 0x00800003f4 (0x0000006f)
3 0x00800003f4 (0x0000006f)
3 0x00800003f4 (0x0000006f)
3 0x00800003f4 (0x0000006f)
3 0x00800003f4 (0x0000006f)
3 0x00800003f4 (0x0000006f)
3 0x00800003f4 (0x0000006f)
3 0x00800003f4 (0x0000006f)
3 0x00800003f4 (0x0000006f)
3 0x00800003f4 (0x0000006f)
3 0x00800003f4 (0x0000006f)
3 0x00800003f4 (0x0000006f)
3 0x00800003f4 (0x0000006f)
3 0x00800003f4 (0x0000006f)
3 0x00800003f4 (0x0000006f)
3 0x00800003f4 (0x0000006f)
3 0x00800003f4 (0x0000006f)
3 0x00800003f4 (0x0000006f)
3 0x00800003f4 (0x0000006f)
3 0x00800003f4 (0x0000006f)
3 0x00800003f4 (0x0000006f)
3 0x00800003f4 (0x0000006f)
3 0x00800003f4 (0x0000006f)
3 0x00800003f4 (0x0000006f)
3 0x00800003f4 (0x0000006f)
3 0x00800003f4 (0x0000006f)
3 0x00800003f4 (0x0000006f)
3 0x00800003f4 (0x0000006f)
3 0x00800003f4 (0x0000006f)
3 0x00800003f4 (0x0000006f)
3 0x00800003f4 (0x0000006f)
3 0x00800003f4 (0x0000006f)
3 0x00800003f4 (0x0000006f)
3 0x00800003f4 (0x0000006f)
3 0x00800003f4 (0x0000006f)
3 0x00800003f4 (0x0000006f)
3 0x00800003f4 (0x0000006f)
3 0x00800003f4 (0x0000006f)
3 0x00800003f4 (0x0000006f)
3 0x00800003f4 (0x0000006f)
3 0x00800003f4 (0x0000006f)
3 0x00800003f4 (0x0000006f)
3 0x00800003f4 (0x0000006f)
3 0x00800003f4 (0x0000006f)
3 0x00800003f4 (0x0000006f)
3 0x00800003f4 (0x0000006f)
3 0x00800003f4 (0x0000006f)
3 0x00800003f4 (0x0000006f)
3 0x00800003f4 (0x0000006f)
3 0x00800003f4 (0x0000006f)
3 0x00800003f4 (0x0000006f)
3 0x00800003f4 (0x0000006f)
3 0x00800003f4 (0x0000006f)
3 0x00800003f4 (0x0000006f)
3 0x00800003f4 (0x0000006f)
3 0x00800003f4 (0x0000006f)
3 0x00800003f4 (0x0000006f)
3 0x00800003f4 (0x0000006f)
3 0x00800003f4 (0x0000006f)
3 0x00800003f4 (0x0000006f)
3 0x00800003f4 (0x0000006f)
3 0x00800003f4 (0x0000006f)
3 0x00800003f4 (0x0000006f)
3 0x00800003f4 (0x0000006f)
3 0x00800003f4 (0x0000006f)
3 0x00800003f4 (0x0000006f)
3 0x00800003f4 (0x0000006f)
3 0x00800003f4 (0x0000006f)
3 0x00800003f4 (0x0000006f)
3 0x00800003f4 (0x0000006f)
3 0x00800003f4 (0x0000006f)
3 0x00800003f4 (0x0000006f)
3 0x00800003f4 (0x0000006f)
3 0x00800003f4 (0x0000006f)
3 0x00800003f4 (0x0000006f)
3 0x00800003f4 (0x0000006f)
3 0x00800003f4 (0x0000006f)
3 0x00800003f4 (0x0000006f)
3 0x00800003f4 (0x0000006f)
3 0x00800003f4 (0x0000006f)
3 0x00800003f4 (0x0000006f)
3 0x00800003f4 (0x0000006f)
3 0x00800003f4 (0x0000006f)
3 0x00800003f4 (0x0000006f)
3 0x00800003f4 (0x0000006f)
3 0x00800003f4 (0x0000006f)
3 0x00800003f4 (0x0000006f)
3 0x00800003f4 (0x0000006f)
3 0x00800003f4 (0x0000006f)
3 0x00800003f4 (0x0000006f)
3 0x00800003f4 (0x0000006f)
3 0x00800003f4 (0x0000006f)
3 0x00800003f4 (0x0000006f)
3 0x00800003f4 (0x0000006f)
3 0x00800003f4 (0x0000006f)
3 0x00800003f4 (0x0000006f)
3 0x00800003f4 (0x0000006f)
3 0x00800003f4 (0x0000006f)
3 0x00800003f4 (0x0000006f)
3 0x00800003f4 (0x0000006f)
3 0x00800003f4 (0x0000006f)
3 0x00800003f4 (0x0000006f)
3 0x00800003f4 (0x0000006f)
3 0x00800003f4 (0x0000006f)
3 0x00800003f4 (0x0000006f)
3 0x00800003f4 (0x0000006f)
3 0x00800003f4 (0x0000006f)
3 0x00800003f4 (0x0000006f)
3 0x00800003f4 (0x0000006f)
3 0x00800003f4 (0x0000006f)
3 0x00800003f4 (0x0000006f)
3 0x00800003f4 (0x0000006f)
3 0x00800003f4 (0x0000006f)
3 0x00800003f4 (0x0000006f)
3 0x00800003f4 (0x0000006f)
3 0x00800003f4 (0x0000006f)
3 0x00800003f4 (0x0000006f)
3 0x00800003f4 (0x0000006f)
3 0x00800003f4 (0x0000006f)
3 0x00800003f4 (0x0000006f)
3 0x00800003f4 (0x0000006f)
3 0x00800003f4 (0x0000006f)
3 0x00800003f4 (0x0000006f)
3 0x00800003f4 (0x0000006f)
3 0x00800003f4 (0x0000006f)
