3 0x0000010040 (0x00000517) x10 0x5f5a0fbe176e072e
3 0x0000010044 (0xfc050513)
3 0x0000010048 (0x30551073)
3 0x000001004c (0x301022f3)
3 0x0000010050 (0x4122d293) x5 0x0000000000000001
3 0x0000010054 (0x0012f293)
3 0x0000010058 (0x00028463) f5 0x8eccba1d3f90557f
3 0x000001005c (0x30301073)
3 0x0000010060 (0x00800513)
3 0x0000010064 (0x30451073)
3 0x0000010068 (0x30052073) f17 0x4beef19772bbe3e5
3 0x000001006c (0x10500073)
3 0x0000010000 (0x020005b7) f21 0xb0d644614d7f2f9a
3 0x0000010004 (0xf1402573) f1 0xacb5ca59bfecf47f
3 0x0000010008 (0x00050463) x12 0xaf3b7a5e517c23a2
3 0x0000010010 (0x00458613) x13 0x0000000000000001
3 0x0000010014 (0x00100693)
3 0x0000010018 (0x00d62023) x12 0x0000000002000008
3 0x000001001c (0x00460613) x13 0x08573d10b8297670
3 0x0000010020 (0xffc62683)
3 0x0000010024 (0xfe069ae3)
3 0x0000010028 (0x06c0006f) x12 0x000000000200000c
3 0x0000010094 (0x0005a023) x10 0xe2c316c532683d64
3 0x0000010098 (0x00004537) x10 0xcd86309b93260a26
3 0x000001009c (0x00053503)
3 0x00000100a0 (0x34151073) x12 0x0000000002000010
3 0x00000100a4 (0xf1402573) x13 0xxxxxxxxxxxxxxxxx
3 0x00000100a8 (0x00000597) x11 0xff395afe6e4fa1dc
3 0x00000100ac (0x01858593) x12 0x0000000000000080
3 0x00000100b0 (0x08000613) x12 0x0000000002000014
3 0x00000100b4 (0x30063073) x13 0x39da8f73d5a7a0ab
3 0x00000100b8 (0x30200073)
3 0x0080000000 (0x00010f97) x31 0x0000000000010000
3 0x0080000004 (0x000f8f93) x1 0x0000000002000018
3 0x0080000008 (0x000fb083) x2 0xac6d5686956a0af6
3 0x008000000c (0x008fb103) x3 0x3a6ae212d0680c63
3 0x0080000010 (0x010fb183) x4 0xd1f56f003c93cb31
3 0x0080000014 (0x018fb203) x5 0x33a8835f3c3c79ce
3 0x0080000018 (0x020fb283) x6 0xa2e840c1584a4ef8
3 0x008000001c (0x028fb303) x7 0x33a88b509e53ce41
3 0x0080000020 (0x030fb383) x8 0xe1b0650e600421e0
3 0x0080000024 (0x038fb403) x9 0x0000000002000020
3 0x0080000028 (0x040fb483) x10 0x4beef19772bbe3e5
3 0x008000002c (0x048fb503) x11 0x61e775f8e5e34415
3 0x0080000030 (0x050fb583) x12 0x79737ecf837fbe92
3 0x0080000034 (0x058fb603) x13 0x50f05a9b73b7b3b5
3 0x0080000038 (0x060fb683) x14 0x720a93ccd3962d99
3 0x008000003c (0x068fb703) x15 0x2609cfaa5f55ac6f
3 0x0080000040 (0x070fb783) x16 0x84dd0e096e4f2ddc
3 0x0080000044 (0x078fb803) x17 0x0000000002000008
3 0x0080000048 (0x080fb883) x18 0xd881e47d25eedb63
3 0x008000004c (0x088fb903) x19 0xf45e2117bd4ce16e
3 0x0080000050 (0x090fb983) x20 0x0442a1d7d7c8a867
3 0x0080000054 (0x098fba03) x21 0x5ada2a70f925c4c4
3 0x0080000058 (0x0a0fba83) x22 0x9b536a0611ae9d85
3 0x008000005c (0x0a8fbb03) x23 0x2347261765c1ae7a
3 0x0080000060 (0x0b0fbb83) x24 0x0000000000010070
3 0x0080000064 (0x0b8fbc03) x25 0xc8bfe8d0976c2760
3 0x0080000068 (0x0c0fbc83) x26 0x00000000000100a8
3 0x008000006c (0x0c8fbd03) x27 0x5f50b0dbd0473744
3 0x0080000070 (0x0d0fbd83) x28 0x97c8481ab5be2344
3 0x0080000074 (0x0d8fbe03) x29 0xa9c41ee3f135a234
3 0x0080000078 (0x0e0fbe83) x30 0x4fa992e4fc8fc833
3 0x008000007c (0x0e8fbf03) x31 0x0000000080010000
3 0x0080000080 (0x0f0fbf83)
3 0x0080000084 (0x2f80006f) x1 0xc9c86dda62f1ca9a
3 0x008000037c (0x30005073) x2 0xac6d5686956a0af6
3 0x0080000380 (0xf1402573) x3 0x3a6ae212d0680c63
3 0x0080000384 (0x00051063)
3 0x0080000388 (0x00000297) x5 0x33a8835f3c3c79ce
3 0x008000038c (0x01828293) x6 0xa2e840c1584a4ef8
3 0x0080000390 (0x30529073) x7 0x33a88b509e53ce41
3 0x0080000394 (0x30205073) x8 0x2a7a987650ef3411
3 0x0080000398 (0x30305073) x9 0x5f1812d3d54da9ea
3 0x008000039c (0x30405073) x10 0xa9b4728dbb2b86f0
3 0x00800003a0 (0x00000297) x5 0x61e775f8e5e34415
3 0x00800003a4 (0x01028293) x12 0x79737ecf837fbe92
3 0x00800003a8 (0x30529073) x13 0x50f05a9b73b7b3b5
3 0x00800003ac (0x18005073) x14 0x720a93ccd3962d99
3 0x00800003b0 (0x00000297) x5 0x2609cfaa5f55ac6f
3 0x00800003b4 (0x02428293) x16 0x9f322753dd5ec8d8
3 0x00800003b8 (0x30529073) x17 0x979df836303cbf70
3 0x00800003bc (0x0010029b) x5 0x0020000000000000
3 0x00800003c0 (0x03529293) x5 0x001fffffffffffff
3 0x00800003c4 (0xfff28293) x20 0x0442a1d7d7c8a867
3 0x00800003c8 (0x3b029073) x21 0x5ada2a70f925c4c4
3 0x00800003cc (0x01f00293) x22 0x9b536a0611ae9d85
3 0x00800003d0 (0x3a029073) x23 0x2347261765c1ae7a
3 0x00800003d4 (0x00000297) x5 0xc624e7a617b1a776
3 0x00800003d8 (0xd6428293) x25 0xc8bfe8d0976c2760
3 0x00800003dc (0x30529073) x26 0x96720ebdb3958bc0
3 0x00800003e0 (0x00000193) x10 0x0000000000000001
3 0x00800003e4 (0x00100513) x10 0x0000000080000000
3 0x00800003e8 (0x01f51513)
3 0x00800003ec (0x00055c63) x5 0x0000000080000404
3 0x0080000404 (0x00000297) x5 0xa9031b860ecd3afe
3 0x0080000408 (0xd1028293)
3 0x008000040c (0x10529073)
3 0x0080000410 (0x0000b2b7) x5 0x000000000000b109
3 0x0080000414 (0x1092829b)
3 0x0080000418 (0x3022a073) x5 0x0000000080000388
3 0x008000041c (0x00006537) x5 0x00000000800003a0
3 0x0080000420 (0x30052073)
3 0x0080000424 (0x00305073)
3 0x0080000428 (0xc61ff0ef) x31 0x0000000000000000
3 0x0080000088 (0x00020f97) x31 0x0000000000000008
3 0x008000008c (0xf78f8f93) f0 0x00000000800003a0
3 0x0080000090 (0x000fa007) f1 0xffffffff8de4942a
3 0x0080000094 (0x008fa087) f2 0xffffffffd7835506
3 0x0080000098 (0x010fa107) f3 0x45865e1f52160c35
3 0x008000009c (0x018fb187) f4 0x84ba40eb9a0a6d08
3 0x00800000a0 (0x020fb207) f5 0xdc1e8e91ed1a831b
3 0x00800000a4 (0x028fb287) f6 0x6c3b60b0388cee33
3 0x00800000a8 (0x030fb307) f7 0x0000000000000001
3 0x00800000ac (0x038fa387) f8 0x0020000000000000
3 0x00800000b0 (0x040fb407) f9 0x001fffffffffffff
3 0x00800000b4 (0x048fb487) f10 0xffffffff849a6a64
3 0x00800000b8 (0x050fa507) f11 0x84b961cb3d6d0473
3 0x00800000bc (0x058fb587) f12 0x39f2269b956a7bc4
3 0x00800000c0 (0x060fb607) f13 0x161516178992cac0
3 0x00800000c4 (0x068fb687) f14 0xffffffff4eca7352
3 0x00800000c8 (0x070fa707) f15 0x00000000800003d4
3 0x00800000cc (0x078fb787) f16 0x0000000000000000
3 0x00800000d0 (0x080fb807) f17 0xffffffffebc3d267
3 0x00800000d4 (0x088fa887) f18 0xffffffff5fa8c8ec
3 0x00800000d8 (0x090fa907) f19 0xffffffff96a55ebd
3 0x00800000dc (0x098fa987) f20 0x1fd3d82035c7f026
3 0x00800000e0 (0x0a0fba07) f21 0xffffffff192a6326
3 0x00800000e4 (0x0a8faa87) f22 0xa8a5e65bfaba2126
3 0x00800000e8 (0x0b0fbb07) f23 0x000000000000b000
3 0x00800000ec (0x0b8fbb87) f24 0x000000000000b109
3 0x00800000f0 (0x0c0fbc07) f25 0x0000000000000000
3 0x00800000f4 (0x0c8fbc87) f26 0xf799f9cc6320098e
3 0x00800000f8 (0x0d0fbd07) f27 0xc9afedf771ccaa00
3 0x00800000fc (0x0d8fbd87) f28 0xc70d0e198eb31119
3 0x0080000100 (0x0e0fbe07) f29 0xffffffff414e9d3a
3 0x0080000104 (0x0e8fae87) f30 0xffffffff9509255f
3 0x0080000108 (0x0f0faf07) f31 0x0000000080020000
3 0x008000010c (0x0f8faf87)
3 0x0080000110 (0x00008067) f1 0xffffffff8de4942a
3 0x008000042c (0xb0201073) f2 0xffffffffd7835506
3 0x0080000430 (0xf1402573) f3 0x45865e1f52160c35
3 0x0080000434 (0x00a54533) x14 0x0000000000000001
3 0x0080000438 (0x00100713) x14 0x0000000000008000
3 0x008000043c (0x00f71713) x10 0x0000000000008000
3 0x0080000440 (0x00e50533) x12 0x0000000000000003
3 0x0080000444 (0x00300613) x12 0x0000000000000018
3 0x0080000448 (0x00361613) x10 0x0000000000008018
3 0x008000044c (0x00c50533) x13 0x0000000000000001
3 0x0080000450 (0x00100693) x13 0x0000000000002000
3 0x0080000454 (0x00d69693) x10 0x000000000000a018
3 0x0080000458 (0x00d50533) f13 0x161516178992cac0
3 0x008000045c (0x341516f3) f14 0xffffffff4eca7352
3 0x0080000460 (0x00e74733) x10 0x0000000000000001
3 0x0080000464 (0x00100513) x10 0x0000000000000040
3 0x0080000468 (0x00651513) x14 0x0000000000000040
3 0x008000046c (0x00a70733) x10 0x0000000000000003
3 0x0080000470 (0x00300513) x10 0x0000000000003000
3 0x0080000474 (0x00c51513) x14 0x0000000000003040
3 0x0080000478 (0x00a70733) f21 0xffffffff192a6326
3 0x008000047c (0x18072573) f22 0xa8a5e65bfaba2126
3 0x0080000480 (0x3b395773) f23 0x9180757ee1bf8eb1
3 0x0080000484 (0x00000297) x5 0x8216ceecfdf7df4b
3 0x0080000488 (0x03c28293) f25 0xb839b4aa5da16b32
3 0x008000048c (0x34129073) f26 0xf799f9cc6320098e
3 0x0080000490 (0x00000293) f27 0xc9afedf771ccaa00
0 0x0080000494 (0x30200073) f28 0xc70d0e198eb31119
0 0x00800004c0 (0x020a493b) f29 0xffffffff414e9d3a
0 0x00800004c4 (0x0000100f) f30 0xffffffff9509255f
0 0x00800004c8 (0x00040b17) x22 0xffffffff28803661
0 0x00800004cc (0xd08b0b13) x22 0x00000000800401e0
0 0x00800004d0 (0x010b0b13)
0 0x00800004d4 (0xc10b21af) x10 0x0000000000000000
0 0x00800004d8 (0x00214133) x22 0x0000000000000003
0 0x00800004dc (0x00300b13) x22 0x0000000003000000
0 0x00800004e0 (0x018b1b13) x2 0x0000000003000000
0 0x00800004e4 (0x01610133) x4 0x0000000000000001
0 0x00800004e8 (0x00100213) x4 0x0000000000000001
0 0x00800004ec (0x00021213) x2 0x0000000003000001
0 0x00800004f0 (0x00410133) x21 0x0000000000000001
0 0x00800004f4 (0x00100a93) x21 0x0000000001000000
0 0x00800004f8 (0x018a9a93) x2 0x0000000004000001
0 0x00800004fc (0x01510133) x10 0x000000000000a018
3 0x0080000138 (0x00002097) x1 0x0000000080000000
3 0x008000013c (0x0c808093) x14 0x0000000000000000
3 0x0080000140 (0x10002173) x10 0x0000000000000001
3 0x0080000144 (0x0420bc23) x10 0x0000000000000040
3 0x0080000148 (0x10402173) x14 0x0000000000000040
3 0x008000014c (0x0620b823) x10 0x0000000000000003
3 0x0080000150 (0x10502173) x10 0x0000000000003000
3 0x0080000154 (0x0620bc23) x14 0x0000000000003040
3 0x0080000158 (0x10602173) x10 0x0000000000000000
3 0x008000015c (0x0820b023) x14 0x0000000000e7d641
3 0x0080000160 (0x14002173) x5 0x0000000080000484
3 0x0080000164 (0x0820b423) x5 0x00000000800004c0
3 0x0080000168 (0x14102173)
3 0x008000016c (0x0820b823) x5 0x0000000000000000
3 0x0080000170 (0x14202173)
3 0x0080000174 (0x0820bc23) x18 0xffffffffffffffff
3 0x0080000178 (0x14302173)
3 0x008000017c (0x0a20b023) x22 0x00000000800404c8
3 0x0080000180 (0x14402173) x22 0x00000000800401d0
3 0x0080000184 (0xf7f17113)
3 0x0080000188 (0x0a20b423) x3 0xffffffffbf966acb
3 0x008000018c (0x18002173) x2 0x0000000000000000
3 0x0080000190 (0x0a20b823) x22 0x0000000000000003
3 0x0080000194 (0xf1402173) x22 0x0000000003000000
3 0x0080000198 (0x0a20bc23) x2 0x0000000003000000
3 0x008000019c (0x30002173) x4 0x0000000000000001
3 0x00800001a0 (0x0c20b023) x4 0x0000000000000001
3 0x00800001a4 (0x30202173) x2 0x0000000003000001
3 0x00800001a8 (0x0c20b423) x21 0x0000000000000001
3 0x00800001ac (0x30302173) x21 0x0000000001000000
3 0x00800001b0 (0x0c20b823) x2 0x0000000004000001
3 0x00800001b4 (0x30402173) x1 0x0000000080002138
3 0x00800001b8 (0x0c20bc23) x1 0x0000000080002200
3 0x00800001bc (0x30502173) x2 0x8000000200006000
3 0x00800001c0 (0x0e20b023)
3 0x00800001c4 (0x30602173) x2 0x0000000000000000
3 0x00800001c8 (0x0e20b423)
3 0x00800001cc (0x34002173) x2 0x0000000080000114
3 0x00800001d0 (0x0e20b823)
3 0x00800001d4 (0x34102173) x2 0x0000000000000019
3 0x00800001d8 (0x0e20bc23)
3 0x00800001dc (0x34202173) x2 0x06c76221bf443b28
3 0x00800001e0 (0x1020b023)
3 0x00800001e4 (0x34302173) x2 0x0000006537504a2c
3 0x00800001e8 (0x1020b423)
3 0x00800001ec (0x34402173) x2 0x56eaa19167b8a2b1
3 0x00800001f0 (0xf7f17113)
3 0x00800001f4 (0x1020b823) x2 0xffffffd8c65ebb0d
3 0x00800001f8 (0x3a002173)
3 0x00800001fc (0x1020bc23) x2 0x0000000000000000
3 0x0080000200 (0x3b002173) x2 0x0000000000000000
3 0x0080000204 (0x1220bc23)
3 0x0080000208 (0x3b102173) x2 0x0000000000003040
3 0x008000020c (0x1420b023)
3 0x0080000210 (0x3b202173) x2 0x0000000000000000
3 0x0080000214 (0x1420b423)
3 0x0080000218 (0x3b302173) x2 0x8000000a00006000
3 0x008000021c (0x1420b823)
3 0x0080000220 (0x3b402173) x2 0x000000000000b109
3 0x0080000224 (0x1420bc23)
3 0x0080000228 (0x3b502173) x2 0x0000000000000000
3 0x008000022c (0x1620b023)
3 0x0080000230 (0x3b602173) x2 0x0000000000000000
3 0x0080000234 (0x1620b423)
3 0x0080000238 (0x3b702173) x2 0x0000000080000138
3 0x008000023c (0x1620b823) x10 0x8000000200006000
3 0x0080000240 (0x00006537) x2 0x000000000000000c
3 0x0080000244 (0x30052073)
3 0x0080000248 (0x00102173) x2 0xd1b9aea30d735f1a
3 0x008000024c (0x0420b023)
3 0x0080000250 (0x00202173) x2 0x0000000080000500
3 0x0080000254 (0x0420b423)
3 0x0080000258 (0x00302173) x2 0x0000000000000002
3 0x008000025c (0x0420b823) x1 0x06c76221bf443b28
3 0x0080000260 (0x00002097) x1 0x0000000000000000
3 0x0080000264 (0xda008093)
3 0x0080000268 (0x0000b023)
3 0x008000026c (0x0020b823)
3 0x0080000270 (0x0030bc23)
3 0x0080000274 (0x0240b023)
3 0x0080000278 (0x0250b423)
3 0x008000027c (0x0260b823)
3 0x0080000280 (0x0270bc23)
3 0x0080000284 (0x0480b023)
3 0x0080000288 (0x0490b423)
3 0x008000028c (0x04a0b823)
3 0x0080000290 (0x04b0bc23)
3 0x0080000294 (0x06c0b023)
3 0x0080000298 (0x06d0b423)
3 0x008000029c (0x06e0b823)
3 0x00800002a0 (0x06f0bc23)
3 0x00800002a4 (0x0900b023)
3 0x00800002a8 (0x0910b423)
3 0x00800002ac (0x0920b823)
3 0x00800002b0 (0x0930bc23)
3 0x00800002b4 (0x0b40b023)
3 0x00800002b8 (0x0b50b423)
3 0x00800002bc (0x0b60b823) x10 0x0000000000006000
3 0x00800002c0 (0x0b70bc23)
3 0x00800002c4 (0x0d80b023)
3 0x00800002c8 (0x0d90b423)
3 0x00800002cc (0x0db0bc23)
3 0x00800002d0 (0x0fc0b023)
3 0x00800002d4 (0x0fd0b423)
3 0x00800002d8 (0x0fe0b823) x1 0x0000000000000002
3 0x00800002dc (0x00002097) x1 0x0000000080002260
3 0x00800002e0 (0xe2408093)
3 0x00800002e4 (0x0010a427)
3 0x00800002e8 (0x0020a827)
3 0x00800002ec (0x0270ac27)
3 0x00800002f0 (0x0490a427)
3 0x00800002f4 (0x04a0a827)
3 0x00800002f8 (0x06c0a027)
3 0x00800002fc (0x06d0a427)
3 0x0080000300 (0x0b50a427)
3 0x0080000304 (0x0b60a827)
3 0x0080000308 (0x0d90a427)
3 0x008000030c (0x0da0a827)
3 0x0080000310 (0x0fc0a027)
3 0x0080000314 (0x0fd0a427)
3 0x0080000318 (0x0fe0a827)
3 0x008000031c (0x0ff0ac27) x1 0x00000000155e6dea
3 0x0080000320 (0x00002097) x1 0x000000000000b109
3 0x0080000324 (0xde008093)
3 0x0080000328 (0x0000b027)
3 0x008000032c (0x0030bc27)
3 0x0080000330 (0x0240b027)
3 0x0080000334 (0x0250b427)
3 0x0080000338 (0x0260b827)
3 0x008000033c (0x0480b027)
3 0x0080000340 (0x04b0bc27)
3 0x0080000344 (0x06e0b827)
3 0x0080000348 (0x06f0bc27)
3 0x008000034c (0x0900b027)
3 0x0080000350 (0x0910b427)
3 0x0080000354 (0x0920b827)
3 0x0080000358 (0x0930bc27)
3 0x008000035c (0x0b40b027)
3 0x0080000360 (0x0b70bc27)
3 0x0080000364 (0x0d80b027)
3 0x0080000368 (0x0db0bc27) x3 0x0000000000000020
3 0x008000036c (0x00100193) x30 0x0000000080001370
3 0x0080000370 (0x00001f17)
3 0x0080000374 (0xc83f2823)
3 0x0080000378 (0x0000006f)
3 0x0080000378 (0x0000006f)
3 0x0080000378 (0x0000006f)
3 0x0080000378 (0x0000006f)
3 0x0080000378 (0x0000006f)
3 0x0080000378 (0x0000006f)
3 0x0080000378 (0x0000006f)
3 0x0080000378 (0x0000006f)
3 0x0080000378 (0x0000006f)
3 0x0080000378 (0x0000006f)
3 0x0080000378 (0x0000006f)
3 0x0080000378 (0x0000006f)
3 0x0080000378 (0x0000006f)
3 0x0080000378 (0x0000006f)
3 0x0080000378 (0x0000006f)
3 0x0080000378 (0x0000006f)
3 0x0080000378 (0x0000006f)
3 0x0080000378 (0x0000006f)
3 0x0080000378 (0x0000006f)
3 0x0080000378 (0x0000006f)
3 0x0080000378 (0x0000006f)
3 0x0080000378 (0x0000006f)
3 0x0080000378 (0x0000006f)
3 0x0080000378 (0x0000006f)
3 0x0080000378 (0x0000006f)
3 0x0080000378 (0x0000006f)
3 0x0080000378 (0x0000006f)
3 0x0080000378 (0x0000006f)
3 0x0080000378 (0x0000006f)
3 0x0080000378 (0x0000006f)
3 0x0080000378 (0x0000006f)
3 0x0080000378 (0x0000006f)
3 0x0080000378 (0x0000006f)
3 0x0080000378 (0x0000006f)
3 0x0080000378 (0x0000006f)
3 0x0080000378 (0x0000006f)
3 0x0080000378 (0x0000006f)
3 0x0080000378 (0x0000006f)
3 0x0080000378 (0x0000006f)
3 0x0080000378 (0x0000006f)
3 0x0080000378 (0x0000006f)
3 0x0080000378 (0x0000006f)
3 0x0080000378 (0x0000006f)
3 0x0080000378 (0x0000006f)
3 0x0080000378 (0x0000006f)
3 0x0080000378 (0x0000006f)
3 0x0080000378 (0x0000006f)
3 0x0080000378 (0x0000006f)
3 0x0080000378 (0x0000006f)
3 0x0080000378 (0x0000006f)
3 0x0080000378 (0x0000006f)
3 0x0080000378 (0x0000006f)
3 0x0080000378 (0x0000006f)
3 0x0080000378 (0x0000006f)
3 0x0080000378 (0x0000006f)
3 0x0080000378 (0x0000006f)
3 0x0080000378 (0x0000006f)
3 0x0080000378 (0x0000006f)
3 0x0080000378 (0x0000006f)
3 0x0080000378 (0x0000006f)
3 0x0080000378 (0x0000006f)
3 0x0080000378 (0x0000006f)
3 0x0080000378 (0x0000006f)
3 0x0080000378 (0x0000006f)
3 0x0080000378 (0x0000006f)
3 0x0080000378 (0x0000006f)
3 0x0080000378 (0x0000006f)
3 0x0080000378 (0x0000006f)
3 0x0080000378 (0x0000006f)
3 0x0080000378 (0x0000006f)
3 0x0080000378 (0x0000006f)
3 0x0080000378 (0x0000006f)
3 0x0080000378 (0x0000006f)
3 0x0080000378 (0x0000006f)
3 0x0080000378 (0x0000006f)
3 0x0080000378 (0x0000006f)
3 0x0080000378 (0x0000006f)
3 0x0080000378 (0x0000006f)
3 0x0080000378 (0x0000006f)
3 0x0080000378 (0x0000006f)
3 0x0080000378 (0x0000006f)
3 0x0080000378 (0x0000006f)
3 0x0080000378 (0x0000006f)
3 0x0080000378 (0x0000006f)
3 0x0080000378 (0x0000006f)
3 0x0080000378 (0x0000006f)
3 0x0080000378 (0x0000006f)
3 0x0080000378 (0x0000006f)
3 0x0080000378 (0x0000006f)
3 0x0080000378 (0x0000006f)
3 0x0080000378 (0x0000006f)
3 0x0080000378 (0x0000006f)
3 0x0080000378 (0x0000006f)
3 0x0080000378 (0x0000006f)
3 0x0080000378 (0x0000006f)
3 0x0080000378 (0x0000006f)
3 0x0080000378 (0x0000006f)
3 0x0080000378 (0x0000006f)
3 0x0080000378 (0x0000006f)
3 0x0080000378 (0x0000006f)
3 0x0080000378 (0x0000006f)
3 0x0080000378 (0x0000006f)
3 0x0080000378 (0x0000006f)
3 0x0080000378 (0x0000006f)
3 0x0080000378 (0x0000006f)
3 0x0080000378 (0x0000006f)
3 0x0080000378 (0x0000006f)
3 0x0080000378 (0x0000006f)
3 0x0080000378 (0x0000006f)
3 0x0080000378 (0x0000006f)
3 0x0080000378 (0x0000006f)
3 0x0080000378 (0x0000006f)
3 0x0080000378 (0x0000006f)
3 0x0080000378 (0x0000006f)
3 0x0080000378 (0x0000006f)
3 0x0080000378 (0x0000006f)
3 0x0080000378 (0x0000006f)
3 0x0080000378 (0x0000006f)
3 0x0080000378 (0x0000006f)
3 0x0080000378 (0x0000006f)
3 0x0080000378 (0x0000006f)
3 0x0080000378 (0x0000006f)
3 0x0080000378 (0x0000006f)
3 0x0080000378 (0x0000006f)
3 0x0080000378 (0x0000006f)
3 0x0080000378 (0x0000006f)
3 0x0080000378 (0x0000006f)
3 0x0080000378 (0x0000006f)
3 0x0080000378 (0x0000006f)
3 0x0080000378 (0x0000006f)
3 0x0080000378 (0x0000006f)
3 0x0080000378 (0x0000006f)
3 0x0080000378 (0x0000006f)
3 0x0080000378 (0x0000006f)
3 0x0080000378 (0x0000006f)
3 0x0080000378 (0x0000006f)
3 0x0080000378 (0x0000006f)
3 0x0080000378 (0x0000006f)
3 0x0080000378 (0x0000006f)
3 0x0080000378 (0x0000006f)
3 0x0080000378 (0x0000006f)
3 0x0080000378 (0x0000006f)
3 0x0080000378 (0x0000006f)
3 0x0080000378 (0x0000006f)
3 0x0080000378 (0x0000006f)
3 0x0080000378 (0x0000006f)
3 0x0080000378 (0x0000006f)
3 0x0080000378 (0x0000006f)
3 0x0080000378 (0x0000006f)
3 0x0080000378 (0x0000006f)
3 0x0080000378 (0x0000006f)
3 0x0080000378 (0x0000006f)
3 0x0080000378 (0x0000006f)
3 0x0080000378 (0x0000006f)
3 0x0080000378 (0x0000006f)
3 0x0080000378 (0x0000006f)
3 0x0080000378 (0x0000006f)
3 0x0080000378 (0x0000006f)
3 0x0080000378 (0x0000006f)
3 0x0080000378 (0x0000006f)
3 0x0080000378 (0x0000006f)
3 0x0080000378 (0x0000006f)
3 0x0080000378 (0x0000006f)
3 0x0080000378 (0x0000006f)
3 0x0080000378 (0x0000006f)
3 0x0080000378 (0x0000006f)
3 0x0080000378 (0x0000006f)
3 0x0080000378 (0x0000006f)
3 0x0080000378 (0x0000006f)
3 0x0080000378 (0x0000006f)
3 0x0080000378 (0x0000006f)
3 0x0080000378 (0x0000006f)
3 0x0080000378 (0x0000006f)
3 0x0080000378 (0x0000006f)
3 0x0080000378 (0x0000006f)
3 0x0080000378 (0x0000006f)
3 0x0080000378 (0x0000006f)
3 0x0080000378 (0x0000006f)
3 0x0080000378 (0x0000006f)
3 0x0080000378 (0x0000006f)
3 0x0080000378 (0x0000006f)
3 0x0080000378 (0x0000006f)
3 0x0080000378 (0x0000006f)
3 0x0080000378 (0x0000006f)
3 0x0080000378 (0x0000006f)
3 0x0080000378 (0x0000006f)
3 0x0080000378 (0x0000006f)
3 0x0080000378 (0x0000006f)
3 0x0080000378 (0x0000006f)
3 0x0080000378 (0x0000006f)
3 0x0080000378 (0x0000006f)
3 0x0080000378 (0x0000006f)
3 0x0080000378 (0x0000006f)
3 0x0080000378 (0x0000006f)
3 0x0080000378 (0x0000006f)
3 0x0080000378 (0x0000006f)
3 0x0080000378 (0x0000006f)
3 0x0080000378 (0x0000006f)
3 0x0080000378 (0x0000006f)
