3 0x0000010040 (0x00000517) x10 0x5f5a0fbe176e072e
3 0x0000010044 (0xfc050513)
3 0x0000010048 (0x30551073)
3 0x000001004c (0x301022f3)
3 0x0000010050 (0x4122d293) x5 0x0000000000000001
3 0x0000010054 (0x0012f293)
3 0x0000010058 (0x00028463) f5 0x8eccba1d3f90557f
3 0x000001005c (0x30301073)
3 0x0000010060 (0x00800513)
3 0x0000010064 (0x30451073)
3 0x0000010068 (0x30052073) f17 0x4beef19772bbe3e5
3 0x000001006c (0x10500073)
3 0x0000010000 (0x020005b7) f21 0xb0d644614d7f2f9a
3 0x0000010004 (0xf1402573) f1 0xacb5ca59bfecf47f
3 0x0000010008 (0x00050463) x12 0xaf3b7a5e517c23a2
3 0x0000010010 (0x00458613) x13 0x0000000000000001
3 0x0000010014 (0x00100693)
3 0x0000010018 (0x00d62023) x12 0x0000000002000008
3 0x000001001c (0x00460613) x13 0x08573d10b8297670
3 0x0000010020 (0xffc62683)
3 0x0000010024 (0xfe069ae3)
3 0x0000010028 (0x06c0006f) x12 0x000000000200000c
3 0x0000010094 (0x0005a023) x10 0xe2c316c532683d64
3 0x0000010098 (0x00004537) x10 0xcd86309b93260a26
3 0x000001009c (0x00053503)
3 0x00000100a0 (0x34151073) x12 0x0000000002000010
3 0x00000100a4 (0xf1402573) x13 0xxxxxxxxxxxxxxxxx
3 0x00000100a8 (0x00000597) x11 0xff395afe6e4fa1dc
3 0x00000100ac (0x01858593) x12 0x0000000000000080
3 0x00000100b0 (0x08000613) x12 0x0000000002000014
3 0x00000100b4 (0x30063073) x13 0x39da8f73d5a7a0ab
3 0x00000100b8 (0x30200073)
3 0x0080000000 (0x00010f97) x31 0x0000000000010000
3 0x0080000004 (0x000f8f93) x1 0x0000000002000018
3 0x0080000008 (0x000fb083) x2 0xc0566dcfee61cb52
3 0x008000000c (0x008fb103) x3 0x6297dc9c37e2f7e9
3 0x0080000010 (0x010fb183) x4 0x5ce93b421569db49
3 0x0080000014 (0x018fb203) x5 0xbf04752910e2917d
3 0x0080000018 (0x020fb283) x6 0x1e60cbe9362b1aac
3 0x008000001c (0x028fb303) x7 0x8211d5c3378899b3
3 0x0080000020 (0x030fb383) x8 0xe1b0650e600421e0
3 0x0080000024 (0x038fb403) x9 0x0000000002000020
3 0x0080000028 (0x040fb483) x10 0x4beef19772bbe3e5
3 0x008000002c (0x048fb503) x11 0x4ef70ec8b13f0e31
3 0x0080000030 (0x050fb583) x12 0x5dff7bf55cbcb439
3 0x0080000034 (0x058fb603) x13 0x6f5bab835cfd5f00
3 0x0080000038 (0x060fb683) x14 0x72efcf73684864ac
3 0x008000003c (0x068fb703) x15 0x5bac80dc38254d17
3 0x0080000040 (0x070fb783) x16 0x84dd0e096e4f2ddc
3 0x0080000044 (0x078fb803) x17 0x0000000002000008
3 0x0080000048 (0x080fb883) x18 0xd8cfe8061fb691f8
3 0x008000004c (0x088fb903) x19 0xa5a631479f2435cb
3 0x0080000050 (0x090fb983) x20 0xb926b75e842c42f5
3 0x0080000054 (0x098fba03) x21 0xed25d9b98a6c84c5
3 0x0080000058 (0x0a0fba83) x22 0x85362975621348fa
3 0x008000005c (0x0a8fbb03) x23 0x8c0d46a71dd9e507
3 0x0080000060 (0x0b0fbb83) x24 0x0000000000010070
3 0x0080000064 (0x0b8fbc03) x25 0x9e290c8159354576
3 0x0080000068 (0x0c0fbc83) x26 0x00000000000100a8
3 0x008000006c (0x0c8fbd03) x27 0x6257855d64f2570c
3 0x0080000070 (0x0d0fbd83) x28 0x65002e33de90ee2e
3 0x0080000074 (0x0d8fbe03) x29 0xdd347181f7f1587b
3 0x0080000078 (0x0e0fbe83) x30 0x14b8c3c3c1b15fc7
3 0x008000007c (0x0e8fbf03) x31 0x0000000080010000
3 0x0080000080 (0x0f0fbf83)
3 0x0080000084 (0x2f80006f) x1 0x6f0c56138f78260d
3 0x008000037c (0x30005073) x2 0xc0566dcfee61cb52
3 0x0080000380 (0xf1402573) x3 0x6297dc9c37e2f7e9
3 0x0080000384 (0x00051063)
3 0x0080000388 (0x00000297) x5 0xbf04752910e2917d
3 0x008000038c (0x01828293) x6 0x1e60cbe9362b1aac
3 0x0080000390 (0x30529073) x7 0x8211d5c3378899b3
3 0x0080000394 (0x30205073) x8 0xaeab0bec44c5e0a8
3 0x0080000398 (0x30305073) x9 0x337dfbc5096ac82d
3 0x008000039c (0x30405073) x10 0xd2d4788a6ccba44a
3 0x00800003a0 (0x00000297) x5 0x4ef70ec8b13f0e31
3 0x00800003a4 (0x01028293) x12 0x5dff7bf55cbcb439
3 0x00800003a8 (0x30529073) x13 0x6f5bab835cfd5f00
3 0x00800003ac (0x18005073) x14 0x72efcf73684864ac
3 0x00800003b0 (0x00000297) x5 0x5bac80dc38254d17
3 0x00800003b4 (0x02428293) x16 0xcf14de79895c0776
3 0x00800003b8 (0x30529073) x17 0xfea70f71255307f9
3 0x00800003bc (0x0010029b) x5 0x0020000000000000
3 0x00800003c0 (0x03529293) x5 0x001fffffffffffff
3 0x00800003c4 (0xfff28293) x20 0xb926b75e842c42f5
3 0x00800003c8 (0x3b029073) x21 0xed25d9b98a6c84c5
3 0x00800003cc (0x01f00293) x22 0x85362975621348fa
3 0x00800003d0 (0x3a029073) x23 0x8c0d46a71dd9e507
3 0x00800003d4 (0x00000297) x5 0xdd3d2026be47673d
3 0x00800003d8 (0xd6428293) x25 0x9e290c8159354576
3 0x00800003dc (0x30529073) x26 0x25e30285450275c3
3 0x00800003e0 (0x00000193) x10 0x0000000000000001
3 0x00800003e4 (0x00100513) x10 0x0000000080000000
3 0x00800003e8 (0x01f51513)
3 0x00800003ec (0x00055c63) x5 0x0000000080000404
3 0x0080000404 (0x00000297) x5 0x1334ed5be634c2bf
3 0x0080000408 (0xd1028293)
3 0x008000040c (0x10529073)
3 0x0080000410 (0x0000b2b7) x5 0x000000000000b109
3 0x0080000414 (0x1092829b)
3 0x0080000418 (0x3022a073) x5 0x0000000080000388
3 0x008000041c (0x00007537) x10 0x0000000000006800
3 0x0080000420 (0x8005051b)
3 0x0080000424 (0x30052073)
3 0x0080000428 (0x00305073)
3 0x008000042c (0xc5dff0ef) x31 0x0000000000000008
3 0x0080000088 (0x00020f97) x31 0x00000000800003a0
3 0x008000008c (0xf78f8f93) f0 0x00000000800003b0
3 0x0080000090 (0x000fa007) f1 0xffffffff87caa80d
3 0x0080000094 (0x008fa087) f2 0xfffffffff6bf39da
3 0x0080000098 (0x010fa107) f3 0x2d163aeb1f1b254c
3 0x008000009c (0x018fb187) f4 0x85103b8e136ca155
3 0x00800000a0 (0x020fb207) f5 0x64b417fcd9a1c203
3 0x00800000a4 (0x028fb287) f6 0xffa0dfeb60b0efdd
3 0x00800000a8 (0x030fb307) f7 0x0020000000000000
3 0x00800000ac (0x038fa387) f8 0x001fffffffffffff
3 0x00800000b0 (0x040fb407) f9 0x0000000028acc8ab
3 0x00800000b4 (0x048fb487) f10 0xffffffff03921c36
3 0x00800000b8 (0x050fa507) f11 0x83819ba7582084ce
3 0x00800000bc (0x058fb587) f12 0x9f455b9deadd80cb
3 0x00800000c0 (0x060fb607) f13 0x8c48ed7ebd45c034
3 0x00800000c4 (0x068fb687) f14 0xfffffffffa5d4570
3 0x00800000c8 (0x070fa707) f15 0x0000000000000000
3 0x00800000cc (0x078fb787) f16 0x0000000000000001
3 0x00800000d0 (0x080fb807) f17 0xffffffff5fc1f9ed
3 0x00800000d4 (0x088fa887) f18 0xffffffff6d2cc899
3 0x00800000d8 (0x090fa907) f19 0xffffffff521b228f
3 0x00800000dc (0x098fa987) f20 0x469ca244521c5343
3 0x00800000e0 (0x0a0fba07) f21 0xffffffffa7973dae
3 0x00800000e4 (0x0a8faa87) f22 0xb6b8b016372c38ff
3 0x00800000e8 (0x0b0fbb07) f23 0x000000000000b109
3 0x00800000ec (0x0b8fbb87) f24 0x0000000000000000
3 0x00800000f0 (0x0c0fbc07) f25 0x0000000000007000
3 0x00800000f4 (0x0c8fbc87) f26 0xee1c28e89a0b8dfd
3 0x00800000f8 (0x0d0fbd07) f27 0xe9d89c14f32138da
3 0x00800000fc (0x0d8fbd87) f28 0xf752cfc2bb22236b
3 0x0080000100 (0x0e0fbe07) f29 0xffffffff9f98342f
3 0x0080000104 (0x0e8fae87) f30 0xffffffffbee6f977
3 0x0080000108 (0x0f0faf07) f31 0x0000000080020000
3 0x008000010c (0x0f8faf87)
3 0x0080000110 (0x00008067) f1 0xffffffff87caa80d
3 0x0080000430 (0xb0201073) f2 0xfffffffff6bf39da
3 0x0080000434 (0xf1402573) f3 0x2d163aeb1f1b254c
3 0x0080000438 (0x00e74733) f4 0x85103b8e136ca155
3 0x008000043c (0x144716f3) f5 0x64b417fcd9a1c203
3 0x0080000440 (0x00d6c6b3) x10 0x0000000000000003
3 0x0080000444 (0x00300513) x10 0x0000000000000006
3 0x0080000448 (0x00151513) x13 0x0000000000000006
3 0x008000044c (0x00a686b3) x11 0x0000000000000003
3 0x0080000450 (0x00300593) x11 0x0000000000000300
3 0x0080000454 (0x00859593) x13 0x0000000000000306
3 0x0080000458 (0x00b686b3) f12 0x9f455b9deadd80cb
3 0x008000045c (0x3406a773) f13 0x8c48ed7ebd45c034
3 0x0080000460 (0x00c64633) x11 0x0000000000000003
3 0x0080000464 (0x00300593) x11 0x0000000000000180
3 0x0080000468 (0x00759593) x12 0x0000000000000180
3 0x008000046c (0x00b60633) x14 0x0000000000000001
3 0x0080000470 (0x00100713) x14 0x0000000020000000
3 0x0080000474 (0x01d71713) x12 0x0000000020000180
3 0x0080000478 (0x00e60633) x13 0x0000000000000003
3 0x008000047c (0x00300693) x13 0x0000000060000000
3 0x0080000480 (0x01d69693) x12 0x0000000080000180
3 0x0080000484 (0x00d60633) f23 0x8efc184ddf872386
3 0x0080000488 (0x10463573) f24 0xc4b804dd9bfb96fd
3 0x008000048c (0x00000297) x5 0x8cb6c03b0ec6a3d1
3 0x0080000490 (0x03428293) f26 0xee1c28e89a0b8dfd
3 0x0080000494 (0x34129073) f27 0xe9d89c14f32138da
3 0x0080000498 (0x00000293) f28 0xf752cfc2bb22236b
1 0x008000049c (0x30200073) f29 0xffffffff9f98342f
1 0x00800004c0 (0x00020317) x6 0xffffffffbee6f977
1 0x00800004c4 (0xbe030313)
1 0x00800004c8 (0x01a32027) x1 0x0000000000000000
1 0x00800004cc (0x0141d0bb) x15 0x00000000800104d0
1 0x00800004d0 (0x00010797) x15 0x00000000800100d0
1 0x00800004d4 (0xc0078793) x20 0x00000000000000b1
1 0x00800004d8 (0x01a7ca03) f18 0xffffffff7fc00000
1 0x00800004dc (0xd0d6a94b) x14 0x00000000800204e0
1 0x00800004e0 (0x00020717) x14 0x0000000080020120
1 0x00800004e4 (0xc4070713) f25 0x0000000000000006
1 0x00800004e8 (0x01472c87) x3 0x00000000800104ec
1 0x00800004ec (0x00010197) x3 0x0000000080010090
1 0x00800004f0 (0xba418193) x3 0x00000000800100a8
1 0x00800004f4 (0x01818193) x13 0x0000000000000306
1 0x00800004f8 (0x00a1a52f) x14 0xd1b9aea30d735f1a
1 0x00800004fc (0xf00a0153) x12 0x0000000000000000
1 0x0080000500 (0x143addf3) x11 0x0000000000000003
1 0x0080000504 (0xc0323553) f5 0xffffffff7fc00000
1 0x0080000508 (0xe00282c3) x29 0xffffffffcf400000
1 0x008000050c (0x019c1ebb) x14 0x0000000000000001
1 0x0080000510 (0x141071f3) x14 0x0000000020000000
1 0x0080000514 (0x00010497) x12 0x0000000020000180
1 0x0080000518 (0xbbc48493) x26 0xffffffffdd347181
1 0x008000051c (0x0144ad03) x27 0x0000000080030520
1 0x0080000520 (0x00030d97) x27 0x0000000080000180
1 0x0080000524 (0xbb0d8d93) x27 0x00000000800300e8
1 0x0080000528 (0x018d8d93) x5 0x000000008000048c
1 0x008000052c (0x81cda42f) x5 0x00000000800004c0
1 0x0080000530 (0x00000e17) x28 0x0000000080000000
1 0x0080000534 (0x010e0e13) x26 0x0000000000000000
1 0x0080000538 (0xfede4d03) x30 0xfffffffff49307f9
1 0x008000053c (0x031eef3b) x26 0x00000000800204c0
1 0x0080000540 (0x02d44d33) f6 0xffffffffdf09d461
1 0x0080000544 (0x202c9353) x24 0x0000000080000548
1 0x0080000548 (0x00000c17) x24 0x00000000800006c8
1 0x008000054c (0x180c0c13) x15 0x00000000800104d0
1 0x0080000550 (0x141c1073) x15 0x00000000800100d0
0 0x0080000554 (0x10200073) x20 0x00000000000000b1
0 0x00800006c8 (0x00060f17) x30 0xffffffff7fc00000
0 0x00800006cc (0x9b8f0f13)
0 0x00800006d0 (0x00ff2c27)
0 0x00800006d4 (0x0186f663) f8 0xffffffff5f09d461
0 0x00800006d8 (0x21a68453) x18 0x00000000000003b9
0 0x00800006dc (0x0101593b) x3 0x0000000080010090
3 0x0080000138 (0x00002097) x1 0x00000000800100a8
3 0x008000013c (0x0c808093) x10 0x00000000621348fa
3 0x0080000140 (0x10002173) f2 0xffffffff000000b1
3 0x0080000144 (0x0420bc23) x27 0xffffffd8c65ebb0d
3 0x0080000148 (0x10402173) x10 0xffffffffffffffff
3 0x008000014c (0x0620b823) f5 0xffffffff7fc00000
3 0x0080000150 (0x10502173) x29 0xffffffffcf400000
3 0x0080000154 (0x0620bc23) x3 0x0000006537504a2c
3 0x0080000158 (0x10602173) x9 0x0000000080010514
3 0x008000015c (0x0820b023) x9 0x00000000800100d0
3 0x0080000160 (0x14002173) x26 0xffffffffdd347181
3 0x0080000164 (0x0820b423) x27 0x0000000080030520
3 0x0080000168 (0x14102173) x27 0x00000000800300d0
3 0x008000016c (0x0820b823) x27 0x00000000800300e8
3 0x0080000170 (0x14202173) x8 0xffffffffe61e2b76
3 0x0080000174 (0x0820bc23) x28 0x0000000080000530
3 0x0080000178 (0x14302173) x28 0x0000000080000540
3 0x008000017c (0x0a20b023) x26 0x00000000000000a4
3 0x0080000180 (0x14402173) x30 0xfffffffff49307f9
3 0x0080000184 (0xf7f17113)
3 0x0080000188 (0x0a20b423) f6 0xffffffffdf09d461
3 0x008000018c (0x18002173) x24 0x0000000080000548
3 0x0080000190 (0x0a20b823) x24 0x00000000800006c8
3 0x0080000194 (0xf1402173)
3 0x0080000198 (0x0a20bc23)
3 0x008000019c (0x30002173) x30 0x00000000800606c8
3 0x00800001a0 (0x0c20b023) x30 0x0000000080060080
3 0x00800001a4 (0x30202173)
3 0x00800001a8 (0x0c20b423)
3 0x00800001ac (0x30302173) f8 0xffffffff7fc00000
3 0x00800001b0 (0x0c20b823) x18 0x00000000000003b9
3 0x00800001b4 (0x30402173) x1 0x0000000080002138
3 0x00800001b8 (0x0c20bc23) x1 0x0000000080002200
3 0x00800001bc (0x30502173) x2 0x8000000200006020
3 0x00800001c0 (0x0e20b023)
3 0x00800001c4 (0x30602173) x2 0x0000000000000000
3 0x00800001c8 (0x0e20b423)
3 0x00800001cc (0x34002173) x2 0x0000000080000114
3 0x00800001d0 (0x0e20b823)
3 0x00800001d4 (0x34102173) x2 0x0000000000000019
3 0x00800001d8 (0x0e20bc23)
3 0x00800001dc (0x34202173) x2 0x06c76221bf443b28
3 0x00800001e0 (0x1020b023)
3 0x00800001e4 (0x34302173) x2 0x00000000800006c8
3 0x00800001e8 (0x1020b423)
3 0x00800001ec (0x34402173) x2 0x56eaa19167b8a2b1
3 0x00800001f0 (0xf7f17113)
3 0x00800001f4 (0x1020b823) x2 0x0000000000000015
3 0x00800001f8 (0x3a002173)
3 0x00800001fc (0x1020bc23) x2 0x0000000000000000
3 0x0080000200 (0x3b002173) x2 0x0000000000000000
3 0x0080000204 (0x1220bc23)
3 0x0080000208 (0x3b102173) x2 0x0000000000000000
3 0x008000020c (0x1420b023)
3 0x0080000210 (0x3b202173) x2 0x0000000000000000
3 0x0080000214 (0x1420b423)
3 0x0080000218 (0x3b302173) x2 0x8000000a00006020
3 0x008000021c (0x1420b823)
3 0x0080000220 (0x3b402173) x2 0x000000000000b109
3 0x0080000224 (0x1420bc23)
3 0x0080000228 (0x3b502173) x2 0x0000000000000000
3 0x008000022c (0x1620b023)
3 0x0080000230 (0x3b602173) x2 0x0000000000000000
3 0x0080000234 (0x1620b423)
3 0x0080000238 (0x3b702173) x2 0x0000000080000138
3 0x008000023c (0x1620b823) x10 0x8000000200006020
3 0x0080000240 (0x00006537) x2 0x000000000000000c
3 0x0080000244 (0x30052073)
3 0x0080000248 (0x00102173) x2 0xd1b9aea30d735f1e
3 0x008000024c (0x0420b023)
3 0x0080000250 (0x00202173) x2 0x00000000800006e0
3 0x0080000254 (0x0420b423)
3 0x0080000258 (0x00302173) x2 0x0000000000000002
3 0x008000025c (0x0420b823) x1 0x06c76221bf443b28
3 0x0080000260 (0x00002097) x1 0x0000000000000000
3 0x0080000264 (0xda008093)
3 0x0080000268 (0x0000b023)
3 0x008000026c (0x0020b823)
3 0x0080000270 (0x0030bc23)
3 0x0080000274 (0x0240b023)
3 0x0080000278 (0x0250b423)
3 0x008000027c (0x0260b823)
3 0x0080000280 (0x0270bc23)
3 0x0080000284 (0x0480b023)
3 0x0080000288 (0x0490b423)
3 0x008000028c (0x04a0b823)
3 0x0080000290 (0x04b0bc23)
3 0x0080000294 (0x06c0b023)
3 0x0080000298 (0x06d0b423)
3 0x008000029c (0x06e0b823)
3 0x00800002a0 (0x06f0bc23)
3 0x00800002a4 (0x0900b023)
3 0x00800002a8 (0x0910b423)
3 0x00800002ac (0x0920b823)
3 0x00800002b0 (0x0930bc23)
3 0x00800002b4 (0x0b40b023)
3 0x00800002b8 (0x0b50b423)
3 0x00800002bc (0x0b60b823) x10 0x0000000000006000
3 0x00800002c0 (0x0b70bc23)
3 0x00800002c4 (0x0d80b023)
3 0x00800002c8 (0x0d90b423)
3 0x00800002cc (0x0db0bc23)
3 0x00800002d0 (0x0fc0b023)
3 0x00800002d4 (0x0fd0b423)
3 0x00800002d8 (0x0fe0b823) x1 0x0000000000000002
3 0x00800002dc (0x00002097) x1 0x0000000080002260
3 0x00800002e0 (0xe2408093)
3 0x00800002e4 (0x0010a427)
3 0x00800002e8 (0x0020a827)
3 0x00800002ec (0x0270ac27)
3 0x00800002f0 (0x0490a427)
3 0x00800002f4 (0x04a0a827)
3 0x00800002f8 (0x06c0a027)
3 0x00800002fc (0x06d0a427)
3 0x0080000300 (0x0b50a427)
3 0x0080000304 (0x0b60a827)
3 0x0080000308 (0x0d90a427)
3 0x008000030c (0x0da0a827)
3 0x0080000310 (0x0fc0a027)
3 0x0080000314 (0x0fd0a427)
3 0x0080000318 (0x0fe0a827)
3 0x008000031c (0x0ff0ac27) x1 0x00000000155e6dea
3 0x0080000320 (0x00002097) x1 0x000000000000b109
3 0x0080000324 (0xde008093)
3 0x0080000328 (0x0000b027)
3 0x008000032c (0x0030bc27)
3 0x0080000330 (0x0240b027)
3 0x0080000334 (0x0250b427)
3 0x0080000338 (0x0260b827)
3 0x008000033c (0x0480b027)
3 0x0080000340 (0x04b0bc27)
3 0x0080000344 (0x06e0b827)
3 0x0080000348 (0x06f0bc27)
3 0x008000034c (0x0900b027)
3 0x0080000350 (0x0910b427)
3 0x0080000354 (0x0920b827)
3 0x0080000358 (0x0930bc27)
3 0x008000035c (0x0b40b027)
3 0x0080000360 (0x0b70bc27)
3 0x0080000364 (0x0d80b027)
3 0x0080000368 (0x0db0bc27) x3 0x0000000000000020
3 0x008000036c (0x00100193) x30 0x0000000080001370
3 0x0080000370 (0x00001f17)
3 0x0080000374 (0xc83f2823)
3 0x0080000378 (0x0000006f)
3 0x0080000378 (0x0000006f)
3 0x0080000378 (0x0000006f)
3 0x0080000378 (0x0000006f)
3 0x0080000378 (0x0000006f)
3 0x0080000378 (0x0000006f)
3 0x0080000378 (0x0000006f)
3 0x0080000378 (0x0000006f)
3 0x0080000378 (0x0000006f)
3 0x0080000378 (0x0000006f)
3 0x0080000378 (0x0000006f)
3 0x0080000378 (0x0000006f)
3 0x0080000378 (0x0000006f)
3 0x0080000378 (0x0000006f)
3 0x0080000378 (0x0000006f)
3 0x0080000378 (0x0000006f)
3 0x0080000378 (0x0000006f)
3 0x0080000378 (0x0000006f)
3 0x0080000378 (0x0000006f)
3 0x0080000378 (0x0000006f)
3 0x0080000378 (0x0000006f)
3 0x0080000378 (0x0000006f)
3 0x0080000378 (0x0000006f)
3 0x0080000378 (0x0000006f)
3 0x0080000378 (0x0000006f)
3 0x0080000378 (0x0000006f)
3 0x0080000378 (0x0000006f)
3 0x0080000378 (0x0000006f)
3 0x0080000378 (0x0000006f)
3 0x0080000378 (0x0000006f)
3 0x0080000378 (0x0000006f)
3 0x0080000378 (0x0000006f)
3 0x0080000378 (0x0000006f)
3 0x0080000378 (0x0000006f)
3 0x0080000378 (0x0000006f)
3 0x0080000378 (0x0000006f)
3 0x0080000378 (0x0000006f)
3 0x0080000378 (0x0000006f)
3 0x0080000378 (0x0000006f)
3 0x0080000378 (0x0000006f)
3 0x0080000378 (0x0000006f)
3 0x0080000378 (0x0000006f)
3 0x0080000378 (0x0000006f)
3 0x0080000378 (0x0000006f)
3 0x0080000378 (0x0000006f)
3 0x0080000378 (0x0000006f)
3 0x0080000378 (0x0000006f)
3 0x0080000378 (0x0000006f)
3 0x0080000378 (0x0000006f)
3 0x0080000378 (0x0000006f)
3 0x0080000378 (0x0000006f)
3 0x0080000378 (0x0000006f)
3 0x0080000378 (0x0000006f)
3 0x0080000378 (0x0000006f)
3 0x0080000378 (0x0000006f)
3 0x0080000378 (0x0000006f)
3 0x0080000378 (0x0000006f)
3 0x0080000378 (0x0000006f)
3 0x0080000378 (0x0000006f)
3 0x0080000378 (0x0000006f)
3 0x0080000378 (0x0000006f)
3 0x0080000378 (0x0000006f)
3 0x0080000378 (0x0000006f)
3 0x0080000378 (0x0000006f)
3 0x0080000378 (0x0000006f)
3 0x0080000378 (0x0000006f)
3 0x0080000378 (0x0000006f)
3 0x0080000378 (0x0000006f)
3 0x0080000378 (0x0000006f)
3 0x0080000378 (0x0000006f)
3 0x0080000378 (0x0000006f)
3 0x0080000378 (0x0000006f)
3 0x0080000378 (0x0000006f)
3 0x0080000378 (0x0000006f)
3 0x0080000378 (0x0000006f)
3 0x0080000378 (0x0000006f)
3 0x0080000378 (0x0000006f)
3 0x0080000378 (0x0000006f)
3 0x0080000378 (0x0000006f)
3 0x0080000378 (0x0000006f)
3 0x0080000378 (0x0000006f)
3 0x0080000378 (0x0000006f)
3 0x0080000378 (0x0000006f)
3 0x0080000378 (0x0000006f)
3 0x0080000378 (0x0000006f)
3 0x0080000378 (0x0000006f)
3 0x0080000378 (0x0000006f)
3 0x0080000378 (0x0000006f)
3 0x0080000378 (0x0000006f)
3 0x0080000378 (0x0000006f)
3 0x0080000378 (0x0000006f)
3 0x0080000378 (0x0000006f)
3 0x0080000378 (0x0000006f)
3 0x0080000378 (0x0000006f)
3 0x0080000378 (0x0000006f)
3 0x0080000378 (0x0000006f)
3 0x0080000378 (0x0000006f)
3 0x0080000378 (0x0000006f)
3 0x0080000378 (0x0000006f)
3 0x0080000378 (0x0000006f)
3 0x0080000378 (0x0000006f)
3 0x0080000378 (0x0000006f)
3 0x0080000378 (0x0000006f)
3 0x0080000378 (0x0000006f)
3 0x0080000378 (0x0000006f)
3 0x0080000378 (0x0000006f)
3 0x0080000378 (0x0000006f)
3 0x0080000378 (0x0000006f)
3 0x0080000378 (0x0000006f)
3 0x0080000378 (0x0000006f)
3 0x0080000378 (0x0000006f)
3 0x0080000378 (0x0000006f)
3 0x0080000378 (0x0000006f)
3 0x0080000378 (0x0000006f)
3 0x0080000378 (0x0000006f)
3 0x0080000378 (0x0000006f)
3 0x0080000378 (0x0000006f)
3 0x0080000378 (0x0000006f)
3 0x0080000378 (0x0000006f)
3 0x0080000378 (0x0000006f)
3 0x0080000378 (0x0000006f)
3 0x0080000378 (0x0000006f)
3 0x0080000378 (0x0000006f)
3 0x0080000378 (0x0000006f)
3 0x0080000378 (0x0000006f)
3 0x0080000378 (0x0000006f)
3 0x0080000378 (0x0000006f)
3 0x0080000378 (0x0000006f)
3 0x0080000378 (0x0000006f)
3 0x0080000378 (0x0000006f)
3 0x0080000378 (0x0000006f)
3 0x0080000378 (0x0000006f)
3 0x0080000378 (0x0000006f)
3 0x0080000378 (0x0000006f)
