3 0x0000010040 (0x00000517) x10 0x5f5a0fbe176e072e
3 0x0000010044 (0xfc050513)
3 0x0000010048 (0x30551073)
3 0x000001004c (0x301022f3)
3 0x0000010050 (0x4122d293) x5 0x0000000000000001
3 0x0000010054 (0x0012f293)
3 0x0000010058 (0x00028463) f5 0x8eccba1d3f90557f
3 0x000001005c (0x30301073)
3 0x0000010060 (0x00800513)
3 0x0000010064 (0x30451073)
3 0x0000010068 (0x30052073) f17 0x4beef19772bbe3e5
3 0x000001006c (0x10500073)
3 0x0000010000 (0x020005b7) f21 0xb0d644614d7f2f9a
3 0x0000010004 (0xf1402573) f1 0xacb5ca59bfecf47f
3 0x0000010008 (0x00050463) x12 0xaf3b7a5e517c23a2
3 0x0000010010 (0x00458613) x13 0x0000000000000001
3 0x0000010014 (0x00100693)
3 0x0000010018 (0x00d62023) x12 0x0000000002000008
3 0x000001001c (0x00460613) x13 0x08573d10b8297670
3 0x0000010020 (0xffc62683)
3 0x0000010024 (0xfe069ae3)
3 0x0000010028 (0x06c0006f) x12 0x000000000200000c
3 0x0000010094 (0x0005a023) x10 0xe2c316c532683d64
3 0x0000010098 (0x00004537) x10 0xcd86309b93260a26
3 0x000001009c (0x00053503)
3 0x00000100a0 (0x34151073) x12 0x0000000002000010
3 0x00000100a4 (0xf1402573) x13 0xxxxxxxxxxxxxxxxx
3 0x00000100a8 (0x00000597) x11 0xff395afe6e4fa1dc
3 0x00000100ac (0x01858593) x12 0x0000000000000080
3 0x00000100b0 (0x08000613) x12 0x0000000002000014
3 0x00000100b4 (0x30063073) x13 0x39da8f73d5a7a0ab
3 0x00000100b8 (0x30200073)
3 0x0080000000 (0x00010f97) x31 0x0000000000010000
3 0x0080000004 (0x000f8f93) x1 0x0000000002000018
3 0x0080000008 (0x000fb083) x2 0x00140313b2645b6e
3 0x008000000c (0x008fb103) x3 0xdd41cc06f60823e3
3 0x0080000010 (0x010fb183) x4 0x9ef20116da75620d
3 0x0080000014 (0x018fb203) x5 0x3a6e80e18c55c8bb
3 0x0080000018 (0x020fb283) x6 0x3b6c8d0b8bc08797
3 0x008000001c (0x028fb303) x7 0x4a69bca33b18297e
3 0x0080000020 (0x030fb383) x8 0xe1b0650e600421e0
3 0x0080000024 (0x038fb403) x9 0x1e64f4f8a2e8514d
3 0x0080000028 (0x040fb483) x10 0x4beef19772bbe3e5
3 0x008000002c (0x048fb503) x11 0x9480953954ff1569
3 0x0080000030 (0x050fb583) x12 0xa13a212e97ccf474
3 0x0080000034 (0x058fb603) x13 0xae5387309e058206
3 0x0080000038 (0x060fb683) x14 0xc6a8c7a3da38f599
3 0x008000003c (0x068fb703) x15 0x0000000000000001
3 0x0080000040 (0x070fb783) x16 0x01901fe7e442e64a
3 0x0080000044 (0x078fb803) x17 0x0000000002000008
3 0x0080000048 (0x080fb883) x18 0xab601d7bae926769
3 0x008000004c (0x088fb903) x19 0x6f121e7112019b30
3 0x0080000050 (0x090fb983) x20 0xc1b56b4a0dd0a68c
3 0x0080000054 (0x098fba03) x21 0x31efedc0ae40cd94
3 0x0080000058 (0x0a0fba83) x22 0xf2c2d1220e47ad2d
3 0x008000005c (0x0a8fbb03) x23 0xefeb550b1db7f1e3
3 0x0080000060 (0x0b0fbb83) x24 0x0000000000010070
3 0x0080000064 (0x0b8fbc03) x25 0x0000000000000000
3 0x0080000068 (0x0c0fbc83) x26 0x00000000000100a8
3 0x008000006c (0x0c8fbd03) x27 0x192a6234564a2701
3 0x0080000070 (0x0d0fbd83) x28 0x79b2147287b98f80
3 0x0080000074 (0x0d8fbe03) x29 0x455cc04c704b4df8
3 0x0080000078 (0x0e0fbe83) x30 0x48306c5c235ce603
3 0x008000007c (0x0e8fbf03) x31 0xc542a29d0cfad11e
3 0x0080000080 (0x0f0fbf83)
3 0x0080000084 (0x2f80006f) x1 0xa4754136f42350a4
3 0x008000037c (0x30005073) x2 0x00140313b2645b6e
3 0x0080000380 (0xf1402573) x3 0xdd41cc06f60823e3
3 0x0080000384 (0x00051063)
3 0x0080000388 (0x00000297) x5 0x3a6e80e18c55c8bb
3 0x008000038c (0x01828293) x6 0x3b6c8d0b8bc08797
3 0x0080000390 (0x30529073) x7 0x4a69bca33b18297e
3 0x0080000394 (0x30205073) x8 0x42993c38ec302c86
3 0x0080000398 (0x30305073) x9 0x1e64f4f8a2e8514d
3 0x008000039c (0x30405073) x10 0x1602cb430bff4f44
3 0x00800003a0 (0x00000297) x5 0x9480953954ff1569
3 0x00800003a4 (0x01028293) x12 0xa13a212e97ccf474
3 0x00800003a8 (0x30529073) x13 0xae5387309e058206
3 0x00800003ac (0x18005073) x14 0xc6a8c7a3da38f599
3 0x00800003b0 (0x00000297) x5 0x8f3983909d90b660
3 0x00800003b4 (0x02428293) x16 0x01901fe7e442e64a
3 0x00800003b8 (0x30529073) x17 0x34d016fa9d8bd59c
3 0x00800003bc (0x0010029b) x5 0x0020000000000000
3 0x00800003c0 (0x03529293) x5 0x001fffffffffffff
3 0x00800003c4 (0xfff28293) x20 0xc1b56b4a0dd0a68c
3 0x00800003c8 (0x3b029073) x21 0x31efedc0ae40cd94
3 0x00800003cc (0x01f00293) x22 0xf2c2d1220e47ad2d
3 0x00800003d0 (0x3a029073) x23 0xefeb550b1db7f1e3
3 0x00800003d4 (0x00000297) x5 0x902f567f138c5a2a
3 0x00800003d8 (0xd6428293) x25 0x29b9c707f57c0641
3 0x00800003dc (0x30529073) x26 0xaeb0013845e43a4d
3 0x00800003e0 (0x00000193) x10 0x0000000000000001
3 0x00800003e4 (0x00100513) x10 0x0000000080000000
3 0x00800003e8 (0x01f51513)
3 0x00800003ec (0x00055c63) x5 0x0000000080000404
3 0x0080000404 (0x00000297) x5 0xc542a29d0cfad11e
3 0x0080000408 (0xd1028293)
3 0x008000040c (0x10529073)
3 0x0080000410 (0x0000b2b7) x5 0x000000000000b109
3 0x0080000414 (0x1092829b)
3 0x0080000418 (0x3022a073) x5 0x0000000080000388
3 0x008000041c (0x00006537) x5 0x00000000800003a0
3 0x0080000420 (0x30052073)
3 0x0080000424 (0x00305073)
3 0x0080000428 (0xc61ff0ef) x31 0x0000000000000000
3 0x0080000088 (0x00020f97) x31 0x0000000000000008
3 0x008000008c (0xf78f8f93) f0 0x00000000800003a0
3 0x0080000090 (0x000fa007) f1 0xffffffff8d782032
3 0x0080000094 (0x008fa087) f2 0xffffffff57ef4c5e
3 0x0080000098 (0x010fa107) f3 0xe25c783025806d55
3 0x008000009c (0x018fb187) f4 0xf4a7f7a1937f0221
3 0x00800000a0 (0x020fb207) f5 0x8c19e2023333d20a
3 0x00800000a4 (0x028fb287) f6 0xcf2256d7fc299368
3 0x00800000a8 (0x030fb307) f7 0x0000000000000001
3 0x00800000ac (0x038fa387) f8 0x0020000000000000
3 0x00800000b0 (0x040fb407) f9 0x001fffffffffffff
3 0x00800000b4 (0x048fb487) f10 0xffffffffaf3bb607
3 0x00800000b8 (0x050fa507) f11 0xd599e06ed0c710e0
3 0x00800000bc (0x058fb587) f12 0x65eb681d147fd754
3 0x00800000c0 (0x060fb607) f13 0x5e25d495014b0624
3 0x00800000c4 (0x068fb687) f14 0xffffffff0b3a8a24
3 0x00800000c8 (0x070fa707) f15 0x00000000800003d4
3 0x00800000cc (0x078fb787) f16 0x0000000000000000
3 0x00800000d0 (0x080fb807) f17 0xffffffffd01ef001
3 0x00800000d4 (0x088fa887) f18 0xffffffff1d835901
3 0x00800000d8 (0x090fa907) f19 0xffffffff9d7aeb13
3 0x00800000dc (0x098fa987) f20 0x32afff321e5a5102
3 0x00800000e0 (0x0a0fba07) f21 0xffffffff23a59450
3 0x00800000e4 (0x0a8faa87) f22 0xd6bf3d3f474566fd
3 0x00800000e8 (0x0b0fbb07) f23 0x000000000000b000
3 0x00800000ec (0x0b8fbb87) f24 0x000000000000b109
3 0x00800000f0 (0x0c0fbc07) f25 0x0000000000000000
3 0x00800000f4 (0x0c8fbc87) f26 0x37942515a1b2068a
3 0x00800000f8 (0x0d0fbd07) f27 0x17b9cd3a7a6e07dd
3 0x00800000fc (0x0d8fbd87) f28 0x3acb0e4ff463a062
3 0x0080000100 (0x0e0fbe07) f29 0xffffffffb1a07588
3 0x0080000104 (0x0e8fae87) f30 0xffffffff4ad3b697
3 0x0080000108 (0x0f0faf07) f31 0x0000000080020000
3 0x008000010c (0x0f8faf87)
3 0x0080000110 (0x00008067) f1 0xffffffff8d782032
3 0x008000042c (0xb0201073) f2 0xffffffff57ef4c5e
3 0x0080000430 (0xf1402573) f3 0xe25c783025806d55
3 0x0080000434 (0x3402f6f3) f4 0xf4a7f7a1937f0221
3 0x0080000438 (0x3404e5f3) f5 0x8c19e2023333d20a
3 0x008000043c (0x00e74733) f6 0xcf2256d7fc299368
3 0x0080000440 (0x180735f3) f7 0xffffffffeccbbc1b
3 0x0080000444 (0x00000297) x5 0x6985f50f115f474f
3 0x0080000448 (0x03c28293) f9 0xbb5715cf103ab3f4
3 0x008000044c (0x34129073) f10 0xffffffffaf3bb607
3 0x0080000450 (0x00000293) f11 0xd599e06ed0c710e0
0 0x0080000454 (0x30200073) f12 0x65eb681d147fd754
0 0x0080000480 (0x00142553) x27 0x0000000080000484
0 0x0080000484 (0x00000d97) x16 0x0000000080010488
0 0x0080000488 (0x00010817) x16 0x13a96bd2fe614f45
0 0x008000048c (0xc8880813) x16 0x000000008001012c
0 0x0080000490 (0x01c80813) f17 0xffffffffd01ef001
0 0x0080000494 (0xa0b8272f) f18 0xffffffff1d835901
0 0x0080000498 (0x00020d97) x27 0xffffffff9d7aeb13
0 0x008000049c (0xc38d8d93) x27 0x00000000800200c0
0 0x00800004a0 (0xff0d8d93) f21 0xffffffff23a59450
0 0x00800004a4 (0x100da62f) f22 0xd6bf3d3f474566fd
0 0x00800004a8 (0x00050717) x14 0x4669666a980480c9
0 0x00800004ac (0xce870713) x14 0x000000008005017c
0 0x00800004b0 (0xfec70713) f25 0x776d8d442236828a
0 0x00800004b4 (0x20f721af) f26 0x37942515a1b2068a
0 0x00800004b8 (0x00060597) x11 0x17b9cd3a7a6e07dd
0 0x00800004bc (0xb7858593) x11 0x000000008006002c
0 0x00800004c0 (0xffc58593) f29 0xffffffffb1a07588
0 0x00800004c4 (0xe015acaf) f30 0xffffffff4ad3b697
0 0x00800004c8 (0x00030417) x8 0xffffffff00f39a7b
0 0x00800004cc (0xc5840413) x8 0x000000008003011c
0 0x00800004d0 (0xffc40413)
0 0x00800004d4 (0xe104242f) x10 0x0000000000000000
0 0x00800004d8 (0x6aa23797) x12 0x00000000800504dc
0 0x00800004dc (0x00050617) x12 0xd1b9aea30d735f1a
0 0x00800004e0 (0xc8460613) x12 0x0000000080050168
0 0x00800004e4 (0x00860613) x11 0x0000000000000000
0 0x00800004e8 (0x0096262f) x5 0x0000000080000444
0 0x00800004ec (0xdbae3cb7) x26 0x0000000080000480
0 0x00800004f0 (0xc02a8d53)
1 0x00800004f4 (0x00100073) x5 0x0000000000000000
1 0x0080000114 (0x0034929b) x12 0xd599e06ed0c710e0
1 0x0080000118 (0xc037c653) x19 0xffffffffca646000
1 0x008000011c (0xca6469b7) x12 0x0000000080020120
1 0x0080000120 (0x00020617) x12 0x0000000080010488
1 0x0080000124 (0x09060613) x12 0x00000000800201a8
1 0x0080000128 (0xff860613) x16 0x000000008001012c
1 0x008000012c (0x009630af) x14 0x000000004d73bb29
1 0x0080000130 (0xe0029f53) x27 0x0000000080020498
3 0x0080000134 (0x00000073) x27 0x00000000800200d0
3 0x0080000138 (0x00002097) x1 0x00000000800200c0
3 0x008000013c (0x0c808093) x12 0xffffffffe84e1377
3 0x0080000140 (0x10002173) x14 0x00000000800504a8
3 0x0080000144 (0x0420bc23) x14 0x0000000080050190
3 0x0080000148 (0x10402173) x14 0x000000008005017c
3 0x008000014c (0x0620b823) x3 0x000000005f74776d
3 0x0080000150 (0x10502173) x11 0x00000000800604b8
3 0x0080000154 (0x0620bc23) x11 0x0000000080060030
3 0x0080000158 (0x10602173) x11 0x000000008006002c
3 0x008000015c (0x0820b023) x25 0x00000000007116f9
3 0x0080000160 (0x14002173) x8 0x00000000800304c8
3 0x0080000164 (0x0820b423) x8 0x0000000080030120
3 0x0080000168 (0x14102173) x8 0x000000008003011c
3 0x008000016c (0x0820b823) x8 0xffffffff96621e37
3 0x0080000170 (0x14202173) x15 0x00000000eaa234d8
3 0x0080000174 (0x0820bc23) x12 0x00000000800504dc
3 0x0080000178 (0x14302173) x12 0x0000000080050160
3 0x008000017c (0x0a20b023) x12 0x0000000080050168
3 0x0080000180 (0x14402173) x12 0x000000007b61b1fb
3 0x0080000184 (0xf7f17113)
3 0x0080000188 (0x0a20b423) x26 0x0000000000000000
3 0x008000018c (0x18002173)
3 0x0080000190 (0x0a20b823) x5 0x0000000017428a68
3 0x0080000194 (0xf1402173) x12 0xffffffffffffffff
3 0x0080000198 (0x0a20bc23) x19 0xffffffffca646000
3 0x008000019c (0x30002173) x12 0x0000000080020120
3 0x00800001a0 (0x0c20b023) x12 0x00000000800201b0
3 0x00800001a4 (0x30202173) x12 0x00000000800201a8
3 0x00800001a8 (0x0c20b423) x1 0xd9829255a3e038d8
3 0x00800001ac (0x30302173) x30 0x0000000000000200
3 0x00800001b0 (0x0c20b823)
3 0x00800001b4 (0x30402173) x1 0x0000000080002138
3 0x00800001b8 (0x0c20bc23) x1 0x0000000080002200
3 0x00800001bc (0x30502173) x2 0x8000000200006000
3 0x00800001c0 (0x0e20b023)
3 0x00800001c4 (0x30602173) x2 0x0000000000000000
3 0x00800001c8 (0x0e20b423)
3 0x00800001cc (0x34002173) x2 0x0000000080000114
3 0x00800001d0 (0x0e20b823)
3 0x00800001d4 (0x34102173) x2 0x0000000000000019
3 0x00800001d8 (0x0e20bc23)
3 0x00800001dc (0x34202173) x2 0x06c76221bf443b28
3 0x00800001e0 (0x1020b023)
3 0x00800001e4 (0x34302173) x2 0x00000000800004f4
3 0x00800001e8 (0x1020b423)
3 0x00800001ec (0x34402173) x2 0x0000000000000003
3 0x00800001f0 (0xf7f17113)
3 0x00800001f4 (0x1020b823) x2 0x00000000800004f4
3 0x00800001f8 (0x3a002173)
3 0x00800001fc (0x1020bc23) x2 0x0000000000000000
3 0x0080000200 (0x3b002173) x2 0x0000000000000000
3 0x0080000204 (0x1220bc23)
3 0x0080000208 (0x3b102173) x2 0x0000000000000000
3 0x008000020c (0x1420b023)
3 0x0080000210 (0x3b202173) x2 0x0000000000000000
3 0x0080000214 (0x1420b423)
3 0x0080000218 (0x3b302173) x2 0x8000000a00006800
3 0x008000021c (0x1420b823)
3 0x0080000220 (0x3b402173) x2 0x000000000000b109
3 0x0080000224 (0x1420bc23)
3 0x0080000228 (0x3b502173) x2 0x0000000000000000
3 0x008000022c (0x1620b023)
3 0x0080000230 (0x3b602173) x2 0x0000000000000000
3 0x0080000234 (0x1620b423)
3 0x0080000238 (0x3b702173) x2 0x0000000080000138
3 0x008000023c (0x1620b823) x10 0x8000000200006000
3 0x0080000240 (0x00006537) x2 0x000000000000000c
3 0x0080000244 (0x30052073)
3 0x0080000248 (0x00102173) x2 0xd1b9aea30d735f1b
3 0x008000024c (0x0420b023)
3 0x0080000250 (0x00202173) x2 0x0000000080000134
3 0x0080000254 (0x0420b423)
3 0x0080000258 (0x00302173) x2 0x0000000000000009
3 0x008000025c (0x0420b823) x1 0x06c76221bf443b28
3 0x0080000260 (0x00002097) x1 0x0000000000000000
3 0x0080000264 (0xda008093)
3 0x0080000268 (0x0000b023)
3 0x008000026c (0x0020b823)
3 0x0080000270 (0x0030bc23)
3 0x0080000274 (0x0240b023)
3 0x0080000278 (0x0250b423)
3 0x008000027c (0x0260b823)
3 0x0080000280 (0x0270bc23)
3 0x0080000284 (0x0480b023)
3 0x0080000288 (0x0490b423)
3 0x008000028c (0x04a0b823)
3 0x0080000290 (0x04b0bc23)
3 0x0080000294 (0x06c0b023)
3 0x0080000298 (0x06d0b423)
3 0x008000029c (0x06e0b823)
3 0x00800002a0 (0x06f0bc23)
3 0x00800002a4 (0x0900b023)
3 0x00800002a8 (0x0910b423)
3 0x00800002ac (0x0920b823)
3 0x00800002b0 (0x0930bc23)
3 0x00800002b4 (0x0b40b023)
3 0x00800002b8 (0x0b50b423)
3 0x00800002bc (0x0b60b823) x10 0x0000000000006000
3 0x00800002c0 (0x0b70bc23)
3 0x00800002c4 (0x0d80b023)
3 0x00800002c8 (0x0d90b423)
3 0x00800002cc (0x0db0bc23)
3 0x00800002d0 (0x0fc0b023)
3 0x00800002d4 (0x0fd0b423)
3 0x00800002d8 (0x0fe0b823) x1 0x0000000000000009
3 0x00800002dc (0x00002097) x1 0x0000000080002260
3 0x00800002e0 (0xe2408093)
3 0x00800002e4 (0x0010a427)
3 0x00800002e8 (0x0020a827)
3 0x00800002ec (0x0270ac27)
3 0x00800002f0 (0x0490a427)
3 0x00800002f4 (0x04a0a827)
3 0x00800002f8 (0x06c0a027)
3 0x00800002fc (0x06d0a427)
3 0x0080000300 (0x0b50a427)
3 0x0080000304 (0x0b60a827)
3 0x0080000308 (0x0d90a427)
3 0x008000030c (0x0da0a827)
3 0x0080000310 (0x0fc0a027)
3 0x0080000314 (0x0fd0a427)
3 0x0080000318 (0x0fe0a827)
3 0x008000031c (0x0ff0ac27) x1 0x00000000155e6dea
3 0x0080000320 (0x00002097) x1 0x000000000000b109
3 0x0080000324 (0xde008093)
3 0x0080000328 (0x0000b027)
3 0x008000032c (0x0030bc27)
3 0x0080000330 (0x0240b027)
3 0x0080000334 (0x0250b427)
3 0x0080000338 (0x0260b827)
3 0x008000033c (0x0480b027)
3 0x0080000340 (0x04b0bc27)
3 0x0080000344 (0x06e0b827)
3 0x0080000348 (0x06f0bc27)
3 0x008000034c (0x0900b027)
3 0x0080000350 (0x0910b427)
3 0x0080000354 (0x0920b827)
3 0x0080000358 (0x0930bc27)
3 0x008000035c (0x0b40b027)
3 0x0080000360 (0x0b70bc27)
3 0x0080000364 (0x0d80b027)
3 0x0080000368 (0x0db0bc27) x3 0x0000000000000020
3 0x008000036c (0x00100193) x30 0x0000000080001370
3 0x0080000370 (0x00001f17)
3 0x0080000374 (0xc83f2823)
3 0x0080000378 (0x0000006f)
3 0x0080000378 (0x0000006f)
3 0x0080000378 (0x0000006f)
3 0x0080000378 (0x0000006f)
3 0x0080000378 (0x0000006f)
3 0x0080000378 (0x0000006f)
3 0x0080000378 (0x0000006f)
3 0x0080000378 (0x0000006f)
3 0x0080000378 (0x0000006f)
3 0x0080000378 (0x0000006f)
3 0x0080000378 (0x0000006f)
3 0x0080000378 (0x0000006f)
3 0x0080000378 (0x0000006f)
3 0x0080000378 (0x0000006f)
3 0x0080000378 (0x0000006f)
3 0x0080000378 (0x0000006f)
3 0x0080000378 (0x0000006f)
3 0x0080000378 (0x0000006f)
3 0x0080000378 (0x0000006f)
3 0x0080000378 (0x0000006f)
3 0x0080000378 (0x0000006f)
3 0x0080000378 (0x0000006f)
3 0x0080000378 (0x0000006f)
3 0x0080000378 (0x0000006f)
3 0x0080000378 (0x0000006f)
3 0x0080000378 (0x0000006f)
3 0x0080000378 (0x0000006f)
3 0x0080000378 (0x0000006f)
3 0x0080000378 (0x0000006f)
3 0x0080000378 (0x0000006f)
3 0x0080000378 (0x0000006f)
3 0x0080000378 (0x0000006f)
3 0x0080000378 (0x0000006f)
3 0x0080000378 (0x0000006f)
3 0x0080000378 (0x0000006f)
3 0x0080000378 (0x0000006f)
3 0x0080000378 (0x0000006f)
3 0x0080000378 (0x0000006f)
3 0x0080000378 (0x0000006f)
3 0x0080000378 (0x0000006f)
3 0x0080000378 (0x0000006f)
3 0x0080000378 (0x0000006f)
3 0x0080000378 (0x0000006f)
3 0x0080000378 (0x0000006f)
3 0x0080000378 (0x0000006f)
3 0x0080000378 (0x0000006f)
3 0x0080000378 (0x0000006f)
3 0x0080000378 (0x0000006f)
3 0x0080000378 (0x0000006f)
3 0x0080000378 (0x0000006f)
3 0x0080000378 (0x0000006f)
3 0x0080000378 (0x0000006f)
3 0x0080000378 (0x0000006f)
3 0x0080000378 (0x0000006f)
3 0x0080000378 (0x0000006f)
3 0x0080000378 (0x0000006f)
3 0x0080000378 (0x0000006f)
3 0x0080000378 (0x0000006f)
3 0x0080000378 (0x0000006f)
3 0x0080000378 (0x0000006f)
3 0x0080000378 (0x0000006f)
3 0x0080000378 (0x0000006f)
3 0x0080000378 (0x0000006f)
3 0x0080000378 (0x0000006f)
3 0x0080000378 (0x0000006f)
3 0x0080000378 (0x0000006f)
3 0x0080000378 (0x0000006f)
3 0x0080000378 (0x0000006f)
3 0x0080000378 (0x0000006f)
3 0x0080000378 (0x0000006f)
3 0x0080000378 (0x0000006f)
3 0x0080000378 (0x0000006f)
3 0x0080000378 (0x0000006f)
3 0x0080000378 (0x0000006f)
3 0x0080000378 (0x0000006f)
3 0x0080000378 (0x0000006f)
3 0x0080000378 (0x0000006f)
3 0x0080000378 (0x0000006f)
3 0x0080000378 (0x0000006f)
3 0x0080000378 (0x0000006f)
3 0x0080000378 (0x0000006f)
3 0x0080000378 (0x0000006f)
3 0x0080000378 (0x0000006f)
3 0x0080000378 (0x0000006f)
3 0x0080000378 (0x0000006f)
3 0x0080000378 (0x0000006f)
3 0x0080000378 (0x0000006f)
3 0x0080000378 (0x0000006f)
3 0x0080000378 (0x0000006f)
3 0x0080000378 (0x0000006f)
3 0x0080000378 (0x0000006f)
3 0x0080000378 (0x0000006f)
3 0x0080000378 (0x0000006f)
3 0x0080000378 (0x0000006f)
3 0x0080000378 (0x0000006f)
3 0x0080000378 (0x0000006f)
3 0x0080000378 (0x0000006f)
3 0x0080000378 (0x0000006f)
3 0x0080000378 (0x0000006f)
3 0x0080000378 (0x0000006f)
3 0x0080000378 (0x0000006f)
3 0x0080000378 (0x0000006f)
3 0x0080000378 (0x0000006f)
3 0x0080000378 (0x0000006f)
3 0x0080000378 (0x0000006f)
3 0x0080000378 (0x0000006f)
3 0x0080000378 (0x0000006f)
3 0x0080000378 (0x0000006f)
3 0x0080000378 (0x0000006f)
3 0x0080000378 (0x0000006f)
3 0x0080000378 (0x0000006f)
3 0x0080000378 (0x0000006f)
3 0x0080000378 (0x0000006f)
3 0x0080000378 (0x0000006f)
3 0x0080000378 (0x0000006f)
3 0x0080000378 (0x0000006f)
3 0x0080000378 (0x0000006f)
3 0x0080000378 (0x0000006f)
3 0x0080000378 (0x0000006f)
3 0x0080000378 (0x0000006f)
3 0x0080000378 (0x0000006f)
