3 0x0000010040 (0x00000517) x10 0x5f5a0fbe176e072e
3 0x0000010044 (0xfc050513)
3 0x0000010048 (0x30551073)
3 0x000001004c (0x301022f3)
3 0x0000010050 (0x4122d293) x5 0x0000000000000001
3 0x0000010054 (0x0012f293)
3 0x0000010058 (0x00028463) f5 0x8eccba1d3f90557f
3 0x000001005c (0x30301073)
3 0x0000010060 (0x00800513)
3 0x0000010064 (0x30451073)
3 0x0000010068 (0x30052073) f17 0x4beef19772bbe3e5
3 0x000001006c (0x10500073)
3 0x0000010000 (0x020005b7) f21 0xb0d644614d7f2f9a
3 0x0000010004 (0xf1402573) f1 0xacb5ca59bfecf47f
3 0x0000010008 (0x00050463) x12 0xaf3b7a5e517c23a2
3 0x0000010010 (0x00458613) x13 0x0000000000000001
3 0x0000010014 (0x00100693)
3 0x0000010018 (0x00d62023) x12 0x0000000002000008
3 0x000001001c (0x00460613) x13 0x08573d10b8297670
3 0x0000010020 (0xffc62683)
3 0x0000010024 (0xfe069ae3)
3 0x0000010028 (0x06c0006f) x12 0x000000000200000c
3 0x0000010094 (0x0005a023) x10 0xe2c316c532683d64
3 0x0000010098 (0x00004537) x10 0xcd86309b93260a26
3 0x000001009c (0x00053503)
3 0x00000100a0 (0x34151073) x12 0x0000000002000010
3 0x00000100a4 (0xf1402573) x13 0xxxxxxxxxxxxxxxxx
3 0x00000100a8 (0x00000597) x11 0xff395afe6e4fa1dc
3 0x00000100ac (0x01858593) x12 0x0000000000000080
3 0x00000100b0 (0x08000613) x12 0x0000000002000014
3 0x00000100b4 (0x30063073) x13 0x39da8f73d5a7a0ab
3 0x00000100b8 (0x30200073)
3 0x0080000000 (0x0180006f) x31 0x0000000000010000
3 0x0080000018 (0x00010f97) x31 0x0000000002000018
3 0x008000001c (0xfe8f8f93) x1 0x800000000014112d
3 0x0080000020 (0x000fb083) x2 0x7aa83813f553afd4
3 0x0080000024 (0x008fb103) x3 0xf6672584bb20d046
3 0x0080000028 (0x010fb183) x4 0x8f1b5c056edefda1
3 0x008000002c (0x018fb203) x5 0xd2b991c9616e1a54
3 0x0080000030 (0x020fb283) x6 0x4d740eed2027910f
3 0x0080000034 (0x028fb303) x7 0x8bbdcf9f71a18bcb
3 0x0080000038 (0x030fb383) x8 0x0000000002000020
3 0x008000003c (0x038fb403) x9 0x4beef19772bbe3e5
3 0x0080000040 (0x040fb483) x10 0x0000000002000000
3 0x0080000044 (0x048fb503) x11 0x255eae47ce10dd45
3 0x0080000048 (0x050fb583) x12 0x82daf16628781572
3 0x008000004c (0x058fb603) x13 0x8cc381324a52b82f
3 0x0080000050 (0x060fb683) x14 0x07539b62d50e4813
3 0x0080000054 (0x068fb703) x15 0xdb6b5b6ef959bcd0
3 0x0080000058 (0x070fb783) x16 0x0000000002000008
3 0x008000005c (0x078fb803) x17 0x0000000000000000
3 0x0080000060 (0x080fb883) x18 0xbd983a67c2fb3032
3 0x0080000064 (0x088fb903) x19 0x386c3226d7c2f44c
3 0x0080000068 (0x090fb983) x20 0x8b7def4acbd44dd4
3 0x008000006c (0x098fba03) x21 0xab434b50fa1f14d1
3 0x0080000070 (0x0a0fba83) x22 0x1711ce44f84ac8b7
3 0x0080000074 (0x0a8fbb03) x23 0x06e82242db35cced
3 0x0080000078 (0x0b0fbb83) x24 0x0000000000000000
3 0x008000007c (0x0b8fbc03) x25 0x00000000000100a8
3 0x0080000080 (0x0c0fbc83) x26 0x00000000000100c0
3 0x0080000084 (0x0c8fbd03) x27 0x3b185fe5524279a7
3 0x0080000088 (0x0d0fbd83) x28 0x4cfa9490f10bf9d3
3 0x008000008c (0x0d8fbe03) x29 0xb08a76ac6f82653d
3 0x0080000090 (0x0e0fbe83) x30 0xcae70c069833a4a2
3 0x0080000094 (0x0e8fbf03) x31 0x5bfdd1c5d0be3d66
3 0x0080000098 (0x0f0fbf83) x5 0x000000008000009c
3 0x008000009c (0x00000297) x5 0x00000000800001a0
3 0x00800000a0 (0x10428293) x2 0x7aa83813f553afd4
3 0x00800000a4 (0x30529073) x3 0xf6672584bb20d046
3 0x00800000a8 (0x00061117) x2 0x8f1b5c056edefda1
3 0x00800000ac (0x03810113) x5 0xd2b991c9616e1a54
3 0x00800000b0 (0xf14022f3) x6 0x4d740eed2027910f
3 0x00800000b4 (0x00c29293) x2 0x00000000800610e0
3 0x00800000b8 (0x00510133) x8 0x30d8133466a8c9bb
3 0x00800000bc (0x34011073) x9 0x63ec52447c128d1a
3 0x00800000c0 (0x00006537) x10 0xae3c7a35232a4f1b
3 0x00800000c4 (0x30052073) x11 0x255eae47ce10dd45
3 0x00800000c8 (0x010000ef) x31 0x82daf16628781572
3 0x00800000d8 (0x00020f97) x31 0x8cc381324a52b82f
3 0x00800000dc (0xf28f8f93) f0 0x07539b62d50e4813
3 0x00800000e0 (0x000fa007) f1 0xffffffffb9976241
3 0x00800000e4 (0x008fa087) f2 0xffffffff4867fdf8
3 0x00800000e8 (0x010fa107) f3 0xf692bedc2f609362
3 0x00800000ec (0x018fb187) f4 0xc0828cfe4023973f
3 0x00800000f0 (0x020fb207) f5 0x471378496e8acbae
3 0x00800000f4 (0x028fb287) f6 0x196e3421403ad3a2
3 0x00800000f8 (0x030fb307) f7 0xab434b50fa1f14d1
3 0x00800000fc (0x038fa387) f8 0x1711ce44f84ac8b7
3 0x0080000100 (0x040fb407) f9 0x06e82242db35cced
3 0x0080000104 (0x048fb487) f10 0xffffffff06499c29
3 0x0080000108 (0x050fa507) f11 0x9c358a85c5c23f41
3 0x008000010c (0x058fb587) f12 0x2da5d4a95791b497
3 0x0080000110 (0x060fb607) f13 0xab489224f0caf425
3 0x0080000114 (0x068fb687) f14 0xffffffff7ccef998
3 0x0080000118 (0x070fa707) f15 0xb08a76ac6f82653d
3 0x008000011c (0x078fb787) f16 0xcae70c069833a4a2
3 0x0080000120 (0x080fb807) f17 0xffffffff522293b4
3 0x0080000124 (0x088fa887) f18 0xffffffff29c70797
3 0x0080000128 (0x090fa907) f19 0xffffffff17713572
3 0x008000012c (0x098fa987) f20 0x09a496a7b1f47ae2
3 0x0080000130 (0x0a0fba07) f21 0xffffffff33909dfe
3 0x0080000134 (0x0a8faa87) f22 0x87714a4bd70b76f5
3 0x0080000138 (0x0b0fbb07) f23 0x0000000000000000
3 0x008000013c (0x0b8fbb87) f24 0x0000000000000000
3 0x0080000140 (0x0c0fbc07) f25 0x00000000800610e0
3 0x0080000144 (0x0c8fbc87) f26 0x99f6e30269d69cb3
3 0x0080000148 (0x0d0fbd07) f27 0x8d69b38a05ba3b85
3 0x008000014c (0x0d8fbd87) f28 0x826005530397662b
3 0x0080000150 (0x0e0fbe07) f29 0xffffffffa1dd6b0c
3 0x0080000154 (0x0e8fae87) f30 0xffffffff80d12847
3 0x0080000158 (0x0f0faf07) f31 0x0000000080020000
3 0x008000015c (0x0f8faf87)
3 0x0080000160 (0x00008067) x10 0x00000000800020cc
3 0x00800000cc (0x00002517) x10 0x0000000080002858
3 0x00800000d0 (0x78c50513)
3 0x00800000d4 (0x5840206f) f4 0xc0828cfe4023973f
3 0x0080002658 (0xf14027f3) f5 0x471378496e8acbae
3 0x008000265c (0x1a079463) x14 0x196e3421403ad3a2
3 0x0080002660 (0x00005797) x15 0xffffffffcba2ffb6
3 0x0080002664 (0x9a078793) x15 0x0000000000080007
3 0x0080002668 (0x00c7d793) x2 0x0000000080060fb0
3 0x008000266c (0xed010113) x15 0x0000000020001c00
3 0x0080002670 (0x00a79793)
3 0x0080002674 (0x12813023)
3 0x0080002678 (0x12113423) x11 0x000000008000667c
3 0x008000267c (0x00004597) f14 0xffffffff7ccef998
3 0x0080002680 (0x98458593) x15 0x0000000020001c01
3 0x0080002684 (0x0017e793) x8 0x0000000080002858
3 0x0080002688 (0x00050413)
3 0x008000268c (0xfef5bc23) x10 0x0000000080008690
3 0x0080002690 (0x00006517) x10 0xffffffff17713572
3 0x0080002694 (0x97050513) x15 0x0000000020000000
3 0x0080002698 (0x200007b7) x13 0x0000000000080006
3 0x008000269c (0x00c5d693) x14 0x0000000000080008
3 0x00800026a0 (0x00c55713) x15 0x00000000200000cf
3 0x00800026a4 (0x0cf78793) x16 0x00000000800056a8
3 0x00800026a8 (0x00003817) x16 0xb9e399cdc79704de
3 0x00800026ac (0x95880813)
3 0x00800026b0 (0xfef53c23) x13 0x0000000020001800
3 0x00800026b4 (0x00a69693) x14 0x0000000020002000
3 0x00800026b8 (0x00a71713) x15 0xffffffffffffffff
3 0x00800026bc (0xfff00793) x13 0xffffffff80d12847
3 0x00800026c0 (0x0016e693) x14 0x0000000020002001
3 0x00800026c4 (0x00176713) x12 0x0000000000080005
3 0x00800026c8 (0x00c85613) x15 0x8000000000000000
3 0x00800026cc (0x03f79793)
3 0x00800026d0 (0x00d83023)
3 0x00800026d4 (0x00e5b023) x15 0x8000000000080005
3 0x00800026d8 (0x00f667b3)
3 0x00800026dc (0x18079073) x15 0x0000000080007660
3 0x00800026e0 (0x18002773) x15 0x0000000080007000
3 0x00800026e4 (0x00e78463) x15 0x0000000000080007
3 0x00800026ec (0xfff00793) x14 0x000000000000001f
3 0x00800026f0 (0x01f00713) x15 0x001fffffffffffff
3 0x00800026f4 (0x00b7d793) x5 0x00000000800026f8
3 0x00800026f8 (0x00000297) x5 0x2da5d4a95791b497
3 0x00800026fc (0x01428293) x11 0x000000008000667c
3 0x0080002700 (0x305292f3) x11 0x0000000080006000
3 0x0080002704 (0x3b079073) x15 0x0000000020001c01
3 0x0080002708 (0x3a071073) x8 0x0000000080002858
3 0x008000270c (0x30529073)
3 0x0080002710 (0xbff00813) x16 0xffffffff7fe00000
3 0x0080002714 (0x01581813) x15 0x0000000080000718
3 0x0080002718 (0xffffe797) x15 0x0000000020000000
3 0x008000271c (0xd5478793) x15 0xffffffffffe0046c
3 0x0080002720 (0x010787b3) x14 0x0000000000080008
3 0x0080002724 (0x10579073) x15 0x00000000200000cf
3 0x0080002728 (0x340027f3) x16 0x00000000800056a8
3 0x008000272c (0x010787b3) x16 0x0000000080005000
3 0x0080002730 (0x14079073)
3 0x0080002734 (0x0000b7b7) x15 0x000000000000b100
3 0x0080002738 (0x1007879b) x14 0x0000000020002000
3 0x008000273c (0x30279073) x15 0xffffffffffffffff
3 0x0080002740 (0x0001e7b7) x13 0x0000000020001801
3 0x0080002744 (0x30079073) x14 0x0000000020002001
3 0x0080002748 (0x30405073) x12 0x0000000000080005
3 0x008000274c (0x00002717) x14 0x8000000000000000
3 0x0080002750 (0x0a470713) x15 0xffffffff7fe007e0
3 0x0080002754 (0x7e080793) x13 0xffffffffffe047f0
3 0x0080002758 (0x010706b3) x15 0xffffffffffe04fd0
3 0x008000275c (0x00f707b3) x17 0x0000000000080000
3 0x0080002760 (0x000808b7) x12 0x0000000080009764
3 0x0080002764 (0x00007617)
3 0x0080002768 (0x8ad63223) x6 0x000000008000576c
3 0x008000276c (0x00003317) x6 0x0000000080004fe0
3 0x0080002770 (0x87430313) x13 0x0000000080009774
3 0x0080002774 (0x00007697)
3 0x0080002778 (0x88f6b623) x17 0x000000000008007f
3 0x008000277c (0x07f88893) x15 0x00000000800001a0
3 0x0080002780 (0x04b00793) x16 0xffffffff7fe00010
3 0x0080002784 (0x01080813) x12 0x0000000000000025
3 0x0080002788 (0x0017d613) x13 0x00000000000800ca
3 0x008000278c (0x011786b3) x15 0x000000000000006e
3 0x0080002790 (0x00f647b3) x11 0xffffffffffe04800
3 0x0080002794 (0x010705b3) x13 0x00000000800ca000
3 0x0080002798 (0x00c69693) x15 0x0000000000000dc0
3 0x008000279c (0x00579793)
3 0x00800027a0 (0x00d73023)
3 0x00800027a4 (0x00b73423) x15 0x0000000000000000
3 0x00800027a8 (0x0207f793) x14 0x0000000080004800
3 0x00800027ac (0x01070713) x15 0x0000000000000025
3 0x00800027b0 (0x00f667b3)
3 0x00800027b4 (0xfce31ae3) x12 0x0000000000000012
3 0x0080002788 (0x0017d613) x13 0x00000000000800a4
3 0x008000278c (0x011786b3) x15 0x0000000000000037
3 0x0080002790 (0x00f647b3) x11 0xffffffffffe04810
3 0x0080002794 (0x010705b3) x13 0x00000000800a4000
3 0x0080002798 (0x00c69693) x15 0x00000000000006e0
3 0x008000279c (0x00579793)
3 0x00800027a0 (0x00d73023)
3 0x00800027a4 (0x00b73423) x15 0x0000000000000020
3 0x00800027a8 (0x0207f793) x14 0x0000000080004810
3 0x00800027ac (0x01070713) x15 0x0000000000000032
3 0x00800027b0 (0x00f667b3)
3 0x00800027b4 (0xfce31ae3) x12 0x0000000000000019
3 0x0080002788 (0x0017d613) x13 0x00000000000800b1
3 0x008000278c (0x011786b3) x15 0x000000000000002b
3 0x0080002790 (0x00f647b3) x11 0xffffffffffe04820
3 0x0080002794 (0x010705b3) x13 0x00000000800b1000
3 0x0080002798 (0x00c69693) x15 0x0000000000000560
3 0x008000279c (0x00579793)
3 0x00800027a0 (0x00d73023)
3 0x00800027a4 (0x00b73423) x15 0x0000000000000020
3 0x00800027a8 (0x0207f793) x14 0x0000000080004820
3 0x00800027ac (0x01070713) x15 0x0000000000000039
3 0x00800027b0 (0x00f667b3)
3 0x00800027b4 (0xfce31ae3) x12 0x000000000000001c
3 0x0080002788 (0x0017d613) x13 0x00000000000800b8
3 0x008000278c (0x011786b3) x15 0x0000000000000025
3 0x0080002790 (0x00f647b3) x11 0xffffffffffe04830
3 0x0080002794 (0x010705b3) x13 0x00000000800b8000
3 0x0080002798 (0x00c69693) x15 0x00000000000004a0
3 0x008000279c (0x00579793)
3 0x00800027a0 (0x00d73023)
3 0x00800027a4 (0x00b73423) x15 0x0000000000000020
3 0x00800027a8 (0x0207f793) x14 0x0000000080004830
3 0x00800027ac (0x01070713) x15 0x000000000000003c
3 0x00800027b0 (0x00f667b3)
3 0x00800027b4 (0xfce31ae3) x12 0x000000000000001e
3 0x0080002788 (0x0017d613) x13 0x00000000000800bb
3 0x008000278c (0x011786b3) x15 0x0000000000000022
3 0x0080002790 (0x00f647b3) x11 0xffffffffffe04840
3 0x0080002794 (0x010705b3) x13 0x00000000800bb000
3 0x0080002798 (0x00c69693) x15 0x0000000000000440
3 0x008000279c (0x00579793)
3 0x00800027a0 (0x00d73023)
3 0x00800027a4 (0x00b73423) x15 0x0000000000000000
3 0x00800027a8 (0x0207f793) x14 0x0000000080004840
3 0x00800027ac (0x01070713) x15 0x000000000000001e
3 0x00800027b0 (0x00f667b3)
3 0x00800027b4 (0xfce31ae3) x12 0x000000000000000f
3 0x0080002788 (0x0017d613) x13 0x000000000008009d
3 0x008000278c (0x011786b3) x15 0x0000000000000011
3 0x0080002790 (0x00f647b3) x11 0xffffffffffe04850
3 0x0080002794 (0x010705b3) x13 0x000000008009d000
3 0x0080002798 (0x00c69693) x15 0x0000000000000220
3 0x008000279c (0x00579793)
3 0x00800027a0 (0x00d73023)
3 0x00800027a4 (0x00b73423) x15 0x0000000000000020
3 0x00800027a8 (0x0207f793) x14 0x0000000080004850
3 0x00800027ac (0x01070713) x15 0x000000000000002f
3 0x00800027b0 (0x00f667b3)
3 0x00800027b4 (0xfce31ae3) x12 0x0000000000000017
3 0x0080002788 (0x0017d613) x13 0x00000000000800ae
3 0x008000278c (0x011786b3) x15 0x0000000000000038
3 0x0080002790 (0x00f647b3) x11 0xffffffffffe04860
3 0x0080002794 (0x010705b3) x13 0x00000000800ae000
3 0x0080002798 (0x00c69693) x15 0x0000000000000700
3 0x008000279c (0x00579793)
3 0x00800027a0 (0x00d73023)
3 0x00800027a4 (0x00b73423) x15 0x0000000000000000
3 0x00800027a8 (0x0207f793) x14 0x0000000080004860
3 0x00800027ac (0x01070713) x15 0x0000000000000017
3 0x00800027b0 (0x00f667b3)
3 0x00800027b4 (0xfce31ae3) x12 0x000000000000000b
3 0x0080002788 (0x0017d613) x13 0x0000000000080096
3 0x008000278c (0x011786b3) x15 0x000000000000001c
3 0x0080002790 (0x00f647b3) x11 0xffffffffffe04870
3 0x0080002794 (0x010705b3) x13 0x0000000080096000
3 0x0080002798 (0x00c69693) x15 0x0000000000000380
3 0x008000279c (0x00579793)
3 0x00800027a0 (0x00d73023)
3 0x00800027a4 (0x00b73423) x15 0x0000000000000000
3 0x00800027a8 (0x0207f793) x14 0x0000000080004870
3 0x00800027ac (0x01070713) x15 0x000000000000000b
3 0x00800027b0 (0x00f667b3)
3 0x00800027b4 (0xfce31ae3) x12 0x0000000000000005
3 0x0080002788 (0x0017d613) x13 0x000000000008008a
3 0x008000278c (0x011786b3) x15 0x000000000000000e
3 0x0080002790 (0x00f647b3) x11 0xffffffffffe04880
3 0x0080002794 (0x010705b3) x13 0x000000008008a000
3 0x0080002798 (0x00c69693) x15 0x00000000000001c0
3 0x008000279c (0x00579793)
3 0x00800027a0 (0x00d73023)
3 0x00800027a4 (0x00b73423) x15 0x0000000000000000
3 0x00800027a8 (0x0207f793) x14 0x0000000080004880
3 0x00800027ac (0x01070713) x15 0x0000000000000005
3 0x00800027b0 (0x00f667b3)
3 0x00800027b4 (0xfce31ae3) x12 0x0000000000000002
3 0x0080002788 (0x0017d613) x13 0x0000000000080084
3 0x008000278c (0x011786b3) x15 0x0000000000000007
3 0x0080002790 (0x00f647b3) x11 0xffffffffffe04890
3 0x0080002794 (0x010705b3) x13 0x0000000080084000
3 0x0080002798 (0x00c69693) x15 0x00000000000000e0
3 0x008000279c (0x00579793)
3 0x00800027a0 (0x00d73023)
3 0x00800027a4 (0x00b73423) x15 0x0000000000000020
3 0x00800027a8 (0x0207f793) x14 0x0000000080004890
3 0x00800027ac (0x01070713) x15 0x0000000000000022
3 0x00800027b0 (0x00f667b3)
3 0x00800027b4 (0xfce31ae3) x12 0x0000000000000011
3 0x0080002788 (0x0017d613) x13 0x00000000000800a1
3 0x008000278c (0x011786b3) x15 0x0000000000000033
3 0x0080002790 (0x00f647b3) x11 0xffffffffffe048a0
3 0x0080002794 (0x010705b3) x13 0x00000000800a1000
3 0x0080002798 (0x00c69693) x15 0x0000000000000660
3 0x008000279c (0x00579793)
3 0x00800027a0 (0x00d73023)
3 0x00800027a4 (0x00b73423) x15 0x0000000000000020
3 0x00800027a8 (0x0207f793) x14 0x00000000800048a0
3 0x00800027ac (0x01070713) x15 0x0000000000000031
3 0x00800027b0 (0x00f667b3)
3 0x00800027b4 (0xfce31ae3) x12 0x0000000000000018
3 0x0080002788 (0x0017d613) x13 0x00000000000800b0
3 0x008000278c (0x011786b3) x15 0x0000000000000029
3 0x0080002790 (0x00f647b3) x11 0xffffffffffe048b0
3 0x0080002794 (0x010705b3) x13 0x00000000800b0000
3 0x0080002798 (0x00c69693) x15 0x0000000000000520
3 0x008000279c (0x00579793)
3 0x00800027a0 (0x00d73023)
3 0x00800027a4 (0x00b73423) x15 0x0000000000000020
3 0x00800027a8 (0x0207f793) x14 0x00000000800048b0
3 0x00800027ac (0x01070713) x15 0x0000000000000038
3 0x00800027b0 (0x00f667b3)
3 0x00800027b4 (0xfce31ae3) x12 0x000000000000001c
3 0x0080002788 (0x0017d613) x13 0x00000000000800b7
3 0x008000278c (0x011786b3) x15 0x0000000000000024
3 0x0080002790 (0x00f647b3) x11 0xffffffffffe048c0
3 0x0080002794 (0x010705b3) x13 0x00000000800b7000
3 0x0080002798 (0x00c69693) x15 0x0000000000000480
3 0x008000279c (0x00579793)
3 0x00800027a0 (0x00d73023)
3 0x00800027a4 (0x00b73423) x15 0x0000000000000000
3 0x00800027a8 (0x0207f793) x14 0x00000000800048c0
3 0x00800027ac (0x01070713) x15 0x000000000000001c
3 0x00800027b0 (0x00f667b3)
3 0x00800027b4 (0xfce31ae3) x12 0x000000000000000e
3 0x0080002788 (0x0017d613) x13 0x000000000008009b
3 0x008000278c (0x011786b3) x15 0x0000000000000012
3 0x0080002790 (0x00f647b3) x11 0xffffffffffe048d0
3 0x0080002794 (0x010705b3) x13 0x000000008009b000
3 0x0080002798 (0x00c69693) x15 0x0000000000000240
3 0x008000279c (0x00579793)
3 0x00800027a0 (0x00d73023)
3 0x00800027a4 (0x00b73423) x15 0x0000000000000000
3 0x00800027a8 (0x0207f793) x14 0x00000000800048d0
3 0x00800027ac (0x01070713) x15 0x000000000000000e
3 0x00800027b0 (0x00f667b3)
3 0x00800027b4 (0xfce31ae3) x12 0x0000000000000007
3 0x0080002788 (0x0017d613) x13 0x000000000008008d
3 0x008000278c (0x011786b3) x15 0x0000000000000009
3 0x0080002790 (0x00f647b3) x11 0xffffffffffe048e0
3 0x0080002794 (0x010705b3) x13 0x000000008008d000
3 0x0080002798 (0x00c69693) x15 0x0000000000000120
3 0x008000279c (0x00579793)
3 0x00800027a0 (0x00d73023)
3 0x00800027a4 (0x00b73423) x15 0x0000000000000020
3 0x00800027a8 (0x0207f793) x14 0x00000000800048e0
3 0x00800027ac (0x01070713) x15 0x0000000000000027
3 0x00800027b0 (0x00f667b3)
3 0x00800027b4 (0xfce31ae3) x12 0x0000000000000013
3 0x0080002788 (0x0017d613) x13 0x00000000000800a6
3 0x008000278c (0x011786b3) x15 0x0000000000000034
3 0x0080002790 (0x00f647b3) x11 0xffffffffffe048f0
3 0x0080002794 (0x010705b3) x13 0x00000000800a6000
3 0x0080002798 (0x00c69693) x15 0x0000000000000680
3 0x008000279c (0x00579793)
3 0x00800027a0 (0x00d73023)
3 0x00800027a4 (0x00b73423) x15 0x0000000000000000
3 0x00800027a8 (0x0207f793) x14 0x00000000800048f0
3 0x00800027ac (0x01070713) x15 0x0000000000000013
3 0x00800027b0 (0x00f667b3)
3 0x00800027b4 (0xfce31ae3) x12 0x0000000000000009
3 0x0080002788 (0x0017d613) x13 0x0000000000080092
3 0x008000278c (0x011786b3) x15 0x000000000000001a
3 0x0080002790 (0x00f647b3) x11 0xffffffffffe04900
3 0x0080002794 (0x010705b3) x13 0x0000000080092000
3 0x0080002798 (0x00c69693) x15 0x0000000000000340
3 0x008000279c (0x00579793)
3 0x00800027a0 (0x00d73023)
3 0x00800027a4 (0x00b73423) x15 0x0000000000000000
3 0x00800027a8 (0x0207f793) x14 0x0000000080004900
3 0x00800027ac (0x01070713) x15 0x0000000000000009
3 0x00800027b0 (0x00f667b3)
3 0x00800027b4 (0xfce31ae3) x12 0x0000000000000004
3 0x0080002788 (0x0017d613) x13 0x0000000000080088
3 0x008000278c (0x011786b3) x15 0x000000000000000d
3 0x0080002790 (0x00f647b3) x11 0xffffffffffe04910
3 0x0080002794 (0x010705b3) x13 0x0000000080088000
3 0x0080002798 (0x00c69693) x15 0x00000000000001a0
3 0x008000279c (0x00579793)
3 0x00800027a0 (0x00d73023)
3 0x00800027a4 (0x00b73423) x15 0x0000000000000020
3 0x00800027a8 (0x0207f793) x14 0x0000000080004910
3 0x00800027ac (0x01070713) x15 0x0000000000000024
3 0x00800027b0 (0x00f667b3)
3 0x00800027b4 (0xfce31ae3) x12 0x0000000000000012
3 0x0080002788 (0x0017d613) x13 0x00000000000800a3
3 0x008000278c (0x011786b3) x15 0x0000000000000036
3 0x0080002790 (0x00f647b3) x11 0xffffffffffe04920
3 0x0080002794 (0x010705b3) x13 0x00000000800a3000
3 0x0080002798 (0x00c69693) x15 0x00000000000006c0
3 0x008000279c (0x00579793)
3 0x00800027a0 (0x00d73023)
3 0x00800027a4 (0x00b73423) x15 0x0000000000000000
3 0x00800027a8 (0x0207f793) x14 0x0000000080004920
3 0x00800027ac (0x01070713) x15 0x0000000000000012
3 0x00800027b0 (0x00f667b3)
3 0x00800027b4 (0xfce31ae3) x12 0x0000000000000009
3 0x0080002788 (0x0017d613) x13 0x0000000000080091
3 0x008000278c (0x011786b3) x15 0x000000000000001b
3 0x0080002790 (0x00f647b3) x11 0xffffffffffe04930
3 0x0080002794 (0x010705b3) x13 0x0000000080091000
3 0x0080002798 (0x00c69693) x15 0x0000000000000360
3 0x008000279c (0x00579793)
3 0x00800027a0 (0x00d73023)
3 0x00800027a4 (0x00b73423) x15 0x0000000000000020
3 0x00800027a8 (0x0207f793) x14 0x0000000080004930
3 0x00800027ac (0x01070713) x15 0x0000000000000029
3 0x00800027b0 (0x00f667b3)
3 0x00800027b4 (0xfce31ae3) x12 0x0000000000000014
3 0x0080002788 (0x0017d613) x13 0x00000000000800a8
3 0x008000278c (0x011786b3) x15 0x000000000000003d
3 0x0080002790 (0x00f647b3) x11 0xffffffffffe04940
3 0x0080002794 (0x010705b3) x13 0x00000000800a8000
3 0x0080002798 (0x00c69693) x15 0x00000000000007a0
3 0x008000279c (0x00579793)
3 0x00800027a0 (0x00d73023)
3 0x00800027a4 (0x00b73423) x15 0x0000000000000020
3 0x00800027a8 (0x0207f793) x14 0x0000000080004940
3 0x00800027ac (0x01070713) x15 0x0000000000000034
3 0x00800027b0 (0x00f667b3)
3 0x00800027b4 (0xfce31ae3) x12 0x000000000000001a
3 0x0080002788 (0x0017d613) x13 0x00000000000800b3
3 0x008000278c (0x011786b3) x15 0x000000000000002e
3 0x0080002790 (0x00f647b3) x11 0xffffffffffe04950
3 0x0080002794 (0x010705b3) x13 0x00000000800b3000
3 0x0080002798 (0x00c69693) x15 0x00000000000005c0
3 0x008000279c (0x00579793)
3 0x00800027a0 (0x00d73023)
3 0x00800027a4 (0x00b73423) x15 0x0000000000000000
3 0x00800027a8 (0x0207f793) x14 0x0000000080004950
3 0x00800027ac (0x01070713) x15 0x000000000000001a
3 0x00800027b0 (0x00f667b3)
3 0x00800027b4 (0xfce31ae3) x12 0x000000000000000d
3 0x0080002788 (0x0017d613) x13 0x0000000000080099
3 0x008000278c (0x011786b3) x15 0x0000000000000017
3 0x0080002790 (0x00f647b3) x11 0xffffffffffe04960
3 0x0080002794 (0x010705b3) x13 0x0000000080099000
3 0x0080002798 (0x00c69693) x15 0x00000000000002e0
3 0x008000279c (0x00579793)
3 0x00800027a0 (0x00d73023)
3 0x00800027a4 (0x00b73423) x15 0x0000000000000020
3 0x00800027a8 (0x0207f793) x14 0x0000000080004960
3 0x00800027ac (0x01070713) x15 0x000000000000002d
3 0x00800027b0 (0x00f667b3)
3 0x00800027b4 (0xfce31ae3) x12 0x0000000000000016
3 0x0080002788 (0x0017d613) x13 0x00000000000800ac
3 0x008000278c (0x011786b3) x15 0x000000000000003b
3 0x0080002790 (0x00f647b3) x11 0xffffffffffe04970
3 0x0080002794 (0x010705b3) x13 0x00000000800ac000
3 0x0080002798 (0x00c69693) x15 0x0000000000000760
3 0x008000279c (0x00579793)
3 0x00800027a0 (0x00d73023)
3 0x00800027a4 (0x00b73423) x15 0x0000000000000020
3 0x00800027a8 (0x0207f793) x14 0x0000000080004970
3 0x00800027ac (0x01070713) x15 0x0000000000000036
3 0x00800027b0 (0x00f667b3)
3 0x00800027b4 (0xfce31ae3) x12 0x000000000000001b
3 0x0080002788 (0x0017d613) x13 0x00000000000800b5
3 0x008000278c (0x011786b3) x15 0x000000000000002d
3 0x0080002790 (0x00f647b3) x11 0xffffffffffe04980
3 0x0080002794 (0x010705b3) x13 0x00000000800b5000
3 0x0080002798 (0x00c69693) x15 0x00000000000005a0
3 0x008000279c (0x00579793)
3 0x00800027a0 (0x00d73023)
3 0x00800027a4 (0x00b73423) x15 0x0000000000000020
3 0x00800027a8 (0x0207f793) x14 0x0000000080004980
3 0x00800027ac (0x01070713) x15 0x000000000000003b
3 0x00800027b0 (0x00f667b3)
3 0x00800027b4 (0xfce31ae3) x12 0x000000000000001d
3 0x0080002788 (0x0017d613) x13 0x00000000000800ba
3 0x008000278c (0x011786b3) x15 0x0000000000000026
3 0x0080002790 (0x00f647b3) x11 0xffffffffffe04990
3 0x0080002794 (0x010705b3) x13 0x00000000800ba000
3 0x0080002798 (0x00c69693) x15 0x00000000000004c0
3 0x008000279c (0x00579793)
3 0x00800027a0 (0x00d73023)
3 0x00800027a4 (0x00b73423) x15 0x0000000000000000
3 0x00800027a8 (0x0207f793) x14 0x0000000080004990
3 0x00800027ac (0x01070713) x15 0x000000000000001d
3 0x00800027b0 (0x00f667b3)
3 0x00800027b4 (0xfce31ae3) x12 0x000000000000000e
3 0x0080002788 (0x0017d613) x13 0x000000000008009c
3 0x008000278c (0x011786b3) x15 0x0000000000000013
3 0x0080002790 (0x00f647b3) x11 0xffffffffffe049a0
3 0x0080002794 (0x010705b3) x13 0x000000008009c000
3 0x0080002798 (0x00c69693) x15 0x0000000000000260
3 0x008000279c (0x00579793)
3 0x00800027a0 (0x00d73023)
3 0x00800027a4 (0x00b73423) x15 0x0000000000000020
3 0x00800027a8 (0x0207f793) x14 0x00000000800049a0
3 0x00800027ac (0x01070713) x15 0x000000000000002e
3 0x00800027b0 (0x00f667b3)
3 0x00800027b4 (0xfce31ae3) x12 0x0000000000000017
3 0x0080002788 (0x0017d613) x13 0x00000000000800ad
3 0x008000278c (0x011786b3) x15 0x0000000000000039
3 0x0080002790 (0x00f647b3) x11 0xffffffffffe049b0
3 0x0080002794 (0x010705b3) x13 0x00000000800ad000
3 0x0080002798 (0x00c69693) x15 0x0000000000000720
3 0x008000279c (0x00579793)
3 0x00800027a0 (0x00d73023)
3 0x00800027a4 (0x00b73423) x15 0x0000000000000020
3 0x00800027a8 (0x0207f793) x14 0x00000000800049b0
3 0x00800027ac (0x01070713) x15 0x0000000000000037
3 0x00800027b0 (0x00f667b3)
3 0x00800027b4 (0xfce31ae3) x12 0x000000000000001b
3 0x0080002788 (0x0017d613) x13 0x00000000000800b6
3 0x008000278c (0x011786b3) x15 0x000000000000002c
3 0x0080002790 (0x00f647b3) x11 0xffffffffffe049c0
3 0x0080002794 (0x010705b3) x13 0x00000000800b6000
3 0x0080002798 (0x00c69693) x15 0x0000000000000580
3 0x008000279c (0x00579793)
3 0x00800027a0 (0x00d73023)
3 0x00800027a4 (0x00b73423) x15 0x0000000000000000
3 0x00800027a8 (0x0207f793) x14 0x00000000800049c0
3 0x00800027ac (0x01070713) x15 0x000000000000001b
3 0x00800027b0 (0x00f667b3)
3 0x00800027b4 (0xfce31ae3) x12 0x000000000000000d
3 0x0080002788 (0x0017d613) x13 0x000000000008009a
3 0x008000278c (0x011786b3) x15 0x0000000000000016
3 0x0080002790 (0x00f647b3) x11 0xffffffffffe049d0
3 0x0080002794 (0x010705b3) x13 0x000000008009a000
3 0x0080002798 (0x00c69693) x15 0x00000000000002c0
3 0x008000279c (0x00579793)
3 0x00800027a0 (0x00d73023)
3 0x00800027a4 (0x00b73423) x15 0x0000000000000000
3 0x00800027a8 (0x0207f793) x14 0x00000000800049d0
3 0x00800027ac (0x01070713) x15 0x000000000000000d
3 0x00800027b0 (0x00f667b3)
3 0x00800027b4 (0xfce31ae3) x12 0x0000000000000006
3 0x0080002788 (0x0017d613) x13 0x000000000008008c
3 0x008000278c (0x011786b3) x15 0x000000000000000b
3 0x0080002790 (0x00f647b3) x11 0xffffffffffe049e0
3 0x0080002794 (0x010705b3) x13 0x000000008008c000
3 0x0080002798 (0x00c69693) x15 0x0000000000000160
3 0x008000279c (0x00579793)
3 0x00800027a0 (0x00d73023)
3 0x00800027a4 (0x00b73423) x15 0x0000000000000020
3 0x00800027a8 (0x0207f793) x14 0x00000000800049e0
3 0x00800027ac (0x01070713) x15 0x0000000000000026
3 0x00800027b0 (0x00f667b3)
3 0x00800027b4 (0xfce31ae3) x12 0x0000000000000013
3 0x0080002788 (0x0017d613) x13 0x00000000000800a5
3 0x008000278c (0x011786b3) x15 0x0000000000000035
3 0x0080002790 (0x00f647b3) x11 0xffffffffffe049f0
3 0x0080002794 (0x010705b3) x13 0x00000000800a5000
3 0x0080002798 (0x00c69693) x15 0x00000000000006a0
3 0x008000279c (0x00579793)
3 0x00800027a0 (0x00d73023)
3 0x00800027a4 (0x00b73423) x15 0x0000000000000020
3 0x00800027a8 (0x0207f793) x14 0x00000000800049f0
3 0x00800027ac (0x01070713) x15 0x0000000000000033
3 0x00800027b0 (0x00f667b3)
3 0x00800027b4 (0xfce31ae3) x12 0x0000000000000019
3 0x0080002788 (0x0017d613) x13 0x00000000000800b2
3 0x008000278c (0x011786b3) x15 0x000000000000002a
3 0x0080002790 (0x00f647b3) x11 0xffffffffffe04a00
3 0x0080002794 (0x010705b3) x13 0x00000000800b2000
3 0x0080002798 (0x00c69693) x15 0x0000000000000540
3 0x008000279c (0x00579793)
3 0x00800027a0 (0x00d73023)
3 0x00800027a4 (0x00b73423) x15 0x0000000000000000
3 0x00800027a8 (0x0207f793) x14 0x0000000080004a00
3 0x00800027ac (0x01070713) x15 0x0000000000000019
3 0x00800027b0 (0x00f667b3)
3 0x00800027b4 (0xfce31ae3) x12 0x000000000000000c
3 0x0080002788 (0x0017d613) x13 0x0000000000080098
3 0x008000278c (0x011786b3) x15 0x0000000000000015
3 0x0080002790 (0x00f647b3) x11 0xffffffffffe04a10
3 0x0080002794 (0x010705b3) x13 0x0000000080098000
3 0x0080002798 (0x00c69693) x15 0x00000000000002a0
3 0x008000279c (0x00579793)
3 0x00800027a0 (0x00d73023)
3 0x00800027a4 (0x00b73423) x15 0x0000000000000020
3 0x00800027a8 (0x0207f793) x14 0x0000000080004a10
3 0x00800027ac (0x01070713) x15 0x000000000000002c
3 0x00800027b0 (0x00f667b3)
3 0x00800027b4 (0xfce31ae3) x12 0x0000000000000016
3 0x0080002788 (0x0017d613) x13 0x00000000000800ab
3 0x008000278c (0x011786b3) x15 0x000000000000003a
3 0x0080002790 (0x00f647b3) x11 0xffffffffffe04a20
3 0x0080002794 (0x010705b3) x13 0x00000000800ab000
3 0x0080002798 (0x00c69693) x15 0x0000000000000740
3 0x008000279c (0x00579793)
3 0x00800027a0 (0x00d73023)
3 0x00800027a4 (0x00b73423) x15 0x0000000000000000
3 0x00800027a8 (0x0207f793) x14 0x0000000080004a20
3 0x00800027ac (0x01070713) x15 0x0000000000000016
3 0x00800027b0 (0x00f667b3)
3 0x00800027b4 (0xfce31ae3) x12 0x000000000000000b
3 0x0080002788 (0x0017d613) x13 0x0000000000080095
3 0x008000278c (0x011786b3) x15 0x000000000000001d
3 0x0080002790 (0x00f647b3) x11 0xffffffffffe04a30
3 0x0080002794 (0x010705b3) x13 0x0000000080095000
3 0x0080002798 (0x00c69693) x15 0x00000000000003a0
3 0x008000279c (0x00579793)
3 0x00800027a0 (0x00d73023)
3 0x00800027a4 (0x00b73423) x15 0x0000000000000020
3 0x00800027a8 (0x0207f793) x14 0x0000000080004a30
3 0x00800027ac (0x01070713) x15 0x000000000000002b
3 0x00800027b0 (0x00f667b3)
3 0x00800027b4 (0xfce31ae3) x12 0x0000000000000015
3 0x0080002788 (0x0017d613) x13 0x00000000000800aa
3 0x008000278c (0x011786b3) x15 0x000000000000003e
3 0x0080002790 (0x00f647b3) x11 0xffffffffffe04a40
3 0x0080002794 (0x010705b3) x13 0x00000000800aa000
3 0x0080002798 (0x00c69693) x15 0x00000000000007c0
3 0x008000279c (0x00579793)
3 0x00800027a0 (0x00d73023)
3 0x00800027a4 (0x00b73423) x15 0x0000000000000000
3 0x00800027a8 (0x0207f793) x14 0x0000000080004a40
3 0x00800027ac (0x01070713) x15 0x0000000000000015
3 0x00800027b0 (0x00f667b3)
3 0x00800027b4 (0xfce31ae3) x12 0x000000000000000a
3 0x0080002788 (0x0017d613) x13 0x0000000000080094
3 0x008000278c (0x011786b3) x15 0x000000000000001f
3 0x0080002790 (0x00f647b3) x11 0xffffffffffe04a50
3 0x0080002794 (0x010705b3) x13 0x0000000080094000
3 0x0080002798 (0x00c69693) x15 0x00000000000003e0
3 0x008000279c (0x00579793)
3 0x00800027a0 (0x00d73023)
3 0x00800027a4 (0x00b73423) x15 0x0000000000000020
3 0x00800027a8 (0x0207f793) x14 0x0000000080004a50
3 0x00800027ac (0x01070713) x15 0x000000000000002a
3 0x00800027b0 (0x00f667b3)
3 0x00800027b4 (0xfce31ae3) x12 0x0000000000000015
3 0x0080002788 (0x0017d613) x13 0x00000000000800a9
3 0x008000278c (0x011786b3) x15 0x000000000000003f
3 0x0080002790 (0x00f647b3) x11 0xffffffffffe04a60
3 0x0080002794 (0x010705b3) x13 0x00000000800a9000
3 0x0080002798 (0x00c69693) x15 0x00000000000007e0
3 0x008000279c (0x00579793)
3 0x00800027a0 (0x00d73023)
3 0x00800027a4 (0x00b73423) x15 0x0000000000000020
3 0x00800027a8 (0x0207f793) x14 0x0000000080004a60
3 0x00800027ac (0x01070713) x15 0x0000000000000035
3 0x00800027b0 (0x00f667b3)
3 0x00800027b4 (0xfce31ae3) x12 0x000000000000001a
3 0x0080002788 (0x0017d613) x13 0x00000000000800b4
3 0x008000278c (0x011786b3) x15 0x000000000000002f
3 0x0080002790 (0x00f647b3) x11 0xffffffffffe04a70
3 0x0080002794 (0x010705b3) x13 0x00000000800b4000
3 0x0080002798 (0x00c69693) x15 0x00000000000005e0
3 0x008000279c (0x00579793)
3 0x00800027a0 (0x00d73023)
3 0x00800027a4 (0x00b73423) x15 0x0000000000000020
3 0x00800027a8 (0x0207f793) x14 0x0000000080004a70
3 0x00800027ac (0x01070713) x15 0x000000000000003a
3 0x00800027b0 (0x00f667b3)
3 0x00800027b4 (0xfce31ae3) x12 0x000000000000001d
3 0x0080002788 (0x0017d613) x13 0x00000000000800b9
3 0x008000278c (0x011786b3) x15 0x0000000000000027
3 0x0080002790 (0x00f647b3) x11 0xffffffffffe04a80
3 0x0080002794 (0x010705b3) x13 0x00000000800b9000
3 0x0080002798 (0x00c69693) x15 0x00000000000004e0
3 0x008000279c (0x00579793)
3 0x00800027a0 (0x00d73023)
3 0x00800027a4 (0x00b73423) x15 0x0000000000000020
3 0x00800027a8 (0x0207f793) x14 0x0000000080004a80
3 0x00800027ac (0x01070713) x15 0x000000000000003d
3 0x00800027b0 (0x00f667b3)
3 0x00800027b4 (0xfce31ae3) x12 0x000000000000001e
3 0x0080002788 (0x0017d613) x13 0x00000000000800bc
3 0x008000278c (0x011786b3) x15 0x0000000000000023
3 0x0080002790 (0x00f647b3) x11 0xffffffffffe04a90
3 0x0080002794 (0x010705b3) x13 0x00000000800bc000
3 0x0080002798 (0x00c69693) x15 0x0000000000000460
3 0x008000279c (0x00579793)
3 0x00800027a0 (0x00d73023)
3 0x00800027a4 (0x00b73423) x15 0x0000000000000020
3 0x00800027a8 (0x0207f793) x14 0x0000000080004a90
3 0x00800027ac (0x01070713) x15 0x000000000000003e
3 0x00800027b0 (0x00f667b3)
3 0x00800027b4 (0xfce31ae3) x12 0x000000000000001f
3 0x0080002788 (0x0017d613) x13 0x00000000000800bd
3 0x008000278c (0x011786b3) x15 0x0000000000000021
3 0x0080002790 (0x00f647b3) x11 0xffffffffffe04aa0
3 0x0080002794 (0x010705b3) x13 0x00000000800bd000
3 0x0080002798 (0x00c69693) x15 0x0000000000000420
3 0x008000279c (0x00579793)
3 0x00800027a0 (0x00d73023)
3 0x00800027a4 (0x00b73423) x15 0x0000000000000020
3 0x00800027a8 (0x0207f793) x14 0x0000000080004aa0
3 0x00800027ac (0x01070713) x15 0x000000000000003f
3 0x00800027b0 (0x00f667b3)
3 0x00800027b4 (0xfce31ae3) x12 0x000000000000001f
3 0x0080002788 (0x0017d613) x13 0x00000000000800be
3 0x008000278c (0x011786b3) x15 0x0000000000000020
3 0x0080002790 (0x00f647b3) x11 0xffffffffffe04ab0
3 0x0080002794 (0x010705b3) x13 0x00000000800be000
3 0x0080002798 (0x00c69693) x15 0x0000000000000400
3 0x008000279c (0x00579793)
3 0x00800027a0 (0x00d73023)
3 0x00800027a4 (0x00b73423) x15 0x0000000000000000
3 0x00800027a8 (0x0207f793) x14 0x0000000080004ab0
3 0x00800027ac (0x01070713) x15 0x000000000000001f
3 0x00800027b0 (0x00f667b3)
3 0x00800027b4 (0xfce31ae3) x12 0x000000000000000f
3 0x0080002788 (0x0017d613) x13 0x000000000008009e
3 0x008000278c (0x011786b3) x15 0x0000000000000010
3 0x0080002790 (0x00f647b3) x11 0xffffffffffe04ac0
3 0x0080002794 (0x010705b3) x13 0x000000008009e000
3 0x0080002798 (0x00c69693) x15 0x0000000000000200
3 0x008000279c (0x00579793)
3 0x00800027a0 (0x00d73023)
3 0x00800027a4 (0x00b73423) x15 0x0000000000000000
3 0x00800027a8 (0x0207f793) x14 0x0000000080004ac0
3 0x00800027ac (0x01070713) x15 0x000000000000000f
3 0x00800027b0 (0x00f667b3)
3 0x00800027b4 (0xfce31ae3) x12 0x0000000000000007
3 0x0080002788 (0x0017d613) x13 0x000000000008008e
3 0x008000278c (0x011786b3) x15 0x0000000000000008
3 0x0080002790 (0x00f647b3) x11 0xffffffffffe04ad0
3 0x0080002794 (0x010705b3) x13 0x000000008008e000
3 0x0080002798 (0x00c69693) x15 0x0000000000000100
3 0x008000279c (0x00579793)
3 0x00800027a0 (0x00d73023)
3 0x00800027a4 (0x00b73423) x15 0x0000000000000000
3 0x00800027a8 (0x0207f793) x14 0x0000000080004ad0
3 0x00800027ac (0x01070713) x15 0x0000000000000007
3 0x00800027b0 (0x00f667b3)
3 0x00800027b4 (0xfce31ae3) x12 0x0000000000000003
3 0x0080002788 (0x0017d613) x13 0x0000000000080086
3 0x008000278c (0x011786b3) x15 0x0000000000000004
3 0x0080002790 (0x00f647b3) x11 0xffffffffffe04ae0
3 0x0080002794 (0x010705b3) x13 0x0000000080086000
3 0x0080002798 (0x00c69693) x15 0x0000000000000080
3 0x008000279c (0x00579793)
3 0x00800027a0 (0x00d73023)
3 0x00800027a4 (0x00b73423) x15 0x0000000000000000
3 0x00800027a8 (0x0207f793) x14 0x0000000080004ae0
3 0x00800027ac (0x01070713) x15 0x0000000000000003
3 0x00800027b0 (0x00f667b3)
3 0x00800027b4 (0xfce31ae3) x12 0x0000000000000001
3 0x0080002788 (0x0017d613) x13 0x0000000000080082
3 0x008000278c (0x011786b3) x15 0x0000000000000002
3 0x0080002790 (0x00f647b3) x11 0xffffffffffe04af0
3 0x0080002794 (0x010705b3) x13 0x0000000080082000
3 0x0080002798 (0x00c69693) x15 0x0000000000000040
3 0x008000279c (0x00579793)
3 0x00800027a0 (0x00d73023)
3 0x00800027a4 (0x00b73423) x15 0x0000000000000000
3 0x00800027a8 (0x0207f793) x14 0x0000000080004af0
3 0x00800027ac (0x01070713) x15 0x0000000000000001
3 0x00800027b0 (0x00f667b3)
3 0x00800027b4 (0xfce31ae3) x12 0x0000000000000000
3 0x0080002788 (0x0017d613) x13 0x0000000000080080
3 0x008000278c (0x011786b3) x15 0x0000000000000001
3 0x0080002790 (0x00f647b3) x11 0xffffffffffe04b00
3 0x0080002794 (0x010705b3) x13 0x0000000080080000
3 0x0080002798 (0x00c69693) x15 0x0000000000000020
3 0x008000279c (0x00579793)
3 0x00800027a0 (0x00d73023)
3 0x00800027a4 (0x00b73423) x15 0x0000000000000020
3 0x00800027a8 (0x0207f793) x14 0x0000000080004b00
3 0x00800027ac (0x01070713) x15 0x0000000000000020
3 0x00800027b0 (0x00f667b3)
3 0x00800027b4 (0xfce31ae3) x12 0x0000000000000010
3 0x0080002788 (0x0017d613) x13 0x000000000008009f
3 0x008000278c (0x011786b3) x15 0x0000000000000030
3 0x0080002790 (0x00f647b3) x11 0xffffffffffe04b10
3 0x0080002794 (0x010705b3) x13 0x000000008009f000
3 0x0080002798 (0x00c69693) x15 0x0000000000000600
3 0x008000279c (0x00579793)
3 0x00800027a0 (0x00d73023)
3 0x00800027a4 (0x00b73423) x15 0x0000000000000000
3 0x00800027a8 (0x0207f793) x14 0x0000000080004b10
3 0x00800027ac (0x01070713) x15 0x0000000000000010
3 0x00800027b0 (0x00f667b3)
3 0x00800027b4 (0xfce31ae3) x12 0x0000000000000008
3 0x0080002788 (0x0017d613) x13 0x000000000008008f
3 0x008000278c (0x011786b3) x15 0x0000000000000018
3 0x0080002790 (0x00f647b3) x11 0xffffffffffe04b20
3 0x0080002794 (0x010705b3) x13 0x000000008008f000
3 0x0080002798 (0x00c69693) x15 0x0000000000000300
3 0x008000279c (0x00579793)
3 0x00800027a0 (0x00d73023)
3 0x00800027a4 (0x00b73423) x15 0x0000000000000000
3 0x00800027a8 (0x0207f793) x14 0x0000000080004b20
3 0x00800027ac (0x01070713) x15 0x0000000000000008
3 0x00800027b0 (0x00f667b3)
3 0x00800027b4 (0xfce31ae3) x12 0x0000000000000004
3 0x0080002788 (0x0017d613) x13 0x0000000000080087
3 0x008000278c (0x011786b3) x15 0x000000000000000c
3 0x0080002790 (0x00f647b3) x11 0xffffffffffe04b30
3 0x0080002794 (0x010705b3) x13 0x0000000080087000
3 0x0080002798 (0x00c69693) x15 0x0000000000000180
3 0x008000279c (0x00579793)
3 0x00800027a0 (0x00d73023)
3 0x00800027a4 (0x00b73423) x15 0x0000000000000000
3 0x00800027a8 (0x0207f793) x14 0x0000000080004b30
3 0x00800027ac (0x01070713) x15 0x0000000000000004
3 0x00800027b0 (0x00f667b3)
3 0x00800027b4 (0xfce31ae3) x12 0x0000000000000002
3 0x0080002788 (0x0017d613) x13 0x0000000000080083
3 0x008000278c (0x011786b3) x15 0x0000000000000006
3 0x0080002790 (0x00f647b3) x11 0xffffffffffe04b40
3 0x0080002794 (0x010705b3) x13 0x0000000080083000
3 0x0080002798 (0x00c69693) x15 0x00000000000000c0
3 0x008000279c (0x00579793)
3 0x00800027a0 (0x00d73023)
3 0x00800027a4 (0x00b73423) x15 0x0000000000000000
3 0x00800027a8 (0x0207f793) x14 0x0000000080004b40
3 0x00800027ac (0x01070713) x15 0x0000000000000002
3 0x00800027b0 (0x00f667b3)
3 0x00800027b4 (0xfce31ae3) x12 0x0000000000000001
3 0x0080002788 (0x0017d613) x13 0x0000000000080081
3 0x008000278c (0x011786b3) x15 0x0000000000000003
3 0x0080002790 (0x00f647b3) x11 0xffffffffffe04b50
3 0x0080002794 (0x010705b3) x13 0x0000000080081000
3 0x0080002798 (0x00c69693) x15 0x0000000000000060
3 0x008000279c (0x00579793)
3 0x00800027a0 (0x00d73023)
3 0x00800027a4 (0x00b73423) x15 0x0000000000000020
3 0x00800027a8 (0x0207f793) x14 0x0000000080004b50
3 0x00800027ac (0x01070713) x15 0x0000000000000021
3 0x00800027b0 (0x00f667b3)
3 0x00800027b4 (0xfce31ae3) x12 0x0000000000000010
3 0x0080002788 (0x0017d613) x13 0x00000000000800a0
3 0x008000278c (0x011786b3) x15 0x0000000000000031
3 0x0080002790 (0x00f647b3) x11 0xffffffffffe04b60
3 0x0080002794 (0x010705b3) x13 0x00000000800a0000
3 0x0080002798 (0x00c69693) x15 0x0000000000000620
3 0x008000279c (0x00579793)
3 0x00800027a0 (0x00d73023)
3 0x00800027a4 (0x00b73423) x15 0x0000000000000020
3 0x00800027a8 (0x0207f793) x14 0x0000000080004b60
3 0x00800027ac (0x01070713) x15 0x0000000000000030
3 0x00800027b0 (0x00f667b3)
3 0x00800027b4 (0xfce31ae3) x12 0x0000000000000018
3 0x0080002788 (0x0017d613) x13 0x00000000000800af
3 0x008000278c (0x011786b3) x15 0x0000000000000028
3 0x0080002790 (0x00f647b3) x11 0xffffffffffe04b70
3 0x0080002794 (0x010705b3) x13 0x00000000800af000
3 0x0080002798 (0x00c69693) x15 0x0000000000000500
3 0x008000279c (0x00579793)
3 0x00800027a0 (0x00d73023)
3 0x00800027a4 (0x00b73423) x15 0x0000000000000000
3 0x00800027a8 (0x0207f793) x14 0x0000000080004b70
3 0x00800027ac (0x01070713) x15 0x0000000000000018
3 0x00800027b0 (0x00f667b3)
3 0x00800027b4 (0xfce31ae3) x12 0x000000000000000c
3 0x0080002788 (0x0017d613) x13 0x0000000000080097
3 0x008000278c (0x011786b3) x15 0x0000000000000014
3 0x0080002790 (0x00f647b3) x11 0xffffffffffe04b80
3 0x0080002794 (0x010705b3) x13 0x0000000080097000
3 0x0080002798 (0x00c69693) x15 0x0000000000000280
3 0x008000279c (0x00579793)
3 0x00800027a0 (0x00d73023)
3 0x00800027a4 (0x00b73423) x15 0x0000000000000000
3 0x00800027a8 (0x0207f793) x14 0x0000000080004b80
3 0x00800027ac (0x01070713) x15 0x000000000000000c
3 0x00800027b0 (0x00f667b3)
3 0x00800027b4 (0xfce31ae3) x12 0x0000000000000006
3 0x0080002788 (0x0017d613) x13 0x000000000008008b
3 0x008000278c (0x011786b3) x15 0x000000000000000a
3 0x0080002790 (0x00f647b3) x11 0xffffffffffe04b90
3 0x0080002794 (0x010705b3) x13 0x000000008008b000
3 0x0080002798 (0x00c69693) x15 0x0000000000000140
3 0x008000279c (0x00579793)
3 0x00800027a0 (0x00d73023)
3 0x00800027a4 (0x00b73423) x15 0x0000000000000000
3 0x00800027a8 (0x0207f793) x14 0x0000000080004b90
3 0x00800027ac (0x01070713) x15 0x0000000000000006
3 0x00800027b0 (0x00f667b3)
3 0x00800027b4 (0xfce31ae3) x12 0x0000000000000003
3 0x0080002788 (0x0017d613) x13 0x0000000000080085
3 0x008000278c (0x011786b3) x15 0x0000000000000005
3 0x0080002790 (0x00f647b3) x11 0xffffffffffe04ba0
3 0x0080002794 (0x010705b3) x13 0x0000000080085000
3 0x0080002798 (0x00c69693) x15 0x00000000000000a0
3 0x008000279c (0x00579793)
3 0x00800027a0 (0x00d73023)
3 0x00800027a4 (0x00b73423) x15 0x0000000000000020
3 0x00800027a8 (0x0207f793) x14 0x0000000080004ba0
3 0x00800027ac (0x01070713) x15 0x0000000000000023
3 0x00800027b0 (0x00f667b3)
3 0x00800027b4 (0xfce31ae3) x12 0x0000000000000011
3 0x0080002788 (0x0017d613) x13 0x00000000000800a2
3 0x008000278c (0x011786b3) x15 0x0000000000000032
3 0x0080002790 (0x00f647b3) x11 0xffffffffffe04bb0
3 0x0080002794 (0x010705b3) x13 0x00000000800a2000
3 0x0080002798 (0x00c69693) x15 0x0000000000000640
3 0x008000279c (0x00579793)
3 0x00800027a0 (0x00d73023)
3 0x00800027a4 (0x00b73423) x15 0x0000000000000000
3 0x00800027a8 (0x0207f793) x14 0x0000000080004bb0
3 0x00800027ac (0x01070713) x15 0x0000000000000011
3 0x00800027b0 (0x00f667b3)
3 0x00800027b4 (0xfce31ae3) x12 0x0000000000000008
3 0x0080002788 (0x0017d613) x13 0x0000000000080090
3 0x008000278c (0x011786b3) x15 0x0000000000000019
3 0x0080002790 (0x00f647b3) x11 0xffffffffffe04bc0
3 0x0080002794 (0x010705b3) x13 0x0000000080090000
3 0x0080002798 (0x00c69693) x15 0x0000000000000320
3 0x008000279c (0x00579793)
3 0x00800027a0 (0x00d73023)
3 0x00800027a4 (0x00b73423) x15 0x0000000000000020
3 0x00800027a8 (0x0207f793) x14 0x0000000080004bc0
3 0x00800027ac (0x01070713) x15 0x0000000000000028
3 0x00800027b0 (0x00f667b3)
3 0x00800027b4 (0xfce31ae3) x12 0x0000000000000014
3 0x0080002788 (0x0017d613) x13 0x00000000000800a7
3 0x008000278c (0x011786b3) x15 0x000000000000003c
3 0x0080002790 (0x00f647b3) x11 0xffffffffffe04bd0
3 0x0080002794 (0x010705b3) x13 0x00000000800a7000
3 0x0080002798 (0x00c69693) x15 0x0000000000000780
3 0x008000279c (0x00579793)
3 0x00800027a0 (0x00d73023)
3 0x00800027a4 (0x00b73423) x15 0x0000000000000000
3 0x00800027a8 (0x0207f793) x14 0x0000000080004bd0
3 0x00800027ac (0x01070713) x15 0x0000000000000014
3 0x00800027b0 (0x00f667b3)
3 0x00800027b4 (0xfce31ae3) x12 0x000000000000000a
3 0x0080002788 (0x0017d613) x13 0x0000000000080093
3 0x008000278c (0x011786b3) x15 0x000000000000001e
3 0x0080002790 (0x00f647b3) x11 0xffffffffffe04be0
3 0x0080002794 (0x010705b3) x13 0x0000000080093000
3 0x0080002798 (0x00c69693) x15 0x00000000000003c0
3 0x008000279c (0x00579793)
3 0x00800027a0 (0x00d73023)
3 0x00800027a4 (0x00b73423) x15 0x0000000000000000
3 0x00800027a8 (0x0207f793) x14 0x0000000080004be0
3 0x00800027ac (0x01070713) x15 0x000000000000000a
3 0x00800027b0 (0x00f667b3)
3 0x00800027b4 (0xfce31ae3) x12 0x0000000000000005
3 0x0080002788 (0x0017d613) x13 0x0000000000080089
3 0x008000278c (0x011786b3) x15 0x000000000000000f
3 0x0080002790 (0x00f647b3) x11 0xffffffffffe04bf0
3 0x0080002794 (0x010705b3) x13 0x0000000080089000
3 0x0080002798 (0x00c69693) x15 0x00000000000001e0
3 0x008000279c (0x00579793)
3 0x00800027a0 (0x00d73023)
3 0x00800027a4 (0x00b73423) x15 0x0000000000000020
3 0x00800027a8 (0x0207f793) x14 0x0000000080004bf0
3 0x00800027ac (0x01070713) x15 0x0000000000000025
3 0x00800027b0 (0x00f667b3)
3 0x00800027b4 (0xfce31ae3) x12 0x0000000000000012
3 0x0080002788 (0x0017d613) x13 0x00000000000800a4
3 0x008000278c (0x011786b3) x15 0x0000000000000037
3 0x0080002790 (0x00f647b3) x11 0xffffffffffe04c00
3 0x0080002794 (0x010705b3) x13 0x00000000800a4000
3 0x0080002798 (0x00c69693) x15 0x00000000000006e0
3 0x008000279c (0x00579793)
3 0x00800027a0 (0x00d73023)
3 0x00800027a4 (0x00b73423) x15 0x0000000000000020
3 0x00800027a8 (0x0207f793) x14 0x0000000080004c00
3 0x00800027ac (0x01070713) x15 0x0000000000000032
3 0x00800027b0 (0x00f667b3)
3 0x00800027b4 (0xfce31ae3) x12 0x0000000000000019
3 0x0080002788 (0x0017d613) x13 0x00000000000800b1
3 0x008000278c (0x011786b3) x15 0x000000000000002b
3 0x0080002790 (0x00f647b3) x11 0xffffffffffe04c10
3 0x0080002794 (0x010705b3) x13 0x00000000800b1000
3 0x0080002798 (0x00c69693) x15 0x0000000000000560
3 0x008000279c (0x00579793)
3 0x00800027a0 (0x00d73023)
3 0x00800027a4 (0x00b73423) x15 0x0000000000000020
3 0x00800027a8 (0x0207f793) x14 0x0000000080004c10
3 0x00800027ac (0x01070713) x15 0x0000000000000039
3 0x00800027b0 (0x00f667b3)
3 0x00800027b4 (0xfce31ae3) x12 0x000000000000001c
3 0x0080002788 (0x0017d613) x13 0x00000000000800b8
3 0x008000278c (0x011786b3) x15 0x0000000000000025
3 0x0080002790 (0x00f647b3) x11 0xffffffffffe04c20
3 0x0080002794 (0x010705b3) x13 0x00000000800b8000
3 0x0080002798 (0x00c69693) x15 0x00000000000004a0
3 0x008000279c (0x00579793)
3 0x00800027a0 (0x00d73023)
3 0x00800027a4 (0x00b73423) x15 0x0000000000000020
3 0x00800027a8 (0x0207f793) x14 0x0000000080004c20
3 0x00800027ac (0x01070713) x15 0x000000000000003c
3 0x00800027b0 (0x00f667b3)
3 0x00800027b4 (0xfce31ae3) x12 0x000000000000001e
3 0x0080002788 (0x0017d613) x13 0x00000000000800bb
3 0x008000278c (0x011786b3) x15 0x0000000000000022
3 0x0080002790 (0x00f647b3) x11 0xffffffffffe04c30
3 0x0080002794 (0x010705b3) x13 0x00000000800bb000
3 0x0080002798 (0x00c69693) x15 0x0000000000000440
3 0x008000279c (0x00579793)
3 0x00800027a0 (0x00d73023)
3 0x00800027a4 (0x00b73423) x15 0x0000000000000000
3 0x00800027a8 (0x0207f793) x14 0x0000000080004c30
3 0x00800027ac (0x01070713) x15 0x000000000000001e
3 0x00800027b0 (0x00f667b3)
3 0x00800027b4 (0xfce31ae3) x12 0x000000000000000f
3 0x0080002788 (0x0017d613) x13 0x000000000008009d
3 0x008000278c (0x011786b3) x15 0x0000000000000011
3 0x0080002790 (0x00f647b3) x11 0xffffffffffe04c40
3 0x0080002794 (0x010705b3) x13 0x000000008009d000
3 0x0080002798 (0x00c69693) x15 0x0000000000000220
3 0x008000279c (0x00579793)
3 0x00800027a0 (0x00d73023)
3 0x00800027a4 (0x00b73423) x15 0x0000000000000020
3 0x00800027a8 (0x0207f793) x14 0x0000000080004c40
3 0x00800027ac (0x01070713) x15 0x000000000000002f
3 0x00800027b0 (0x00f667b3)
3 0x00800027b4 (0xfce31ae3) x12 0x0000000000000017
3 0x0080002788 (0x0017d613) x13 0x00000000000800ae
3 0x008000278c (0x011786b3) x15 0x0000000000000038
3 0x0080002790 (0x00f647b3) x11 0xffffffffffe04c50
3 0x0080002794 (0x010705b3) x13 0x00000000800ae000
3 0x0080002798 (0x00c69693) x15 0x0000000000000700
3 0x008000279c (0x00579793)
3 0x00800027a0 (0x00d73023)
3 0x00800027a4 (0x00b73423) x15 0x0000000000000000
3 0x00800027a8 (0x0207f793) x14 0x0000000080004c50
3 0x00800027ac (0x01070713) x15 0x0000000000000017
3 0x00800027b0 (0x00f667b3)
3 0x00800027b4 (0xfce31ae3) x12 0x000000000000000b
3 0x0080002788 (0x0017d613) x13 0x0000000000080096
3 0x008000278c (0x011786b3) x15 0x000000000000001c
3 0x0080002790 (0x00f647b3) x11 0xffffffffffe04c60
3 0x0080002794 (0x010705b3) x13 0x0000000080096000
3 0x0080002798 (0x00c69693) x15 0x0000000000000380
3 0x008000279c (0x00579793)
3 0x00800027a0 (0x00d73023)
3 0x00800027a4 (0x00b73423) x15 0x0000000000000000
3 0x00800027a8 (0x0207f793) x14 0x0000000080004c60
3 0x00800027ac (0x01070713) x15 0x000000000000000b
3 0x00800027b0 (0x00f667b3)
3 0x00800027b4 (0xfce31ae3) x12 0x0000000000000005
3 0x0080002788 (0x0017d613) x13 0x000000000008008a
3 0x008000278c (0x011786b3) x15 0x000000000000000e
3 0x0080002790 (0x00f647b3) x11 0xffffffffffe04c70
3 0x0080002794 (0x010705b3) x13 0x000000008008a000
3 0x0080002798 (0x00c69693) x15 0x00000000000001c0
3 0x008000279c (0x00579793)
3 0x00800027a0 (0x00d73023)
3 0x00800027a4 (0x00b73423) x15 0x0000000000000000
3 0x00800027a8 (0x0207f793) x14 0x0000000080004c70
3 0x00800027ac (0x01070713) x15 0x0000000000000005
3 0x00800027b0 (0x00f667b3)
3 0x00800027b4 (0xfce31ae3) x12 0x0000000000000002
3 0x0080002788 (0x0017d613) x13 0x0000000000080084
3 0x008000278c (0x011786b3) x15 0x0000000000000007
3 0x0080002790 (0x00f647b3) x11 0xffffffffffe04c80
3 0x0080002794 (0x010705b3) x13 0x0000000080084000
3 0x0080002798 (0x00c69693) x15 0x00000000000000e0
3 0x008000279c (0x00579793)
3 0x00800027a0 (0x00d73023)
3 0x00800027a4 (0x00b73423) x15 0x0000000000000020
3 0x00800027a8 (0x0207f793) x14 0x0000000080004c80
3 0x00800027ac (0x01070713) x15 0x0000000000000022
3 0x00800027b0 (0x00f667b3)
3 0x00800027b4 (0xfce31ae3) x12 0x0000000000000011
3 0x0080002788 (0x0017d613) x13 0x00000000000800a1
3 0x008000278c (0x011786b3) x15 0x0000000000000033
3 0x0080002790 (0x00f647b3) x11 0xffffffffffe04c90
3 0x0080002794 (0x010705b3) x13 0x00000000800a1000
3 0x0080002798 (0x00c69693) x15 0x0000000000000660
3 0x008000279c (0x00579793)
3 0x00800027a0 (0x00d73023)
3 0x00800027a4 (0x00b73423) x15 0x0000000000000020
3 0x00800027a8 (0x0207f793) x14 0x0000000080004c90
3 0x00800027ac (0x01070713) x15 0x0000000000000031
3 0x00800027b0 (0x00f667b3)
3 0x00800027b4 (0xfce31ae3) x12 0x0000000000000018
3 0x0080002788 (0x0017d613) x13 0x00000000000800b0
3 0x008000278c (0x011786b3) x15 0x0000000000000029
3 0x0080002790 (0x00f647b3) x11 0xffffffffffe04ca0
3 0x0080002794 (0x010705b3) x13 0x00000000800b0000
3 0x0080002798 (0x00c69693) x15 0x0000000000000520
3 0x008000279c (0x00579793)
3 0x00800027a0 (0x00d73023)
3 0x00800027a4 (0x00b73423) x15 0x0000000000000020
3 0x00800027a8 (0x0207f793) x14 0x0000000080004ca0
3 0x00800027ac (0x01070713) x15 0x0000000000000038
3 0x00800027b0 (0x00f667b3)
3 0x00800027b4 (0xfce31ae3) x12 0x000000000000001c
3 0x0080002788 (0x0017d613) x13 0x00000000000800b7
3 0x008000278c (0x011786b3) x15 0x0000000000000024
3 0x0080002790 (0x00f647b3) x11 0xffffffffffe04cb0
3 0x0080002794 (0x010705b3) x13 0x00000000800b7000
3 0x0080002798 (0x00c69693) x15 0x0000000000000480
3 0x008000279c (0x00579793)
3 0x00800027a0 (0x00d73023)
3 0x00800027a4 (0x00b73423) x15 0x0000000000000000
3 0x00800027a8 (0x0207f793) x14 0x0000000080004cb0
3 0x00800027ac (0x01070713) x15 0x000000000000001c
3 0x00800027b0 (0x00f667b3)
3 0x00800027b4 (0xfce31ae3) x12 0x000000000000000e
3 0x0080002788 (0x0017d613) x13 0x000000000008009b
3 0x008000278c (0x011786b3) x15 0x0000000000000012
3 0x0080002790 (0x00f647b3) x11 0xffffffffffe04cc0
3 0x0080002794 (0x010705b3) x13 0x000000008009b000
3 0x0080002798 (0x00c69693) x15 0x0000000000000240
3 0x008000279c (0x00579793)
3 0x00800027a0 (0x00d73023)
3 0x00800027a4 (0x00b73423) x15 0x0000000000000000
3 0x00800027a8 (0x0207f793) x14 0x0000000080004cc0
3 0x00800027ac (0x01070713) x15 0x000000000000000e
3 0x00800027b0 (0x00f667b3)
3 0x00800027b4 (0xfce31ae3) x12 0x0000000000000007
3 0x0080002788 (0x0017d613) x13 0x000000000008008d
3 0x008000278c (0x011786b3) x15 0x0000000000000009
3 0x0080002790 (0x00f647b3) x11 0xffffffffffe04cd0
3 0x0080002794 (0x010705b3) x13 0x000000008008d000
3 0x0080002798 (0x00c69693) x15 0x0000000000000120
3 0x008000279c (0x00579793)
3 0x00800027a0 (0x00d73023)
3 0x00800027a4 (0x00b73423) x15 0x0000000000000020
3 0x00800027a8 (0x0207f793) x14 0x0000000080004cd0
3 0x00800027ac (0x01070713) x15 0x0000000000000027
3 0x00800027b0 (0x00f667b3)
3 0x00800027b4 (0xfce31ae3) x12 0x0000000000000013
3 0x0080002788 (0x0017d613) x13 0x00000000000800a6
3 0x008000278c (0x011786b3) x15 0x0000000000000034
3 0x0080002790 (0x00f647b3) x11 0xffffffffffe04ce0
3 0x0080002794 (0x010705b3) x13 0x00000000800a6000
3 0x0080002798 (0x00c69693) x15 0x0000000000000680
3 0x008000279c (0x00579793)
3 0x00800027a0 (0x00d73023)
3 0x00800027a4 (0x00b73423) x15 0x0000000000000000
3 0x00800027a8 (0x0207f793) x14 0x0000000080004ce0
3 0x00800027ac (0x01070713) x15 0x0000000000000013
3 0x00800027b0 (0x00f667b3)
3 0x00800027b4 (0xfce31ae3) x12 0x0000000000000009
3 0x0080002788 (0x0017d613) x13 0x0000000000080092
3 0x008000278c (0x011786b3) x15 0x000000000000001a
3 0x0080002790 (0x00f647b3) x11 0xffffffffffe04cf0
3 0x0080002794 (0x010705b3) x13 0x0000000080092000
3 0x0080002798 (0x00c69693) x15 0x0000000000000340
3 0x008000279c (0x00579793)
3 0x00800027a0 (0x00d73023)
3 0x00800027a4 (0x00b73423) x15 0x0000000000000000
3 0x00800027a8 (0x0207f793) x14 0x0000000080004cf0
3 0x00800027ac (0x01070713) x15 0x0000000000000009
3 0x00800027b0 (0x00f667b3)
3 0x00800027b4 (0xfce31ae3) x12 0x0000000000000004
3 0x0080002788 (0x0017d613) x13 0x0000000000080088
3 0x008000278c (0x011786b3) x15 0x000000000000000d
3 0x0080002790 (0x00f647b3) x11 0xffffffffffe04d00
3 0x0080002794 (0x010705b3) x13 0x0000000080088000
3 0x0080002798 (0x00c69693) x15 0x00000000000001a0
3 0x008000279c (0x00579793)
3 0x00800027a0 (0x00d73023)
3 0x00800027a4 (0x00b73423) x15 0x0000000000000020
3 0x00800027a8 (0x0207f793) x14 0x0000000080004d00
3 0x00800027ac (0x01070713) x15 0x0000000000000024
3 0x00800027b0 (0x00f667b3)
3 0x00800027b4 (0xfce31ae3) x12 0x0000000000000012
3 0x0080002788 (0x0017d613) x13 0x00000000000800a3
3 0x008000278c (0x011786b3) x15 0x0000000000000036
3 0x0080002790 (0x00f647b3) x11 0xffffffffffe04d10
3 0x0080002794 (0x010705b3) x13 0x00000000800a3000
3 0x0080002798 (0x00c69693) x15 0x00000000000006c0
3 0x008000279c (0x00579793)
3 0x00800027a0 (0x00d73023)
3 0x00800027a4 (0x00b73423) x15 0x0000000000000000
3 0x00800027a8 (0x0207f793) x14 0x0000000080004d10
3 0x00800027ac (0x01070713) x15 0x0000000000000012
3 0x00800027b0 (0x00f667b3)
3 0x00800027b4 (0xfce31ae3) x12 0x0000000000000009
3 0x0080002788 (0x0017d613) x13 0x0000000000080091
3 0x008000278c (0x011786b3) x15 0x000000000000001b
3 0x0080002790 (0x00f647b3) x11 0xffffffffffe04d20
3 0x0080002794 (0x010705b3) x13 0x0000000080091000
3 0x0080002798 (0x00c69693) x15 0x0000000000000360
3 0x008000279c (0x00579793)
3 0x00800027a0 (0x00d73023)
3 0x00800027a4 (0x00b73423) x15 0x0000000000000020
3 0x00800027a8 (0x0207f793) x14 0x0000000080004d20
3 0x00800027ac (0x01070713) x15 0x0000000000000029
3 0x00800027b0 (0x00f667b3)
3 0x00800027b4 (0xfce31ae3) x12 0x0000000000000014
3 0x0080002788 (0x0017d613) x13 0x00000000000800a8
3 0x008000278c (0x011786b3) x15 0x000000000000003d
3 0x0080002790 (0x00f647b3) x11 0xffffffffffe04d30
3 0x0080002794 (0x010705b3) x13 0x00000000800a8000
3 0x0080002798 (0x00c69693) x15 0x00000000000007a0
3 0x008000279c (0x00579793)
3 0x00800027a0 (0x00d73023)
3 0x00800027a4 (0x00b73423) x15 0x0000000000000020
3 0x00800027a8 (0x0207f793) x14 0x0000000080004d30
3 0x00800027ac (0x01070713) x15 0x0000000000000034
3 0x00800027b0 (0x00f667b3)
3 0x00800027b4 (0xfce31ae3) x12 0x000000000000001a
3 0x0080002788 (0x0017d613) x13 0x00000000000800b3
3 0x008000278c (0x011786b3) x15 0x000000000000002e
3 0x0080002790 (0x00f647b3) x11 0xffffffffffe04d40
3 0x0080002794 (0x010705b3) x13 0x00000000800b3000
3 0x0080002798 (0x00c69693) x15 0x00000000000005c0
3 0x008000279c (0x00579793)
3 0x00800027a0 (0x00d73023)
3 0x00800027a4 (0x00b73423) x15 0x0000000000000000
3 0x00800027a8 (0x0207f793) x14 0x0000000080004d40
3 0x00800027ac (0x01070713) x15 0x000000000000001a
3 0x00800027b0 (0x00f667b3)
3 0x00800027b4 (0xfce31ae3) x12 0x000000000000000d
3 0x0080002788 (0x0017d613) x13 0x0000000000080099
3 0x008000278c (0x011786b3) x15 0x0000000000000017
3 0x0080002790 (0x00f647b3) x11 0xffffffffffe04d50
3 0x0080002794 (0x010705b3) x13 0x0000000080099000
3 0x0080002798 (0x00c69693) x15 0x00000000000002e0
3 0x008000279c (0x00579793)
3 0x00800027a0 (0x00d73023)
3 0x00800027a4 (0x00b73423) x15 0x0000000000000020
3 0x00800027a8 (0x0207f793) x14 0x0000000080004d50
3 0x00800027ac (0x01070713) x15 0x000000000000002d
3 0x00800027b0 (0x00f667b3)
3 0x00800027b4 (0xfce31ae3) x12 0x0000000000000016
3 0x0080002788 (0x0017d613) x13 0x00000000000800ac
3 0x008000278c (0x011786b3) x15 0x000000000000003b
3 0x0080002790 (0x00f647b3) x11 0xffffffffffe04d60
3 0x0080002794 (0x010705b3) x13 0x00000000800ac000
3 0x0080002798 (0x00c69693) x15 0x0000000000000760
3 0x008000279c (0x00579793)
3 0x00800027a0 (0x00d73023)
3 0x00800027a4 (0x00b73423) x15 0x0000000000000020
3 0x00800027a8 (0x0207f793) x14 0x0000000080004d60
3 0x00800027ac (0x01070713) x15 0x0000000000000036
3 0x00800027b0 (0x00f667b3)
3 0x00800027b4 (0xfce31ae3) x12 0x000000000000001b
3 0x0080002788 (0x0017d613) x13 0x00000000000800b5
3 0x008000278c (0x011786b3) x15 0x000000000000002d
3 0x0080002790 (0x00f647b3) x11 0xffffffffffe04d70
3 0x0080002794 (0x010705b3) x13 0x00000000800b5000
3 0x0080002798 (0x00c69693) x15 0x00000000000005a0
3 0x008000279c (0x00579793)
3 0x00800027a0 (0x00d73023)
3 0x00800027a4 (0x00b73423) x15 0x0000000000000020
3 0x00800027a8 (0x0207f793) x14 0x0000000080004d70
3 0x00800027ac (0x01070713) x15 0x000000000000003b
3 0x00800027b0 (0x00f667b3)
3 0x00800027b4 (0xfce31ae3) x12 0x000000000000001d
3 0x0080002788 (0x0017d613) x13 0x00000000000800ba
3 0x008000278c (0x011786b3) x15 0x0000000000000026
3 0x0080002790 (0x00f647b3) x11 0xffffffffffe04d80
3 0x0080002794 (0x010705b3) x13 0x00000000800ba000
3 0x0080002798 (0x00c69693) x15 0x00000000000004c0
3 0x008000279c (0x00579793)
3 0x00800027a0 (0x00d73023)
3 0x00800027a4 (0x00b73423) x15 0x0000000000000000
3 0x00800027a8 (0x0207f793) x14 0x0000000080004d80
3 0x00800027ac (0x01070713) x15 0x000000000000001d
3 0x00800027b0 (0x00f667b3)
3 0x00800027b4 (0xfce31ae3) x12 0x000000000000000e
3 0x0080002788 (0x0017d613) x13 0x000000000008009c
3 0x008000278c (0x011786b3) x15 0x0000000000000013
3 0x0080002790 (0x00f647b3) x11 0xffffffffffe04d90
3 0x0080002794 (0x010705b3) x13 0x000000008009c000
3 0x0080002798 (0x00c69693) x15 0x0000000000000260
3 0x008000279c (0x00579793)
3 0x00800027a0 (0x00d73023)
3 0x00800027a4 (0x00b73423) x15 0x0000000000000020
3 0x00800027a8 (0x0207f793) x14 0x0000000080004d90
3 0x00800027ac (0x01070713) x15 0x000000000000002e
3 0x00800027b0 (0x00f667b3)
3 0x00800027b4 (0xfce31ae3) x12 0x0000000000000017
3 0x0080002788 (0x0017d613) x13 0x00000000000800ad
3 0x008000278c (0x011786b3) x15 0x0000000000000039
3 0x0080002790 (0x00f647b3) x11 0xffffffffffe04da0
3 0x0080002794 (0x010705b3) x13 0x00000000800ad000
3 0x0080002798 (0x00c69693) x15 0x0000000000000720
3 0x008000279c (0x00579793)
3 0x00800027a0 (0x00d73023)
3 0x00800027a4 (0x00b73423) x15 0x0000000000000020
3 0x00800027a8 (0x0207f793) x14 0x0000000080004da0
3 0x00800027ac (0x01070713) x15 0x0000000000000037
3 0x00800027b0 (0x00f667b3)
3 0x00800027b4 (0xfce31ae3) x12 0x000000000000001b
3 0x0080002788 (0x0017d613) x13 0x00000000000800b6
3 0x008000278c (0x011786b3) x15 0x000000000000002c
3 0x0080002790 (0x00f647b3) x11 0xffffffffffe04db0
3 0x0080002794 (0x010705b3) x13 0x00000000800b6000
3 0x0080002798 (0x00c69693) x15 0x0000000000000580
3 0x008000279c (0x00579793)
3 0x00800027a0 (0x00d73023)
3 0x00800027a4 (0x00b73423) x15 0x0000000000000000
3 0x00800027a8 (0x0207f793) x14 0x0000000080004db0
3 0x00800027ac (0x01070713) x15 0x000000000000001b
3 0x00800027b0 (0x00f667b3)
3 0x00800027b4 (0xfce31ae3) x12 0x000000000000000d
3 0x0080002788 (0x0017d613) x13 0x000000000008009a
3 0x008000278c (0x011786b3) x15 0x0000000000000016
3 0x0080002790 (0x00f647b3) x11 0xffffffffffe04dc0
3 0x0080002794 (0x010705b3) x13 0x000000008009a000
3 0x0080002798 (0x00c69693) x15 0x00000000000002c0
3 0x008000279c (0x00579793)
3 0x00800027a0 (0x00d73023)
3 0x00800027a4 (0x00b73423) x15 0x0000000000000000
3 0x00800027a8 (0x0207f793) x14 0x0000000080004dc0
3 0x00800027ac (0x01070713) x15 0x000000000000000d
3 0x00800027b0 (0x00f667b3)
3 0x00800027b4 (0xfce31ae3) x12 0x0000000000000006
3 0x0080002788 (0x0017d613) x13 0x000000000008008c
3 0x008000278c (0x011786b3) x15 0x000000000000000b
3 0x0080002790 (0x00f647b3) x11 0xffffffffffe04dd0
3 0x0080002794 (0x010705b3) x13 0x000000008008c000
3 0x0080002798 (0x00c69693) x15 0x0000000000000160
3 0x008000279c (0x00579793)
3 0x00800027a0 (0x00d73023)
3 0x00800027a4 (0x00b73423) x15 0x0000000000000020
3 0x00800027a8 (0x0207f793) x14 0x0000000080004dd0
3 0x00800027ac (0x01070713) x15 0x0000000000000026
3 0x00800027b0 (0x00f667b3)
3 0x00800027b4 (0xfce31ae3) x12 0x0000000000000013
3 0x0080002788 (0x0017d613) x13 0x00000000000800a5
3 0x008000278c (0x011786b3) x15 0x0000000000000035
3 0x0080002790 (0x00f647b3) x11 0xffffffffffe04de0
3 0x0080002794 (0x010705b3) x13 0x00000000800a5000
3 0x0080002798 (0x00c69693) x15 0x00000000000006a0
3 0x008000279c (0x00579793)
3 0x00800027a0 (0x00d73023)
3 0x00800027a4 (0x00b73423) x15 0x0000000000000020
3 0x00800027a8 (0x0207f793) x14 0x0000000080004de0
3 0x00800027ac (0x01070713) x15 0x0000000000000033
3 0x00800027b0 (0x00f667b3)
3 0x00800027b4 (0xfce31ae3) x12 0x0000000000000019
3 0x0080002788 (0x0017d613) x13 0x00000000000800b2
3 0x008000278c (0x011786b3) x15 0x000000000000002a
3 0x0080002790 (0x00f647b3) x11 0xffffffffffe04df0
3 0x0080002794 (0x010705b3) x13 0x00000000800b2000
3 0x0080002798 (0x00c69693) x15 0x0000000000000540
3 0x008000279c (0x00579793)
3 0x00800027a0 (0x00d73023)
3 0x00800027a4 (0x00b73423) x15 0x0000000000000000
3 0x00800027a8 (0x0207f793) x14 0x0000000080004df0
3 0x00800027ac (0x01070713) x15 0x0000000000000019
3 0x00800027b0 (0x00f667b3)
3 0x00800027b4 (0xfce31ae3) x12 0x000000000000000c
3 0x0080002788 (0x0017d613) x13 0x0000000000080098
3 0x008000278c (0x011786b3) x15 0x0000000000000015
3 0x0080002790 (0x00f647b3) x11 0xffffffffffe04e00
3 0x0080002794 (0x010705b3) x13 0x0000000080098000
3 0x0080002798 (0x00c69693) x15 0x00000000000002a0
3 0x008000279c (0x00579793)
3 0x00800027a0 (0x00d73023)
3 0x00800027a4 (0x00b73423) x15 0x0000000000000020
3 0x00800027a8 (0x0207f793) x14 0x0000000080004e00
3 0x00800027ac (0x01070713) x15 0x000000000000002c
3 0x00800027b0 (0x00f667b3)
3 0x00800027b4 (0xfce31ae3) x12 0x0000000000000016
3 0x0080002788 (0x0017d613) x13 0x00000000000800ab
3 0x008000278c (0x011786b3) x15 0x000000000000003a
3 0x0080002790 (0x00f647b3) x11 0xffffffffffe04e10
3 0x0080002794 (0x010705b3) x13 0x00000000800ab000
3 0x0080002798 (0x00c69693) x15 0x0000000000000740
3 0x008000279c (0x00579793)
3 0x00800027a0 (0x00d73023)
3 0x00800027a4 (0x00b73423) x15 0x0000000000000000
3 0x00800027a8 (0x0207f793) x14 0x0000000080004e10
3 0x00800027ac (0x01070713) x15 0x0000000000000016
3 0x00800027b0 (0x00f667b3)
3 0x00800027b4 (0xfce31ae3) x12 0x000000000000000b
3 0x0080002788 (0x0017d613) x13 0x0000000000080095
3 0x008000278c (0x011786b3) x15 0x000000000000001d
3 0x0080002790 (0x00f647b3) x11 0xffffffffffe04e20
3 0x0080002794 (0x010705b3) x13 0x0000000080095000
3 0x0080002798 (0x00c69693) x15 0x00000000000003a0
3 0x008000279c (0x00579793)
3 0x00800027a0 (0x00d73023)
3 0x00800027a4 (0x00b73423) x15 0x0000000000000020
3 0x00800027a8 (0x0207f793) x14 0x0000000080004e20
3 0x00800027ac (0x01070713) x15 0x000000000000002b
3 0x00800027b0 (0x00f667b3)
3 0x00800027b4 (0xfce31ae3) x12 0x0000000000000015
3 0x0080002788 (0x0017d613) x13 0x00000000000800aa
3 0x008000278c (0x011786b3) x15 0x000000000000003e
3 0x0080002790 (0x00f647b3) x11 0xffffffffffe04e30
3 0x0080002794 (0x010705b3) x13 0x00000000800aa000
3 0x0080002798 (0x00c69693) x15 0x00000000000007c0
3 0x008000279c (0x00579793)
3 0x00800027a0 (0x00d73023)
3 0x00800027a4 (0x00b73423) x15 0x0000000000000000
3 0x00800027a8 (0x0207f793) x14 0x0000000080004e30
3 0x00800027ac (0x01070713) x15 0x0000000000000015
3 0x00800027b0 (0x00f667b3)
3 0x00800027b4 (0xfce31ae3) x12 0x000000000000000a
3 0x0080002788 (0x0017d613) x13 0x0000000000080094
3 0x008000278c (0x011786b3) x15 0x000000000000001f
3 0x0080002790 (0x00f647b3) x11 0xffffffffffe04e40
3 0x0080002794 (0x010705b3) x13 0x0000000080094000
3 0x0080002798 (0x00c69693) x15 0x00000000000003e0
3 0x008000279c (0x00579793)
3 0x00800027a0 (0x00d73023)
3 0x00800027a4 (0x00b73423) x15 0x0000000000000020
3 0x00800027a8 (0x0207f793) x14 0x0000000080004e40
3 0x00800027ac (0x01070713) x15 0x000000000000002a
3 0x00800027b0 (0x00f667b3)
3 0x00800027b4 (0xfce31ae3) x12 0x0000000000000015
3 0x0080002788 (0x0017d613) x13 0x00000000000800a9
3 0x008000278c (0x011786b3) x15 0x000000000000003f
3 0x0080002790 (0x00f647b3) x11 0xffffffffffe04e50
3 0x0080002794 (0x010705b3) x13 0x00000000800a9000
3 0x0080002798 (0x00c69693) x15 0x00000000000007e0
3 0x008000279c (0x00579793)
3 0x00800027a0 (0x00d73023)
3 0x00800027a4 (0x00b73423) x15 0x0000000000000020
3 0x00800027a8 (0x0207f793) x14 0x0000000080004e50
3 0x00800027ac (0x01070713) x15 0x0000000000000035
3 0x00800027b0 (0x00f667b3)
3 0x00800027b4 (0xfce31ae3) x12 0x000000000000001a
3 0x0080002788 (0x0017d613) x13 0x00000000000800b4
3 0x008000278c (0x011786b3) x15 0x000000000000002f
3 0x0080002790 (0x00f647b3) x11 0xffffffffffe04e60
3 0x0080002794 (0x010705b3) x13 0x00000000800b4000
3 0x0080002798 (0x00c69693) x15 0x00000000000005e0
3 0x008000279c (0x00579793)
3 0x00800027a0 (0x00d73023)
3 0x00800027a4 (0x00b73423) x15 0x0000000000000020
3 0x00800027a8 (0x0207f793) x14 0x0000000080004e60
3 0x00800027ac (0x01070713) x15 0x000000000000003a
3 0x00800027b0 (0x00f667b3)
3 0x00800027b4 (0xfce31ae3) x12 0x000000000000001d
3 0x0080002788 (0x0017d613) x13 0x00000000000800b9
3 0x008000278c (0x011786b3) x15 0x0000000000000027
3 0x0080002790 (0x00f647b3) x11 0xffffffffffe04e70
3 0x0080002794 (0x010705b3) x13 0x00000000800b9000
3 0x0080002798 (0x00c69693) x15 0x00000000000004e0
3 0x008000279c (0x00579793)
3 0x00800027a0 (0x00d73023)
3 0x00800027a4 (0x00b73423) x15 0x0000000000000020
3 0x00800027a8 (0x0207f793) x14 0x0000000080004e70
3 0x00800027ac (0x01070713) x15 0x000000000000003d
3 0x00800027b0 (0x00f667b3)
3 0x00800027b4 (0xfce31ae3) x12 0x000000000000001e
3 0x0080002788 (0x0017d613) x13 0x00000000000800bc
3 0x008000278c (0x011786b3) x15 0x0000000000000023
3 0x0080002790 (0x00f647b3) x11 0xffffffffffe04e80
3 0x0080002794 (0x010705b3) x13 0x00000000800bc000
3 0x0080002798 (0x00c69693) x15 0x0000000000000460
3 0x008000279c (0x00579793)
3 0x00800027a0 (0x00d73023)
3 0x00800027a4 (0x00b73423) x15 0x0000000000000020
3 0x00800027a8 (0x0207f793) x14 0x0000000080004e80
3 0x00800027ac (0x01070713) x15 0x000000000000003e
3 0x00800027b0 (0x00f667b3)
3 0x00800027b4 (0xfce31ae3) x12 0x000000000000001f
3 0x0080002788 (0x0017d613) x13 0x00000000000800bd
3 0x008000278c (0x011786b3) x15 0x0000000000000021
3 0x0080002790 (0x00f647b3) x11 0xffffffffffe04e90
3 0x0080002794 (0x010705b3) x13 0x00000000800bd000
3 0x0080002798 (0x00c69693) x15 0x0000000000000420
3 0x008000279c (0x00579793)
3 0x00800027a0 (0x00d73023)
3 0x00800027a4 (0x00b73423) x15 0x0000000000000020
3 0x00800027a8 (0x0207f793) x14 0x0000000080004e90
3 0x00800027ac (0x01070713) x15 0x000000000000003f
3 0x00800027b0 (0x00f667b3)
3 0x00800027b4 (0xfce31ae3) x12 0x000000000000001f
3 0x0080002788 (0x0017d613) x13 0x00000000000800be
3 0x008000278c (0x011786b3) x15 0x0000000000000020
3 0x0080002790 (0x00f647b3) x11 0xffffffffffe04ea0
3 0x0080002794 (0x010705b3) x13 0x00000000800be000
3 0x0080002798 (0x00c69693) x15 0x0000000000000400
3 0x008000279c (0x00579793)
3 0x00800027a0 (0x00d73023)
3 0x00800027a4 (0x00b73423) x15 0x0000000000000000
3 0x00800027a8 (0x0207f793) x14 0x0000000080004ea0
3 0x00800027ac (0x01070713) x15 0x000000000000001f
3 0x00800027b0 (0x00f667b3)
3 0x00800027b4 (0xfce31ae3) x12 0x000000000000000f
3 0x0080002788 (0x0017d613) x13 0x000000000008009e
3 0x008000278c (0x011786b3) x15 0x0000000000000010
3 0x0080002790 (0x00f647b3) x11 0xffffffffffe04eb0
3 0x0080002794 (0x010705b3) x13 0x000000008009e000
3 0x0080002798 (0x00c69693) x15 0x0000000000000200
3 0x008000279c (0x00579793)
3 0x00800027a0 (0x00d73023)
3 0x00800027a4 (0x00b73423) x15 0x0000000000000000
3 0x00800027a8 (0x0207f793) x14 0x0000000080004eb0
3 0x00800027ac (0x01070713) x15 0x000000000000000f
3 0x00800027b0 (0x00f667b3)
3 0x00800027b4 (0xfce31ae3) x12 0x0000000000000007
3 0x0080002788 (0x0017d613) x13 0x000000000008008e
3 0x008000278c (0x011786b3) x15 0x0000000000000008
3 0x0080002790 (0x00f647b3) x11 0xffffffffffe04ec0
3 0x0080002794 (0x010705b3) x13 0x000000008008e000
3 0x0080002798 (0x00c69693) x15 0x0000000000000100
3 0x008000279c (0x00579793)
3 0x00800027a0 (0x00d73023)
3 0x00800027a4 (0x00b73423) x15 0x0000000000000000
3 0x00800027a8 (0x0207f793) x14 0x0000000080004ec0
3 0x00800027ac (0x01070713) x15 0x0000000000000007
3 0x00800027b0 (0x00f667b3)
3 0x00800027b4 (0xfce31ae3) x12 0x0000000000000003
3 0x0080002788 (0x0017d613) x13 0x0000000000080086
3 0x008000278c (0x011786b3) x15 0x0000000000000004
3 0x0080002790 (0x00f647b3) x11 0xffffffffffe04ed0
3 0x0080002794 (0x010705b3) x13 0x0000000080086000
3 0x0080002798 (0x00c69693) x15 0x0000000000000080
3 0x008000279c (0x00579793)
3 0x00800027a0 (0x00d73023)
3 0x00800027a4 (0x00b73423) x15 0x0000000000000000
3 0x00800027a8 (0x0207f793) x14 0x0000000080004ed0
3 0x00800027ac (0x01070713) x15 0x0000000000000003
3 0x00800027b0 (0x00f667b3)
3 0x00800027b4 (0xfce31ae3) x12 0x0000000000000001
3 0x0080002788 (0x0017d613) x13 0x0000000000080082
3 0x008000278c (0x011786b3) x15 0x0000000000000002
3 0x0080002790 (0x00f647b3) x11 0xffffffffffe04ee0
3 0x0080002794 (0x010705b3) x13 0x0000000080082000
3 0x0080002798 (0x00c69693) x15 0x0000000000000040
3 0x008000279c (0x00579793)
3 0x00800027a0 (0x00d73023)
3 0x00800027a4 (0x00b73423) x15 0x0000000000000000
3 0x00800027a8 (0x0207f793) x14 0x0000000080004ee0
3 0x00800027ac (0x01070713) x15 0x0000000000000001
3 0x00800027b0 (0x00f667b3)
3 0x00800027b4 (0xfce31ae3) x12 0x0000000000000000
3 0x0080002788 (0x0017d613) x13 0x0000000000080080
3 0x008000278c (0x011786b3) x15 0x0000000000000001
3 0x0080002790 (0x00f647b3) x11 0xffffffffffe04ef0
3 0x0080002794 (0x010705b3) x13 0x0000000080080000
3 0x0080002798 (0x00c69693) x15 0x0000000000000020
3 0x008000279c (0x00579793)
3 0x00800027a0 (0x00d73023)
3 0x00800027a4 (0x00b73423) x15 0x0000000000000020
3 0x00800027a8 (0x0207f793) x14 0x0000000080004ef0
3 0x00800027ac (0x01070713) x15 0x0000000000000020
3 0x00800027b0 (0x00f667b3)
3 0x00800027b4 (0xfce31ae3) x12 0x0000000000000010
3 0x0080002788 (0x0017d613) x13 0x000000000008009f
3 0x008000278c (0x011786b3) x15 0x0000000000000030
3 0x0080002790 (0x00f647b3) x11 0xffffffffffe04f00
3 0x0080002794 (0x010705b3) x13 0x000000008009f000
3 0x0080002798 (0x00c69693) x15 0x0000000000000600
3 0x008000279c (0x00579793)
3 0x00800027a0 (0x00d73023)
3 0x00800027a4 (0x00b73423) x15 0x0000000000000000
3 0x00800027a8 (0x0207f793) x14 0x0000000080004f00
3 0x00800027ac (0x01070713) x15 0x0000000000000010
3 0x00800027b0 (0x00f667b3)
3 0x00800027b4 (0xfce31ae3) x12 0x0000000000000008
3 0x0080002788 (0x0017d613) x13 0x000000000008008f
3 0x008000278c (0x011786b3) x15 0x0000000000000018
3 0x0080002790 (0x00f647b3) x11 0xffffffffffe04f10
3 0x0080002794 (0x010705b3) x13 0x000000008008f000
3 0x0080002798 (0x00c69693) x15 0x0000000000000300
3 0x008000279c (0x00579793)
3 0x00800027a0 (0x00d73023)
3 0x00800027a4 (0x00b73423) x15 0x0000000000000000
3 0x00800027a8 (0x0207f793) x14 0x0000000080004f10
3 0x00800027ac (0x01070713) x15 0x0000000000000008
3 0x00800027b0 (0x00f667b3)
3 0x00800027b4 (0xfce31ae3) x12 0x0000000000000004
3 0x0080002788 (0x0017d613) x13 0x0000000000080087
3 0x008000278c (0x011786b3) x15 0x000000000000000c
3 0x0080002790 (0x00f647b3) x11 0xffffffffffe04f20
3 0x0080002794 (0x010705b3) x13 0x0000000080087000
3 0x0080002798 (0x00c69693) x15 0x0000000000000180
3 0x008000279c (0x00579793)
3 0x00800027a0 (0x00d73023)
3 0x00800027a4 (0x00b73423) x15 0x0000000000000000
3 0x00800027a8 (0x0207f793) x14 0x0000000080004f20
3 0x00800027ac (0x01070713) x15 0x0000000000000004
3 0x00800027b0 (0x00f667b3)
3 0x00800027b4 (0xfce31ae3) x12 0x0000000000000002
3 0x0080002788 (0x0017d613) x13 0x0000000000080083
3 0x008000278c (0x011786b3) x15 0x0000000000000006
3 0x0080002790 (0x00f647b3) x11 0xffffffffffe04f30
3 0x0080002794 (0x010705b3) x13 0x0000000080083000
3 0x0080002798 (0x00c69693) x15 0x00000000000000c0
3 0x008000279c (0x00579793)
3 0x00800027a0 (0x00d73023)
3 0x00800027a4 (0x00b73423) x15 0x0000000000000000
3 0x00800027a8 (0x0207f793) x14 0x0000000080004f30
3 0x00800027ac (0x01070713) x15 0x0000000000000002
3 0x00800027b0 (0x00f667b3)
3 0x00800027b4 (0xfce31ae3) x12 0x0000000000000001
3 0x0080002788 (0x0017d613) x13 0x0000000000080081
3 0x008000278c (0x011786b3) x15 0x0000000000000003
3 0x0080002790 (0x00f647b3) x11 0xffffffffffe04f40
3 0x0080002794 (0x010705b3) x13 0x0000000080081000
3 0x0080002798 (0x00c69693) x15 0x0000000000000060
3 0x008000279c (0x00579793)
3 0x00800027a0 (0x00d73023)
3 0x00800027a4 (0x00b73423) x15 0x0000000000000020
3 0x00800027a8 (0x0207f793) x14 0x0000000080004f40
3 0x00800027ac (0x01070713) x15 0x0000000000000021
3 0x00800027b0 (0x00f667b3)
3 0x00800027b4 (0xfce31ae3) x12 0x0000000000000010
3 0x0080002788 (0x0017d613) x13 0x00000000000800a0
3 0x008000278c (0x011786b3) x15 0x0000000000000031
3 0x0080002790 (0x00f647b3) x11 0xffffffffffe04f50
3 0x0080002794 (0x010705b3) x13 0x00000000800a0000
3 0x0080002798 (0x00c69693) x15 0x0000000000000620
3 0x008000279c (0x00579793)
3 0x00800027a0 (0x00d73023)
3 0x00800027a4 (0x00b73423) x15 0x0000000000000020
3 0x00800027a8 (0x0207f793) x14 0x0000000080004f50
3 0x00800027ac (0x01070713) x15 0x0000000000000030
3 0x00800027b0 (0x00f667b3)
3 0x00800027b4 (0xfce31ae3) x12 0x0000000000000018
3 0x0080002788 (0x0017d613) x13 0x00000000000800af
3 0x008000278c (0x011786b3) x15 0x0000000000000028
3 0x0080002790 (0x00f647b3) x11 0xffffffffffe04f60
3 0x0080002794 (0x010705b3) x13 0x00000000800af000
3 0x0080002798 (0x00c69693) x15 0x0000000000000500
3 0x008000279c (0x00579793)
3 0x00800027a0 (0x00d73023)
3 0x00800027a4 (0x00b73423) x15 0x0000000000000000
3 0x00800027a8 (0x0207f793) x14 0x0000000080004f60
3 0x00800027ac (0x01070713) x15 0x0000000000000018
3 0x00800027b0 (0x00f667b3)
3 0x00800027b4 (0xfce31ae3) x12 0x000000000000000c
3 0x0080002788 (0x0017d613) x13 0x0000000000080097
3 0x008000278c (0x011786b3) x15 0x0000000000000014
3 0x0080002790 (0x00f647b3) x11 0xffffffffffe04f70
3 0x0080002794 (0x010705b3) x13 0x0000000080097000
3 0x0080002798 (0x00c69693) x15 0x0000000000000280
3 0x008000279c (0x00579793)
3 0x00800027a0 (0x00d73023)
3 0x00800027a4 (0x00b73423) x15 0x0000000000000000
3 0x00800027a8 (0x0207f793) x14 0x0000000080004f70
3 0x00800027ac (0x01070713) x15 0x000000000000000c
3 0x00800027b0 (0x00f667b3)
3 0x00800027b4 (0xfce31ae3) x12 0x0000000000000006
3 0x0080002788 (0x0017d613) x13 0x000000000008008b
3 0x008000278c (0x011786b3) x15 0x000000000000000a
3 0x0080002790 (0x00f647b3) x11 0xffffffffffe04f80
3 0x0080002794 (0x010705b3) x13 0x000000008008b000
3 0x0080002798 (0x00c69693) x15 0x0000000000000140
3 0x008000279c (0x00579793)
3 0x00800027a0 (0x00d73023)
3 0x00800027a4 (0x00b73423) x15 0x0000000000000000
3 0x00800027a8 (0x0207f793) x14 0x0000000080004f80
3 0x00800027ac (0x01070713) x15 0x0000000000000006
3 0x00800027b0 (0x00f667b3)
3 0x00800027b4 (0xfce31ae3) x12 0x0000000000000003
3 0x0080002788 (0x0017d613) x13 0x0000000000080085
3 0x008000278c (0x011786b3) x15 0x0000000000000005
3 0x0080002790 (0x00f647b3) x11 0xffffffffffe04f90
3 0x0080002794 (0x010705b3) x13 0x0000000080085000
3 0x0080002798 (0x00c69693) x15 0x00000000000000a0
3 0x008000279c (0x00579793)
3 0x00800027a0 (0x00d73023)
3 0x00800027a4 (0x00b73423) x15 0x0000000000000020
3 0x00800027a8 (0x0207f793) x14 0x0000000080004f90
3 0x00800027ac (0x01070713) x15 0x0000000000000023
3 0x00800027b0 (0x00f667b3)
3 0x00800027b4 (0xfce31ae3) x12 0x0000000000000011
3 0x0080002788 (0x0017d613) x13 0x00000000000800a2
3 0x008000278c (0x011786b3) x15 0x0000000000000032
3 0x0080002790 (0x00f647b3) x11 0xffffffffffe04fa0
3 0x0080002794 (0x010705b3) x13 0x00000000800a2000
3 0x0080002798 (0x00c69693) x15 0x0000000000000640
3 0x008000279c (0x00579793)
3 0x00800027a0 (0x00d73023)
3 0x00800027a4 (0x00b73423) x15 0x0000000000000000
3 0x00800027a8 (0x0207f793) x14 0x0000000080004fa0
3 0x00800027ac (0x01070713) x15 0x0000000000000011
3 0x00800027b0 (0x00f667b3)
3 0x00800027b4 (0xfce31ae3) x12 0x0000000000000008
3 0x0080002788 (0x0017d613) x13 0x0000000000080090
3 0x008000278c (0x011786b3) x15 0x0000000000000019
3 0x0080002790 (0x00f647b3) x11 0xffffffffffe04fb0
3 0x0080002794 (0x010705b3) x13 0x0000000080090000
3 0x0080002798 (0x00c69693) x15 0x0000000000000320
3 0x008000279c (0x00579793)
3 0x00800027a0 (0x00d73023)
3 0x00800027a4 (0x00b73423) x15 0x0000000000000020
3 0x00800027a8 (0x0207f793) x14 0x0000000080004fb0
3 0x00800027ac (0x01070713) x15 0x0000000000000028
3 0x00800027b0 (0x00f667b3)
3 0x00800027b4 (0xfce31ae3) x12 0x0000000000000014
3 0x0080002788 (0x0017d613) x13 0x00000000000800a7
3 0x008000278c (0x011786b3) x15 0x000000000000003c
3 0x0080002790 (0x00f647b3) x11 0xffffffffffe04fc0
3 0x0080002794 (0x010705b3) x13 0x00000000800a7000
3 0x0080002798 (0x00c69693) x15 0x0000000000000780
3 0x008000279c (0x00579793)
3 0x00800027a0 (0x00d73023)
3 0x00800027a4 (0x00b73423) x15 0x0000000000000000
3 0x00800027a8 (0x0207f793) x14 0x0000000080004fc0
3 0x00800027ac (0x01070713) x15 0x0000000000000014
3 0x00800027b0 (0x00f667b3)
3 0x00800027b4 (0xfce31ae3) x12 0x000000000000000a
3 0x0080002788 (0x0017d613) x13 0x0000000000080093
3 0x008000278c (0x011786b3) x15 0x000000000000001e
3 0x0080002790 (0x00f647b3) x11 0xffffffffffe04fd0
3 0x0080002794 (0x010705b3) x13 0x0000000080093000
3 0x0080002798 (0x00c69693) x15 0x00000000000003c0
3 0x008000279c (0x00579793)
3 0x00800027a0 (0x00d73023)
3 0x00800027a4 (0x00b73423) x15 0x0000000000000000
3 0x00800027a8 (0x0207f793) x14 0x0000000080004fd0
3 0x00800027ac (0x01070713) x15 0x000000000000000a
3 0x00800027b0 (0x00f667b3)
3 0x00800027b4 (0xfce31ae3) x12 0x0000000000000005
3 0x0080002788 (0x0017d613) x13 0x0000000000080089
3 0x008000278c (0x011786b3) x15 0x000000000000000f
3 0x0080002790 (0x00f647b3) x11 0xffffffffffe04fe0
3 0x0080002794 (0x010705b3) x13 0x0000000080089000
3 0x0080002798 (0x00c69693) x15 0x00000000000001e0
3 0x008000279c (0x00579793)
3 0x00800027a0 (0x00d73023)
3 0x00800027a4 (0x00b73423) x15 0x0000000000000020
3 0x00800027a8 (0x0207f793) x14 0x0000000080004fe0
3 0x00800027ac (0x01070713) x15 0x0000000000000025
3 0x00800027b0 (0x00f667b3)
3 0x00800027b4 (0xfce31ae3) x12 0x00000000800a7000
3 0x00800027b8 (0x00003797)
3 0x00800027bc (0x8207b023) x15 0x0000000000000023
3 0x00800027c0 (0x84dfd0ef)
3 0x008000000c (0x300b66f3) x15 0x0000000000000000
3 0x00800001a0 (0x00003097) x1 0x0000000080004fc0
3 0x00800001a4 (0x06008093) x15 0x0000000000000014
3 0x00800001a8 (0x10002173)
3 0x00800001ac (0x0420bc23) x12 0x000000000000000a
3 0x00800001b0 (0x10402173) x13 0x0000000000080093
3 0x00800001b4 (0x0620b823) x15 0x000000000000001e
3 0x00800001b8 (0x10502173) x11 0xffffffffffe04fd0
3 0x00800001bc (0x0620bc23) x13 0x0000000080093000
3 0x00800001c0 (0x10602173) x15 0x00000000000003c0
3 0x00800001c4 (0x0820b023)
3 0x00800001c8 (0x14002173)
3 0x00800001cc (0x0820b423) x15 0x0000000000000000
3 0x00800001d0 (0x14102173) x14 0x0000000080004fd0
3 0x00800001d4 (0x0820b823) x15 0x000000000000000a
3 0x00800001d8 (0x14202173)
3 0x00800001dc (0x0820bc23) x12 0x0000000000000005
3 0x00800001e0 (0x14302173) x13 0x0000000000080089
3 0x00800001e4 (0x0a20b023) x15 0x000000000000000f
3 0x00800001e8 (0x14402173) x11 0xffffffffffe04fe0
3 0x00800001ec (0xf7f17113)
3 0x00800001f0 (0x0a20b423) x15 0x00000000000001e0
3 0x00800001f4 (0x18002173)
3 0x00800001f8 (0x0a20b823)
3 0x00800001fc (0xf1402173) x15 0x0000000000000020
3 0x0080000200 (0x0a20bc23) x14 0x0000000080004fe0
3 0x0080000204 (0x30002173) x15 0x0000000000000025
3 0x0080000208 (0x0c20b023)
3 0x008000020c (0x30202173) x15 0x00000000800057b8
3 0x0080000210 (0x0c20b423)
3 0x0080000214 (0x30302173) x1 0x00000000800027c4
3 0x0080000218 (0x0c20b823) x13 0x8000000a00006000
3 0x008000021c (0x30402173) x1 0x00000000800031a0
3 0x0080000220 (0x0c20bc23) x1 0x0000000080003200
3 0x0080000224 (0x30502173) x2 0x8000000200006002
3 0x0080000228 (0x0e20b023)
3 0x008000022c (0x30602173) x2 0x0000000000000000
3 0x0080000230 (0x0e20b423)
3 0x0080000234 (0x34002173) x2 0xffffffffffe0046c
3 0x0080000238 (0x0e20b823)
3 0x008000023c (0x34102173) x2 0x0000000000000019
3 0x0080000240 (0x0e20bc23)
3 0x0080000244 (0x34202173) x2 0xffffffffffe610e0
3 0x0080000248 (0x1020b023)
3 0x008000024c (0x34302173) x2 0x0000006537504a2c
3 0x0080000250 (0x1020b423)
3 0x0080000254 (0x34402173) x2 0x56eaa19167b8a2b1
3 0x0080000258 (0xf7f17113)
3 0x008000025c (0x1020b823) x2 0xffffffd8c65ebb0d
3 0x0080000260 (0x3a002173)
3 0x0080000264 (0x1020bc23) x2 0x0000000000000000
3 0x0080000268 (0x3b002173) x2 0x0000000000000000
3 0x008000026c (0x1220bc23)
3 0x0080000270 (0x3b102173) x2 0x8000000000080005
3 0x0080000274 (0x1420b023)
3 0x0080000278 (0x3b202173) x2 0x0000000000000000
3 0x008000027c (0x1420b423)
3 0x0080000280 (0x3b302173) x2 0x8000000a00007802
3 0x0080000284 (0x1420b823)
3 0x0080000288 (0x3b402173) x2 0x000000000000b100
3 0x008000028c (0x1420bc23)
3 0x0080000290 (0x3b502173) x2 0x0000000000000000
3 0x0080000294 (0x1620b023)
3 0x0080000298 (0x3b602173) x2 0x0000000000000000
3 0x008000029c (0x1620b423)
3 0x00800002a0 (0x3b702173) x2 0x00000000800001a0
3 0x00800002a4 (0x1620b823) x10 0x8000000200006002
3 0x00800002a8 (0x00006537) x2 0x000000000000000c
3 0x00800002ac (0x30052073)
3 0x00800002b0 (0x00102173) x2 0x00000000800610e0
3 0x00800002b4 (0x0420b023)
3 0x00800002b8 (0x00202173) x2 0x0000000080000010
3 0x00800002bc (0x0420b423)
3 0x00800002c0 (0x00302173) x2 0x0000000000000002
3 0x00800002c4 (0x0420b823) x1 0xffffffffffe610e0
3 0x00800002c8 (0x00003097) x1 0x0000000000000000
3 0x00800002cc (0xd3808093)
3 0x00800002d0 (0x0000b023)
3 0x00800002d4 (0x0020b823)
3 0x00800002d8 (0x0030bc23)
3 0x00800002dc (0x0240b023)
3 0x00800002e0 (0x0250b423)
3 0x00800002e4 (0x0260b823)
3 0x00800002e8 (0x0270bc23)
3 0x00800002ec (0x0480b023)
3 0x00800002f0 (0x0490b423)
3 0x00800002f4 (0x04a0b823)
3 0x00800002f8 (0x04b0bc23)
3 0x00800002fc (0x06c0b023)
3 0x0080000300 (0x06d0b423)
3 0x0080000304 (0x06e0b823)
3 0x0080000308 (0x06f0bc23)
3 0x008000030c (0x0900b023)
3 0x0080000310 (0x0910b423)
3 0x0080000314 (0x0920b823)
3 0x0080000318 (0x0930bc23)
3 0x008000031c (0x0b40b023)
3 0x0080000320 (0x0b50b423)
3 0x0080000324 (0x0b60b823) x10 0x0000000000006000
3 0x0080000328 (0x0b70bc23)
3 0x008000032c (0x0d80b023)
3 0x0080000330 (0x0d90b423)
3 0x0080000334 (0x0db0bc23)
3 0x0080000338 (0x0fc0b023)
3 0x008000033c (0x0fd0b423)
3 0x0080000340 (0x0fe0b823) x1 0x0000000000000002
3 0x0080000344 (0x00003097) x1 0x00000000800032c8
3 0x0080000348 (0xdbc08093)
3 0x008000034c (0x0010a427)
3 0x0080000350 (0x0020a827)
3 0x0080000354 (0x0270ac27)
3 0x0080000358 (0x0490a427)
3 0x008000035c (0x04a0a827)
3 0x0080000360 (0x06c0a027)
3 0x0080000364 (0x06d0a427)
3 0x0080000368 (0x0b50a427)
3 0x008000036c (0x0b60a827)
3 0x0080000370 (0x0d90a427)
3 0x0080000374 (0x0da0a827)
3 0x0080000378 (0x0fc0a027)
3 0x008000037c (0x0fd0a427)
3 0x0080000380 (0x0fe0a827)
3 0x0080000384 (0x0ff0ac27) x1 0x00000000155e6dea
3 0x0080000388 (0x00003097) x1 0x000000000000b100
3 0x008000038c (0xd7808093)
3 0x0080000390 (0x0000b027)
3 0x0080000394 (0x0030bc27)
3 0x0080000398 (0x0240b027)
3 0x008000039c (0x0250b427)
3 0x00800003a0 (0x0260b827)
3 0x00800003a4 (0x0480b027)
3 0x00800003a8 (0x04b0bc27)
3 0x00800003ac (0x06e0b827)
3 0x00800003b0 (0x06f0bc27)
3 0x00800003b4 (0x0900b027)
3 0x00800003b8 (0x0910b427)
3 0x00800003bc (0x0920b827)
3 0x00800003c0 (0x0930bc27)
3 0x00800003c4 (0x0b40b027)
3 0x00800003c8 (0x0b70bc27)
3 0x00800003cc (0x0d80b027)
3 0x00800003d0 (0x0db0bc27) x3 0x0000000000000020
3 0x00800003d4 (0x00100193) x30 0x00000000800013d8
3 0x00800003d8 (0x00001f17)
3 0x00800003dc (0xc23f2423)
3 0x00800003e0 (0x0000006f)
3 0x00800003e0 (0x0000006f)
3 0x00800003e0 (0x0000006f)
3 0x00800003e0 (0x0000006f)
3 0x00800003e0 (0x0000006f)
3 0x00800003e0 (0x0000006f)
3 0x00800003e0 (0x0000006f)
3 0x00800003e0 (0x0000006f)
3 0x00800003e0 (0x0000006f)
3 0x00800003e0 (0x0000006f)
3 0x00800003e0 (0x0000006f)
3 0x00800003e0 (0x0000006f)
3 0x00800003e0 (0x0000006f)
3 0x00800003e0 (0x0000006f)
3 0x00800003e0 (0x0000006f)
3 0x00800003e0 (0x0000006f)
3 0x00800003e0 (0x0000006f)
3 0x00800003e0 (0x0000006f)
3 0x00800003e0 (0x0000006f)
3 0x00800003e0 (0x0000006f)
3 0x00800003e0 (0x0000006f)
3 0x00800003e0 (0x0000006f)
3 0x00800003e0 (0x0000006f)
3 0x00800003e0 (0x0000006f)
3 0x00800003e0 (0x0000006f)
3 0x00800003e0 (0x0000006f)
3 0x00800003e0 (0x0000006f)
3 0x00800003e0 (0x0000006f)
3 0x00800003e0 (0x0000006f)
3 0x00800003e0 (0x0000006f)
3 0x00800003e0 (0x0000006f)
3 0x00800003e0 (0x0000006f)
3 0x00800003e0 (0x0000006f)
3 0x00800003e0 (0x0000006f)
3 0x00800003e0 (0x0000006f)
3 0x00800003e0 (0x0000006f)
3 0x00800003e0 (0x0000006f)
3 0x00800003e0 (0x0000006f)
3 0x00800003e0 (0x0000006f)
3 0x00800003e0 (0x0000006f)
3 0x00800003e0 (0x0000006f)
3 0x00800003e0 (0x0000006f)
3 0x00800003e0 (0x0000006f)
3 0x00800003e0 (0x0000006f)
3 0x00800003e0 (0x0000006f)
3 0x00800003e0 (0x0000006f)
3 0x00800003e0 (0x0000006f)
3 0x00800003e0 (0x0000006f)
3 0x00800003e0 (0x0000006f)
3 0x00800003e0 (0x0000006f)
3 0x00800003e0 (0x0000006f)
3 0x00800003e0 (0x0000006f)
3 0x00800003e0 (0x0000006f)
3 0x00800003e0 (0x0000006f)
3 0x00800003e0 (0x0000006f)
3 0x00800003e0 (0x0000006f)
3 0x00800003e0 (0x0000006f)
3 0x00800003e0 (0x0000006f)
3 0x00800003e0 (0x0000006f)
3 0x00800003e0 (0x0000006f)
3 0x00800003e0 (0x0000006f)
3 0x00800003e0 (0x0000006f)
3 0x00800003e0 (0x0000006f)
3 0x00800003e0 (0x0000006f)
3 0x00800003e0 (0x0000006f)
3 0x00800003e0 (0x0000006f)
3 0x00800003e0 (0x0000006f)
3 0x00800003e0 (0x0000006f)
3 0x00800003e0 (0x0000006f)
3 0x00800003e0 (0x0000006f)
3 0x00800003e0 (0x0000006f)
3 0x00800003e0 (0x0000006f)
3 0x00800003e0 (0x0000006f)
3 0x00800003e0 (0x0000006f)
3 0x00800003e0 (0x0000006f)
3 0x00800003e0 (0x0000006f)
3 0x00800003e0 (0x0000006f)
3 0x00800003e0 (0x0000006f)
3 0x00800003e0 (0x0000006f)
3 0x00800003e0 (0x0000006f)
3 0x00800003e0 (0x0000006f)
3 0x00800003e0 (0x0000006f)
3 0x00800003e0 (0x0000006f)
3 0x00800003e0 (0x0000006f)
3 0x00800003e0 (0x0000006f)
3 0x00800003e0 (0x0000006f)
3 0x00800003e0 (0x0000006f)
3 0x00800003e0 (0x0000006f)
3 0x00800003e0 (0x0000006f)
3 0x00800003e0 (0x0000006f)
3 0x00800003e0 (0x0000006f)
3 0x00800003e0 (0x0000006f)
3 0x00800003e0 (0x0000006f)
3 0x00800003e0 (0x0000006f)
3 0x00800003e0 (0x0000006f)
3 0x00800003e0 (0x0000006f)
3 0x00800003e0 (0x0000006f)
3 0x00800003e0 (0x0000006f)
3 0x00800003e0 (0x0000006f)
3 0x00800003e0 (0x0000006f)
3 0x00800003e0 (0x0000006f)
3 0x00800003e0 (0x0000006f)
3 0x00800003e0 (0x0000006f)
3 0x00800003e0 (0x0000006f)
3 0x00800003e0 (0x0000006f)
3 0x00800003e0 (0x0000006f)
3 0x00800003e0 (0x0000006f)
3 0x00800003e0 (0x0000006f)
3 0x00800003e0 (0x0000006f)
3 0x00800003e0 (0x0000006f)
3 0x00800003e0 (0x0000006f)
3 0x00800003e0 (0x0000006f)
3 0x00800003e0 (0x0000006f)
3 0x00800003e0 (0x0000006f)
3 0x00800003e0 (0x0000006f)
3 0x00800003e0 (0x0000006f)
3 0x00800003e0 (0x0000006f)
3 0x00800003e0 (0x0000006f)
3 0x00800003e0 (0x0000006f)
3 0x00800003e0 (0x0000006f)
3 0x00800003e0 (0x0000006f)
3 0x00800003e0 (0x0000006f)
3 0x00800003e0 (0x0000006f)
3 0x00800003e0 (0x0000006f)
3 0x00800003e0 (0x0000006f)
3 0x00800003e0 (0x0000006f)
