3 0x0000010040 (0x00000517) x10 0x5f5a0fbe176e072e
3 0x0000010044 (0xfc050513)
3 0x0000010048 (0x30551073)
3 0x000001004c (0x301022f3)
3 0x0000010050 (0x4122d293) x5 0x0000000000000001
3 0x0000010054 (0x0012f293)
3 0x0000010058 (0x00028463) f5 0x8eccba1d3f90557f
3 0x000001005c (0x30301073)
3 0x0000010060 (0x00800513)
3 0x0000010064 (0x30451073)
3 0x0000010068 (0x30052073) f17 0x4beef19772bbe3e5
3 0x000001006c (0x10500073)
3 0x0000010000 (0x020005b7) f21 0xb0d644614d7f2f9a
3 0x0000010004 (0xf1402573) f1 0xacb5ca59bfecf47f
3 0x0000010008 (0x00050463) x12 0xaf3b7a5e517c23a2
3 0x0000010010 (0x00458613) x13 0x0000000000000001
3 0x0000010014 (0x00100693)
3 0x0000010018 (0x00d62023) x12 0x0000000002000008
3 0x000001001c (0x00460613) x13 0x08573d10b8297670
3 0x0000010020 (0xffc62683)
3 0x0000010024 (0xfe069ae3)
3 0x0000010028 (0x06c0006f) x12 0x000000000200000c
3 0x0000010094 (0x0005a023) x10 0xe2c316c532683d64
3 0x0000010098 (0x00004537) x10 0xcd86309b93260a26
3 0x000001009c (0x00053503)
3 0x00000100a0 (0x34151073) x12 0x0000000002000010
3 0x00000100a4 (0xf1402573) x13 0xxxxxxxxxxxxxxxxx
3 0x00000100a8 (0x00000597) x11 0xff395afe6e4fa1dc
3 0x00000100ac (0x01858593) x12 0x0000000000000080
3 0x00000100b0 (0x08000613) x12 0x0000000002000014
3 0x00000100b4 (0x30063073) x13 0x39da8f73d5a7a0ab
3 0x00000100b8 (0x30200073)
3 0x0080000000 (0x00010f97) x31 0x0000000000010000
3 0x0080000004 (0x000f8f93) x1 0x0000000002000018
3 0x0080000008 (0x000fb083) x2 0xfb2bd4cb39b867d9
3 0x008000000c (0x008fb103) x3 0xcd57ba5b55e9b09b
3 0x0080000010 (0x010fb183) x4 0x42bd3e5d02046b51
3 0x0080000014 (0x018fb203) x5 0xdfcf0f078709c05d
3 0x0080000018 (0x020fb283) x6 0xb284bc5f93ed0c6e
3 0x008000001c (0x028fb303) x7 0x8c78f336a96dcea9
3 0x0080000020 (0x030fb383) x8 0xe1b0650e600421e0
3 0x0080000024 (0x038fb403) x9 0x7e92d276a9c1eece
3 0x0080000028 (0x040fb483) x10 0x4beef19772bbe3e5
3 0x008000002c (0x048fb503) x11 0x39de0d0524fd1424
3 0x0080000030 (0x050fb583) x12 0x17ed7d127e664b17
3 0x0080000034 (0x058fb603) x13 0xdd3e2876a47427da
3 0x0080000038 (0x060fb683) x14 0xca3dcb74408bbd9c
3 0x008000003c (0x068fb703) x15 0x0000000000000001
3 0x0080000040 (0x070fb783) x16 0xf6917dbcef3b9e2a
3 0x0080000044 (0x078fb803) x17 0x0000000002000008
3 0x0080000048 (0x080fb883) x18 0x73fd487a05eff27a
3 0x008000004c (0x088fb903) x19 0x7938bb5524815088
3 0x0080000050 (0x090fb983) x20 0x719bb402d0e42a80
3 0x0080000054 (0x098fba03) x21 0xb00e47090f32427e
3 0x0080000058 (0x0a0fba83) x22 0x34f485c0c4bebd30
3 0x008000005c (0x0a8fbb03) x23 0x0e365ba21fe591b5
3 0x0080000060 (0x0b0fbb83) x24 0x0000000000010070
3 0x0080000064 (0x0b8fbc03) x25 0x14a32be71566ab4c
3 0x0080000068 (0x0c0fbc83) x26 0x00000000000100a8
3 0x008000006c (0x0c8fbd03) x27 0x309e93eecbc3cb76
3 0x0080000070 (0x0d0fbd83) x28 0xd67910598b1b9344
3 0x0080000074 (0x0d8fbe03) x29 0x12f19b593c1ba10a
3 0x0080000078 (0x0e0fbe83) x30 0x0a119a23ca6b9400
3 0x008000007c (0x0e8fbf03) x31 0x0000000080010000
3 0x0080000080 (0x0f0fbf83)
3 0x0080000084 (0x2e80006f) x1 0xeea10ecf4e689c19
3 0x008000036c (0x30005073) x2 0xfb2bd4cb39b867d9
3 0x0080000370 (0xf1402573) x3 0xcd57ba5b55e9b09b
3 0x0080000374 (0x00051063)
3 0x0080000378 (0x00000297) x5 0xdfcf0f078709c05d
3 0x008000037c (0x01828293) x6 0xb284bc5f93ed0c6e
3 0x0080000380 (0x30529073) x7 0x8c78f336a96dcea9
3 0x0080000384 (0x30205073) x8 0x53b0c9ff42540f9b
3 0x0080000388 (0x30305073) x9 0x7e92d276a9c1eece
3 0x008000038c (0x30405073) x10 0x8de80ebc929bc536
3 0x0080000390 (0x00000297) x5 0x39de0d0524fd1424
3 0x0080000394 (0x01028293) x12 0x17ed7d127e664b17
3 0x0080000398 (0x30529073) x13 0xdd3e2876a47427da
3 0x008000039c (0x18005073) x14 0xca3dcb74408bbd9c
3 0x00800003a0 (0x00000297) x5 0x827072d07bc65c99
3 0x00800003a4 (0x02428293) x16 0xf6917dbcef3b9e2a
3 0x00800003a8 (0x30529073) x17 0xa61f79e06f674ef6
3 0x00800003ac (0x0010029b) x5 0x0020000000000000
3 0x00800003b0 (0x03529293) x5 0x001fffffffffffff
3 0x00800003b4 (0xfff28293) x20 0x719bb402d0e42a80
3 0x00800003b8 (0x3b029073) x21 0xb00e47090f32427e
3 0x00800003bc (0x01f00293) x22 0x34f485c0c4bebd30
3 0x00800003c0 (0x3a029073) x23 0x0e365ba21fe591b5
3 0x00800003c4 (0x00000297) x24 0x24251c9460f27192
3 0x00800003c8 (0xd6428293) x25 0x14a32be71566ab4c
3 0x00800003cc (0x30529073) x26 0xe67c82bf668455fb
3 0x00800003d0 (0x00000193) x10 0x0000000000000001
3 0x00800003d4 (0x00100513) x10 0x0000000080000000
3 0x00800003d8 (0x01f51513)
3 0x00800003dc (0x00055c63) x5 0x00000000800003f4
3 0x00800003f4 (0x00000297) x5 0x32e0059a8422eebb
3 0x00800003f8 (0xd2028293)
3 0x00800003fc (0x10529073)
3 0x0080000400 (0x0000b2b7) x5 0x000000000000b109
3 0x0080000404 (0x1092829b)
3 0x0080000408 (0x3022a073) x5 0x0000000080000378
3 0x008000040c (0x00007537) x10 0x0000000000006800
3 0x0080000410 (0x8005051b)
3 0x0080000414 (0x30052073)
3 0x0080000418 (0x00305073)
3 0x008000041c (0xc6dff0ef) x31 0x0000000000000008
3 0x0080000088 (0x00020f97) x31 0x0000000080000390
3 0x008000008c (0xf78f8f93) f0 0x00000000800003a0
3 0x0080000090 (0x000fa007) f1 0xffffffff18b3f1ce
3 0x0080000094 (0x008fa087) f2 0xffffffff14c20d22
3 0x0080000098 (0x010fa107) f3 0xe662efc12d13bb0d
3 0x008000009c (0x018fb187) f4 0xc0e563770badb6ff
3 0x00800000a0 (0x020fb207) f5 0x7bb02f880606a860
3 0x00800000a4 (0x028fb287) f6 0x6ee02e4af641019b
3 0x00800000a8 (0x030fb307) f7 0x0020000000000000
3 0x00800000ac (0x038fa387) f8 0x001fffffffffffff
3 0x00800000b0 (0x040fb407) f9 0x0000000028acc8ab
3 0x00800000b4 (0x048fb487) f10 0xffffffffe80a0cb7
3 0x00800000b8 (0x050fa507) f11 0x5671940d988468e9
3 0x00800000bc (0x058fb587) f12 0x00000000800003c4
3 0x00800000c0 (0x060fb607) f13 0x43211e718aed3169
3 0x00800000c4 (0x068fb687) f14 0xfffffffff617d787
3 0x00800000c8 (0x070fa707) f15 0xe2a1380785e3c5f7
3 0x00800000cc (0x078fb787) f16 0x0000000000000001
3 0x00800000d0 (0x080fb807) f17 0xffffffff4e030fd5
3 0x00800000d4 (0x088fa887) f18 0xffffffffba216e63
3 0x00800000d8 (0x090fa907) f19 0xfffffffff65cd53d
3 0x00800000dc (0x098fa987) f20 0x92601858ec0668c4
3 0x00800000e0 (0x0a0fba07) f21 0xffffffffcec19d99
3 0x00800000e4 (0x0a8faa87) f22 0x1fbaa2451c270ca1
3 0x00800000e8 (0x0b0fbb07) f23 0x000000000000b109
3 0x00800000ec (0x0b8fbb87) f24 0x0000000000000000
3 0x00800000f0 (0x0c0fbc07) f25 0x0000000000007000
3 0x00800000f4 (0x0c8fbc87) f26 0x0af3d4ce1ed11b4b
3 0x00800000f8 (0x0d0fbd07) f27 0x9d23f593abb542d8
3 0x00800000fc (0x0d8fbd87) f28 0xbb04a314c8cf90e9
3 0x0080000100 (0x0e0fbe07) f29 0xffffffff8e278cb4
3 0x0080000104 (0x0e8fae87) f30 0xffffffff84072abf
3 0x0080000108 (0x0f0faf07) f31 0x0000000080020000
3 0x008000010c (0x0f8faf87)
3 0x0080000110 (0x00008067) f1 0xffffffff18b3f1ce
3 0x0080000420 (0xb0201073) f2 0xffffffff14c20d22
3 0x0080000424 (0xf1402573) f3 0xe662efc12d13bb0d
3 0x0080000428 (0x302075f3) f4 0xc0e563770badb6ff
3 0x008000042c (0x00000297) x5 0x7bb02f880606a860
3 0x0080000430 (0x01428293) f6 0x6ee02e4af641019b
3 0x0080000434 (0x34129073) f7 0xffffffff07ee8bea
3 0x0080000438 (0x00000293) f8 0xddd0012fef5e7b75
1 0x008000043c (0x30200073) f9 0xd703b3c8a8c6cc56
1 0x0080000440 (0x020af533) x29 0xffffffffe80a0cb7
1 0x0080000444 (0x02134ebb) f21 0xffffffff7fc00000
1 0x0080000448 (0xb0c51acb) f24 0xffffffffce5651b0
1 0x008000044c (0xd00f7c53) x18 0x0000000080050450
1 0x0080000450 (0x00050917) x18 0x00000000800500d0
1 0x0080000454 (0xc8090913) x18 0x00000000800500c8
1 0x0080000458 (0xff890913) f16 0xb11f6cd043734ae4
1 0x008000045c (0xa0593baf) f17 0xffffffff4e030fd5
1 0x0080000460 (0xc0109a53) x16 0x0000000080010464
1 0x0080000464 (0x00010817) x16 0xfffffffff65cd53d
1 0x0080000468 (0xcac80813) x23 0x92601858ec0668c4
1 0x008000046c (0x00584b83) x23 0x0000000080000474
1 0x0080000470 (0x05800bef) x23 0x00000000800404c8
1 0x00800004c8 (0x00040b97) x23 0x0000000080040160
1 0x00800004cc (0xc98b8b93) x29 0x25b700525b27acd3
1 0x00800004d0 (0x01cbae83) x20 0x00000000800104d4
1 0x00800004d4 (0x00010a17) x20 0x00000000800101b0
1 0x00800004d8 (0xcdca0a13) x20 0x00000000800101a4
1 0x00800004dc (0xff4a0a13) f28 0xbb04a314c8cf90e9
1 0x00800004e0 (0x002a23af) f29 0xffffffff8e278cb4
1 0x00800004e4 (0x00040997) x19 0xffffffff84072abf
1 0x00800004e8 (0xc5c98993) x30 0xffffffff2306d673
1 0x00800004ec (0xff89af03) x11 0x00000000800104f0
1 0x00800004f0 (0x00010597) x11 0x0000000080010110
1 0x00800004f4 (0xc2058593) x21 0x000000007a58c3dc
1 0x00800004f8 (0x00c5aa83) x6 0x0000000000021000
1 0x00800004fc (0x0070931b) x1 0x309e93eecbc3cb76
1 0x0080000500 (0x000de093) x8 0x0000000080000440
1 0x0080000504 (0x0366743b) x10 0x0000000000000000
1 0x0080000508 (0xa07b8553) x22 0x000000008005050c
1 0x008000050c (0x00050b17) x22 0x0000000080050160
1 0x0080000510 (0xc54b0b13) x22 0x0000000080050148
1 0x0080000514 (0xfe8b0b13) x29 0x0000000000000000
1 0x0080000518 (0x018b3b2f) f21 0xffffffff7fc00000
1 0x008000051c (0xca3a4d13) x8 0x0000000080040520
1 0x0080000520 (0x00040417) x8 0x0000000080050450
1 0x0080000524 (0xb1040413) x8 0x0000000080040038
1 0x0080000528 (0x00840413) x18 0x00000000800500c8
1 0x008000052c (0x096420af) x23 0x3f92f33b5de1cb6c
1 0x0080000530 (0x0036d61b) x5 0x0000000080000534
1 0x0080000534 (0x00000297) x5 0x0000000080010464
1 0x0080000538 (0x05428293) x8 0x0000000080010110
1 0x008000053c (0x0182e403) x14 0x0000000000000000
1 0x0080000540 (0xa0df1753) x4 0x0000000080000474
1 0x0080000544 (0x0214423b) x10 0x0000000080030548
1 0x0080000548 (0x00030517) x10 0x00000000800301c0
1 0x008000054c (0xc7850513) x10 0x00000000800301c0
1 0x0080000550 (0x00050513) x20 0x00000000800104d4
1 0x0080000554 (0x21e530af) x20 0x00000000800101b0
1 0x0080000558 (0xc03d1a53) x21 0x000000008004055c
1 0x008000055c (0x00040a97) x21 0x000000005ba33dbe
1 0x0080000560 (0xc74a8a93) x21 0x00000000800401c4
1 0x0080000564 (0xff4a8a93) x19 0x0000000080040140
1 0x0080000568 (0x41baa9af) x30 0x00000000602fd8d6
1 0x008000056c (0x00000697) x13 0x00000000800104f0
1 0x0080000570 (0x09c68693) x11 0x0000000080010110
3 0x0080000128 (0x00002097) x1 0x000000007a58c3dc
3 0x008000012c (0x0d808093) x6 0x0000000000021000
3 0x0080000130 (0x10002173) x1 0x309e93eecbc3cb76
3 0x0080000134 (0x0420bc23) x8 0x000000007e664b17
3 0x0080000138 (0x10402173) x10 0x0000000000000000
3 0x008000013c (0x0620b823) x22 0x000000008005050c
3 0x0080000140 (0x10502173) x22 0x0000000080050160
3 0x0080000144 (0x0620bc23) x22 0x0000000080050148
3 0x0080000148 (0x10602173) x22 0x54f7f469fab939d7
3 0x008000014c (0x0820b023) x26 0xffffffff7ffefd07
3 0x0080000150 (0x14002173) x8 0x0000000080040520
3 0x0080000154 (0x0820b423) x8 0x0000000080040030
3 0x0080000158 (0x14102173) x8 0x0000000080040038
3 0x008000015c (0x0820b823) x1 0x000000005233cd08
3 0x0080000160 (0x14202173) x12 0x00000000148e84fb
3 0x0080000164 (0x0820bc23) x5 0x0000000080000534
3 0x0080000168 (0x14302173) x5 0x0000000080000588
3 0x008000016c (0x0a20b023) x8 0x000000003111c947
3 0x0080000170 (0x14402173) x14 0x0000000000000000
3 0x0080000174 (0xf7f17113)
3 0x0080000178 (0x0a20b423) x10 0x0000000080030548
3 0x008000017c (0x18002173) x10 0x00000000800301c0
3 0x0080000180 (0x0a20b823) x10 0x00000000800301c0
3 0x0080000184 (0xf1402173) x1 0xb8430ff46dccc115
3 0x0080000188 (0x0a20bc23) x20 0xffffffffffffffff
3 0x008000018c (0x30002173) x21 0x000000008004055c
3 0x0080000190 (0x0c20b023) x21 0x00000000800401d0
3 0x0080000194 (0x30202173) x21 0x00000000800401c4
3 0x0080000198 (0x0c20b423) x19 0x0000000048885fad
3 0x008000019c (0x30302173) x13 0x000000008000056c
3 0x00800001a0 (0x0c20b823) x13 0x0000000080000608
3 0x00800001a4 (0x30402173) x1 0x0000000080002128
3 0x00800001a8 (0x0c20bc23) x1 0x0000000080002200
3 0x00800001ac (0x30502173) x2 0x8000000200006000
3 0x00800001b0 (0x0e20b023)
3 0x00800001b4 (0x30602173) x2 0x0000000000000000
3 0x00800001b8 (0x0e20b423)
3 0x00800001bc (0x34002173) x2 0x0000000080000114
3 0x00800001c0 (0x0e20b823)
3 0x00800001c4 (0x34102173) x2 0x0000000000000019
3 0x00800001c8 (0x0e20bc23)
3 0x00800001cc (0x34202173) x2 0x06c76221bf443b28
3 0x00800001d0 (0x1020b023)
3 0x00800001d4 (0x34302173) x2 0x0000006537504a2c
3 0x00800001d8 (0x1020b423)
3 0x00800001dc (0x34402173) x2 0x56eaa19167b8a2b1
3 0x00800001e0 (0xf7f17113)
3 0x00800001e4 (0x1020b823) x2 0xffffffd8c65ebb0d
3 0x00800001e8 (0x3a002173)
3 0x00800001ec (0x1020bc23) x2 0x0000000000000000
3 0x00800001f0 (0x3b002173) x2 0x0000000000000000
3 0x00800001f4 (0x1220bc23)
3 0x00800001f8 (0x3b102173) x2 0x0000000000000000
3 0x00800001fc (0x1420b023)
3 0x0080000200 (0x3b202173) x2 0x0000000000000000
3 0x0080000204 (0x1420b423)
3 0x0080000208 (0x3b302173) x2 0x8000000a00006800
3 0x008000020c (0x1420b823)
3 0x0080000210 (0x3b402173) x2 0x000000000000b109
3 0x0080000214 (0x1420bc23)
3 0x0080000218 (0x3b502173) x2 0x0000000000000000
3 0x008000021c (0x1620b023)
3 0x0080000220 (0x3b602173) x2 0x0000000000000000
3 0x0080000224 (0x1620b423)
3 0x0080000228 (0x3b702173) x2 0x0000000080000128
3 0x008000022c (0x1620b823) x10 0x8000000200006000
3 0x0080000230 (0x00006537) x2 0x000000000000000c
3 0x0080000234 (0x30052073)
3 0x0080000238 (0x00102173) x2 0xd1b9aea30d735f1a
3 0x008000023c (0x0420b023)
3 0x0080000240 (0x00202173) x2 0x0000000080000574
3 0x0080000244 (0x0420b423)
3 0x0080000248 (0x00302173) x2 0x0000000000000002
3 0x008000024c (0x0420b823) x1 0x06c76221bf443b28
3 0x0080000250 (0x00002097) x1 0x0000000000000000
3 0x0080000254 (0xdb008093)
3 0x0080000258 (0x0000b023)
3 0x008000025c (0x0020b823)
3 0x0080000260 (0x0030bc23)
3 0x0080000264 (0x0240b023)
3 0x0080000268 (0x0250b423)
3 0x008000026c (0x0260b823)
3 0x0080000270 (0x0270bc23)
3 0x0080000274 (0x0480b023)
3 0x0080000278 (0x0490b423)
3 0x008000027c (0x04a0b823)
3 0x0080000280 (0x04b0bc23)
3 0x0080000284 (0x06c0b023)
3 0x0080000288 (0x06d0b423)
3 0x008000028c (0x06e0b823)
3 0x0080000290 (0x06f0bc23)
3 0x0080000294 (0x0900b023)
3 0x0080000298 (0x0910b423)
3 0x008000029c (0x0920b823)
3 0x00800002a0 (0x0930bc23)
3 0x00800002a4 (0x0b40b023)
3 0x00800002a8 (0x0b50b423)
3 0x00800002ac (0x0b60b823) x10 0x0000000000006000
3 0x00800002b0 (0x0b70bc23)
3 0x00800002b4 (0x0d80b023)
3 0x00800002b8 (0x0d90b423)
3 0x00800002bc (0x0db0bc23)
3 0x00800002c0 (0x0fc0b023)
3 0x00800002c4 (0x0fd0b423)
3 0x00800002c8 (0x0fe0b823) x1 0x0000000000000002
3 0x00800002cc (0x00002097) x1 0x0000000080002250
3 0x00800002d0 (0xe3408093)
3 0x00800002d4 (0x0010a427)
3 0x00800002d8 (0x0020a827)
3 0x00800002dc (0x0270ac27)
3 0x00800002e0 (0x0490a427)
3 0x00800002e4 (0x04a0a827)
3 0x00800002e8 (0x06c0a027)
3 0x00800002ec (0x06d0a427)
3 0x00800002f0 (0x0b50a427)
3 0x00800002f4 (0x0b60a827)
3 0x00800002f8 (0x0d90a427)
3 0x00800002fc (0x0da0a827)
3 0x0080000300 (0x0fc0a027)
3 0x0080000304 (0x0fd0a427)
3 0x0080000308 (0x0fe0a827)
3 0x008000030c (0x0ff0ac27) x1 0x00000000155e6dea
3 0x0080000310 (0x00002097) x1 0x000000000000b109
3 0x0080000314 (0xdf008093)
3 0x0080000318 (0x0000b027)
3 0x008000031c (0x0030bc27)
3 0x0080000320 (0x0240b027)
3 0x0080000324 (0x0250b427)
3 0x0080000328 (0x0260b827)
3 0x008000032c (0x0480b027)
3 0x0080000330 (0x04b0bc27)
3 0x0080000334 (0x06e0b827)
3 0x0080000338 (0x06f0bc27)
3 0x008000033c (0x0900b027)
3 0x0080000340 (0x0910b427)
3 0x0080000344 (0x0920b827)
3 0x0080000348 (0x0930bc27)
3 0x008000034c (0x0b40b027)
3 0x0080000350 (0x0b70bc27)
3 0x0080000354 (0x0d80b027)
3 0x0080000358 (0x0db0bc27) x3 0x0000000000000020
3 0x008000035c (0x00100193) x30 0x0000000080001360
3 0x0080000360 (0x00001f17)
3 0x0080000364 (0xca3f2023)
3 0x0080000368 (0x0000006f)
3 0x0080000368 (0x0000006f)
3 0x0080000368 (0x0000006f)
3 0x0080000368 (0x0000006f)
3 0x0080000368 (0x0000006f)
3 0x0080000368 (0x0000006f)
3 0x0080000368 (0x0000006f)
3 0x0080000368 (0x0000006f)
3 0x0080000368 (0x0000006f)
3 0x0080000368 (0x0000006f)
3 0x0080000368 (0x0000006f)
3 0x0080000368 (0x0000006f)
3 0x0080000368 (0x0000006f)
3 0x0080000368 (0x0000006f)
3 0x0080000368 (0x0000006f)
3 0x0080000368 (0x0000006f)
3 0x0080000368 (0x0000006f)
3 0x0080000368 (0x0000006f)
3 0x0080000368 (0x0000006f)
3 0x0080000368 (0x0000006f)
3 0x0080000368 (0x0000006f)
3 0x0080000368 (0x0000006f)
3 0x0080000368 (0x0000006f)
3 0x0080000368 (0x0000006f)
3 0x0080000368 (0x0000006f)
3 0x0080000368 (0x0000006f)
3 0x0080000368 (0x0000006f)
3 0x0080000368 (0x0000006f)
3 0x0080000368 (0x0000006f)
3 0x0080000368 (0x0000006f)
3 0x0080000368 (0x0000006f)
3 0x0080000368 (0x0000006f)
3 0x0080000368 (0x0000006f)
3 0x0080000368 (0x0000006f)
3 0x0080000368 (0x0000006f)
3 0x0080000368 (0x0000006f)
3 0x0080000368 (0x0000006f)
3 0x0080000368 (0x0000006f)
3 0x0080000368 (0x0000006f)
3 0x0080000368 (0x0000006f)
3 0x0080000368 (0x0000006f)
3 0x0080000368 (0x0000006f)
3 0x0080000368 (0x0000006f)
3 0x0080000368 (0x0000006f)
3 0x0080000368 (0x0000006f)
3 0x0080000368 (0x0000006f)
3 0x0080000368 (0x0000006f)
3 0x0080000368 (0x0000006f)
3 0x0080000368 (0x0000006f)
3 0x0080000368 (0x0000006f)
3 0x0080000368 (0x0000006f)
3 0x0080000368 (0x0000006f)
3 0x0080000368 (0x0000006f)
3 0x0080000368 (0x0000006f)
3 0x0080000368 (0x0000006f)
3 0x0080000368 (0x0000006f)
3 0x0080000368 (0x0000006f)
3 0x0080000368 (0x0000006f)
3 0x0080000368 (0x0000006f)
3 0x0080000368 (0x0000006f)
3 0x0080000368 (0x0000006f)
3 0x0080000368 (0x0000006f)
3 0x0080000368 (0x0000006f)
3 0x0080000368 (0x0000006f)
3 0x0080000368 (0x0000006f)
3 0x0080000368 (0x0000006f)
3 0x0080000368 (0x0000006f)
3 0x0080000368 (0x0000006f)
3 0x0080000368 (0x0000006f)
3 0x0080000368 (0x0000006f)
3 0x0080000368 (0x0000006f)
3 0x0080000368 (0x0000006f)
3 0x0080000368 (0x0000006f)
3 0x0080000368 (0x0000006f)
3 0x0080000368 (0x0000006f)
3 0x0080000368 (0x0000006f)
3 0x0080000368 (0x0000006f)
3 0x0080000368 (0x0000006f)
3 0x0080000368 (0x0000006f)
3 0x0080000368 (0x0000006f)
3 0x0080000368 (0x0000006f)
3 0x0080000368 (0x0000006f)
3 0x0080000368 (0x0000006f)
3 0x0080000368 (0x0000006f)
3 0x0080000368 (0x0000006f)
3 0x0080000368 (0x0000006f)
3 0x0080000368 (0x0000006f)
3 0x0080000368 (0x0000006f)
3 0x0080000368 (0x0000006f)
3 0x0080000368 (0x0000006f)
3 0x0080000368 (0x0000006f)
3 0x0080000368 (0x0000006f)
3 0x0080000368 (0x0000006f)
3 0x0080000368 (0x0000006f)
3 0x0080000368 (0x0000006f)
3 0x0080000368 (0x0000006f)
3 0x0080000368 (0x0000006f)
3 0x0080000368 (0x0000006f)
3 0x0080000368 (0x0000006f)
3 0x0080000368 (0x0000006f)
3 0x0080000368 (0x0000006f)
3 0x0080000368 (0x0000006f)
3 0x0080000368 (0x0000006f)
3 0x0080000368 (0x0000006f)
3 0x0080000368 (0x0000006f)
3 0x0080000368 (0x0000006f)
3 0x0080000368 (0x0000006f)
3 0x0080000368 (0x0000006f)
3 0x0080000368 (0x0000006f)
3 0x0080000368 (0x0000006f)
3 0x0080000368 (0x0000006f)
3 0x0080000368 (0x0000006f)
3 0x0080000368 (0x0000006f)
3 0x0080000368 (0x0000006f)
3 0x0080000368 (0x0000006f)
3 0x0080000368 (0x0000006f)
3 0x0080000368 (0x0000006f)
3 0x0080000368 (0x0000006f)
3 0x0080000368 (0x0000006f)
3 0x0080000368 (0x0000006f)
3 0x0080000368 (0x0000006f)
3 0x0080000368 (0x0000006f)
3 0x0080000368 (0x0000006f)
3 0x0080000368 (0x0000006f)
3 0x0080000368 (0x0000006f)
3 0x0080000368 (0x0000006f)
3 0x0080000368 (0x0000006f)
3 0x0080000368 (0x0000006f)
3 0x0080000368 (0x0000006f)
3 0x0080000368 (0x0000006f)
3 0x0080000368 (0x0000006f)
3 0x0080000368 (0x0000006f)
3 0x0080000368 (0x0000006f)
3 0x0080000368 (0x0000006f)
3 0x0080000368 (0x0000006f)
3 0x0080000368 (0x0000006f)
3 0x0080000368 (0x0000006f)
3 0x0080000368 (0x0000006f)
3 0x0080000368 (0x0000006f)
3 0x0080000368 (0x0000006f)
3 0x0080000368 (0x0000006f)
3 0x0080000368 (0x0000006f)
3 0x0080000368 (0x0000006f)
3 0x0080000368 (0x0000006f)
3 0x0080000368 (0x0000006f)
3 0x0080000368 (0x0000006f)
3 0x0080000368 (0x0000006f)
3 0x0080000368 (0x0000006f)
3 0x0080000368 (0x0000006f)
3 0x0080000368 (0x0000006f)
3 0x0080000368 (0x0000006f)
