3 0x0000010040 (0x00000517) x10 0x5f5a0fbe176e072e
3 0x0000010044 (0xfc050513)
3 0x0000010048 (0x30551073)
3 0x000001004c (0x301022f3)
3 0x0000010050 (0x4122d293) x5 0x0000000000000001
3 0x0000010054 (0x0012f293)
3 0x0000010058 (0x00028463) f5 0x8eccba1d3f90557f
3 0x000001005c (0x30301073)
3 0x0000010060 (0x00800513)
3 0x0000010064 (0x30451073)
3 0x0000010068 (0x30052073) f17 0x4beef19772bbe3e5
3 0x000001006c (0x10500073)
3 0x0000010000 (0x020005b7) f21 0xb0d644614d7f2f9a
3 0x0000010004 (0xf1402573) f1 0xacb5ca59bfecf47f
3 0x0000010008 (0x00050463) x12 0xaf3b7a5e517c23a2
3 0x0000010010 (0x00458613) x13 0x0000000000000001
3 0x0000010014 (0x00100693)
3 0x0000010018 (0x00d62023) x12 0x0000000002000008
3 0x000001001c (0x00460613) x13 0x08573d10b8297670
3 0x0000010020 (0xffc62683)
3 0x0000010024 (0xfe069ae3)
3 0x0000010028 (0x06c0006f) x12 0x000000000200000c
3 0x0000010094 (0x0005a023) x10 0xe2c316c532683d64
3 0x0000010098 (0x00004537) x10 0xcd86309b93260a26
3 0x000001009c (0x00053503)
3 0x00000100a0 (0x34151073) x12 0x0000000002000010
3 0x00000100a4 (0xf1402573) x13 0xxxxxxxxxxxxxxxxx
3 0x00000100a8 (0x00000597) x11 0xff395afe6e4fa1dc
3 0x00000100ac (0x01858593) x12 0x0000000000000080
3 0x00000100b0 (0x08000613) x12 0x0000000002000014
3 0x00000100b4 (0x30063073) x13 0x39da8f73d5a7a0ab
3 0x00000100b8 (0x30200073)
3 0x0080000000 (0x00010f97) x31 0x0000000000010000
3 0x0080000004 (0x000f8f93) x1 0x0000000002000018
3 0x0080000008 (0x000fb083) x2 0x17fa92deadb2a209
3 0x008000000c (0x008fb103) x3 0xd04acfaf8bcaf302
3 0x0080000010 (0x010fb183) x4 0x67a8e36a3484e4cc
3 0x0080000014 (0x018fb203) x5 0x30c4a893bde1a9ee
3 0x0080000018 (0x020fb283) x6 0xaa05449a786a9519
3 0x008000001c (0x028fb303) x7 0xdbb2fb2ce09d0a40
3 0x0080000020 (0x030fb383) x8 0xe1b0650e600421e0
3 0x0080000024 (0x038fb403) x9 0x0000000002000020
3 0x0080000028 (0x040fb483) x10 0x4beef19772bbe3e5
3 0x008000002c (0x048fb503) x11 0xce5c6b3a5c5ba617
3 0x0080000030 (0x050fb583) x12 0xb4cf5b2571da79eb
3 0x0080000034 (0x058fb603) x13 0xdf4829f9b2e8179d
3 0x0080000038 (0x060fb683) x14 0xb2a8ed21929e2c51
3 0x008000003c (0x068fb703) x15 0x4aacf08993d3c01c
3 0x0080000040 (0x070fb783) x16 0x84dd0e096e4f2ddc
3 0x0080000044 (0x078fb803) x17 0x0000000002000008
3 0x0080000048 (0x080fb883) x18 0xfe90637ad15dadff
3 0x008000004c (0x088fb903) x19 0x8dbe4ba136cdc960
3 0x0080000050 (0x090fb983) x20 0xdfd1bf0179ed5f83
3 0x0080000054 (0x098fba03) x21 0xc834fe04d0f66621
3 0x0080000058 (0x0a0fba83) x22 0x1f1d00be61daecc4
3 0x008000005c (0x0a8fbb03) x23 0x77dc248b77f1a7ff
3 0x0080000060 (0x0b0fbb83) x24 0x0000000000010070
3 0x0080000064 (0x0b8fbc03) x25 0x0000000000000000
3 0x0080000068 (0x0c0fbc83) x26 0x00000000000100a8
3 0x008000006c (0x0c8fbd03) x27 0x9957aa4cc4da147b
3 0x0080000070 (0x0d0fbd83) x28 0x20053aff8bb7b3b1
3 0x0080000074 (0x0d8fbe03) x29 0x41de580d71713a36
3 0x0080000078 (0x0e0fbe83) x30 0x6a12c3cebaa0b426
3 0x008000007c (0x0e8fbf03) x31 0x7a75381be4d288e3
3 0x0080000080 (0x0f0fbf83)
3 0x0080000084 (0x2d80006f) x1 0x86436fb0ec53695b
3 0x008000035c (0x30005073) x2 0x17fa92deadb2a209
3 0x0080000360 (0xf1402573) x3 0xd04acfaf8bcaf302
3 0x0080000364 (0x00051063)
3 0x0080000368 (0x00000297) x5 0x30c4a893bde1a9ee
3 0x008000036c (0x01828293) x6 0xaa05449a786a9519
3 0x0080000370 (0x30529073) x7 0xdbb2fb2ce09d0a40
3 0x0080000374 (0x30205073) x8 0x1dd1ec7bb499cc91
3 0x0080000378 (0x30305073) x9 0x67411f70e7ab777f
3 0x008000037c (0x30405073) x10 0xf08c3da03e1ebfd6
3 0x0080000380 (0x00000297) x5 0xce5c6b3a5c5ba617
3 0x0080000384 (0x01028293) x12 0xb4cf5b2571da79eb
3 0x0080000388 (0x30529073) x13 0xdf4829f9b2e8179d
3 0x008000038c (0x18005073) x14 0xb2a8ed21929e2c51
3 0x0080000390 (0x00000297) x5 0x4aacf08993d3c01c
3 0x0080000394 (0x02428293) x16 0x67157366afabcc22
3 0x0080000398 (0x30529073) x17 0x925c28acfd2d24fc
3 0x008000039c (0x0010029b) x5 0x0020000000000000
3 0x00800003a0 (0x03529293) x5 0x001fffffffffffff
3 0x00800003a4 (0xfff28293) x20 0xdfd1bf0179ed5f83
3 0x00800003a8 (0x3b029073) x21 0xc834fe04d0f66621
3 0x00800003ac (0x01f00293) x22 0x1f1d00be61daecc4
3 0x00800003b0 (0x3a029073) x23 0x77dc248b77f1a7ff
3 0x00800003b4 (0x00000297) x5 0xfba60d562621d5b4
3 0x00800003b8 (0xd6428293) x25 0x25a293d03670d41b
3 0x00800003bc (0x30529073) x26 0x1138bff26dfa2f2f
3 0x00800003c0 (0x00000193) x10 0x0000000000000001
3 0x00800003c4 (0x00100513) x10 0x0000000080000000
3 0x00800003c8 (0x01f51513)
3 0x00800003cc (0x00055c63) x5 0x00000000800003e4
3 0x00800003e4 (0x00000297) x5 0x7a75381be4d288e3
3 0x00800003e8 (0xd3028293)
3 0x00800003ec (0x10529073)
3 0x00800003f0 (0x0000b2b7) x5 0x000000000000b109
3 0x00800003f4 (0x1092829b)
3 0x00800003f8 (0x3022a073) x5 0x0000000080000368
3 0x00800003fc (0x00008537) x10 0x0000000000007800
3 0x0080000400 (0x8005051b)
3 0x0080000404 (0x30052073)
3 0x0080000408 (0x00305073)
3 0x008000040c (0xc7dff0ef) x31 0x0000000000000008
3 0x0080000088 (0x00020f97) x31 0x0000000080000380
3 0x008000008c (0xf78f8f93) f0 0x0000000080000390
3 0x0080000090 (0x000fa007) f1 0xffffffff286cd2c0
3 0x0080000094 (0x008fa087) f2 0xffffffff50c18cab
3 0x0080000098 (0x010fa107) f3 0x60b39e1526504e1e
3 0x008000009c (0x018fb187) f4 0x69f6e0d33afdc7dd
3 0x00800000a0 (0x020fb207) f5 0x3da70551eaa6da36
3 0x00800000a4 (0x028fb287) f6 0x5b9182a86bdc5d12
3 0x00800000a8 (0x030fb307) f7 0x0020000000000000
3 0x00800000ac (0x038fa387) f8 0x001fffffffffffff
3 0x00800000b0 (0x040fb407) f9 0x0000000028acc8ab
3 0x00800000b4 (0x048fb487) f10 0xffffffff1816b7b2
3 0x00800000b8 (0x050fa507) f11 0xe96dae82b27fc133
3 0x00800000bc (0x058fb587) f12 0xdd7fb9a7dc93d01e
3 0x00800000c0 (0x060fb607) f13 0xef7ad3471edae860
3 0x00800000c4 (0x068fb687) f14 0xffffffff82560f70
3 0x00800000c8 (0x070fa707) f15 0x0000000000000000
3 0x00800000cc (0x078fb787) f16 0x71cfd022cc04e0c2
3 0x00800000d0 (0x080fb807) f17 0xffffffffc6b919a0
3 0x00800000d4 (0x088fa887) f18 0xffffffffac59d4f3
3 0x00800000d8 (0x090fa907) f19 0xffffffff3e174297
3 0x00800000dc (0x098fa987) f20 0xf2eb4f29ec42ad44
3 0x00800000e0 (0x0a0fba07) f21 0xffffffff1f949f33
3 0x00800000e4 (0x0a8faa87) f22 0x000000000000b000
3 0x00800000e8 (0x0b0fbb07) f23 0x4844187a3100f00c
3 0x00800000ec (0x0b8fbb87) f24 0x0000000000000000
3 0x00800000f0 (0x0c0fbc07) f25 0x7d26f964bdd2a811
3 0x00800000f4 (0x0c8fbc87) f26 0xcfd59ccfc7eeeaa1
3 0x00800000f8 (0x0d0fbd07) f27 0x238304524d871422
3 0x00800000fc (0x0d8fbd87) f28 0xa6c3910a0850a7db
3 0x0080000100 (0x0e0fbe07) f29 0xffffffff2e8339f4
3 0x0080000104 (0x0e8fae87) f30 0xffffffff9b72b80e
3 0x0080000108 (0x0f0faf07) f31 0x0000000080020000
3 0x008000010c (0x0f8faf87)
3 0x0080000110 (0x00008067) f1 0xffffffff286cd2c0
3 0x0080000410 (0xb0201073) f2 0xffffffff50c18cab
3 0x0080000414 (0xf1402573) f3 0x60b39e1526504e1e
3 0x0080000418 (0x00000297) x5 0x69f6e0d33afdc7dd
3 0x008000041c (0x02828293) f5 0x3da70551eaa6da36
3 0x0080000420 (0x34129073) f6 0x5b9182a86bdc5d12
3 0x0080000424 (0x00000293) f7 0xffffffff32c4b4ac
3 0x0080000428 (0x30200073) f8 0x4e8b2b44108f7fcd
3 0x0080000440 (0x0ef98463)
3 0x0080000444 (0x0266c6bb) x15 0x0000000080040448
3 0x0080000448 (0x00040797) x15 0xe96dae82b27fc133
3 0x008000044c (0xc1878793) x15 0x0000000080040060
3 0x0080000450 (0x00078793) f13 0xef7ad3471edae860
3 0x0080000454 (0x0027baaf) f14 0xffffffff82560f70
3 0x0080000458 (0x0148db1b) x7 0x000000008004045c
3 0x008000045c (0x00040397) x7 0x71cfd022cc04e0c2
3 0x0080000460 (0xc3438393) x22 0xffffffffc6b919a0
3 0x0080000464 (0x00239b03) x1 0x000000008000046c
3 0x0080000468 (0x10c000ef) x18 0xffffffff3e174297
3 0x0080000574 (0x038ac93b) x16 0x0000000000000000
3 0x0080000578 (0x080eb813) x2 0x000000008001057c
3 0x008000057c (0x00010117) x2 0x00000000800100c0
3 0x0080000580 (0xb4410113) x2 0x00000000800100c8
3 0x0080000584 (0x00810113) f24 0xad3074b036704c5a
3 0x0080000588 (0xe1d1362f) f25 0x7d26f964bdd2a811
3 0x008000058c (0xb727ae93) x9 0x0000000080010590
3 0x0080000590 (0x00010497) x9 0x238304524d871422
3 0x0080000594 (0xbe048493) x9 0x0000000080010170
3 0x0080000598 (0x00048493) f29 0xffffffff2e8339f4
3 0x008000059c (0x1004a7af) f30 0xffffffff9b72b80e
3 0x00800005a0 (0x00040217) x4 0xfffffffffb1456bf
3 0x00800005a4 (0xc3020213) x4 0x00000000800401b4
3 0x00800005a8 (0xfe420213)
3 0x00800005ac (0x09e224af) x10 0x0000000000000000
3 0x00800005b0 (0xc0179f53) x20 0xffffffff800001a0
3 0x00800005b4 (0xd3408a1b) x8 0x00000000800405b8
3 0x00800005b8 (0x00040417) x8 0x0000000080000000
3 0x00800005bc (0xba840413) x8 0x0000000080040148
3 0x00800005c0 (0xfe840413)
3 0x00800005c4 (0x185421af)
3 0x00800005c8 (0x00060497) x9 0x0000000000000000
3 0x00800005cc (0xba848493) x9 0x0000000080060154
3 0x00800005d0 (0xfe448493) x15 0x0000000080040060
3 0x00800005d4 (0x60c4a4af) x15 0x0000000080040060
3 0x00800005d8 (0x00053393)
3 0x00800005dc (0x171af463) x2 0x0000000000000fd2
3 0x00800005e0 (0x1796d263) x2 0x000000008004045c
3 0x00800005e4 (0x00030a17) x20 0x0000000080040090
3 0x00800005e8 (0xb4ca0a13) x20 0x0000000080030140
3 0x00800005ec (0x010a0a13) x13 0xffffffffffe00000
3 0x00800005f0 (0xffe006b7) x20 0xffffffff7fe30140
3 0x00800005f4 (0x00da4a33) x16 0x0000000000000000
3 0x0080000118 (0x00002097) x1 0x000000008001057c
3 0x008000011c (0x0e808093) x2 0x00000000800100c0
3 0x0080000120 (0x10002173) x2 0x00000000800100c8
3 0x0080000124 (0x0420bc23) x12 0x1138bff26dfa2f2f
3 0x0080000128 (0x10402173) x29 0x0000000000000000
3 0x008000012c (0x0620b823) x9 0x0000000080010590
3 0x0080000130 (0x10502173) x9 0x0000000080010170
3 0x0080000134 (0x0620bc23) x9 0x0000000080010170
3 0x0080000138 (0x10602173) x15 0xffffffff9d9f3c3a
3 0x008000013c (0x0820b023) x4 0x00000000800405a0
3 0x0080000140 (0x14002173) x4 0x00000000800401d0
3 0x0080000144 (0x0820b423) x4 0x00000000800401b4
3 0x0080000148 (0x14102173) x9 0x00000000100e06ea
3 0x008000014c (0x0820b823) x30 0xffffffffffffffff
3 0x0080000150 (0x14202173) x20 0xffffffff800001a0
3 0x0080000154 (0x0820bc23) x8 0x00000000800405b8
3 0x0080000158 (0x14302173) x8 0x0000000080040160
3 0x008000015c (0x0a20b023) x8 0x0000000080040148
3 0x0080000160 (0x14402173) x3 0x0000000000000001
3 0x0080000164 (0xf7f17113)
3 0x0080000168 (0x0a20b423) x9 0x0000000080060170
3 0x008000016c (0x18002173) x9 0x0000000080060154
3 0x0080000170 (0x0a20b823) x9 0xffffffff9ab6125d
3 0x0080000174 (0xf1402173) x7 0x0000000000000000
3 0x0080000178 (0x0a20bc23)
3 0x008000017c (0x30002173)
3 0x0080000180 (0x0c20b023) x20 0x00000000800305e4
3 0x0080000184 (0x30202173) x20 0x0000000080030130
3 0x0080000188 (0x0c20b423) x20 0x0000000080030140
3 0x008000018c (0x30302173) x13 0xffffffffffe00000
3 0x0080000190 (0x0c20b823) x20 0xffffffff7fe30140
3 0x0080000194 (0x30402173) x1 0x0000000080002118
3 0x0080000198 (0x0c20bc23) x1 0x0000000080002200
3 0x008000019c (0x30502173) x2 0x8000000200006000
3 0x00800001a0 (0x0e20b023)
3 0x00800001a4 (0x30602173) x2 0x0000000000000000
3 0x00800001a8 (0x0e20b423)
3 0x00800001ac (0x34002173) x2 0x0000000080000114
3 0x00800001b0 (0x0e20b823)
3 0x00800001b4 (0x34102173) x2 0x0000000000000019
3 0x00800001b8 (0x0e20bc23)
3 0x00800001bc (0x34202173) x2 0x06c76221bf443b28
3 0x00800001c0 (0x1020b023)
3 0x00800001c4 (0x34302173) x2 0x0000006537504a2c
3 0x00800001c8 (0x1020b423)
3 0x00800001cc (0x34402173) x2 0x56eaa19167b8a2b1
3 0x00800001d0 (0xf7f17113)
3 0x00800001d4 (0x1020b823) x2 0xffffffd8c65ebb0d
3 0x00800001d8 (0x3a002173)
3 0x00800001dc (0x1020bc23) x2 0x0000000000000000
3 0x00800001e0 (0x3b002173) x2 0x0000000000000000
3 0x00800001e4 (0x1220bc23)
3 0x00800001e8 (0x3b102173) x2 0x0000000000000000
3 0x00800001ec (0x1420b023)
3 0x00800001f0 (0x3b202173) x2 0x0000000000000000
3 0x00800001f4 (0x1420b423)
3 0x00800001f8 (0x3b302173) x2 0x8000000a00007800
3 0x00800001fc (0x1420b823)
3 0x0080000200 (0x3b402173) x2 0x000000000000b109
3 0x0080000204 (0x1420bc23)
3 0x0080000208 (0x3b502173) x2 0x0000000000000000
3 0x008000020c (0x1620b023)
3 0x0080000210 (0x3b602173) x2 0x0000000000000000
3 0x0080000214 (0x1620b423)
3 0x0080000218 (0x3b702173) x2 0x0000000080000118
3 0x008000021c (0x1620b823) x10 0x8000000200006000
3 0x0080000220 (0x00006537) x2 0x000000000000000c
3 0x0080000224 (0x30052073)
3 0x0080000228 (0x00102173) x2 0xd1b9aea30d735f1a
3 0x008000022c (0x0420b023)
3 0x0080000230 (0x00202173) x2 0x00000000800005f8
3 0x0080000234 (0x0420b423)
3 0x0080000238 (0x00302173) x2 0x0000000000000007
3 0x008000023c (0x0420b823) x1 0x06c76221bf443b28
3 0x0080000240 (0x00002097) x1 0xffffffff7fe30140
3 0x0080000244 (0xdc008093)
3 0x0080000248 (0x0000b023)
3 0x008000024c (0x0020b823)
3 0x0080000250 (0x0030bc23)
3 0x0080000254 (0x0240b023)
3 0x0080000258 (0x0250b423)
3 0x008000025c (0x0260b823)
3 0x0080000260 (0x0270bc23)
3 0x0080000264 (0x0480b023)
3 0x0080000268 (0x0490b423)
3 0x008000026c (0x04a0b823)
3 0x0080000270 (0x04b0bc23)
3 0x0080000274 (0x06c0b023)
3 0x0080000278 (0x06d0b423)
3 0x008000027c (0x06e0b823)
3 0x0080000280 (0x06f0bc23)
3 0x0080000284 (0x0900b023)
3 0x0080000288 (0x0910b423)
3 0x008000028c (0x0920b823)
3 0x0080000290 (0x0930bc23)
3 0x0080000294 (0x0b40b023)
3 0x0080000298 (0x0b50b423)
3 0x008000029c (0x0b60b823) x10 0x0000000000006000
3 0x00800002a0 (0x0b70bc23)
3 0x00800002a4 (0x0d80b023)
3 0x00800002a8 (0x0d90b423)
3 0x00800002ac (0x0db0bc23)
3 0x00800002b0 (0x0fc0b023)
3 0x00800002b4 (0x0fd0b423)
3 0x00800002b8 (0x0fe0b823) x1 0x0000000000000007
3 0x00800002bc (0x00002097) x1 0x0000000080002240
3 0x00800002c0 (0xe4408093)
3 0x00800002c4 (0x0010a427)
3 0x00800002c8 (0x0020a827)
3 0x00800002cc (0x0270ac27)
3 0x00800002d0 (0x0490a427)
3 0x00800002d4 (0x04a0a827)
3 0x00800002d8 (0x06c0a027)
3 0x00800002dc (0x06d0a427)
3 0x00800002e0 (0x0b50a427)
3 0x00800002e4 (0x0b60a827)
3 0x00800002e8 (0x0d90a427)
3 0x00800002ec (0x0da0a827)
3 0x00800002f0 (0x0fc0a027)
3 0x00800002f4 (0x0fd0a427)
3 0x00800002f8 (0x0fe0a827)
3 0x00800002fc (0x0ff0ac27) x1 0x00000000155e6dea
3 0x0080000300 (0x00002097) x1 0x000000000000b109
3 0x0080000304 (0xe0008093)
3 0x0080000308 (0x0000b027)
3 0x008000030c (0x0030bc27)
3 0x0080000310 (0x0240b027)
3 0x0080000314 (0x0250b427)
3 0x0080000318 (0x0260b827)
3 0x008000031c (0x0480b027)
3 0x0080000320 (0x04b0bc27)
3 0x0080000324 (0x06e0b827)
3 0x0080000328 (0x06f0bc27)
3 0x008000032c (0x0900b027)
3 0x0080000330 (0x0910b427)
3 0x0080000334 (0x0920b827)
3 0x0080000338 (0x0930bc27)
3 0x008000033c (0x0b40b027)
3 0x0080000340 (0x0b70bc27)
3 0x0080000344 (0x0d80b027)
3 0x0080000348 (0x0db0bc27) x3 0x0000000000000020
3 0x008000034c (0x00100193) x30 0x0000000080001350
3 0x0080000350 (0x00001f17)
3 0x0080000354 (0xca3f2823)
3 0x0080000358 (0x0000006f)
3 0x0080000358 (0x0000006f)
3 0x0080000358 (0x0000006f)
3 0x0080000358 (0x0000006f)
3 0x0080000358 (0x0000006f)
3 0x0080000358 (0x0000006f)
3 0x0080000358 (0x0000006f)
3 0x0080000358 (0x0000006f)
3 0x0080000358 (0x0000006f)
3 0x0080000358 (0x0000006f)
3 0x0080000358 (0x0000006f)
3 0x0080000358 (0x0000006f)
3 0x0080000358 (0x0000006f)
3 0x0080000358 (0x0000006f)
3 0x0080000358 (0x0000006f)
3 0x0080000358 (0x0000006f)
3 0x0080000358 (0x0000006f)
3 0x0080000358 (0x0000006f)
3 0x0080000358 (0x0000006f)
3 0x0080000358 (0x0000006f)
3 0x0080000358 (0x0000006f)
3 0x0080000358 (0x0000006f)
3 0x0080000358 (0x0000006f)
3 0x0080000358 (0x0000006f)
3 0x0080000358 (0x0000006f)
3 0x0080000358 (0x0000006f)
3 0x0080000358 (0x0000006f)
3 0x0080000358 (0x0000006f)
3 0x0080000358 (0x0000006f)
3 0x0080000358 (0x0000006f)
3 0x0080000358 (0x0000006f)
3 0x0080000358 (0x0000006f)
3 0x0080000358 (0x0000006f)
3 0x0080000358 (0x0000006f)
3 0x0080000358 (0x0000006f)
3 0x0080000358 (0x0000006f)
3 0x0080000358 (0x0000006f)
3 0x0080000358 (0x0000006f)
3 0x0080000358 (0x0000006f)
3 0x0080000358 (0x0000006f)
3 0x0080000358 (0x0000006f)
3 0x0080000358 (0x0000006f)
3 0x0080000358 (0x0000006f)
3 0x0080000358 (0x0000006f)
3 0x0080000358 (0x0000006f)
3 0x0080000358 (0x0000006f)
3 0x0080000358 (0x0000006f)
3 0x0080000358 (0x0000006f)
3 0x0080000358 (0x0000006f)
3 0x0080000358 (0x0000006f)
3 0x0080000358 (0x0000006f)
3 0x0080000358 (0x0000006f)
3 0x0080000358 (0x0000006f)
3 0x0080000358 (0x0000006f)
3 0x0080000358 (0x0000006f)
3 0x0080000358 (0x0000006f)
3 0x0080000358 (0x0000006f)
3 0x0080000358 (0x0000006f)
3 0x0080000358 (0x0000006f)
3 0x0080000358 (0x0000006f)
3 0x0080000358 (0x0000006f)
3 0x0080000358 (0x0000006f)
3 0x0080000358 (0x0000006f)
3 0x0080000358 (0x0000006f)
3 0x0080000358 (0x0000006f)
3 0x0080000358 (0x0000006f)
3 0x0080000358 (0x0000006f)
3 0x0080000358 (0x0000006f)
3 0x0080000358 (0x0000006f)
3 0x0080000358 (0x0000006f)
3 0x0080000358 (0x0000006f)
3 0x0080000358 (0x0000006f)
3 0x0080000358 (0x0000006f)
3 0x0080000358 (0x0000006f)
3 0x0080000358 (0x0000006f)
3 0x0080000358 (0x0000006f)
3 0x0080000358 (0x0000006f)
3 0x0080000358 (0x0000006f)
3 0x0080000358 (0x0000006f)
3 0x0080000358 (0x0000006f)
3 0x0080000358 (0x0000006f)
3 0x0080000358 (0x0000006f)
3 0x0080000358 (0x0000006f)
3 0x0080000358 (0x0000006f)
3 0x0080000358 (0x0000006f)
3 0x0080000358 (0x0000006f)
3 0x0080000358 (0x0000006f)
3 0x0080000358 (0x0000006f)
3 0x0080000358 (0x0000006f)
3 0x0080000358 (0x0000006f)
3 0x0080000358 (0x0000006f)
3 0x0080000358 (0x0000006f)
3 0x0080000358 (0x0000006f)
3 0x0080000358 (0x0000006f)
3 0x0080000358 (0x0000006f)
3 0x0080000358 (0x0000006f)
3 0x0080000358 (0x0000006f)
3 0x0080000358 (0x0000006f)
3 0x0080000358 (0x0000006f)
3 0x0080000358 (0x0000006f)
3 0x0080000358 (0x0000006f)
3 0x0080000358 (0x0000006f)
3 0x0080000358 (0x0000006f)
3 0x0080000358 (0x0000006f)
3 0x0080000358 (0x0000006f)
3 0x0080000358 (0x0000006f)
3 0x0080000358 (0x0000006f)
3 0x0080000358 (0x0000006f)
3 0x0080000358 (0x0000006f)
3 0x0080000358 (0x0000006f)
3 0x0080000358 (0x0000006f)
3 0x0080000358 (0x0000006f)
3 0x0080000358 (0x0000006f)
3 0x0080000358 (0x0000006f)
3 0x0080000358 (0x0000006f)
3 0x0080000358 (0x0000006f)
3 0x0080000358 (0x0000006f)
3 0x0080000358 (0x0000006f)
3 0x0080000358 (0x0000006f)
3 0x0080000358 (0x0000006f)
3 0x0080000358 (0x0000006f)
3 0x0080000358 (0x0000006f)
3 0x0080000358 (0x0000006f)
3 0x0080000358 (0x0000006f)
3 0x0080000358 (0x0000006f)
3 0x0080000358 (0x0000006f)
3 0x0080000358 (0x0000006f)
3 0x0080000358 (0x0000006f)
3 0x0080000358 (0x0000006f)
3 0x0080000358 (0x0000006f)
3 0x0080000358 (0x0000006f)
3 0x0080000358 (0x0000006f)
3 0x0080000358 (0x0000006f)
3 0x0080000358 (0x0000006f)
3 0x0080000358 (0x0000006f)
3 0x0080000358 (0x0000006f)
3 0x0080000358 (0x0000006f)
3 0x0080000358 (0x0000006f)
3 0x0080000358 (0x0000006f)
3 0x0080000358 (0x0000006f)
3 0x0080000358 (0x0000006f)
3 0x0080000358 (0x0000006f)
3 0x0080000358 (0x0000006f)
3 0x0080000358 (0x0000006f)
3 0x0080000358 (0x0000006f)
3 0x0080000358 (0x0000006f)
