3 0x0000010040 (0x00000517) x10 0x5f5a0fbe176e072e
3 0x0000010044 (0xfc050513)
3 0x0000010048 (0x30551073)
3 0x000001004c (0x301022f3)
3 0x0000010050 (0x4122d293) x5 0x0000000000000001
3 0x0000010054 (0x0012f293)
3 0x0000010058 (0x00028463) f5 0x8eccba1d3f90557f
3 0x000001005c (0x30301073)
3 0x0000010060 (0x00800513)
3 0x0000010064 (0x30451073)
3 0x0000010068 (0x30052073) f17 0x4beef19772bbe3e5
3 0x000001006c (0x10500073)
3 0x0000010000 (0x020005b7) f21 0xb0d644614d7f2f9a
3 0x0000010004 (0xf1402573) f1 0xacb5ca59bfecf47f
3 0x0000010008 (0x00050463) x12 0xaf3b7a5e517c23a2
3 0x0000010010 (0x00458613) x13 0x0000000000000001
3 0x0000010014 (0x00100693)
3 0x0000010018 (0x00d62023) x12 0x0000000002000008
3 0x000001001c (0x00460613) x13 0x08573d10b8297670
3 0x0000010020 (0xffc62683)
3 0x0000010024 (0xfe069ae3)
3 0x0000010028 (0x06c0006f) x12 0x000000000200000c
3 0x0000010094 (0x0005a023) x10 0xe2c316c532683d64
3 0x0000010098 (0x00004537) x10 0xcd86309b93260a26
3 0x000001009c (0x00053503)
3 0x00000100a0 (0x34151073) x12 0x0000000002000010
3 0x00000100a4 (0xf1402573) x13 0xxxxxxxxxxxxxxxxx
3 0x00000100a8 (0x00000597) x11 0xff395afe6e4fa1dc
3 0x00000100ac (0x01858593) x12 0x0000000000000080
3 0x00000100b0 (0x08000613) x12 0x0000000002000014
3 0x00000100b4 (0x30063073) x13 0x39da8f73d5a7a0ab
3 0x00000100b8 (0x30200073)
3 0x0080000000 (0x00010f97) x31 0x0000000000010000
3 0x0080000004 (0x000f8f93) x1 0x0000000002000018
3 0x0080000008 (0x000fb083) x2 0xfba827c89a658e21
3 0x008000000c (0x008fb103) x3 0x96bc7e34c59069ed
3 0x0080000010 (0x010fb183) x4 0xec8fceb8ae9e8a32
3 0x0080000014 (0x018fb203) x5 0xe9a009b7cac63481
3 0x0080000018 (0x020fb283) x6 0x2b23571a37b88f63
3 0x008000001c (0x028fb303) x7 0x4ff6342a7904b60f
3 0x0080000020 (0x030fb383) x8 0xe1b0650e600421e0
3 0x0080000024 (0x038fb403) x9 0x48300ecb326cbe6a
3 0x0080000028 (0x040fb483) x10 0x4beef19772bbe3e5
3 0x008000002c (0x048fb503) x11 0x998d01d71546dc6a
3 0x0080000030 (0x050fb583) x12 0x7fe5e6d1eb4a7aab
3 0x0080000034 (0x058fb603) x13 0x0f9ebba0d50a4b4e
3 0x0080000038 (0x060fb683) x14 0xb4f499debbc0d0dc
3 0x008000003c (0x068fb703) x15 0x0000000000000001
3 0x0080000040 (0x070fb783) x16 0xedbe9d0365098101
3 0x0080000044 (0x078fb803) x17 0x0000000002000008
3 0x0080000048 (0x080fb883) x18 0xc0b365976e9a2ba4
3 0x008000004c (0x088fb903) x19 0xcef8abd0f5590b71
3 0x0080000050 (0x090fb983) x20 0x062bb9669810d880
3 0x0080000054 (0x098fba03) x21 0xce8cc34ebe91e9c3
3 0x0080000058 (0x0a0fba83) x22 0x321b3234671626af
3 0x008000005c (0x0a8fbb03) x23 0x570ff164e76fb7f4
3 0x0080000060 (0x0b0fbb83) x24 0x0000000000010070
3 0x0080000064 (0x0b8fbc03) x25 0xde892cceb31da0f7
3 0x0080000068 (0x0c0fbc83) x26 0x00000000000100a8
3 0x008000006c (0x0c8fbd03) x27 0x5215311d8f0e6110
3 0x0080000070 (0x0d0fbd83) x28 0xedce985f79d4ede5
3 0x0080000074 (0x0d8fbe03) x29 0x7b4eeff4ce989a22
3 0x0080000078 (0x0e0fbe83) x30 0x1788222be3827873
3 0x008000007c (0x0e8fbf03) x31 0x0000000080010000
3 0x0080000080 (0x0f0fbf83)
3 0x0080000084 (0x2d80006f) x1 0x22be0a3a987f3410
3 0x008000035c (0x30005073) x2 0xfba827c89a658e21
3 0x0080000360 (0xf1402573) x3 0x96bc7e34c59069ed
3 0x0080000364 (0x00051063)
3 0x0080000368 (0x00000297) x5 0xe9a009b7cac63481
3 0x008000036c (0x01828293) x6 0x2b23571a37b88f63
3 0x0080000370 (0x30529073) x7 0x4ff6342a7904b60f
3 0x0080000374 (0x30205073) x8 0xfad089210b4bb769
3 0x0080000378 (0x30305073) x9 0x48300ecb326cbe6a
3 0x008000037c (0x30405073) x10 0x9a5cab94b6f5e02b
3 0x0080000380 (0x00000297) x5 0x998d01d71546dc6a
3 0x0080000384 (0x01028293) x12 0x7fe5e6d1eb4a7aab
3 0x0080000388 (0x30529073) x13 0x0f9ebba0d50a4b4e
3 0x008000038c (0x18005073) x14 0xb4f499debbc0d0dc
3 0x0080000390 (0x00000297) x5 0xfb10e2de70f51c85
3 0x0080000394 (0x02428293) x16 0xedbe9d0365098101
3 0x0080000398 (0x30529073) x17 0x5466658f6693ef37
3 0x008000039c (0x0010029b) x5 0x0020000000000000
3 0x00800003a0 (0x03529293) x5 0x001fffffffffffff
3 0x00800003a4 (0xfff28293) x20 0x062bb9669810d880
3 0x00800003a8 (0x3b029073) x21 0xce8cc34ebe91e9c3
3 0x00800003ac (0x01f00293) x22 0x321b3234671626af
3 0x00800003b0 (0x3a029073) x23 0x570ff164e76fb7f4
3 0x00800003b4 (0x00000297) x5 0x507f5b3f671195c3
3 0x00800003b8 (0xd6428293) x25 0xde892cceb31da0f7
3 0x00800003bc (0x30529073) x26 0x16b566a11f1d4bee
3 0x00800003c0 (0x00000193) x10 0x0000000000000001
3 0x00800003c4 (0x00100513) x10 0x0000000080000000
3 0x00800003c8 (0x01f51513)
3 0x00800003cc (0x00055c63) x5 0x00000000800003e4
3 0x00800003e4 (0x00000297) x5 0x075a0e90fdd912ff
3 0x00800003e8 (0xd3028293)
3 0x00800003ec (0x10529073)
3 0x00800003f0 (0x0000b2b7) x5 0x000000000000b109
3 0x00800003f4 (0x1092829b)
3 0x00800003f8 (0x3022a073) x5 0x0000000080000368
3 0x00800003fc (0x00008537) x10 0x0000000000007800
3 0x0080000400 (0x8005051b)
3 0x0080000404 (0x30052073)
3 0x0080000408 (0x00305073)
3 0x008000040c (0xc7dff0ef) x31 0x0000000000000008
3 0x0080000088 (0x00020f97) x31 0x0000000080000380
3 0x008000008c (0xf78f8f93) f0 0x0000000080000390
3 0x0080000090 (0x000fa007) f1 0xffffffff8c1d1af0
3 0x0080000094 (0x008fa087) f2 0xffffffff9e6d8319
3 0x0080000098 (0x010fa107) f3 0x18cc16bef9474b9c
3 0x008000009c (0x018fb187) f4 0xafef5f7cec656430
3 0x00800000a0 (0x020fb207) f5 0xdf9d7ede44cd1031
3 0x00800000a4 (0x028fb287) f6 0x47777e025bac873a
3 0x00800000a8 (0x030fb307) f7 0x0020000000000000
3 0x00800000ac (0x038fa387) f8 0x001fffffffffffff
3 0x00800000b0 (0x040fb407) f9 0x0000000028acc8ab
3 0x00800000b4 (0x048fb487) f10 0xffffffff9aef8328
3 0x00800000b8 (0x050fa507) f11 0x794a21b08119c983
3 0x00800000bc (0x058fb587) f12 0x06be6b4ad6a22421
3 0x00800000c0 (0x060fb607) f13 0x98e9d597583707d7
3 0x00800000c4 (0x068fb687) f14 0xffffffff428f91be
3 0x00800000c8 (0x070fa707) f15 0x0000000000000000
3 0x00800000cc (0x078fb787) f16 0x0000000000000001
3 0x00800000d0 (0x080fb807) f17 0xffffffff5994fa6d
3 0x00800000d4 (0x088fa887) f18 0xffffffffb0d07d14
3 0x00800000d8 (0x090fa907) f19 0xffffffffd1428d8e
3 0x00800000dc (0x098fa987) f20 0x58a0f5eba46a1fcb
3 0x00800000e0 (0x0a0fba07) f21 0xffffffffd0edaf91
3 0x00800000e4 (0x0a8faa87) f22 0x771388b9a9add6a8
3 0x00800000e8 (0x0b0fbb07) f23 0x000000000000b109
3 0x00800000ec (0x0b8fbb87) f24 0x0000000000000000
3 0x00800000f0 (0x0c0fbc07) f25 0x0000000000008000
3 0x00800000f4 (0x0c8fbc87) f26 0x32d6f4578d6e20a3
3 0x00800000f8 (0x0d0fbd07) f27 0xcee4b2995c66bd64
3 0x00800000fc (0x0d8fbd87) f28 0x460c7983538b63ba
3 0x0080000100 (0x0e0fbe07) f29 0xffffffff4a74eaa1
3 0x0080000104 (0x0e8fae87) f30 0xffffffff1e8c5a7e
3 0x0080000108 (0x0f0faf07) f31 0x0000000080020000
3 0x008000010c (0x0f8faf87)
3 0x0080000110 (0x00008067) f1 0xffffffff8c1d1af0
3 0x0080000410 (0xb0201073) f2 0xffffffff9e6d8319
3 0x0080000414 (0xf1402573) f3 0x18cc16bef9474b9c
3 0x0080000418 (0x3025f573) f4 0xafef5f7cec656430
3 0x008000041c (0x00d6c6b3) x13 0x0000000000000001
3 0x0080000420 (0x00100693) x13 0x0000000000000040
3 0x0080000424 (0x00669693) x13 0x0000000000000080
3 0x0080000428 (0x00d686b3) x11 0x0000000000000003
3 0x008000042c (0x00300593) x11 0x000000000000000c
3 0x0080000430 (0x00259593) x13 0x000000000000008c
3 0x0080000434 (0x00b686b3) f11 0x794a21b08119c983
3 0x0080000438 (0x3426a773) f12 0x06be6b4ad6a22421
3 0x008000043c (0x300976f3) f13 0x98e9d597583707d7
3 0x0080000440 (0x00000297) x5 0xffffffff428f91be
3 0x0080000444 (0x04028293) f15 0x997133ba3320e1d4
3 0x0080000448 (0x34129073) f16 0x5f6a984e0bbfc840
3 0x008000044c (0x00000293) f17 0xffffffff5994fa6d
3 0x0080000450 (0x30200073) f18 0xffffffffb0d07d14
3 0x0080000480 (0x00020717) x14 0xffffffffd1428d8e
3 0x0080000484 (0xca070713) x28 0x58a0f5eba46a1fcb
3 0x0080000488 (0x01f74e03) x11 0x0000000080000490
3 0x008000048c (0x0a8005ef) x2 0x0000000026043620
3 0x0080000534 (0x01da513b) x3 0x0000000000000001
3 0x0080000538 (0x00100193) x23 0x000000008000253c
3 0x008000053c (0x00002b97) x23 0x00000000800023e0
3 0x0080000540 (0xea4b8b93) x23 0x0000000080002410
3 0x0080000544 (0x030b8b93) f27 0xcee4b2995c66bd64
3 0x0080000548 (0x13718073) f28 0x460c7983538b63ba
3 0x008000054c (0xd02d1e53) x13 0xffffffff4a74eaa1
3 0x0080000550 (0x00000697) x13 0xffffffff1e8c5a7e
3 0x0080000554 (0x01468693) x13 0xffffffff9d8cf1de
3 0x0080000558 (0x0006d683) x29 0xfffffffff3a330d3
3 0x008000055c (0x422ade93) f28 0xffffffff5db5ab35
3 0x0080000560 (0x29be0e53) f7 0xffffffff7fc00000
3 0x0080000564 (0xf10573c7) f1 0xffffffff428f91bd
3 0x0080000568 (0x01f720d3) x13 0x0000000000000000
3 0x008000056c (0x344fd3f3) x13 0x0000000000000001
3 0x0080000570 (0x344a5d73) x13 0x0000000000000040
3 0x0080000574 (0xed2b6c93) x27 0x1788222be3827831
3 0x0080000578 (0x042f4d93) x21 0x000000008006057c
3 0x008000057c (0x00060a97) x21 0x000000000000000c
3 0x0080000580 (0xc24a8a93) x21 0x0000000080060198
3 0x0080000584 (0xff8a8a93) x14 0x8000000000000003
3 0x0080000588 (0x003aad2f) x13 0x8000000a00007800
3 0x008000058c (0x18374fd3) x13 0x0000000080030590
3 0x0080000590 (0x00030697) x13 0x0000000080000480
3 0x0080000594 (0xb2068693) x13 0x00000000800300a8
3 0x0080000598 (0xff868693) x5 0x0000000000000000
3 0x008000059c (0x18d6ba2f)
3 0x00800005a0 (0x00020897) x17 0x0000000080020480
3 0x00800005a4 (0xb3088893) x9 0x000000000000000e
3 0x00800005a8 (0xfef88483) f31 0xffffffff4ece2c4d
3 0x00800005ac (0xd01b2fd3) x20 0x507f5b3f671193b5
3 0x00800005b0 (0xdf2c0a13) f13 0xffffffffd0edaf91
3 0x00800005b4 (0x298a86d3) x13 0x00000000800105b8
3 0x00800005b8 (0x00010697) x13 0x000000008000253c
3 0x00800005bc (0xad868693) x13 0x0000000080010090
3 0x00800005c0 (0x00068693) x23 0x0000000080002410
3 0x00800005c4 (0x18d6be2f)
3 0x00800005c8 (0x00000997) x19 0xffffffff5db5ab35
3 0x00800005cc (0xeb898993) f28 0x0000000080000550
3 0x00800005d0 (0x0189ae07) x3 0x00000000800405d4
3 0x00800005d4 (0x00040197) x3 0x0000000080040170
3 0x00800005d8 (0xb9c18193)
3 0x00800005dc (0xfe11b423) f29 0xffffffff7fc00000
3 0x00800005e0 (0x30d7aecf) x11 0x0000000000ed4911
3 0x00800005e4 (0x028405bb) x28 0x0000000000000004
3 0x00800005e8 (0x41a15e3b) x2 0x00000000800005ec
3 0x00800005ec (0x00000117) x2 0x0000000080000660
3 0x00800005f0 (0x07410113) x25 0xfffffffffffffeff
3 0x00800005f4 (0x34111073) x27 0x1788222be3827831
0 0x00800005f8 (0x30200073) x21 0x000000008006057c
3 0x0080000118 (0x00002097) x1 0x00000000800601a0
3 0x008000011c (0x0e808093) x21 0x0000000080060198
3 0x0080000120 (0x10002173) x26 0x0000000030469f1b
3 0x0080000124 (0x0420bc23) f31 0xffffffff7fc00000
3 0x0080000128 (0x10402173) x13 0x0000000080030590
3 0x008000012c (0x0620b823) x13 0x00000000800300b0
3 0x0080000130 (0x10502173) x13 0x00000000800300a8
3 0x0080000134 (0x0620bc23) x20 0x0000000000000001
3 0x0080000138 (0x10602173) x17 0x00000000800205a0
3 0x008000013c (0x0820b023) x17 0x00000000800200d0
3 0x0080000140 (0x14002173) x9 0x000000000000000e
3 0x0080000144 (0x0820b423) f31 0xffffffff4ece2c4d
3 0x0080000148 (0x14102173) x20 0x507f5b3f671193b5
3 0x008000014c (0x0820b823) f13 0xffffffffd0edaf91
3 0x0080000150 (0x14202173) x13 0x00000000800105b8
3 0x0080000154 (0x0820bc23) x13 0x0000000080010090
3 0x0080000158 (0x14302173) x13 0x0000000080010090
3 0x008000015c (0x0a20b023) x28 0x0000000000000001
3 0x0080000160 (0x14402173) x19 0x00000000800005c8
3 0x0080000164 (0xf7f17113)
3 0x0080000168 (0x0a20b423) f28 0xffffffff00030f17
3 0x008000016c (0x18002173) x3 0x00000000800405d4
3 0x0080000170 (0x0a20b823) x3 0x0000000080040170
3 0x0080000174 (0xf1402173)
3 0x0080000178 (0x0a20bc23) f29 0xffffffff7fc00000
3 0x008000017c (0x30002173) x11 0x0000000000ed4911
3 0x0080000180 (0x0c20b023) x28 0x0000000000000004
3 0x0080000184 (0x30202173) x2 0x00000000800005ec
3 0x0080000188 (0x0c20b423) x2 0x0000000080000660
3 0x008000018c (0x30302173)
3 0x0080000190 (0x0c20b823)
3 0x0080000194 (0x30402173) x1 0x0000000080002118
3 0x0080000198 (0x0c20bc23) x1 0x0000000080002200
3 0x008000019c (0x30502173) x2 0x8000000200006000
3 0x00800001a0 (0x0e20b023)
3 0x00800001a4 (0x30602173) x2 0x0000000000000000
3 0x00800001a8 (0x0e20b423)
3 0x00800001ac (0x34002173) x2 0x0000000080000114
3 0x00800001b0 (0x0e20b823)
3 0x00800001b4 (0x34102173) x2 0x0000000000000019
3 0x00800001b8 (0x0e20bc23)
3 0x00800001bc (0x34202173) x2 0x06c76221bf443b28
3 0x00800001c0 (0x1020b023)
3 0x00800001c4 (0x34302173) x2 0x0000006537504a2c
3 0x00800001c8 (0x1020b423)
3 0x00800001cc (0x34402173) x2 0x56eaa19167b8a2b1
3 0x00800001d0 (0xf7f17113)
3 0x00800001d4 (0x1020b823) x2 0xffffffd8c65ebb0d
3 0x00800001d8 (0x3a002173)
3 0x00800001dc (0x1020bc23) x2 0x0000000000000000
3 0x00800001e0 (0x3b002173) x2 0x0000000000000000
3 0x00800001e4 (0x1220bc23)
3 0x00800001e8 (0x3b102173) x2 0x0000000000000000
3 0x00800001ec (0x1420b023)
3 0x00800001f0 (0x3b202173) x2 0x0000000000000000
3 0x00800001f4 (0x1420b423)
3 0x00800001f8 (0x3b302173) x2 0x8000000a00006080
3 0x00800001fc (0x1420b823)
3 0x0080000200 (0x3b402173) x2 0x000000000000b100
3 0x0080000204 (0x1420bc23)
3 0x0080000208 (0x3b502173) x2 0x0000000000000000
3 0x008000020c (0x1620b023)
3 0x0080000210 (0x3b602173) x2 0x0000000000000000
3 0x0080000214 (0x1620b423)
3 0x0080000218 (0x3b702173) x2 0x0000000080000118
3 0x008000021c (0x1620b823) x10 0x8000000200006000
3 0x0080000220 (0x00006537) x2 0x000000000000000c
3 0x0080000224 (0x30052073)
3 0x0080000228 (0x00102173) x2 0xd1b9aea30d735f1a
3 0x008000022c (0x0420b023)
3 0x0080000230 (0x00202173) x2 0x0000000080000660
3 0x0080000234 (0x0420b423)
3 0x0080000238 (0x00302173) x2 0x0000000000000002
3 0x008000023c (0x0420b823) x1 0x06c76221bf443b28
3 0x0080000240 (0x00002097) x1 0x0000000000000000
3 0x0080000244 (0xdc008093)
3 0x0080000248 (0x0000b023)
3 0x008000024c (0x0020b823)
3 0x0080000250 (0x0030bc23)
3 0x0080000254 (0x0240b023)
3 0x0080000258 (0x0250b423)
3 0x008000025c (0x0260b823)
3 0x0080000260 (0x0270bc23)
3 0x0080000264 (0x0480b023)
3 0x0080000268 (0x0490b423)
3 0x008000026c (0x04a0b823)
3 0x0080000270 (0x04b0bc23)
3 0x0080000274 (0x06c0b023)
3 0x0080000278 (0x06d0b423)
3 0x008000027c (0x06e0b823)
3 0x0080000280 (0x06f0bc23)
3 0x0080000284 (0x0900b023)
3 0x0080000288 (0x0910b423)
3 0x008000028c (0x0920b823)
3 0x0080000290 (0x0930bc23)
3 0x0080000294 (0x0b40b023)
3 0x0080000298 (0x0b50b423)
3 0x008000029c (0x0b60b823) x10 0x0000000000006000
3 0x00800002a0 (0x0b70bc23)
3 0x00800002a4 (0x0d80b023)
3 0x00800002a8 (0x0d90b423)
3 0x00800002ac (0x0db0bc23)
3 0x00800002b0 (0x0fc0b023)
3 0x00800002b4 (0x0fd0b423)
3 0x00800002b8 (0x0fe0b823) x1 0x0000000000000002
3 0x00800002bc (0x00002097) x1 0x0000000080002240
3 0x00800002c0 (0xe4408093)
3 0x00800002c4 (0x0010a427)
3 0x00800002c8 (0x0020a827)
3 0x00800002cc (0x0270ac27)
3 0x00800002d0 (0x0490a427)
3 0x00800002d4 (0x04a0a827)
3 0x00800002d8 (0x06c0a027)
3 0x00800002dc (0x06d0a427)
3 0x00800002e0 (0x0b50a427)
3 0x00800002e4 (0x0b60a827)
3 0x00800002e8 (0x0d90a427)
3 0x00800002ec (0x0da0a827)
3 0x00800002f0 (0x0fc0a027)
3 0x00800002f4 (0x0fd0a427)
3 0x00800002f8 (0x0fe0a827)
3 0x00800002fc (0x0ff0ac27) x1 0x00000000155e6dea
3 0x0080000300 (0x00002097) x1 0x000000000000b100
3 0x0080000304 (0xe0008093)
3 0x0080000308 (0x0000b027)
3 0x008000030c (0x0030bc27)
3 0x0080000310 (0x0240b027)
3 0x0080000314 (0x0250b427)
3 0x0080000318 (0x0260b827)
3 0x008000031c (0x0480b027)
3 0x0080000320 (0x04b0bc27)
3 0x0080000324 (0x06e0b827)
3 0x0080000328 (0x06f0bc27)
3 0x008000032c (0x0900b027)
3 0x0080000330 (0x0910b427)
3 0x0080000334 (0x0920b827)
3 0x0080000338 (0x0930bc27)
3 0x008000033c (0x0b40b027)
3 0x0080000340 (0x0b70bc27)
3 0x0080000344 (0x0d80b027)
3 0x0080000348 (0x0db0bc27) x3 0x0000000000000000
3 0x008000034c (0x00100193) x30 0x0000000080001350
3 0x0080000350 (0x00001f17)
3 0x0080000354 (0xca3f2823)
3 0x0080000358 (0x0000006f)
3 0x0080000358 (0x0000006f)
3 0x0080000358 (0x0000006f)
3 0x0080000358 (0x0000006f)
3 0x0080000358 (0x0000006f)
3 0x0080000358 (0x0000006f)
3 0x0080000358 (0x0000006f)
3 0x0080000358 (0x0000006f)
3 0x0080000358 (0x0000006f)
3 0x0080000358 (0x0000006f)
3 0x0080000358 (0x0000006f)
3 0x0080000358 (0x0000006f)
3 0x0080000358 (0x0000006f)
3 0x0080000358 (0x0000006f)
3 0x0080000358 (0x0000006f)
3 0x0080000358 (0x0000006f)
3 0x0080000358 (0x0000006f)
3 0x0080000358 (0x0000006f)
3 0x0080000358 (0x0000006f)
3 0x0080000358 (0x0000006f)
3 0x0080000358 (0x0000006f)
3 0x0080000358 (0x0000006f)
3 0x0080000358 (0x0000006f)
3 0x0080000358 (0x0000006f)
3 0x0080000358 (0x0000006f)
3 0x0080000358 (0x0000006f)
3 0x0080000358 (0x0000006f)
3 0x0080000358 (0x0000006f)
3 0x0080000358 (0x0000006f)
3 0x0080000358 (0x0000006f)
3 0x0080000358 (0x0000006f)
3 0x0080000358 (0x0000006f)
3 0x0080000358 (0x0000006f)
3 0x0080000358 (0x0000006f)
3 0x0080000358 (0x0000006f)
3 0x0080000358 (0x0000006f)
3 0x0080000358 (0x0000006f)
3 0x0080000358 (0x0000006f)
3 0x0080000358 (0x0000006f)
3 0x0080000358 (0x0000006f)
3 0x0080000358 (0x0000006f)
3 0x0080000358 (0x0000006f)
3 0x0080000358 (0x0000006f)
3 0x0080000358 (0x0000006f)
3 0x0080000358 (0x0000006f)
3 0x0080000358 (0x0000006f)
3 0x0080000358 (0x0000006f)
3 0x0080000358 (0x0000006f)
3 0x0080000358 (0x0000006f)
3 0x0080000358 (0x0000006f)
3 0x0080000358 (0x0000006f)
3 0x0080000358 (0x0000006f)
3 0x0080000358 (0x0000006f)
3 0x0080000358 (0x0000006f)
3 0x0080000358 (0x0000006f)
3 0x0080000358 (0x0000006f)
3 0x0080000358 (0x0000006f)
3 0x0080000358 (0x0000006f)
3 0x0080000358 (0x0000006f)
3 0x0080000358 (0x0000006f)
3 0x0080000358 (0x0000006f)
3 0x0080000358 (0x0000006f)
3 0x0080000358 (0x0000006f)
3 0x0080000358 (0x0000006f)
3 0x0080000358 (0x0000006f)
3 0x0080000358 (0x0000006f)
3 0x0080000358 (0x0000006f)
3 0x0080000358 (0x0000006f)
3 0x0080000358 (0x0000006f)
3 0x0080000358 (0x0000006f)
3 0x0080000358 (0x0000006f)
3 0x0080000358 (0x0000006f)
3 0x0080000358 (0x0000006f)
3 0x0080000358 (0x0000006f)
3 0x0080000358 (0x0000006f)
3 0x0080000358 (0x0000006f)
3 0x0080000358 (0x0000006f)
3 0x0080000358 (0x0000006f)
3 0x0080000358 (0x0000006f)
3 0x0080000358 (0x0000006f)
3 0x0080000358 (0x0000006f)
3 0x0080000358 (0x0000006f)
3 0x0080000358 (0x0000006f)
3 0x0080000358 (0x0000006f)
3 0x0080000358 (0x0000006f)
3 0x0080000358 (0x0000006f)
3 0x0080000358 (0x0000006f)
3 0x0080000358 (0x0000006f)
3 0x0080000358 (0x0000006f)
3 0x0080000358 (0x0000006f)
3 0x0080000358 (0x0000006f)
3 0x0080000358 (0x0000006f)
3 0x0080000358 (0x0000006f)
3 0x0080000358 (0x0000006f)
3 0x0080000358 (0x0000006f)
3 0x0080000358 (0x0000006f)
3 0x0080000358 (0x0000006f)
3 0x0080000358 (0x0000006f)
3 0x0080000358 (0x0000006f)
3 0x0080000358 (0x0000006f)
3 0x0080000358 (0x0000006f)
3 0x0080000358 (0x0000006f)
3 0x0080000358 (0x0000006f)
3 0x0080000358 (0x0000006f)
3 0x0080000358 (0x0000006f)
3 0x0080000358 (0x0000006f)
3 0x0080000358 (0x0000006f)
3 0x0080000358 (0x0000006f)
3 0x0080000358 (0x0000006f)
3 0x0080000358 (0x0000006f)
3 0x0080000358 (0x0000006f)
3 0x0080000358 (0x0000006f)
3 0x0080000358 (0x0000006f)
3 0x0080000358 (0x0000006f)
3 0x0080000358 (0x0000006f)
3 0x0080000358 (0x0000006f)
3 0x0080000358 (0x0000006f)
3 0x0080000358 (0x0000006f)
3 0x0080000358 (0x0000006f)
3 0x0080000358 (0x0000006f)
3 0x0080000358 (0x0000006f)
3 0x0080000358 (0x0000006f)
3 0x0080000358 (0x0000006f)
3 0x0080000358 (0x0000006f)
3 0x0080000358 (0x0000006f)
3 0x0080000358 (0x0000006f)
3 0x0080000358 (0x0000006f)
3 0x0080000358 (0x0000006f)
3 0x0080000358 (0x0000006f)
3 0x0080000358 (0x0000006f)
3 0x0080000358 (0x0000006f)
3 0x0080000358 (0x0000006f)
3 0x0080000358 (0x0000006f)
3 0x0080000358 (0x0000006f)
3 0x0080000358 (0x0000006f)
3 0x0080000358 (0x0000006f)
3 0x0080000358 (0x0000006f)
3 0x0080000358 (0x0000006f)
3 0x0080000358 (0x0000006f)
3 0x0080000358 (0x0000006f)
3 0x0080000358 (0x0000006f)
3 0x0080000358 (0x0000006f)
3 0x0080000358 (0x0000006f)
3 0x0080000358 (0x0000006f)
3 0x0080000358 (0x0000006f)
3 0x0080000358 (0x0000006f)
3 0x0080000358 (0x0000006f)
3 0x0080000358 (0x0000006f)
3 0x0080000358 (0x0000006f)
3 0x0080000358 (0x0000006f)
3 0x0080000358 (0x0000006f)
3 0x0080000358 (0x0000006f)
3 0x0080000358 (0x0000006f)
3 0x0080000358 (0x0000006f)
3 0x0080000358 (0x0000006f)
3 0x0080000358 (0x0000006f)
3 0x0080000358 (0x0000006f)
3 0x0080000358 (0x0000006f)
3 0x0080000358 (0x0000006f)
3 0x0080000358 (0x0000006f)
3 0x0080000358 (0x0000006f)
3 0x0080000358 (0x0000006f)
3 0x0080000358 (0x0000006f)
3 0x0080000358 (0x0000006f)
3 0x0080000358 (0x0000006f)
3 0x0080000358 (0x0000006f)
3 0x0080000358 (0x0000006f)
3 0x0080000358 (0x0000006f)
3 0x0080000358 (0x0000006f)
3 0x0080000358 (0x0000006f)
3 0x0080000358 (0x0000006f)
3 0x0080000358 (0x0000006f)
3 0x0080000358 (0x0000006f)
3 0x0080000358 (0x0000006f)
3 0x0080000358 (0x0000006f)
3 0x0080000358 (0x0000006f)
3 0x0080000358 (0x0000006f)
3 0x0080000358 (0x0000006f)
3 0x0080000358 (0x0000006f)
3 0x0080000358 (0x0000006f)
3 0x0080000358 (0x0000006f)
3 0x0080000358 (0x0000006f)
3 0x0080000358 (0x0000006f)
3 0x0080000358 (0x0000006f)
3 0x0080000358 (0x0000006f)
3 0x0080000358 (0x0000006f)
3 0x0080000358 (0x0000006f)
3 0x0080000358 (0x0000006f)
3 0x0080000358 (0x0000006f)
3 0x0080000358 (0x0000006f)
3 0x0080000358 (0x0000006f)
3 0x0080000358 (0x0000006f)
3 0x0080000358 (0x0000006f)
3 0x0080000358 (0x0000006f)
3 0x0080000358 (0x0000006f)
3 0x0080000358 (0x0000006f)
3 0x0080000358 (0x0000006f)
3 0x0080000358 (0x0000006f)
3 0x0080000358 (0x0000006f)
3 0x0080000358 (0x0000006f)
3 0x0080000358 (0x0000006f)
3 0x0080000358 (0x0000006f)
3 0x0080000358 (0x0000006f)
3 0x0080000358 (0x0000006f)
3 0x0080000358 (0x0000006f)
3 0x0080000358 (0x0000006f)
3 0x0080000358 (0x0000006f)
3 0x0080000358 (0x0000006f)
3 0x0080000358 (0x0000006f)
3 0x0080000358 (0x0000006f)
3 0x0080000358 (0x0000006f)
3 0x0080000358 (0x0000006f)
3 0x0080000358 (0x0000006f)
3 0x0080000358 (0x0000006f)
3 0x0080000358 (0x0000006f)
3 0x0080000358 (0x0000006f)
3 0x0080000358 (0x0000006f)
3 0x0080000358 (0x0000006f)
3 0x0080000358 (0x0000006f)
3 0x0080000358 (0x0000006f)
3 0x0080000358 (0x0000006f)
3 0x0080000358 (0x0000006f)
3 0x0080000358 (0x0000006f)
3 0x0080000358 (0x0000006f)
3 0x0080000358 (0x0000006f)
3 0x0080000358 (0x0000006f)
3 0x0080000358 (0x0000006f)
3 0x0080000358 (0x0000006f)
3 0x0080000358 (0x0000006f)
3 0x0080000358 (0x0000006f)
3 0x0080000358 (0x0000006f)
